2025-03-22 18:08:30.022 | INFO     | __main__:load_keywords_dict:162 - 成功加载关键词词典: ./keywords_dicts\keywords_dict.yaml
2025-03-22 18:08:32.726 | INFO     | __main__:_init_expression_server:148 - 表情服务器启动成功
2025-03-22 18:08:32.727 | INFO     | __main__:run_modbus_server:201 - Modbus 从机正在 192.168.1.125:599 上监听...
2025-03-22 18:08:33.741 | INFO     | __main__:request_monitor:184 - 当前保持寄存器数据: [0, 0, 0, 0, 0, 0, 0, 0, 0, 0]
2025-03-22 18:08:34.743 | INFO     | __main__:request_monitor:184 - 当前保持寄存器数据: [0, 0, 0, 0, 0, 0, 0, 0, 0, 0]
2025-03-22 18:08:35.759 | INFO     | __main__:request_monitor:184 - 当前保持寄存器数据: [0, 0, 0, 0, 0, 0, 0, 0, 0, 0]
2025-03-22 18:08:36.761 | INFO     | __main__:request_monitor:184 - 当前保持寄存器数据: [0, 0, 0, 0, 0, 0, 0, 0, 0, 0]
2025-03-22 18:08:37.778 | INFO     | __main__:request_monitor:184 - 当前保持寄存器数据: [0, 0, 0, 0, 0, 0, 0, 0, 0, 0]
2025-03-22 18:08:38.778 | INFO     | __main__:request_monitor:184 - 当前保持寄存器数据: [0, 0, 0, 0, 0, 0, 0, 0, 0, 0]
2025-03-22 18:08:39.794 | INFO     | __main__:request_monitor:184 - 当前保持寄存器数据: [0, 0, 0, 0, 0, 0, 0, 0, 0, 0]
2025-03-22 18:08:40.807 | INFO     | __main__:request_monitor:184 - 当前保持寄存器数据: [0, 0, 0, 0, 0, 0, 0, 0, 0, 0]
2025-03-22 18:08:41.808 | INFO     | __main__:request_monitor:184 - 当前保持寄存器数据: [0, 0, 0, 0, 0, 0, 0, 0, 0, 0]
2025-03-22 18:08:42.809 | INFO     | __main__:request_monitor:184 - 当前保持寄存器数据: [0, 0, 0, 0, 0, 0, 0, 0, 0, 0]
2025-03-22 18:08:43.823 | INFO     | __main__:request_monitor:184 - 当前保持寄存器数据: [0, 0, 0, 0, 0, 0, 0, 0, 0, 0]
2025-03-22 18:08:44.823 | INFO     | __main__:request_monitor:184 - 当前保持寄存器数据: [0, 0, 0, 0, 0, 0, 0, 0, 0, 0]
2025-03-22 18:08:45.836 | INFO     | __main__:request_monitor:184 - 当前保持寄存器数据: [0, 0, 0, 0, 0, 0, 0, 0, 0, 0]
2025-03-22 18:08:46.844 | INFO     | __main__:request_monitor:184 - 当前保持寄存器数据: [0, 0, 0, 0, 0, 0, 0, 0, 0, 0]
2025-03-22 18:08:47.860 | INFO     | __main__:request_monitor:184 - 当前保持寄存器数据: [0, 0, 0, 0, 0, 0, 0, 0, 0, 0]
2025-03-22 18:08:48.873 | INFO     | __main__:request_monitor:184 - 当前保持寄存器数据: [0, 0, 0, 0, 0, 0, 0, 0, 0, 0]
2025-03-22 18:08:49.882 | INFO     | __main__:request_monitor:184 - 当前保持寄存器数据: [0, 0, 0, 0, 0, 0, 0, 0, 0, 0]
2025-03-22 18:08:50.893 | INFO     | __main__:request_monitor:184 - 当前保持寄存器数据: [0, 0, 0, 0, 0, 0, 0, 0, 0, 0]
2025-03-22 18:08:51.909 | INFO     | __main__:request_monitor:184 - 当前保持寄存器数据: [0, 0, 0, 0, 0, 0, 0, 0, 0, 0]
2025-03-22 18:08:52.910 | INFO     | __main__:request_monitor:184 - 当前保持寄存器数据: [0, 0, 0, 0, 0, 0, 0, 0, 0, 0]
2025-03-22 18:08:53.909 | INFO     | __main__:request_monitor:184 - 当前保持寄存器数据: [0, 0, 0, 0, 0, 0, 0, 0, 0, 0]
2025-03-22 18:08:54.919 | INFO     | __main__:request_monitor:184 - 当前保持寄存器数据: [0, 0, 0, 0, 0, 0, 0, 0, 0, 0]
2025-03-22 18:08:55.919 | INFO     | __main__:request_monitor:184 - 当前保持寄存器数据: [0, 0, 0, 0, 0, 0, 0, 0, 0, 0]
2025-03-22 18:08:56.935 | INFO     | __main__:request_monitor:184 - 当前保持寄存器数据: [0, 0, 0, 0, 0, 0, 0, 0, 0, 0]
2025-03-22 18:08:57.943 | INFO     | __main__:request_monitor:184 - 当前保持寄存器数据: [0, 0, 0, 0, 0, 0, 0, 0, 0, 0]
2025-03-22 18:08:58.952 | INFO     | __main__:request_monitor:184 - 当前保持寄存器数据: [0, 0, 0, 0, 0, 0, 0, 0, 0, 0]
2025-03-22 18:08:59.960 | INFO     | __main__:request_monitor:184 - 当前保持寄存器数据: [0, 0, 0, 0, 0, 0, 0, 0, 0, 0]
2025-03-22 18:09:00.977 | INFO     | __main__:request_monitor:184 - 当前保持寄存器数据: [0, 0, 0, 0, 0, 0, 0, 0, 0, 0]
2025-03-22 18:09:01.977 | INFO     | __main__:request_monitor:184 - 当前保持寄存器数据: [0, 0, 0, 0, 0, 0, 0, 0, 0, 0]
2025-03-22 18:09:02.994 | INFO     | __main__:request_monitor:184 - 当前保持寄存器数据: [0, 0, 0, 0, 0, 0, 0, 0, 0, 0]
2025-03-22 18:09:04.005 | INFO     | __main__:request_monitor:184 - 当前保持寄存器数据: [0, 0, 0, 0, 0, 0, 0, 0, 0, 0]
2025-03-22 18:09:05.006 | INFO     | __main__:request_monitor:184 - 当前保持寄存器数据: [0, 0, 0, 0, 0, 0, 0, 0, 0, 0]
2025-03-22 18:09:06.009 | INFO     | __main__:request_monitor:184 - 当前保持寄存器数据: [0, 0, 0, 0, 0, 0, 0, 0, 0, 0]
2025-03-22 18:09:07.020 | INFO     | __main__:request_monitor:184 - 当前保持寄存器数据: [0, 0, 0, 0, 0, 0, 0, 0, 0, 0]
2025-03-22 18:09:08.027 | INFO     | __main__:request_monitor:184 - 当前保持寄存器数据: [0, 0, 0, 0, 0, 0, 0, 0, 0, 0]
2025-03-22 18:09:09.030 | INFO     | __main__:request_monitor:184 - 当前保持寄存器数据: [0, 0, 0, 0, 0, 0, 0, 0, 0, 0]
2025-03-22 18:09:10.035 | INFO     | __main__:request_monitor:184 - 当前保持寄存器数据: [0, 0, 0, 0, 0, 0, 0, 0, 0, 0]
2025-03-22 18:09:11.028 | INFO     | __main__:request_monitor:184 - 当前保持寄存器数据: [0, 0, 0, 0, 0, 0, 0, 0, 0, 0]
2025-03-22 18:09:12.044 | INFO     | __main__:request_monitor:184 - 当前保持寄存器数据: [0, 0, 0, 0, 0, 0, 0, 0, 0, 0]
2025-03-22 18:09:13.055 | INFO     | __main__:request_monitor:184 - 当前保持寄存器数据: [0, 0, 0, 0, 0, 0, 0, 0, 0, 0]
2025-03-22 18:09:14.078 | INFO     | __main__:request_monitor:184 - 当前保持寄存器数据: [0, 0, 0, 0, 0, 0, 0, 0, 0, 0]
2025-03-22 18:09:15.093 | INFO     | __main__:request_monitor:184 - 当前保持寄存器数据: [0, 0, 0, 0, 0, 0, 0, 0, 0, 0]
2025-03-22 18:09:16.094 | INFO     | __main__:request_monitor:184 - 当前保持寄存器数据: [0, 0, 0, 0, 0, 0, 0, 0, 0, 0]
2025-03-22 18:09:17.093 | INFO     | __main__:request_monitor:184 - 当前保持寄存器数据: [0, 0, 0, 0, 0, 0, 0, 0, 0, 0]
2025-03-22 18:09:18.110 | INFO     | __main__:request_monitor:184 - 当前保持寄存器数据: [0, 0, 0, 0, 0, 0, 0, 0, 0, 0]
2025-03-22 18:09:19.108 | INFO     | __main__:request_monitor:184 - 当前保持寄存器数据: [0, 0, 0, 0, 0, 0, 0, 0, 0, 0]
2025-03-22 18:09:20.108 | INFO     | __main__:request_monitor:184 - 当前保持寄存器数据: [0, 0, 0, 0, 0, 0, 0, 0, 0, 0]
2025-03-22 18:09:21.109 | INFO     | __main__:request_monitor:184 - 当前保持寄存器数据: [0, 0, 0, 0, 0, 0, 0, 0, 0, 0]
2025-03-22 18:09:22.121 | INFO     | __main__:request_monitor:184 - 当前保持寄存器数据: [0, 0, 0, 0, 0, 0, 0, 0, 0, 0]
2025-03-22 18:09:23.126 | INFO     | __main__:request_monitor:184 - 当前保持寄存器数据: [0, 0, 0, 0, 0, 0, 0, 0, 0, 0]
2025-03-22 18:09:24.125 | INFO     | __main__:request_monitor:184 - 当前保持寄存器数据: [0, 0, 0, 0, 0, 0, 0, 0, 0, 0]
2025-03-22 18:09:25.127 | INFO     | __main__:request_monitor:184 - 当前保持寄存器数据: [0, 0, 0, 0, 0, 0, 0, 0, 0, 0]
2025-03-22 18:09:26.128 | INFO     | __main__:request_monitor:184 - 当前保持寄存器数据: [0, 0, 0, 0, 0, 0, 0, 0, 0, 0]
2025-03-22 18:09:27.143 | INFO     | __main__:request_monitor:184 - 当前保持寄存器数据: [0, 0, 0, 0, 0, 0, 0, 0, 0, 0]
2025-03-22 18:09:28.155 | INFO     | __main__:request_monitor:184 - 当前保持寄存器数据: [0, 0, 0, 0, 0, 0, 0, 0, 0, 0]
2025-03-22 18:09:29.157 | INFO     | __main__:request_monitor:184 - 当前保持寄存器数据: [0, 0, 0, 0, 0, 0, 0, 0, 0, 0]
2025-03-22 18:09:30.172 | INFO     | __main__:request_monitor:184 - 当前保持寄存器数据: [0, 0, 0, 0, 0, 0, 0, 0, 0, 0]
2025-03-22 18:09:31.172 | INFO     | __main__:request_monitor:184 - 当前保持寄存器数据: [0, 0, 0, 0, 0, 0, 0, 0, 0, 0]
2025-03-22 18:09:32.176 | INFO     | __main__:request_monitor:184 - 当前保持寄存器数据: [0, 0, 0, 0, 0, 0, 0, 0, 0, 0]
2025-03-22 18:09:33.172 | INFO     | __main__:request_monitor:184 - 当前保持寄存器数据: [0, 0, 0, 0, 0, 0, 0, 0, 0, 0]
2025-03-22 18:09:34.188 | INFO     | __main__:request_monitor:184 - 当前保持寄存器数据: [0, 0, 0, 0, 0, 0, 0, 0, 0, 0]
2025-03-22 18:09:35.192 | INFO     | __main__:request_monitor:184 - 当前保持寄存器数据: [0, 0, 0, 0, 0, 0, 0, 0, 0, 0]
2025-03-22 18:09:36.196 | INFO     | __main__:request_monitor:184 - 当前保持寄存器数据: [0, 0, 0, 0, 0, 0, 0, 0, 0, 0]
2025-03-22 18:09:37.212 | INFO     | __main__:request_monitor:184 - 当前保持寄存器数据: [0, 0, 0, 0, 0, 0, 0, 0, 0, 0]
2025-03-22 18:09:38.225 | INFO     | __main__:request_monitor:184 - 当前保持寄存器数据: [0, 0, 0, 0, 0, 0, 0, 0, 0, 0]
2025-03-22 18:09:39.227 | INFO     | __main__:request_monitor:184 - 当前保持寄存器数据: [0, 0, 0, 0, 0, 0, 0, 0, 0, 0]
2025-03-22 18:09:40.244 | INFO     | __main__:request_monitor:184 - 当前保持寄存器数据: [0, 0, 0, 0, 0, 0, 0, 0, 0, 0]
2025-03-22 18:09:41.253 | INFO     | __main__:request_monitor:184 - 当前保持寄存器数据: [0, 0, 0, 0, 0, 0, 0, 0, 0, 0]
2025-03-22 18:09:42.260 | INFO     | __main__:request_monitor:184 - 当前保持寄存器数据: [0, 0, 0, 0, 0, 0, 0, 0, 0, 0]
2025-03-22 18:09:43.262 | INFO     | __main__:request_monitor:184 - 当前保持寄存器数据: [0, 0, 0, 0, 0, 0, 0, 0, 0, 0]
2025-03-22 18:09:44.276 | INFO     | __main__:request_monitor:184 - 当前保持寄存器数据: [0, 0, 0, 0, 0, 0, 0, 0, 0, 0]
2025-03-22 18:09:45.277 | INFO     | __main__:request_monitor:184 - 当前保持寄存器数据: [0, 0, 0, 0, 0, 0, 0, 0, 0, 0]
2025-03-22 18:09:46.278 | INFO     | __main__:request_monitor:184 - 当前保持寄存器数据: [0, 0, 0, 0, 0, 0, 0, 0, 0, 0]
2025-03-22 18:09:47.277 | INFO     | __main__:request_monitor:184 - 当前保持寄存器数据: [111, 0, 0, 0, 0, 0, 0, 0, 0, 0]
2025-03-22 18:09:47.277 | INFO     | __main__:request_monitor:186 - 切换表情：眨眼
2025-03-22 18:09:47.290 | INFO     | __main__:request_monitor:188 - 保持寄存器读到111
2025-03-22 18:09:47.291 | INFO     | __main__:request_monitor:189 - 当前保持寄存器数据: [111, 0, 0, 0, 0, 0, 0, 0, 0, 0]
2025-03-22 18:09:47.292 | INFO     | __main__:request_monitor:191 - 开始清零
2025-03-22 18:09:47.292 | INFO     | __main__:request_monitor:192 - 当前保持寄存器数据: [111, 0, 0, 0, 0, 0, 0, 0, 0, 0]
2025-03-22 18:09:47.293 | INFO     | __main__:request_monitor:194 - 当前保持寄存器数据: [111, 0, 0, 0, 0, 0, 0, 0, 0, 0]
2025-03-22 18:09:47.297 | INFO     | __main__:request_monitor:195 - 检测到寄存器值为 111，准备退出...
2025-03-22 18:09:47.400 | INFO     | __main__:start_wake_detection:268 - 开始监听唤醒词...
2025-03-22 18:10:20.177 | INFO     | __main__:wake_callback:170 - ==================================================
2025-03-22 18:10:20.178 | INFO     | __main__:wake_callback:171 - >>> 检测到唤醒词！请说出您的指令 <<<
2025-03-22 18:10:23.535 | INFO     | __main__:wake_callback:176 - ==================================================
2025-03-22 18:10:23.538 | INFO     | __main__:start_speech_recognition:295 - 开始语音识别...
2025-03-22 18:10:23.731 | INFO     | __main__:run:523 - * 开始录音...
2025-03-22 18:10:27.993 | INFO     | __main__:on_message:381 - 将方块放到了红岩
2025-03-22 18:10:29.344 | INFO     | __main__:on_message:381 - 。
2025-03-22 18:10:29.802 | INFO     | __main__:on_close:501 - 
### 语音识别结束 ###
2025-03-22 18:10:29.803 | INFO     | __main__:run:556 - * 录音结束
2025-03-22 18:10:29.804 | INFO     | __main__:on_close:503 - 
正在分析关键词...
2025-03-22 18:10:30.139 | INFO     | __main__:match_keywords:495 - 找到匹配关键词: 方块 匹配 方块
2025-03-22 18:10:30.139 | INFO     | __main__:process_text_and_send_signal:471 - 未找到匹配的组合
2025-03-22 18:10:35.070 | INFO     | __main__:process_text_and_send_signal:476 - 发送信号: 406
2025-03-22 18:10:35.070 | INFO     | __main__:process_text_and_send_signal:477 - 切换表情：难过
2025-03-22 18:10:35.074 | INFO     | __main__:main:580 - 继续监听唤醒词...
2025-03-22 18:10:36.125 | INFO     | __main__:start_wake_detection:268 - 开始监听唤醒词...
2025-03-22 18:10:40.874 | INFO     | __main__:wake_callback:170 - ==================================================
2025-03-22 18:10:40.874 | INFO     | __main__:wake_callback:171 - >>> 检测到唤醒词！请说出您的指令 <<<
2025-03-22 18:10:44.315 | INFO     | __main__:wake_callback:176 - ==================================================
2025-03-22 18:10:44.324 | INFO     | __main__:start_speech_recognition:295 - 开始语音识别...
2025-03-22 18:10:44.517 | INFO     | __main__:run:523 - * 开始录音...
2025-03-22 18:10:47.527 | INFO     | __main__:on_message:381 - 将方块放到红颜色
2025-03-22 18:10:48.934 | INFO     | __main__:on_message:381 - 。
2025-03-22 18:10:50.599 | INFO     | __main__:on_close:501 - 
### 语音识别结束 ###
2025-03-22 18:10:50.600 | INFO     | __main__:run:556 - * 录音结束
2025-03-22 18:10:50.600 | INFO     | __main__:on_close:503 - 
正在分析关键词...
2025-03-22 18:10:50.606 | INFO     | __main__:match_keywords:495 - 找到匹配关键词: 方块 匹配 方块
2025-03-22 18:10:50.606 | INFO     | __main__:process_text_and_send_signal:471 - 未找到匹配的组合
2025-03-22 18:10:55.487 | INFO     | __main__:process_text_and_send_signal:476 - 发送信号: 406
2025-03-22 18:10:55.487 | INFO     | __main__:process_text_and_send_signal:477 - 切换表情：难过
2025-03-22 18:10:55.492 | INFO     | __main__:main:580 - 继续监听唤醒词...
2025-03-22 18:10:56.553 | INFO     | __main__:start_wake_detection:268 - 开始监听唤醒词...
2025-03-22 18:11:00.350 | INFO     | __main__:wake_callback:170 - ==================================================
2025-03-22 18:11:00.350 | INFO     | __main__:wake_callback:171 - >>> 检测到唤醒词！请说出您的指令 <<<
2025-03-22 18:11:03.756 | INFO     | __main__:wake_callback:176 - ==================================================
2025-03-22 18:11:03.762 | INFO     | __main__:start_speech_recognition:295 - 开始语音识别...
2025-03-22 18:11:03.930 | INFO     | __main__:run:523 - * 开始录音...
2025-03-22 18:11:06.994 | INFO     | __main__:on_message:381 - 将绿色放到红
2025-03-22 18:11:08.337 | INFO     | __main__:on_message:381 - 。
2025-03-22 18:11:09.991 | INFO     | __main__:on_close:501 - 
### 语音识别结束 ###
2025-03-22 18:11:09.991 | INFO     | __main__:on_close:503 - 
正在分析关键词...
2025-03-22 18:11:09.991 | INFO     | __main__:run:556 - * 录音结束
2025-03-22 18:11:09.997 | INFO     | __main__:match_keywords:495 - 找到匹配关键词: 绿色 匹配 绿色
2025-03-22 18:11:09.998 | INFO     | __main__:process_text_and_send_signal:471 - 未找到匹配的组合
2025-03-22 18:11:14.979 | INFO     | __main__:process_text_and_send_signal:476 - 发送信号: 406
2025-03-22 18:11:14.979 | INFO     | __main__:process_text_and_send_signal:477 - 切换表情：难过
2025-03-22 18:11:14.987 | INFO     | __main__:main:580 - 继续监听唤醒词...
2025-03-22 18:11:16.049 | INFO     | __main__:start_wake_detection:268 - 开始监听唤醒词...
2025-03-22 18:11:29.634 | INFO     | __main__:wake_callback:170 - ==================================================
2025-03-22 18:11:29.635 | INFO     | __main__:wake_callback:171 - >>> 检测到唤醒词！请说出您的指令 <<<
2025-03-22 18:11:33.274 | INFO     | __main__:wake_callback:176 - ==================================================
2025-03-22 18:11:33.283 | INFO     | __main__:start_speech_recognition:295 - 开始语音识别...
2025-03-22 18:11:33.677 | INFO     | __main__:run:523 - * 开始录音...
2025-03-22 18:11:36.736 | INFO     | __main__:on_message:381 - 将绿色放到红色盒子
2025-03-22 18:11:38.163 | INFO     | __main__:on_message:381 - 。
2025-03-22 18:11:39.824 | INFO     | __main__:on_close:501 - 
### 语音识别结束 ###
2025-03-22 18:11:39.824 | INFO     | __main__:run:556 - * 录音结束
2025-03-22 18:11:39.824 | INFO     | __main__:on_close:503 - 
正在分析关键词...
2025-03-22 18:11:39.828 | INFO     | __main__:match_keywords:495 - 找到匹配关键词: 绿色 匹配 绿色
2025-03-22 18:11:39.829 | INFO     | __main__:match_keywords:495 - 找到匹配关键词: 红色 匹配 红色
2025-03-22 18:11:45.279 | INFO     | __main__:process_text_and_send_signal:447 - 发送信号: 401
2025-03-22 18:11:45.279 | INFO     | __main__:process_text_and_send_signal:448 - 切换表情：开心
2025-03-22 18:11:45.289 | INFO     | __main__:main:580 - 继续监听唤醒词...
2025-03-22 18:11:46.334 | INFO     | __main__:start_wake_detection:268 - 开始监听唤醒词...
