2025-03-27 09:49:48.594 | INFO     | __main__:load_keywords_dict:162 - 成功加载关键词词典: ./keywords_dicts\keywords_dict.yaml
2025-03-27 09:49:51.813 | INFO     | __main__:_init_expression_server:148 - 表情服务器启动成功
2025-03-27 09:49:51.813 | INFO     | __main__:run_modbus_server:201 - Modbus 从机正在 192.168.1.125:599 上监听...
2025-03-27 09:49:52.828 | INFO     | __main__:request_monitor:184 - 当前保持寄存器数据: [0, 0, 0, 0, 0, 0, 0, 0, 0, 0]
2025-03-27 09:49:53.844 | INFO     | __main__:request_monitor:184 - 当前保持寄存器数据: [0, 0, 0, 0, 0, 0, 0, 0, 0, 0]
2025-03-27 09:49:54.860 | INFO     | __main__:request_monitor:184 - 当前保持寄存器数据: [0, 0, 0, 0, 0, 0, 0, 0, 0, 0]
2025-03-27 09:49:55.719 | INFO     | __main__:run_modbus_server:218 - Modbus服务器任务被取消
2025-03-27 09:49:55.797 | INFO     | __main__:start_wake_detection:268 - 开始监听唤醒词...
2025-03-27 09:50:13.366 | ERROR    | __main__:start_wake_detection:288 - 唤醒检测错误: [Errno -9999] Unanticipated host error
2025-03-27 09:50:13.382 | INFO     | __main__:main:580 - 继续监听唤醒词...
2025-03-27 09:50:14.417 | INFO     | __main__:start_wake_detection:268 - 开始监听唤醒词...
2025-03-27 09:50:21.602 | INFO     | __main__:wake_callback:170 - ==================================================
2025-03-27 09:50:21.602 | INFO     | __main__:wake_callback:171 - >>> 检测到唤醒词！请说出您的指令 <<<
2025-03-27 09:50:25.011 | INFO     | __main__:wake_callback:176 - ==================================================
2025-03-27 09:50:25.011 | INFO     | __main__:start_speech_recognition:295 - 开始语音识别...
2025-03-27 09:50:25.165 | INFO     | __main__:run:523 - * 开始录音...
2025-03-27 09:50:31.190 | INFO     | __main__:on_message:381 - 
2025-03-27 09:50:31.253 | INFO     | __main__:on_close:501 - 
### 语音识别结束 ###
2025-03-27 09:50:31.253 | INFO     | __main__:run:556 - * 录音结束
2025-03-27 09:50:31.269 | INFO     | __main__:main:580 - 继续监听唤醒词...
2025-03-27 09:50:32.300 | INFO     | __main__:start_wake_detection:268 - 开始监听唤醒词...
2025-03-27 09:50:58.060 | INFO     | __main__:wake_callback:170 - ==================================================
2025-03-27 09:50:58.060 | INFO     | __main__:wake_callback:171 - >>> 检测到唤醒词！请说出您的指令 <<<
2025-03-27 09:51:01.521 | INFO     | __main__:wake_callback:176 - ==================================================
2025-03-27 09:51:01.521 | INFO     | __main__:start_speech_recognition:295 - 开始语音识别...
2025-03-27 09:51:01.709 | INFO     | __main__:run:523 - * 开始录音...
2025-03-27 09:51:07.780 | INFO     | __main__:on_close:501 - 
### 语音识别结束 ###
2025-03-27 09:51:07.780 | INFO     | __main__:main:580 - 继续监听唤醒词...
2025-03-27 09:51:07.811 | INFO     | __main__:run:556 - * 录音结束
2025-03-27 09:51:08.796 | INFO     | __main__:start_wake_detection:268 - 开始监听唤醒词...
2025-03-27 09:56:43.599 | ERROR    | __main__:start_wake_detection:288 - 唤醒检测错误: [Errno -9999] Unanticipated host error
2025-03-27 09:56:43.599 | INFO     | __main__:main:580 - 继续监听唤醒词...
2025-03-27 09:56:44.619 | ERROR    | __main__:start_wake_detection:288 - 唤醒检测错误: [Errno -9999] Unanticipated host error
2025-03-27 09:56:44.634 | INFO     | __main__:main:580 - 继续监听唤醒词...
2025-03-27 09:56:45.655 | ERROR    | __main__:start_wake_detection:288 - 唤醒检测错误: [Errno -9999] Unanticipated host error
2025-03-27 09:56:45.671 | INFO     | __main__:main:580 - 继续监听唤醒词...
2025-03-27 09:56:46.706 | INFO     | __main__:start_wake_detection:268 - 开始监听唤醒词...
