2025-03-22 16:37:13.080 | INFO     | __main__:load_keywords_dict:162 - 成功加载关键词词典: ./keywords_dicts\keywords_dict.yaml
2025-03-22 16:37:17.196 | INFO     | __main__:_init_expression_server:148 - 表情服务器启动成功
2025-03-22 16:37:17.196 | INFO     | __main__:run_modbus_server:201 - Modbus 从机正在 192.168.1.138:599 上监听...
2025-03-22 16:37:18.209 | INFO     | __main__:request_monitor:184 - 当前保持寄存器数据: [0, 0, 0, 0, 0, 0, 0, 0, 0, 0]
2025-03-22 16:37:19.221 | INFO     | __main__:request_monitor:184 - 当前保持寄存器数据: [0, 0, 0, 0, 0, 0, 0, 0, 0, 0]
2025-03-22 16:37:20.233 | INFO     | __main__:run_modbus_server:218 - Modbus服务器任务被取消
2025-03-22 16:37:20.602 | INFO     | __main__:start_wake_detection:268 - 开始监听唤醒词...
2025-03-22 16:38:11.617 | INFO     | __main__:wake_callback:170 - ==================================================
2025-03-22 16:38:11.617 | INFO     | __main__:wake_callback:171 - >>> 检测到唤醒词！请说出您的指令 <<<
2025-03-22 16:38:15.068 | INFO     | __main__:wake_callback:176 - ==================================================
2025-03-22 16:38:15.081 | INFO     | __main__:start_speech_recognition:295 - 开始语音识别...
2025-03-22 16:38:15.339 | INFO     | __main__:run:523 - * 开始录音...
2025-03-22 16:38:24.547 | INFO     | __main__:on_message:381 - 把绿色方块放到方形盒子里
2025-03-22 16:38:25.440 | INFO     | __main__:on_close:501 - 
### 语音识别结束 ###
2025-03-22 16:38:25.440 | INFO     | __main__:on_close:503 - 
正在分析关键词...
2025-03-22 16:38:25.451 | INFO     | __main__:run:556 - * 录音结束
2025-03-22 16:38:25.727 | INFO     | __main__:match_keywords:495 - 找到匹配关键词: 方块 匹配 方块
2025-03-22 16:38:25.728 | INFO     | __main__:match_keywords:495 - 找到匹配关键词: 方形 匹配 方形
2025-03-22 16:38:30.973 | INFO     | __main__:process_text_and_send_signal:447 - 发送信号: 401
2025-03-22 16:38:30.973 | INFO     | __main__:process_text_and_send_signal:448 - 切换表情：开心
2025-03-22 16:38:30.974 | INFO     | __main__:main:580 - 继续监听唤醒词...
2025-03-22 16:38:32.050 | INFO     | __main__:start_wake_detection:268 - 开始监听唤醒词...
2025-03-22 16:39:57.439 | INFO     | __main__:wake_callback:170 - ==================================================
2025-03-22 16:39:57.439 | INFO     | __main__:wake_callback:171 - >>> 检测到唤醒词！请说出您的指令 <<<
2025-03-22 16:40:00.780 | INFO     | __main__:wake_callback:176 - ==================================================
2025-03-22 16:40:00.791 | INFO     | __main__:start_speech_recognition:295 - 开始语音识别...
2025-03-22 16:40:01.059 | INFO     | __main__:run:523 - * 开始录音...
2025-03-22 16:40:09.561 | INFO     | __main__:on_message:381 - 把绿色方块放到方形盒子里
2025-03-22 16:40:10.911 | INFO     | __main__:on_message:381 - 。
2025-03-22 16:40:11.172 | INFO     | __main__:on_close:501 - 
### 语音识别结束 ###
2025-03-22 16:40:11.173 | INFO     | __main__:run:556 - * 录音结束
2025-03-22 16:40:11.174 | INFO     | __main__:on_close:503 - 
正在分析关键词...
2025-03-22 16:40:11.178 | INFO     | __main__:match_keywords:495 - 找到匹配关键词: 方块 匹配 方块
2025-03-22 16:40:11.178 | INFO     | __main__:match_keywords:495 - 找到匹配关键词: 方形 匹配 方形
2025-03-22 16:40:16.553 | INFO     | __main__:process_text_and_send_signal:447 - 发送信号: 401
2025-03-22 16:40:16.554 | INFO     | __main__:process_text_and_send_signal:448 - 切换表情：开心
2025-03-22 16:40:16.555 | INFO     | __main__:main:580 - 继续监听唤醒词...
2025-03-22 16:40:17.629 | INFO     | __main__:start_wake_detection:268 - 开始监听唤醒词...
2025-03-22 16:40:53.284 | INFO     | __main__:wake_callback:170 - ==================================================
2025-03-22 16:40:53.284 | INFO     | __main__:wake_callback:171 - >>> 检测到唤醒词！请说出您的指令 <<<
2025-03-22 16:40:56.770 | INFO     | __main__:wake_callback:176 - ==================================================
2025-03-22 16:40:56.784 | INFO     | __main__:start_speech_recognition:295 - 开始语音识别...
2025-03-22 16:40:57.036 | INFO     | __main__:run:523 - * 开始录音...
2025-03-22 16:41:01.375 | INFO     | __main__:on_message:381 - 把绿色方块放到翻译盒子里
2025-03-22 16:41:02.726 | INFO     | __main__:on_message:381 - 。
2025-03-22 16:41:07.149 | INFO     | __main__:on_close:501 - 
### 语音识别结束 ###
2025-03-22 16:41:07.149 | INFO     | __main__:on_close:503 - 
正在分析关键词...
2025-03-22 16:41:07.149 | INFO     | __main__:run:556 - * 录音结束
2025-03-22 16:41:07.152 | INFO     | __main__:match_keywords:495 - 找到匹配关键词: 方块 匹配 方块
2025-03-22 16:41:07.152 | INFO     | __main__:process_text_and_send_signal:471 - 未找到匹配的组合
2025-03-22 16:41:12.179 | INFO     | __main__:process_text_and_send_signal:476 - 发送信号: 406
2025-03-22 16:41:12.179 | INFO     | __main__:process_text_and_send_signal:477 - 切换表情：难过
2025-03-22 16:41:12.181 | INFO     | __main__:main:580 - 继续监听唤醒词...
2025-03-22 16:41:13.259 | INFO     | __main__:start_wake_detection:268 - 开始监听唤醒词...
2025-03-22 16:41:54.489 | INFO     | __main__:wake_callback:170 - ==================================================
2025-03-22 16:41:54.489 | INFO     | __main__:wake_callback:171 - >>> 检测到唤醒词！请说出您的指令 <<<
2025-03-22 16:41:57.914 | INFO     | __main__:wake_callback:176 - ==================================================
2025-03-22 16:41:57.926 | INFO     | __main__:start_speech_recognition:295 - 开始语音识别...
2025-03-22 16:41:58.170 | INFO     | __main__:run:523 - * 开始录音...
2025-03-22 16:42:03.027 | INFO     | __main__:on_message:381 - 把绿色方块放到function盒子里
2025-03-22 16:42:04.326 | INFO     | __main__:on_message:381 - 。
2025-03-22 16:42:08.282 | INFO     | __main__:on_close:501 - 
### 语音识别结束 ###
2025-03-22 16:42:08.282 | INFO     | __main__:on_close:503 - 
正在分析关键词...
2025-03-22 16:42:08.282 | INFO     | __main__:run:556 - * 录音结束
2025-03-22 16:42:08.284 | INFO     | __main__:match_keywords:495 - 找到匹配关键词: 方块 匹配 方块
2025-03-22 16:42:08.284 | INFO     | __main__:process_text_and_send_signal:471 - 未找到匹配的组合
2025-03-22 16:42:13.251 | INFO     | __main__:process_text_and_send_signal:476 - 发送信号: 406
2025-03-22 16:42:13.252 | INFO     | __main__:process_text_and_send_signal:477 - 切换表情：难过
2025-03-22 16:42:13.253 | INFO     | __main__:main:580 - 继续监听唤醒词...
2025-03-22 16:42:14.333 | INFO     | __main__:start_wake_detection:268 - 开始监听唤醒词...
2025-03-22 16:42:41.164 | INFO     | __main__:wake_callback:170 - ==================================================
2025-03-22 16:42:41.165 | INFO     | __main__:wake_callback:171 - >>> 检测到唤醒词！请说出您的指令 <<<
2025-03-22 16:42:44.572 | INFO     | __main__:wake_callback:176 - ==================================================
2025-03-22 16:42:44.582 | INFO     | __main__:start_speech_recognition:295 - 开始语音识别...
2025-03-22 16:42:44.859 | INFO     | __main__:run:523 - * 开始录音...
2025-03-22 16:42:48.184 | INFO     | __main__:on_message:381 - 嗯嗯，你看你有我
2025-03-22 16:42:52.154 | INFO     | __main__:on_message:381 - 分析啊，为什么刚刚是这个浏览也是这个浏览器吗？对啊
2025-03-22 16:42:53.491 | INFO     | __main__:on_message:381 - 。
2025-03-22 16:42:54.979 | INFO     | __main__:on_close:501 - 
### 语音识别结束 ###
2025-03-22 16:42:54.979 | INFO     | __main__:on_close:503 - 
正在分析关键词...
2025-03-22 16:42:54.980 | INFO     | __main__:run:556 - * 录音结束
2025-03-22 16:42:59.864 | INFO     | __main__:main:580 - 继续监听唤醒词...
2025-03-22 16:43:00.931 | INFO     | __main__:start_wake_detection:268 - 开始监听唤醒词...
2025-03-22 16:43:16.557 | INFO     | __main__:wake_callback:170 - ==================================================
2025-03-22 16:43:16.558 | INFO     | __main__:wake_callback:171 - >>> 检测到唤醒词！请说出您的指令 <<<
2025-03-22 16:43:20.029 | INFO     | __main__:wake_callback:176 - ==================================================
2025-03-22 16:43:20.042 | INFO     | __main__:start_speech_recognition:295 - 开始语音识别...
2025-03-22 16:43:20.329 | INFO     | __main__:run:523 - * 开始录音...
2025-03-22 16:43:23.902 | INFO     | __main__:on_message:381 - 为什么
2025-03-22 16:43:26.077 | INFO     | __main__:on_message:381 - ？大家为什么没有啊
2025-03-22 16:43:27.482 | INFO     | __main__:on_message:381 - ？
2025-03-22 16:43:30.441 | INFO     | __main__:on_close:501 - 
### 语音识别结束 ###
2025-03-22 16:43:30.442 | INFO     | __main__:on_close:503 - 
正在分析关键词...
2025-03-22 16:43:30.442 | INFO     | __main__:run:556 - * 录音结束
2025-03-22 16:43:35.312 | INFO     | __main__:main:580 - 继续监听唤醒词...
2025-03-22 16:43:36.381 | INFO     | __main__:start_wake_detection:268 - 开始监听唤醒词...
2025-03-22 16:43:41.001 | INFO     | __main__:wake_callback:170 - ==================================================
2025-03-22 16:43:41.003 | INFO     | __main__:wake_callback:171 - >>> 检测到唤醒词！请说出您的指令 <<<
2025-03-22 16:43:44.415 | INFO     | __main__:wake_callback:176 - ==================================================
2025-03-22 16:43:44.429 | INFO     | __main__:start_speech_recognition:295 - 开始语音识别...
2025-03-22 16:43:44.708 | INFO     | __main__:run:523 - * 开始录音...
2025-03-22 16:43:54.746 | INFO     | __main__:on_message:381 - 
2025-03-22 16:43:54.808 | INFO     | __main__:on_close:501 - 
### 语音识别结束 ###
2025-03-22 16:43:54.808 | INFO     | __main__:run:556 - * 录音结束
2025-03-22 16:43:54.812 | INFO     | __main__:main:580 - 继续监听唤醒词...
2025-03-22 16:43:55.966 | INFO     | __main__:start_wake_detection:268 - 开始监听唤醒词...
2025-03-22 16:44:27.270 | INFO     | __main__:wake_callback:170 - ==================================================
2025-03-22 16:44:27.274 | INFO     | __main__:wake_callback:171 - >>> 检测到唤醒词！请说出您的指令 <<<
2025-03-22 16:44:30.599 | INFO     | __main__:wake_callback:176 - ==================================================
2025-03-22 16:44:30.611 | INFO     | __main__:start_speech_recognition:295 - 开始语音识别...
2025-03-22 16:44:30.887 | INFO     | __main__:run:523 - * 开始录音...
2025-03-22 16:44:40.933 | INFO     | __main__:on_message:381 - 
2025-03-22 16:44:41.002 | INFO     | __main__:on_close:501 - 
### 语音识别结束 ###
2025-03-22 16:44:41.002 | INFO     | __main__:run:556 - * 录音结束
2025-03-22 16:44:41.004 | INFO     | __main__:main:580 - 继续监听唤醒词...
2025-03-22 16:44:42.152 | INFO     | __main__:start_wake_detection:268 - 开始监听唤醒词...
2025-03-22 16:44:50.292 | INFO     | __main__:wake_callback:170 - ==================================================
2025-03-22 16:44:50.292 | INFO     | __main__:wake_callback:171 - >>> 检测到唤醒词！请说出您的指令 <<<
2025-03-22 16:44:53.766 | INFO     | __main__:wake_callback:176 - ==================================================
2025-03-22 16:44:53.779 | INFO     | __main__:start_speech_recognition:295 - 开始语音识别...
2025-03-22 16:44:54.032 | INFO     | __main__:run:523 - * 开始录音...
2025-03-22 16:44:58.254 | INFO     | __main__:on_message:381 - 把绿色方块放到方形盒子里
2025-03-22 16:44:59.589 | INFO     | __main__:on_message:381 - 。
2025-03-22 16:45:04.139 | INFO     | __main__:on_close:501 - 
### 语音识别结束 ###
2025-03-22 16:45:04.140 | INFO     | __main__:on_close:503 - 
正在分析关键词...
2025-03-22 16:45:04.143 | INFO     | __main__:run:556 - * 录音结束
2025-03-22 16:45:04.146 | INFO     | __main__:match_keywords:495 - 找到匹配关键词: 方块 匹配 方块
2025-03-22 16:45:04.146 | INFO     | __main__:match_keywords:495 - 找到匹配关键词: 方形 匹配 方形
2025-03-22 16:45:09.509 | INFO     | __main__:process_text_and_send_signal:447 - 发送信号: 401
2025-03-22 16:45:09.509 | INFO     | __main__:process_text_and_send_signal:448 - 切换表情：开心
2025-03-22 16:45:09.510 | INFO     | __main__:main:580 - 继续监听唤醒词...
2025-03-22 16:45:10.581 | INFO     | __main__:start_wake_detection:268 - 开始监听唤醒词...
