2025-04-16 10:01:44.418 | INFO     | __main__:load_keywords_dict:162 - 成功加载关键词词典: ./keywords_dicts\keywords_dict.yaml
2025-04-16 10:01:48.468 | INFO     | __main__:_init_expression_server:148 - 表情服务器启动成功
2025-04-16 10:01:48.468 | INFO     | __main__:run_modbus_server:201 - Modbus 从机正在 192.168.1.125:599 上监听...
2025-04-16 10:01:49.487 | INFO     | __main__:request_monitor:184 - 当前保持寄存器数据: [0, 0, 0, 0, 0, 0, 0, 0, 0, 0]
2025-04-16 10:01:50.490 | INFO     | __main__:request_monitor:184 - 当前保持寄存器数据: [0, 0, 0, 0, 0, 0, 0, 0, 0, 0]
2025-04-16 10:01:51.487 | INFO     | __main__:request_monitor:184 - 当前保持寄存器数据: [0, 0, 0, 0, 0, 0, 0, 0, 0, 0]
2025-04-16 10:01:52.501 | INFO     | __main__:request_monitor:184 - 当前保持寄存器数据: [0, 0, 0, 0, 0, 0, 0, 0, 0, 0]
2025-04-16 10:01:53.506 | INFO     | __main__:request_monitor:184 - 当前保持寄存器数据: [0, 0, 0, 0, 0, 0, 0, 0, 0, 0]
2025-04-16 10:01:54.509 | INFO     | __main__:request_monitor:184 - 当前保持寄存器数据: [111, 0, 0, 0, 0, 0, 0, 0, 0, 0]
2025-04-16 10:01:54.510 | INFO     | __main__:request_monitor:186 - 切换表情：眨眼
2025-04-16 10:01:54.511 | INFO     | __main__:request_monitor:188 - 保持寄存器读到111
2025-04-16 10:01:54.512 | INFO     | __main__:request_monitor:189 - 当前保持寄存器数据: [111, 0, 0, 0, 0, 0, 0, 0, 0, 0]
2025-04-16 10:01:54.512 | INFO     | __main__:request_monitor:191 - 开始清零
2025-04-16 10:01:54.512 | INFO     | __main__:request_monitor:192 - 当前保持寄存器数据: [111, 0, 0, 0, 0, 0, 0, 0, 0, 0]
2025-04-16 10:01:54.512 | INFO     | __main__:request_monitor:194 - 当前保持寄存器数据: [111, 0, 0, 0, 0, 0, 0, 0, 0, 0]
2025-04-16 10:01:54.512 | INFO     | __main__:request_monitor:195 - 检测到寄存器值为 111，准备退出...
2025-04-16 10:01:54.575 | INFO     | __main__:start_wake_detection:268 - 开始监听唤醒词...
2025-04-16 10:02:25.254 | INFO     | __main__:wake_callback:170 - ==================================================
2025-04-16 10:02:25.254 | INFO     | __main__:wake_callback:171 - >>> 检测到唤醒词！请说出您的指令 <<<
2025-04-16 10:02:28.772 | INFO     | __main__:wake_callback:176 - ==================================================
2025-04-16 10:02:28.772 | INFO     | __main__:start_speech_recognition:295 - 开始语音识别...
2025-04-16 10:02:28.961 | INFO     | __main__:run:523 - * 开始录音...
2025-04-16 10:02:34.538 | INFO     | __main__:on_message:381 - 将方块放入方形盒子中
2025-04-16 10:02:34.985 | INFO     | __main__:on_message:381 - 。
2025-04-16 10:02:35.029 | INFO     | __main__:on_close:501 - 
### 语音识别结束 ###
2025-04-16 10:02:35.029 | INFO     | __main__:run:556 - * 录音结束
2025-04-16 10:02:35.029 | INFO     | __main__:on_close:503 - 
正在分析关键词...
2025-04-16 10:02:35.454 | INFO     | __main__:match_keywords:495 - 找到匹配关键词: 方块 匹配 方块
2025-04-16 10:02:35.454 | INFO     | __main__:match_keywords:495 - 找到匹配关键词: 方形 匹配 方形
2025-04-16 10:02:40.842 | INFO     | __main__:process_text_and_send_signal:447 - 发送信号: 401
2025-04-16 10:02:40.843 | INFO     | __main__:process_text_and_send_signal:448 - 切换表情：开心
2025-04-16 10:02:40.844 | INFO     | __main__:main:580 - 继续监听唤醒词...
2025-04-16 10:02:41.894 | INFO     | __main__:start_wake_detection:268 - 开始监听唤醒词...
