2025-04-29 17:03:32.762 | INFO     | __main__:load_keywords_dict:162 - 成功加载关键词词典: ./keywords_dicts\keywords_dict.yaml
2025-04-29 17:03:37.274 | INFO     | __main__:_init_expression_server:148 - 表情服务器启动成功
2025-04-29 17:03:37.274 | INFO     | __main__:run_modbus_server:201 - Modbus 从机正在 192.168.1.125:599 上监听...
2025-04-29 17:03:38.278 | INFO     | __main__:request_monitor:184 - 当前保持寄存器数据: [0, 0, 0, 0, 0, 0, 0, 0, 0, 0]
2025-04-29 17:03:39.283 | INFO     | __main__:request_monitor:184 - 当前保持寄存器数据: [0, 0, 0, 0, 0, 0, 0, 0, 0, 0]
2025-04-29 17:03:40.306 | INFO     | __main__:request_monitor:184 - 当前保持寄存器数据: [0, 0, 0, 0, 0, 0, 0, 0, 0, 0]
2025-04-29 17:03:41.311 | INFO     | __main__:request_monitor:184 - 当前保持寄存器数据: [0, 0, 0, 0, 0, 0, 0, 0, 0, 0]
2025-04-29 17:03:42.332 | INFO     | __main__:request_monitor:184 - 当前保持寄存器数据: [0, 0, 0, 0, 0, 0, 0, 0, 0, 0]
2025-04-29 17:03:43.336 | INFO     | __main__:request_monitor:184 - 当前保持寄存器数据: [0, 0, 0, 0, 0, 0, 0, 0, 0, 0]
2025-04-29 17:03:44.342 | INFO     | __main__:request_monitor:184 - 当前保持寄存器数据: [0, 0, 0, 0, 0, 0, 0, 0, 0, 0]
2025-04-29 17:03:45.361 | INFO     | __main__:request_monitor:184 - 当前保持寄存器数据: [0, 0, 0, 0, 0, 0, 0, 0, 0, 0]
2025-04-29 17:03:46.367 | INFO     | __main__:request_monitor:184 - 当前保持寄存器数据: [0, 0, 0, 0, 0, 0, 0, 0, 0, 0]
2025-04-29 17:03:47.373 | INFO     | __main__:request_monitor:184 - 当前保持寄存器数据: [0, 0, 0, 0, 0, 0, 0, 0, 0, 0]
2025-04-29 17:03:48.380 | INFO     | __main__:request_monitor:184 - 当前保持寄存器数据: [0, 0, 0, 0, 0, 0, 0, 0, 0, 0]
2025-04-29 17:03:49.399 | INFO     | __main__:request_monitor:184 - 当前保持寄存器数据: [0, 0, 0, 0, 0, 0, 0, 0, 0, 0]
2025-04-29 17:03:50.407 | INFO     | __main__:request_monitor:184 - 当前保持寄存器数据: [0, 0, 0, 0, 0, 0, 0, 0, 0, 0]
2025-04-29 17:03:51.420 | INFO     | __main__:request_monitor:184 - 当前保持寄存器数据: [0, 0, 0, 0, 0, 0, 0, 0, 0, 0]
2025-04-29 17:03:52.423 | INFO     | __main__:request_monitor:184 - 当前保持寄存器数据: [0, 0, 0, 0, 0, 0, 0, 0, 0, 0]
2025-04-29 17:03:53.423 | INFO     | __main__:request_monitor:184 - 当前保持寄存器数据: [0, 0, 0, 0, 0, 0, 0, 0, 0, 0]
2025-04-29 17:03:54.440 | INFO     | __main__:request_monitor:184 - 当前保持寄存器数据: [0, 0, 0, 0, 0, 0, 0, 0, 0, 0]
2025-04-29 17:03:55.451 | INFO     | __main__:request_monitor:184 - 当前保持寄存器数据: [0, 0, 0, 0, 0, 0, 0, 0, 0, 0]
2025-04-29 17:03:56.440 | INFO     | __main__:request_monitor:184 - 当前保持寄存器数据: [0, 0, 0, 0, 0, 0, 0, 0, 0, 0]
2025-04-29 17:03:57.440 | INFO     | __main__:request_monitor:184 - 当前保持寄存器数据: [0, 0, 0, 0, 0, 0, 0, 0, 0, 0]
2025-04-29 17:03:58.446 | INFO     | __main__:request_monitor:184 - 当前保持寄存器数据: [0, 0, 0, 0, 0, 0, 0, 0, 0, 0]
2025-04-29 17:03:59.439 | INFO     | __main__:request_monitor:184 - 当前保持寄存器数据: [111, 0, 0, 0, 0, 0, 0, 0, 0, 0]
2025-04-29 17:03:59.439 | INFO     | __main__:request_monitor:186 - 切换表情：眨眼
2025-04-29 17:03:59.439 | INFO     | __main__:request_monitor:188 - 保持寄存器读到111
2025-04-29 17:03:59.439 | INFO     | __main__:request_monitor:189 - 当前保持寄存器数据: [111, 0, 0, 0, 0, 0, 0, 0, 0, 0]
2025-04-29 17:03:59.442 | INFO     | __main__:request_monitor:191 - 开始清零
2025-04-29 17:03:59.442 | INFO     | __main__:request_monitor:192 - 当前保持寄存器数据: [111, 0, 0, 0, 0, 0, 0, 0, 0, 0]
2025-04-29 17:03:59.442 | INFO     | __main__:request_monitor:194 - 当前保持寄存器数据: [111, 0, 0, 0, 0, 0, 0, 0, 0, 0]
2025-04-29 17:03:59.442 | INFO     | __main__:request_monitor:195 - 检测到寄存器值为 111，准备退出...
2025-04-29 17:03:59.508 | INFO     | __main__:start_wake_detection:268 - 开始监听唤醒词...
2025-04-29 17:05:09.848 | ERROR    | __main__:start_wake_detection:288 - 唤醒检测错误: [Errno -9999] Unanticipated host error
2025-04-29 17:05:09.858 | INFO     | __main__:main:580 - 继续监听唤醒词...
2025-04-29 17:05:10.864 | ERROR    | __main__:start_wake_detection:288 - 唤醒检测错误: [Errno -9999] Unanticipated host error
2025-04-29 17:05:10.864 | INFO     | __main__:main:580 - 继续监听唤醒词...
2025-04-29 17:05:11.895 | ERROR    | __main__:start_wake_detection:288 - 唤醒检测错误: [Errno -9999] Unanticipated host error
2025-04-29 17:05:11.927 | INFO     | __main__:main:580 - 继续监听唤醒词...
2025-04-29 17:05:12.991 | ERROR    | __main__:start_wake_detection:288 - 唤醒检测错误: [Errno -9999] Unanticipated host error
2025-04-29 17:05:13.017 | INFO     | __main__:main:580 - 继续监听唤醒词...
2025-04-29 17:05:14.074 | INFO     | __main__:start_wake_detection:268 - 开始监听唤醒词...
