2025-04-19 16:04:44.837 | INFO     | __main__:load_keywords_dict:162 - 成功加载关键词词典: ./keywords_dicts\keywords_dict.yaml
2025-04-19 16:04:48.765 | INFO     | __main__:_init_expression_server:148 - 表情服务器启动成功
2025-04-19 16:04:48.765 | INFO     | __main__:run_modbus_server:201 - Modbus 从机正在 192.168.1.125:599 上监听...
2025-04-19 16:04:49.773 | INFO     | __main__:request_monitor:184 - 当前保持寄存器数据: [0, 0, 0, 0, 0, 0, 0, 0, 0, 0]
2025-04-19 16:04:50.784 | INFO     | __main__:request_monitor:184 - 当前保持寄存器数据: [0, 0, 0, 0, 0, 0, 0, 0, 0, 0]
2025-04-19 16:04:51.799 | INFO     | __main__:request_monitor:184 - 当前保持寄存器数据: [0, 0, 0, 0, 0, 0, 0, 0, 0, 0]
2025-04-19 16:04:52.806 | INFO     | __main__:request_monitor:184 - 当前保持寄存器数据: [0, 0, 0, 0, 0, 0, 0, 0, 0, 0]
2025-04-19 16:04:53.812 | INFO     | __main__:request_monitor:184 - 当前保持寄存器数据: [0, 0, 0, 0, 0, 0, 0, 0, 0, 0]
2025-04-19 16:04:54.827 | INFO     | __main__:request_monitor:184 - 当前保持寄存器数据: [0, 0, 0, 0, 0, 0, 0, 0, 0, 0]
2025-04-19 16:04:55.830 | INFO     | __main__:request_monitor:184 - 当前保持寄存器数据: [0, 0, 0, 0, 0, 0, 0, 0, 0, 0]
2025-04-19 16:04:56.844 | INFO     | __main__:request_monitor:184 - 当前保持寄存器数据: [0, 0, 0, 0, 0, 0, 0, 0, 0, 0]
2025-04-19 16:04:57.858 | INFO     | __main__:request_monitor:184 - 当前保持寄存器数据: [0, 0, 0, 0, 0, 0, 0, 0, 0, 0]
2025-04-19 16:04:58.862 | INFO     | __main__:request_monitor:184 - 当前保持寄存器数据: [0, 0, 0, 0, 0, 0, 0, 0, 0, 0]
2025-04-19 16:04:59.864 | INFO     | __main__:request_monitor:184 - 当前保持寄存器数据: [0, 0, 0, 0, 0, 0, 0, 0, 0, 0]
2025-04-19 16:05:00.881 | INFO     | __main__:request_monitor:184 - 当前保持寄存器数据: [0, 0, 0, 0, 0, 0, 0, 0, 0, 0]
2025-04-19 16:05:01.886 | INFO     | __main__:request_monitor:184 - 当前保持寄存器数据: [0, 0, 0, 0, 0, 0, 0, 0, 0, 0]
2025-04-19 16:05:02.897 | INFO     | __main__:request_monitor:184 - 当前保持寄存器数据: [0, 0, 0, 0, 0, 0, 0, 0, 0, 0]
2025-04-19 16:05:03.908 | INFO     | __main__:request_monitor:184 - 当前保持寄存器数据: [0, 0, 0, 0, 0, 0, 0, 0, 0, 0]
2025-04-19 16:05:04.910 | INFO     | __main__:request_monitor:184 - 当前保持寄存器数据: [0, 0, 0, 0, 0, 0, 0, 0, 0, 0]
2025-04-19 16:05:05.931 | INFO     | __main__:request_monitor:184 - 当前保持寄存器数据: [0, 0, 0, 0, 0, 0, 0, 0, 0, 0]
2025-04-19 16:05:06.945 | INFO     | __main__:request_monitor:184 - 当前保持寄存器数据: [0, 0, 0, 0, 0, 0, 0, 0, 0, 0]
2025-04-19 16:05:07.946 | INFO     | __main__:request_monitor:184 - 当前保持寄存器数据: [0, 0, 0, 0, 0, 0, 0, 0, 0, 0]
2025-04-19 16:05:08.944 | INFO     | __main__:request_monitor:184 - 当前保持寄存器数据: [0, 0, 0, 0, 0, 0, 0, 0, 0, 0]
2025-04-19 16:05:09.946 | INFO     | __main__:request_monitor:184 - 当前保持寄存器数据: [0, 0, 0, 0, 0, 0, 0, 0, 0, 0]
2025-04-19 16:05:10.947 | INFO     | __main__:request_monitor:184 - 当前保持寄存器数据: [0, 0, 0, 0, 0, 0, 0, 0, 0, 0]
2025-04-19 16:05:11.940 | INFO     | __main__:request_monitor:184 - 当前保持寄存器数据: [111, 0, 0, 0, 0, 0, 0, 0, 0, 0]
2025-04-19 16:05:11.940 | INFO     | __main__:request_monitor:186 - 切换表情：眨眼
2025-04-19 16:05:11.940 | INFO     | __main__:request_monitor:188 - 保持寄存器读到111
2025-04-19 16:05:11.940 | INFO     | __main__:request_monitor:189 - 当前保持寄存器数据: [111, 0, 0, 0, 0, 0, 0, 0, 0, 0]
2025-04-19 16:05:11.940 | INFO     | __main__:request_monitor:191 - 开始清零
2025-04-19 16:05:11.940 | INFO     | __main__:request_monitor:192 - 当前保持寄存器数据: [111, 0, 0, 0, 0, 0, 0, 0, 0, 0]
2025-04-19 16:05:11.940 | INFO     | __main__:request_monitor:194 - 当前保持寄存器数据: [111, 0, 0, 0, 0, 0, 0, 0, 0, 0]
2025-04-19 16:05:11.940 | INFO     | __main__:request_monitor:195 - 检测到寄存器值为 111，准备退出...
2025-04-19 16:05:12.053 | INFO     | __main__:start_wake_detection:268 - 开始监听唤醒词...
2025-04-21 11:56:41.988 | INFO     | __main__:wake_callback:170 - ==================================================
2025-04-21 11:56:41.988 | INFO     | __main__:wake_callback:171 - >>> 检测到唤醒词！请说出您的指令 <<<
2025-04-21 11:56:45.459 | INFO     | __main__:wake_callback:176 - ==================================================
2025-04-21 11:56:45.473 | INFO     | __main__:start_speech_recognition:295 - 开始语音识别...
2025-04-21 11:56:45.711 | INFO     | __main__:run:523 - * 开始录音...
2025-04-21 11:56:48.141 | INFO     | __main__:on_message:381 - 今天天气怎么样
2025-04-21 11:56:49.500 | INFO     | __main__:on_message:381 - ？
2025-04-21 11:56:51.806 | INFO     | __main__:on_close:501 - 
### 语音识别结束 ###
2025-04-21 11:56:51.806 | INFO     | __main__:on_close:503 - 
正在分析关键词...
2025-04-21 11:56:51.806 | INFO     | __main__:run:556 - * 录音结束
2025-04-21 11:56:56.637 | INFO     | __main__:main:580 - 继续监听唤醒词...
2025-04-21 11:56:57.676 | INFO     | __main__:start_wake_detection:268 - 开始监听唤醒词...
2025-04-21 11:57:03.060 | INFO     | __main__:wake_callback:170 - ==================================================
2025-04-21 11:57:03.060 | INFO     | __main__:wake_callback:171 - >>> 检测到唤醒词！请说出您的指令 <<<
2025-04-21 11:57:07.643 | INFO     | __main__:wake_callback:176 - ==================================================
2025-04-21 11:57:07.649 | INFO     | __main__:start_speech_recognition:295 - 开始语音识别...
2025-04-21 11:57:07.879 | INFO     | __main__:run:523 - * 开始录音...
2025-04-21 11:57:10.502 | INFO     | __main__:on_message:381 - 今天天气怎么样
2025-04-21 11:57:11.833 | INFO     | __main__:on_message:381 - ？
2025-04-21 11:57:13.965 | INFO     | __main__:on_close:501 - 
### 语音识别结束 ###
2025-04-21 11:57:13.966 | INFO     | __main__:run:556 - * 录音结束
2025-04-21 11:57:13.966 | INFO     | __main__:on_close:503 - 
正在分析关键词...
2025-04-21 11:57:18.849 | INFO     | __main__:main:580 - 继续监听唤醒词...
2025-04-21 11:57:19.885 | INFO     | __main__:start_wake_detection:268 - 开始监听唤醒词...
2025-04-21 19:04:56.603 | INFO     | __main__:wake_callback:170 - ==================================================
2025-04-21 19:04:56.603 | INFO     | __main__:wake_callback:171 - >>> 检测到唤醒词！请说出您的指令 <<<
2025-04-21 19:05:00.041 | INFO     | __main__:wake_callback:176 - ==================================================
2025-04-21 19:05:00.046 | INFO     | __main__:start_speech_recognition:295 - 开始语音识别...
2025-04-21 19:05:00.217 | INFO     | __main__:run:523 - * 开始录音...
2025-04-21 19:05:06.217 | INFO     | __main__:on_message:381 - 
2025-04-21 19:05:06.267 | INFO     | __main__:on_close:501 - 
### 语音识别结束 ###
2025-04-21 19:05:06.267 | INFO     | __main__:run:556 - * 录音结束
2025-04-21 19:05:06.267 | INFO     | __main__:main:580 - 继续监听唤醒词...
2025-04-21 19:05:07.328 | INFO     | __main__:start_wake_detection:268 - 开始监听唤醒词...
2025-04-21 19:05:19.641 | INFO     | __main__:wake_callback:170 - ==================================================
2025-04-21 19:05:19.641 | INFO     | __main__:wake_callback:171 - >>> 检测到唤醒词！请说出您的指令 <<<
2025-04-21 19:05:22.989 | INFO     | __main__:wake_callback:176 - ==================================================
2025-04-21 19:05:22.997 | INFO     | __main__:start_speech_recognition:295 - 开始语音识别...
2025-04-21 19:05:23.185 | INFO     | __main__:run:523 - * 开始录音...
2025-04-21 19:05:29.771 | INFO     | __main__:on_close:501 - 
### 语音识别结束 ###
2025-04-21 19:05:29.772 | INFO     | __main__:main:580 - 继续监听唤醒词...
2025-04-21 19:05:29.807 | INFO     | __main__:run:556 - * 录音结束
2025-04-21 19:05:30.822 | INFO     | __main__:start_wake_detection:268 - 开始监听唤醒词...
2025-04-21 19:05:58.290 | INFO     | __main__:wake_callback:170 - ==================================================
2025-04-21 19:05:58.290 | INFO     | __main__:wake_callback:171 - >>> 检测到唤醒词！请说出您的指令 <<<
2025-04-21 19:06:01.761 | INFO     | __main__:wake_callback:176 - ==================================================
2025-04-21 19:06:01.766 | INFO     | __main__:start_speech_recognition:295 - 开始语音识别...
2025-04-21 19:06:01.946 | INFO     | __main__:run:523 - * 开始录音...
2025-04-21 19:06:07.974 | INFO     | __main__:on_close:501 - 
### 语音识别结束 ###
2025-04-21 19:06:07.982 | INFO     | __main__:main:580 - 继续监听唤醒词...
2025-04-21 19:06:08.019 | INFO     | __main__:run:556 - * 录音结束
2025-04-21 19:06:09.005 | INFO     | __main__:start_wake_detection:268 - 开始监听唤醒词...
2025-04-22 09:32:50.878 | INFO     | __main__:wake_callback:170 - ==================================================
2025-04-22 09:32:50.894 | INFO     | __main__:wake_callback:171 - >>> 检测到唤醒词！请说出您的指令 <<<
2025-04-22 09:32:54.409 | INFO     | __main__:wake_callback:176 - ==================================================
2025-04-22 09:32:54.413 | INFO     | __main__:start_speech_recognition:295 - 开始语音识别...
2025-04-22 09:32:54.665 | INFO     | __main__:run:523 - * 开始录音...
2025-04-22 09:32:58.881 | INFO     | __main__:on_message:381 - 啥也不用干
2025-04-22 09:33:00.232 | INFO     | __main__:on_message:381 - 。
2025-04-22 09:33:00.729 | INFO     | __main__:on_close:501 - 
### 语音识别结束 ###
2025-04-22 09:33:00.729 | INFO     | __main__:on_close:503 - 
正在分析关键词...
2025-04-22 09:33:00.729 | INFO     | __main__:run:556 - * 录音结束
2025-04-22 09:33:05.510 | INFO     | __main__:main:580 - 继续监听唤醒词...
2025-04-22 09:33:06.567 | INFO     | __main__:start_wake_detection:268 - 开始监听唤醒词...
2025-04-22 19:41:03.112 | INFO     | __main__:wake_callback:170 - ==================================================
2025-04-22 19:41:03.112 | INFO     | __main__:wake_callback:171 - >>> 检测到唤醒词！请说出您的指令 <<<
2025-04-22 19:41:06.592 | INFO     | __main__:wake_callback:176 - ==================================================
2025-04-22 19:41:06.595 | INFO     | __main__:start_speech_recognition:295 - 开始语音识别...
2025-04-22 19:41:06.870 | INFO     | __main__:run:523 - * 开始录音...
2025-04-22 19:41:09.099 | INFO     | __main__:on_message:381 - 关机
2025-04-22 19:41:10.517 | INFO     | __main__:on_message:381 - 。
2025-04-22 19:41:12.941 | INFO     | __main__:on_close:501 - 
### 语音识别结束 ###
2025-04-22 19:41:12.941 | INFO     | __main__:run:556 - * 录音结束
2025-04-22 19:41:12.941 | INFO     | __main__:on_close:503 - 
正在分析关键词...
2025-04-22 19:41:17.771 | INFO     | __main__:main:580 - 继续监听唤醒词...
2025-04-22 19:41:18.833 | INFO     | __main__:start_wake_detection:268 - 开始监听唤醒词...
2025-04-28 14:16:42.262 | INFO     | __main__:wake_callback:170 - ==================================================
2025-04-28 14:16:42.262 | INFO     | __main__:wake_callback:171 - >>> 检测到唤醒词！请说出您的指令 <<<
2025-04-28 14:16:45.736 | INFO     | __main__:wake_callback:176 - ==================================================
2025-04-28 14:16:45.743 | INFO     | __main__:start_speech_recognition:295 - 开始语音识别...
2025-04-28 14:16:45.919 | INFO     | __main__:run:523 - * 开始录音...
2025-04-28 14:16:48.536 | INFO     | __main__:on_message:381 - 这物料放进壶不合适
2025-04-28 14:16:49.967 | INFO     | __main__:on_message:381 - 。
2025-04-28 14:16:52.008 | INFO     | __main__:on_close:501 - 
### 语音识别结束 ###
2025-04-28 14:16:52.008 | INFO     | __main__:run:556 - * 录音结束
2025-04-28 14:16:52.008 | INFO     | __main__:on_close:503 - 
正在分析关键词...
2025-04-28 14:16:52.406 | INFO     | __main__:process_text_and_send_signal:471 - 未找到匹配的组合
2025-04-28 14:16:57.378 | INFO     | __main__:process_text_and_send_signal:476 - 发送信号: 406
2025-04-28 14:16:57.378 | INFO     | __main__:process_text_and_send_signal:477 - 切换表情：难过
2025-04-28 14:16:57.381 | INFO     | __main__:main:580 - 继续监听唤醒词...
2025-04-28 14:16:58.449 | INFO     | __main__:start_wake_detection:268 - 开始监听唤醒词...
2025-04-28 14:17:00.639 | INFO     | __main__:wake_callback:170 - ==================================================
2025-04-28 14:17:00.640 | INFO     | __main__:wake_callback:171 - >>> 检测到唤醒词！请说出您的指令 <<<
2025-04-28 14:17:04.169 | INFO     | __main__:wake_callback:176 - ==================================================
2025-04-28 14:17:04.179 | INFO     | __main__:start_speech_recognition:295 - 开始语音识别...
2025-04-28 14:17:04.364 | INFO     | __main__:run:523 - * 开始录音...
2025-04-28 14:17:07.430 | INFO     | __main__:on_message:381 - 红色物料放入红色盒子里
2025-04-28 14:17:08.799 | INFO     | __main__:on_message:381 - 。
2025-04-28 14:17:10.439 | INFO     | __main__:on_close:501 - 
### 语音识别结束 ###
2025-04-28 14:17:10.439 | INFO     | __main__:run:556 - * 录音结束
2025-04-28 14:17:10.439 | INFO     | __main__:on_close:503 - 
正在分析关键词...
2025-04-28 14:17:10.439 | INFO     | __main__:match_keywords:495 - 找到匹配关键词: 红色 匹配 红色
2025-04-28 14:17:10.445 | INFO     | __main__:match_keywords:495 - 找到匹配关键词: 红色 匹配 红色
2025-04-28 14:17:15.868 | INFO     | __main__:process_text_and_send_signal:461 - 发送信号: 403
2025-04-28 14:17:15.868 | INFO     | __main__:process_text_and_send_signal:462 - 切换表情：开心
2025-04-28 14:17:15.868 | INFO     | __main__:main:580 - 继续监听唤醒词...
2025-04-28 14:17:16.930 | INFO     | __main__:start_wake_detection:268 - 开始监听唤醒词...
