2025-04-30 10:26:07.917 | INFO     | __main__:load_keywords_dict:162 - 成功加载关键词词典: ./keywords_dicts\keywords_dict.yaml
2025-04-30 10:26:12.604 | INFO     | __main__:_init_expression_server:148 - 表情服务器启动成功
2025-04-30 10:26:12.604 | INFO     | __main__:run_modbus_server:201 - Modbus 从机正在 192.168.1.125:599 上监听...
2025-04-30 10:26:13.605 | INFO     | __main__:request_monitor:184 - 当前保持寄存器数据: [0, 0, 0, 0, 0, 0, 0, 0, 0, 0]
2025-04-30 10:26:14.620 | INFO     | __main__:request_monitor:184 - 当前保持寄存器数据: [0, 0, 0, 0, 0, 0, 0, 0, 0, 0]
2025-04-30 10:26:15.618 | INFO     | __main__:request_monitor:184 - 当前保持寄存器数据: [0, 0, 0, 0, 0, 0, 0, 0, 0, 0]
2025-04-30 10:26:16.621 | INFO     | __main__:request_monitor:184 - 当前保持寄存器数据: [0, 0, 0, 0, 0, 0, 0, 0, 0, 0]
2025-04-30 10:26:17.637 | INFO     | __main__:request_monitor:184 - 当前保持寄存器数据: [0, 0, 0, 0, 0, 0, 0, 0, 0, 0]
2025-04-30 10:26:18.627 | INFO     | __main__:request_monitor:184 - 当前保持寄存器数据: [111, 0, 0, 0, 0, 0, 0, 0, 0, 0]
2025-04-30 10:26:18.627 | INFO     | __main__:request_monitor:186 - 切换表情：眨眼
2025-04-30 10:26:18.627 | INFO     | __main__:request_monitor:188 - 保持寄存器读到111
2025-04-30 10:26:18.627 | INFO     | __main__:request_monitor:189 - 当前保持寄存器数据: [111, 0, 0, 0, 0, 0, 0, 0, 0, 0]
2025-04-30 10:26:18.629 | INFO     | __main__:request_monitor:191 - 开始清零
2025-04-30 10:26:18.629 | INFO     | __main__:request_monitor:192 - 当前保持寄存器数据: [111, 0, 0, 0, 0, 0, 0, 0, 0, 0]
2025-04-30 10:26:18.629 | INFO     | __main__:request_monitor:194 - 当前保持寄存器数据: [111, 0, 0, 0, 0, 0, 0, 0, 0, 0]
2025-04-30 10:26:18.629 | INFO     | __main__:request_monitor:195 - 检测到寄存器值为 111，准备退出...
2025-04-30 10:26:18.724 | INFO     | __main__:start_wake_detection:268 - 开始监听唤醒词...
2025-04-30 10:26:39.158 | INFO     | __main__:wake_callback:170 - ==================================================
2025-04-30 10:26:39.158 | INFO     | __main__:wake_callback:171 - >>> 检测到唤醒词！请说出您的指令 <<<
2025-04-30 10:26:42.645 | INFO     | __main__:wake_callback:176 - ==================================================
2025-04-30 10:26:42.653 | INFO     | __main__:start_speech_recognition:295 - 开始语音识别...
2025-04-30 10:26:42.877 | INFO     | __main__:run:523 - * 开始录音...
2025-04-30 10:27:04.068 | ERROR    | __main__:on_error:388 - WebSocket错误: [WinError 10054] 远程主机强迫关闭了一个现有的连接。
2025-04-30 10:27:04.068 | INFO     | __main__:on_close:501 - 
### 语音识别结束 ###
2025-04-30 10:27:04.068 | INFO     | __main__:main:580 - 继续监听唤醒词...
2025-04-30 10:27:05.090 | INFO     | __main__:start_wake_detection:268 - 开始监听唤醒词...
