2025-04-30 10:28:20.649 | INFO     | __main__:load_keywords_dict:162 - 成功加载关键词词典: ./keywords_dicts\keywords_dict.yaml
2025-04-30 10:28:25.615 | INFO     | __main__:_init_expression_server:148 - 表情服务器启动成功
2025-04-30 10:28:25.615 | INFO     | __main__:run_modbus_server:201 - Modbus 从机正在 192.168.1.125:599 上监听...
2025-04-30 10:28:26.621 | INFO     | __main__:request_monitor:184 - 当前保持寄存器数据: [0, 0, 0, 0, 0, 0, 0, 0, 0, 0]
2025-04-30 10:28:27.623 | INFO     | __main__:request_monitor:184 - 当前保持寄存器数据: [0, 0, 0, 0, 0, 0, 0, 0, 0, 0]
2025-04-30 10:28:28.639 | INFO     | __main__:request_monitor:184 - 当前保持寄存器数据: [0, 0, 0, 0, 0, 0, 0, 0, 0, 0]
2025-04-30 10:28:29.649 | INFO     | __main__:request_monitor:184 - 当前保持寄存器数据: [0, 0, 0, 0, 0, 0, 0, 0, 0, 0]
2025-04-30 10:28:30.647 | INFO     | __main__:request_monitor:184 - 当前保持寄存器数据: [0, 0, 0, 0, 0, 0, 0, 0, 0, 0]
2025-04-30 10:28:31.653 | INFO     | __main__:request_monitor:184 - 当前保持寄存器数据: [111, 0, 0, 0, 0, 0, 0, 0, 0, 0]
2025-04-30 10:28:31.653 | INFO     | __main__:request_monitor:186 - 切换表情：眨眼
2025-04-30 10:28:31.655 | INFO     | __main__:request_monitor:188 - 保持寄存器读到111
2025-04-30 10:28:31.656 | INFO     | __main__:request_monitor:189 - 当前保持寄存器数据: [111, 0, 0, 0, 0, 0, 0, 0, 0, 0]
2025-04-30 10:28:31.656 | INFO     | __main__:request_monitor:191 - 开始清零
2025-04-30 10:28:31.656 | INFO     | __main__:request_monitor:192 - 当前保持寄存器数据: [111, 0, 0, 0, 0, 0, 0, 0, 0, 0]
2025-04-30 10:28:31.656 | INFO     | __main__:request_monitor:194 - 当前保持寄存器数据: [111, 0, 0, 0, 0, 0, 0, 0, 0, 0]
2025-04-30 10:28:31.656 | INFO     | __main__:request_monitor:195 - 检测到寄存器值为 111，准备退出...
2025-04-30 10:28:31.728 | INFO     | __main__:start_wake_detection:268 - 开始监听唤醒词...
2025-04-30 10:28:33.775 | INFO     | __main__:wake_callback:170 - ==================================================
2025-04-30 10:28:33.775 | INFO     | __main__:wake_callback:171 - >>> 检测到唤醒词！请说出您的指令 <<<
2025-04-30 10:28:37.127 | INFO     | __main__:wake_callback:176 - ==================================================
2025-04-30 10:28:37.130 | INFO     | __main__:start_speech_recognition:295 - 开始语音识别...
2025-04-30 10:28:37.315 | INFO     | __main__:run:523 - * 开始录音...
2025-04-30 10:28:40.240 | INFO     | __main__:on_message:381 - 将圆形放到圆形盒子中
2025-04-30 10:28:41.591 | INFO     | __main__:on_message:381 - 。
2025-04-30 10:28:43.385 | INFO     | __main__:on_close:501 - 
### 语音识别结束 ###
2025-04-30 10:28:43.385 | INFO     | __main__:run:556 - * 录音结束
2025-04-30 10:28:43.385 | INFO     | __main__:on_close:503 - 
正在分析关键词...
2025-04-30 10:28:43.777 | INFO     | __main__:match_keywords:495 - 找到匹配关键词: 圆形 匹配 圆形
2025-04-30 10:28:43.777 | INFO     | __main__:match_keywords:495 - 找到匹配关键词: 盒子 匹配 盒子
2025-04-30 10:28:49.052 | INFO     | __main__:process_text_and_send_signal:461 - 发送信号: 403
2025-04-30 10:28:49.052 | INFO     | __main__:process_text_and_send_signal:462 - 切换表情：开心
2025-04-30 10:28:49.052 | INFO     | __main__:main:580 - 继续监听唤醒词...
2025-04-30 10:28:50.084 | INFO     | __main__:start_wake_detection:268 - 开始监听唤醒词...
2025-04-30 10:30:52.458 | INFO     | __main__:wake_callback:170 - ==================================================
2025-04-30 10:30:52.458 | INFO     | __main__:wake_callback:171 - >>> 检测到唤醒词！请说出您的指令 <<<
2025-04-30 10:30:56.082 | INFO     | __main__:wake_callback:176 - ==================================================
2025-04-30 10:30:56.086 | INFO     | __main__:start_speech_recognition:295 - 开始语音识别...
2025-04-30 10:30:56.342 | INFO     | __main__:run:523 - * 开始录音...
2025-04-30 10:31:00.638 | INFO     | __main__:on_message:381 - 将方形放到方形或者
2025-04-30 10:31:01.906 | INFO     | __main__:on_message:381 - 。
2025-04-30 10:31:02.421 | INFO     | __main__:on_close:501 - 
### 语音识别结束 ###
2025-04-30 10:31:02.421 | INFO     | __main__:run:556 - * 录音结束
2025-04-30 10:31:02.421 | INFO     | __main__:on_close:503 - 
正在分析关键词...
2025-04-30 10:31:02.421 | INFO     | __main__:match_keywords:495 - 找到匹配关键词: 方形 匹配 方形
2025-04-30 10:31:02.425 | INFO     | __main__:match_keywords:495 - 找到匹配关键词: 方形 匹配 方形
2025-04-30 10:31:07.702 | INFO     | __main__:process_text_and_send_signal:447 - 发送信号: 401
2025-04-30 10:31:07.702 | INFO     | __main__:process_text_and_send_signal:448 - 切换表情：开心
2025-04-30 10:31:07.707 | INFO     | __main__:main:580 - 继续监听唤醒词...
2025-04-30 10:31:08.760 | INFO     | __main__:start_wake_detection:268 - 开始监听唤醒词...
