2025-05-13 10:05:08.679 | INFO     | __main__:load_keywords_dict:162 - 成功加载关键词词典: ./keywords_dicts\keywords_dict.yaml
2025-05-13 10:05:12.203 | INFO     | __main__:_init_expression_server:148 - 表情服务器启动成功
2025-05-13 10:05:12.203 | INFO     | __main__:run_modbus_server:201 - Modbus 从机正在 192.168.1.125:599 上监听...
2025-05-13 10:05:13.205 | INFO     | __main__:request_monitor:184 - 当前保持寄存器数据: [0, 0, 0, 0, 0, 0, 0, 0, 0, 0]
2025-05-13 10:05:14.210 | INFO     | __main__:request_monitor:184 - 当前保持寄存器数据: [0, 0, 0, 0, 0, 0, 0, 0, 0, 0]
2025-05-13 10:05:15.214 | INFO     | __main__:request_monitor:184 - 当前保持寄存器数据: [0, 0, 0, 0, 0, 0, 0, 0, 0, 0]
2025-05-13 10:05:16.216 | INFO     | __main__:request_monitor:184 - 当前保持寄存器数据: [0, 0, 0, 0, 0, 0, 0, 0, 0, 0]
2025-05-13 10:05:17.218 | INFO     | __main__:request_monitor:184 - 当前保持寄存器数据: [0, 0, 0, 0, 0, 0, 0, 0, 0, 0]
2025-05-13 10:05:18.223 | INFO     | __main__:request_monitor:184 - 当前保持寄存器数据: [0, 0, 0, 0, 0, 0, 0, 0, 0, 0]
2025-05-13 10:05:19.227 | INFO     | __main__:request_monitor:184 - 当前保持寄存器数据: [0, 0, 0, 0, 0, 0, 0, 0, 0, 0]
2025-05-13 10:05:20.230 | INFO     | __main__:request_monitor:184 - 当前保持寄存器数据: [0, 0, 0, 0, 0, 0, 0, 0, 0, 0]
2025-05-13 10:05:21.219 | INFO     | __main__:request_monitor:184 - 当前保持寄存器数据: [0, 0, 0, 0, 0, 0, 0, 0, 0, 0]
2025-05-13 10:05:22.219 | INFO     | __main__:request_monitor:184 - 当前保持寄存器数据: [0, 0, 0, 0, 0, 0, 0, 0, 0, 0]
2025-05-13 10:05:23.223 | INFO     | __main__:request_monitor:184 - 当前保持寄存器数据: [0, 0, 0, 0, 0, 0, 0, 0, 0, 0]
2025-05-13 10:05:24.244 | INFO     | __main__:request_monitor:184 - 当前保持寄存器数据: [0, 0, 0, 0, 0, 0, 0, 0, 0, 0]
2025-05-13 10:05:25.247 | INFO     | __main__:request_monitor:184 - 当前保持寄存器数据: [0, 0, 0, 0, 0, 0, 0, 0, 0, 0]
2025-05-13 10:05:26.267 | INFO     | __main__:request_monitor:184 - 当前保持寄存器数据: [0, 0, 0, 0, 0, 0, 0, 0, 0, 0]
2025-05-13 10:05:27.270 | INFO     | __main__:request_monitor:184 - 当前保持寄存器数据: [0, 0, 0, 0, 0, 0, 0, 0, 0, 0]
2025-05-13 10:05:28.275 | INFO     | __main__:request_monitor:184 - 当前保持寄存器数据: [0, 0, 0, 0, 0, 0, 0, 0, 0, 0]
2025-05-13 10:05:29.279 | INFO     | __main__:request_monitor:184 - 当前保持寄存器数据: [0, 0, 0, 0, 0, 0, 0, 0, 0, 0]
2025-05-13 10:05:30.283 | INFO     | __main__:request_monitor:184 - 当前保持寄存器数据: [0, 0, 0, 0, 0, 0, 0, 0, 0, 0]
2025-05-13 10:05:31.286 | INFO     | __main__:request_monitor:184 - 当前保持寄存器数据: [0, 0, 0, 0, 0, 0, 0, 0, 0, 0]
2025-05-13 10:05:32.288 | INFO     | __main__:request_monitor:184 - 当前保持寄存器数据: [0, 0, 0, 0, 0, 0, 0, 0, 0, 0]
2025-05-13 10:05:33.295 | INFO     | __main__:request_monitor:184 - 当前保持寄存器数据: [0, 0, 0, 0, 0, 0, 0, 0, 0, 0]
2025-05-13 10:05:34.312 | INFO     | __main__:request_monitor:184 - 当前保持寄存器数据: [0, 0, 0, 0, 0, 0, 0, 0, 0, 0]
2025-05-13 10:05:35.330 | INFO     | __main__:request_monitor:184 - 当前保持寄存器数据: [0, 0, 0, 0, 0, 0, 0, 0, 0, 0]
2025-05-13 10:05:36.335 | INFO     | __main__:request_monitor:184 - 当前保持寄存器数据: [0, 0, 0, 0, 0, 0, 0, 0, 0, 0]
2025-05-13 10:05:37.339 | INFO     | __main__:request_monitor:184 - 当前保持寄存器数据: [0, 0, 0, 0, 0, 0, 0, 0, 0, 0]
2025-05-13 10:05:38.346 | INFO     | __main__:request_monitor:184 - 当前保持寄存器数据: [0, 0, 0, 0, 0, 0, 0, 0, 0, 0]
2025-05-13 10:05:39.352 | INFO     | __main__:request_monitor:184 - 当前保持寄存器数据: [0, 0, 0, 0, 0, 0, 0, 0, 0, 0]
2025-05-13 10:05:40.366 | INFO     | __main__:request_monitor:184 - 当前保持寄存器数据: [0, 0, 0, 0, 0, 0, 0, 0, 0, 0]
2025-05-13 10:05:41.373 | INFO     | __main__:request_monitor:184 - 当前保持寄存器数据: [0, 0, 0, 0, 0, 0, 0, 0, 0, 0]
2025-05-13 10:05:42.387 | INFO     | __main__:request_monitor:184 - 当前保持寄存器数据: [0, 0, 0, 0, 0, 0, 0, 0, 0, 0]
2025-05-13 10:05:43.397 | INFO     | __main__:request_monitor:184 - 当前保持寄存器数据: [0, 0, 0, 0, 0, 0, 0, 0, 0, 0]
2025-05-13 10:05:44.408 | INFO     | __main__:request_monitor:184 - 当前保持寄存器数据: [0, 0, 0, 0, 0, 0, 0, 0, 0, 0]
2025-05-13 10:05:45.408 | INFO     | __main__:request_monitor:184 - 当前保持寄存器数据: [0, 0, 0, 0, 0, 0, 0, 0, 0, 0]
2025-05-13 10:05:46.418 | INFO     | __main__:request_monitor:184 - 当前保持寄存器数据: [0, 0, 0, 0, 0, 0, 0, 0, 0, 0]
2025-05-13 10:05:47.420 | INFO     | __main__:request_monitor:184 - 当前保持寄存器数据: [0, 0, 0, 0, 0, 0, 0, 0, 0, 0]
2025-05-13 10:05:48.435 | INFO     | __main__:request_monitor:184 - 当前保持寄存器数据: [0, 0, 0, 0, 0, 0, 0, 0, 0, 0]
2025-05-13 10:05:49.438 | INFO     | __main__:request_monitor:184 - 当前保持寄存器数据: [0, 0, 0, 0, 0, 0, 0, 0, 0, 0]
2025-05-13 10:05:50.438 | INFO     | __main__:request_monitor:184 - 当前保持寄存器数据: [0, 0, 0, 0, 0, 0, 0, 0, 0, 0]
2025-05-13 10:05:51.446 | INFO     | __main__:request_monitor:184 - 当前保持寄存器数据: [0, 0, 0, 0, 0, 0, 0, 0, 0, 0]
2025-05-13 10:05:52.453 | INFO     | __main__:request_monitor:184 - 当前保持寄存器数据: [0, 0, 0, 0, 0, 0, 0, 0, 0, 0]
2025-05-13 10:05:53.457 | INFO     | __main__:request_monitor:184 - 当前保持寄存器数据: [0, 0, 0, 0, 0, 0, 0, 0, 0, 0]
2025-05-13 10:05:54.462 | INFO     | __main__:request_monitor:184 - 当前保持寄存器数据: [0, 0, 0, 0, 0, 0, 0, 0, 0, 0]
2025-05-13 10:05:55.464 | INFO     | __main__:request_monitor:184 - 当前保持寄存器数据: [0, 0, 0, 0, 0, 0, 0, 0, 0, 0]
2025-05-13 10:05:56.470 | INFO     | __main__:request_monitor:184 - 当前保持寄存器数据: [0, 0, 0, 0, 0, 0, 0, 0, 0, 0]
2025-05-13 10:05:57.488 | INFO     | __main__:request_monitor:184 - 当前保持寄存器数据: [0, 0, 0, 0, 0, 0, 0, 0, 0, 0]
2025-05-13 10:05:58.491 | INFO     | __main__:request_monitor:184 - 当前保持寄存器数据: [0, 0, 0, 0, 0, 0, 0, 0, 0, 0]
2025-05-13 10:05:59.495 | INFO     | __main__:request_monitor:184 - 当前保持寄存器数据: [0, 0, 0, 0, 0, 0, 0, 0, 0, 0]
2025-05-13 10:06:00.500 | INFO     | __main__:request_monitor:184 - 当前保持寄存器数据: [0, 0, 0, 0, 0, 0, 0, 0, 0, 0]
2025-05-13 10:06:01.502 | INFO     | __main__:request_monitor:184 - 当前保持寄存器数据: [0, 0, 0, 0, 0, 0, 0, 0, 0, 0]
2025-05-13 10:06:02.521 | INFO     | __main__:request_monitor:184 - 当前保持寄存器数据: [0, 0, 0, 0, 0, 0, 0, 0, 0, 0]
2025-05-13 10:06:03.524 | INFO     | __main__:request_monitor:184 - 当前保持寄存器数据: [0, 0, 0, 0, 0, 0, 0, 0, 0, 0]
2025-05-13 10:06:04.542 | INFO     | __main__:request_monitor:184 - 当前保持寄存器数据: [0, 0, 0, 0, 0, 0, 0, 0, 0, 0]
2025-05-13 10:06:05.540 | INFO     | __main__:request_monitor:184 - 当前保持寄存器数据: [111, 0, 0, 0, 0, 0, 0, 0, 0, 0]
2025-05-13 10:06:05.540 | INFO     | __main__:request_monitor:186 - 切换表情：眨眼
2025-05-13 10:06:05.545 | INFO     | __main__:request_monitor:188 - 保持寄存器读到111
2025-05-13 10:06:05.545 | INFO     | __main__:request_monitor:189 - 当前保持寄存器数据: [111, 0, 0, 0, 0, 0, 0, 0, 0, 0]
2025-05-13 10:06:05.546 | INFO     | __main__:request_monitor:191 - 开始清零
2025-05-13 10:06:05.546 | INFO     | __main__:request_monitor:192 - 当前保持寄存器数据: [111, 0, 0, 0, 0, 0, 0, 0, 0, 0]
2025-05-13 10:06:05.546 | INFO     | __main__:request_monitor:194 - 当前保持寄存器数据: [111, 0, 0, 0, 0, 0, 0, 0, 0, 0]
2025-05-13 10:06:05.546 | INFO     | __main__:request_monitor:195 - 检测到寄存器值为 111，准备退出...
2025-05-13 10:06:05.644 | INFO     | __main__:start_wake_detection:268 - 开始监听唤醒词...
2025-05-13 10:06:09.938 | INFO     | __main__:wake_callback:170 - ==================================================
2025-05-13 10:06:09.938 | INFO     | __main__:wake_callback:171 - >>> 检测到唤醒词！请说出您的指令 <<<
2025-05-13 10:06:13.345 | INFO     | __main__:wake_callback:176 - ==================================================
2025-05-13 10:06:13.350 | INFO     | __main__:start_speech_recognition:295 - 开始语音识别...
2025-05-13 10:06:13.544 | INFO     | __main__:run:523 - * 开始录音...
2025-05-13 10:06:17.120 | INFO     | __main__:on_message:381 - 将绿色方块放到方形盒子里
2025-05-13 10:06:18.405 | INFO     | __main__:on_message:381 - 。
2025-05-13 10:06:19.603 | INFO     | __main__:on_close:501 - 
### 语音识别结束 ###
2025-05-13 10:06:19.603 | INFO     | __main__:run:556 - * 录音结束
2025-05-13 10:06:19.604 | INFO     | __main__:on_close:503 - 
正在分析关键词...
2025-05-13 10:06:20.021 | INFO     | __main__:match_keywords:495 - 找到匹配关键词: 方块 匹配 方块
2025-05-13 10:06:20.021 | INFO     | __main__:match_keywords:495 - 找到匹配关键词: 方形 匹配 方形
2025-05-13 10:06:25.268 | INFO     | __main__:process_text_and_send_signal:447 - 发送信号: 401
2025-05-13 10:06:25.268 | INFO     | __main__:process_text_and_send_signal:448 - 切换表情：开心
2025-05-13 10:06:25.270 | INFO     | __main__:main:580 - 继续监听唤醒词...
2025-05-13 10:06:26.325 | INFO     | __main__:start_wake_detection:268 - 开始监听唤醒词...
2025-05-13 10:08:54.112 | INFO     | __main__:wake_callback:170 - ==================================================
2025-05-13 10:08:54.112 | INFO     | __main__:wake_callback:171 - >>> 检测到唤醒词！请说出您的指令 <<<
2025-05-13 10:08:57.443 | INFO     | __main__:wake_callback:176 - ==================================================
2025-05-13 10:08:57.450 | INFO     | __main__:start_speech_recognition:295 - 开始语音识别...
2025-05-13 10:08:57.641 | INFO     | __main__:run:523 - * 开始录音...
2025-05-13 10:09:00.955 | INFO     | __main__:on_message:381 - 将绿色方块放到方形盒子中
2025-05-13 10:09:02.251 | INFO     | __main__:on_message:381 - 。
2025-05-13 10:09:03.706 | INFO     | __main__:on_close:501 - 
### 语音识别结束 ###
2025-05-13 10:09:03.706 | INFO     | __main__:run:556 - * 录音结束
2025-05-13 10:09:03.707 | INFO     | __main__:on_close:503 - 
正在分析关键词...
2025-05-13 10:09:03.708 | INFO     | __main__:match_keywords:495 - 找到匹配关键词: 方块 匹配 方块
2025-05-13 10:09:03.708 | INFO     | __main__:match_keywords:495 - 找到匹配关键词: 方形 匹配 方形
2025-05-13 10:09:08.873 | INFO     | __main__:process_text_and_send_signal:447 - 发送信号: 401
2025-05-13 10:09:08.873 | INFO     | __main__:process_text_and_send_signal:448 - 切换表情：开心
2025-05-13 10:09:08.882 | INFO     | __main__:main:580 - 继续监听唤醒词...
2025-05-13 10:09:09.921 | INFO     | __main__:start_wake_detection:268 - 开始监听唤醒词...
2025-05-13 10:14:09.383 | INFO     | __main__:wake_callback:170 - ==================================================
2025-05-13 10:14:09.383 | INFO     | __main__:wake_callback:171 - >>> 检测到唤醒词！请说出您的指令 <<<
2025-05-13 10:14:12.818 | INFO     | __main__:wake_callback:176 - ==================================================
2025-05-13 10:14:12.829 | INFO     | __main__:start_speech_recognition:295 - 开始语音识别...
2025-05-13 10:14:13.034 | INFO     | __main__:run:523 - * 开始录音...
2025-05-13 10:14:16.404 | INFO     | __main__:on_message:381 - 将绿色方块放到方形盒子中
2025-05-13 10:14:17.755 | INFO     | __main__:on_message:381 - 。
2025-05-13 10:14:19.121 | INFO     | __main__:on_close:501 - 
### 语音识别结束 ###
2025-05-13 10:14:19.121 | INFO     | __main__:on_close:503 - 
正在分析关键词...
2025-05-13 10:14:19.121 | INFO     | __main__:run:556 - * 录音结束
2025-05-13 10:14:19.121 | INFO     | __main__:match_keywords:495 - 找到匹配关键词: 方块 匹配 方块
2025-05-13 10:14:19.136 | INFO     | __main__:match_keywords:495 - 找到匹配关键词: 方形 匹配 方形
2025-05-13 10:14:24.325 | INFO     | __main__:process_text_and_send_signal:447 - 发送信号: 401
2025-05-13 10:14:24.325 | INFO     | __main__:process_text_and_send_signal:448 - 切换表情：开心
2025-05-13 10:14:24.331 | INFO     | __main__:main:580 - 继续监听唤醒词...
2025-05-13 10:14:25.385 | INFO     | __main__:start_wake_detection:268 - 开始监听唤醒词...
2025-05-13 10:16:06.133 | INFO     | __main__:wake_callback:170 - ==================================================
2025-05-13 10:16:06.133 | INFO     | __main__:wake_callback:171 - >>> 检测到唤醒词！请说出您的指令 <<<
2025-05-13 10:16:09.481 | INFO     | __main__:wake_callback:176 - ==================================================
2025-05-13 10:16:09.484 | INFO     | __main__:start_speech_recognition:295 - 开始语音识别...
2025-05-13 10:16:09.686 | INFO     | __main__:run:523 - * 开始录音...
2025-05-13 10:16:13.149 | INFO     | __main__:on_message:381 - 将绿色方块放到方形盒子中
2025-05-13 10:16:14.504 | INFO     | __main__:on_message:381 - 。
2025-05-13 10:16:15.752 | INFO     | __main__:on_close:501 - 
### 语音识别结束 ###
2025-05-13 10:16:15.752 | INFO     | __main__:on_close:503 - 
正在分析关键词...
2025-05-13 10:16:15.752 | INFO     | __main__:run:556 - * 录音结束
2025-05-13 10:16:15.752 | INFO     | __main__:match_keywords:495 - 找到匹配关键词: 方块 匹配 方块
2025-05-13 10:16:15.766 | INFO     | __main__:match_keywords:495 - 找到匹配关键词: 方形 匹配 方形
2025-05-13 10:16:18.835 | INFO     | __main__:process_text_and_send_signal:447 - 发送信号: 401
2025-05-13 10:16:18.835 | INFO     | __main__:process_text_and_send_signal:448 - 切换表情：开心
2025-05-13 10:16:18.835 | INFO     | __main__:main:580 - 继续监听唤醒词...
2025-05-13 10:16:19.851 | INFO     | __main__:start_wake_detection:268 - 开始监听唤醒词...
2025-05-13 10:18:28.754 | INFO     | __main__:wake_callback:170 - ==================================================
2025-05-13 10:18:28.754 | INFO     | __main__:wake_callback:171 - >>> 检测到唤醒词！请说出您的指令 <<<
2025-05-13 10:18:32.095 | INFO     | __main__:wake_callback:176 - ==================================================
2025-05-13 10:18:32.098 | INFO     | __main__:start_speech_recognition:295 - 开始语音识别...
2025-05-13 10:18:32.326 | INFO     | __main__:run:523 - * 开始录音...
2025-05-13 10:18:35.856 | INFO     | __main__:on_message:381 - 将绿色方块放到方形盒子中
2025-05-13 10:18:37.212 | INFO     | __main__:on_message:381 - 。
2025-05-13 10:18:38.418 | INFO     | __main__:on_close:501 - 
### 语音识别结束 ###
2025-05-13 10:18:38.418 | INFO     | __main__:on_close:503 - 
正在分析关键词...
2025-05-13 10:18:38.418 | INFO     | __main__:run:556 - * 录音结束
2025-05-13 10:18:38.418 | INFO     | __main__:match_keywords:495 - 找到匹配关键词: 方块 匹配 方块
2025-05-13 10:18:38.418 | INFO     | __main__:match_keywords:495 - 找到匹配关键词: 方形 匹配 方形
2025-05-13 10:18:43.613 | INFO     | __main__:process_text_and_send_signal:447 - 发送信号: 401
2025-05-13 10:18:43.613 | INFO     | __main__:process_text_and_send_signal:448 - 切换表情：开心
2025-05-13 10:18:43.615 | INFO     | __main__:main:580 - 继续监听唤醒词...
2025-05-13 10:18:44.675 | INFO     | __main__:start_wake_detection:268 - 开始监听唤醒词...
2025-05-13 10:19:03.371 | INFO     | __main__:wake_callback:170 - ==================================================
2025-05-13 10:19:03.371 | INFO     | __main__:wake_callback:171 - >>> 检测到唤醒词！请说出您的指令 <<<
2025-05-13 10:19:06.809 | INFO     | __main__:wake_callback:176 - ==================================================
2025-05-13 10:19:06.816 | INFO     | __main__:start_speech_recognition:295 - 开始语音识别...
2025-05-13 10:19:07.072 | INFO     | __main__:run:523 - * 开始录音...
2025-05-13 10:19:10.010 | INFO     | __main__:on_message:381 - 将圆形放到圆形盒子中
2025-05-13 10:19:11.366 | INFO     | __main__:on_message:381 - 。
2025-05-13 10:19:13.153 | INFO     | __main__:on_close:501 - 
### 语音识别结束 ###
2025-05-13 10:19:13.153 | INFO     | __main__:run:556 - * 录音结束
2025-05-13 10:19:13.153 | INFO     | __main__:on_close:503 - 
正在分析关键词...
2025-05-13 10:19:13.153 | INFO     | __main__:match_keywords:495 - 找到匹配关键词: 圆形 匹配 圆形
2025-05-13 10:19:13.153 | INFO     | __main__:match_keywords:495 - 找到匹配关键词: 圆形 匹配 圆形
2025-05-13 10:19:18.397 | INFO     | __main__:process_text_and_send_signal:468 - 发送信号: 404
2025-05-13 10:19:18.397 | INFO     | __main__:process_text_and_send_signal:469 - 切换表情：开心
2025-05-13 10:19:18.397 | INFO     | __main__:main:580 - 继续监听唤醒词...
2025-05-13 10:19:19.451 | INFO     | __main__:start_wake_detection:268 - 开始监听唤醒词...
2025-05-13 10:21:23.426 | INFO     | __main__:wake_callback:170 - ==================================================
2025-05-13 10:21:23.426 | INFO     | __main__:wake_callback:171 - >>> 检测到唤醒词！请说出您的指令 <<<
2025-05-13 10:21:26.870 | INFO     | __main__:wake_callback:176 - ==================================================
2025-05-13 10:21:26.874 | INFO     | __main__:start_speech_recognition:295 - 开始语音识别...
2025-05-13 10:21:27.063 | INFO     | __main__:run:523 - * 开始录音...
2025-05-13 10:21:31.270 | INFO     | __main__:on_message:381 - 将圆形放到
2025-05-13 10:21:32.489 | INFO     | __main__:on_message:381 - 方块盒子里
2025-05-13 10:21:33.066 | INFO     | __main__:on_message:381 - 。
2025-05-13 10:21:33.130 | INFO     | __main__:on_close:501 - 
### 语音识别结束 ###
2025-05-13 10:21:33.130 | INFO     | __main__:on_close:503 - 
正在分析关键词...
2025-05-13 10:21:33.130 | INFO     | __main__:run:556 - * 录音结束
2025-05-13 10:21:33.136 | INFO     | __main__:match_keywords:495 - 找到匹配关键词: 圆形 匹配 圆形
2025-05-13 10:21:33.136 | INFO     | __main__:match_keywords:495 - 找到匹配关键词: 方块 匹配 方块
2025-05-13 10:21:38.490 | INFO     | __main__:process_text_and_send_signal:461 - 发送信号: 403
2025-05-13 10:21:38.490 | INFO     | __main__:process_text_and_send_signal:462 - 切换表情：开心
2025-05-13 10:21:38.490 | INFO     | __main__:main:580 - 继续监听唤醒词...
2025-05-13 10:21:39.537 | INFO     | __main__:start_wake_detection:268 - 开始监听唤醒词...
2025-05-13 10:21:56.764 | INFO     | __main__:wake_callback:170 - ==================================================
2025-05-13 10:21:56.764 | INFO     | __main__:wake_callback:171 - >>> 检测到唤醒词！请说出您的指令 <<<
2025-05-13 10:22:00.195 | INFO     | __main__:wake_callback:176 - ==================================================
2025-05-13 10:22:00.200 | INFO     | __main__:start_speech_recognition:295 - 开始语音识别...
2025-05-13 10:22:00.573 | INFO     | __main__:run:523 - * 开始录音...
2025-05-13 10:22:04.689 | INFO     | __main__:on_message:381 - 将方形放到圆形盒子里
2025-05-13 10:22:06.012 | INFO     | __main__:on_message:381 - 。
2025-05-13 10:22:06.637 | INFO     | __main__:on_close:501 - 
### 语音识别结束 ###
2025-05-13 10:22:06.637 | INFO     | __main__:on_close:503 - 
正在分析关键词...
2025-05-13 10:22:06.637 | INFO     | __main__:run:556 - * 录音结束
2025-05-13 10:22:06.637 | INFO     | __main__:match_keywords:495 - 找到匹配关键词: 方形 匹配 方形
2025-05-13 10:22:06.648 | INFO     | __main__:match_keywords:495 - 找到匹配关键词: 圆形 匹配 圆形
2025-05-13 10:22:11.965 | INFO     | __main__:process_text_and_send_signal:454 - 发送信号: 402
2025-05-13 10:22:11.965 | INFO     | __main__:process_text_and_send_signal:455 - 切换表情：开心
2025-05-13 10:22:11.965 | INFO     | __main__:main:580 - 继续监听唤醒词...
2025-05-13 10:22:12.975 | INFO     | __main__:start_wake_detection:268 - 开始监听唤醒词...
2025-05-13 17:22:11.648 | INFO     | __main__:wake_callback:170 - ==================================================
2025-05-13 17:22:11.648 | INFO     | __main__:wake_callback:171 - >>> 检测到唤醒词！请说出您的指令 <<<
2025-05-13 17:22:15.067 | INFO     | __main__:wake_callback:176 - ==================================================
2025-05-13 17:22:15.073 | INFO     | __main__:start_speech_recognition:295 - 开始语音识别...
2025-05-13 17:22:15.261 | INFO     | __main__:run:523 - * 开始录音...
2025-05-13 17:22:18.848 | INFO     | __main__:on_message:381 - 将绿色方块放到方形盒子中
2025-05-13 17:22:20.209 | INFO     | __main__:on_message:381 - 。
2025-05-13 17:22:21.335 | INFO     | __main__:on_close:501 - 
### 语音识别结束 ###
2025-05-13 17:22:21.335 | INFO     | __main__:on_close:503 - 
正在分析关键词...
2025-05-13 17:22:21.335 | INFO     | __main__:run:556 - * 录音结束
2025-05-13 17:22:21.335 | INFO     | __main__:match_keywords:495 - 找到匹配关键词: 方块 匹配 方块
2025-05-13 17:22:21.335 | INFO     | __main__:match_keywords:495 - 找到匹配关键词: 方形 匹配 方形
2025-05-13 17:22:26.616 | INFO     | __main__:process_text_and_send_signal:447 - 发送信号: 401
2025-05-13 17:22:26.616 | INFO     | __main__:process_text_and_send_signal:448 - 切换表情：开心
2025-05-13 17:22:26.618 | INFO     | __main__:main:580 - 继续监听唤醒词...
2025-05-13 17:22:27.666 | INFO     | __main__:start_wake_detection:268 - 开始监听唤醒词...
