2025-04-01 16:20:44.978 | INFO     | __main__:load_keywords_dict:162 - 成功加载关键词词典: ./keywords_dicts\keywords_dict.yaml
2025-04-01 16:20:47.495 | INFO     | __main__:_init_expression_server:148 - 表情服务器启动成功
2025-04-01 16:20:47.496 | INFO     | __main__:run_modbus_server:201 - Modbus 从机正在 192.168.1.125:599 上监听...
2025-04-01 16:20:48.492 | INFO     | __main__:request_monitor:184 - 当前保持寄存器数据: [0, 0, 0, 0, 0, 0, 0, 0, 0, 0]
2025-04-01 16:20:49.497 | INFO     | __main__:request_monitor:184 - 当前保持寄存器数据: [111, 0, 0, 0, 0, 0, 0, 0, 0, 0]
2025-04-01 16:20:49.497 | INFO     | __main__:request_monitor:186 - 切换表情：眨眼
2025-04-01 16:20:49.497 | INFO     | __main__:request_monitor:188 - 保持寄存器读到111
2025-04-01 16:20:49.497 | INFO     | __main__:request_monitor:189 - 当前保持寄存器数据: [111, 0, 0, 0, 0, 0, 0, 0, 0, 0]
2025-04-01 16:20:49.503 | INFO     | __main__:request_monitor:191 - 开始清零
2025-04-01 16:20:49.503 | INFO     | __main__:request_monitor:192 - 当前保持寄存器数据: [111, 0, 0, 0, 0, 0, 0, 0, 0, 0]
2025-04-01 16:20:49.503 | INFO     | __main__:request_monitor:194 - 当前保持寄存器数据: [111, 0, 0, 0, 0, 0, 0, 0, 0, 0]
2025-04-01 16:20:49.503 | INFO     | __main__:request_monitor:195 - 检测到寄存器值为 111，准备退出...
2025-04-01 16:20:49.639 | INFO     | __main__:start_wake_detection:268 - 开始监听唤醒词...
2025-04-01 16:20:51.672 | INFO     | __main__:wake_callback:170 - ==================================================
2025-04-01 16:20:51.688 | INFO     | __main__:wake_callback:171 - >>> 检测到唤醒词！请说出您的指令 <<<
2025-04-01 16:20:55.138 | INFO     | __main__:wake_callback:176 - ==================================================
2025-04-01 16:20:55.143 | INFO     | __main__:start_speech_recognition:295 - 开始语音识别...
2025-04-01 16:20:55.421 | INFO     | __main__:run:523 - * 开始录音...
2025-04-01 16:21:01.477 | INFO     | __main__:on_close:501 - 
### 语音识别结束 ###
2025-04-01 16:21:01.477 | INFO     | __main__:run:556 - * 录音结束
2025-04-01 16:21:01.477 | INFO     | __main__:main:580 - 继续监听唤醒词...
2025-04-01 16:21:02.576 | INFO     | __main__:start_wake_detection:268 - 开始监听唤醒词...
2025-04-01 16:21:09.432 | INFO     | __main__:wake_callback:170 - ==================================================
2025-04-01 16:21:09.434 | INFO     | __main__:wake_callback:171 - >>> 检测到唤醒词！请说出您的指令 <<<
2025-04-01 16:21:12.898 | INFO     | __main__:wake_callback:176 - ==================================================
2025-04-01 16:21:12.898 | INFO     | __main__:start_speech_recognition:295 - 开始语音识别...
2025-04-01 16:21:13.166 | INFO     | __main__:run:523 - * 开始录音...
2025-04-01 16:21:16.431 | INFO     | __main__:on_message:381 - 将方块放入方形盒子中
2025-04-01 16:21:17.577 | INFO     | __main__:on_message:381 - 。
2025-04-01 16:21:19.255 | INFO     | __main__:on_close:501 - 
### 语音识别结束 ###
2025-04-01 16:21:19.255 | INFO     | __main__:run:556 - * 录音结束
2025-04-01 16:21:19.255 | INFO     | __main__:on_close:503 - 
正在分析关键词...
2025-04-01 16:21:19.836 | INFO     | __main__:match_keywords:495 - 找到匹配关键词: 方块 匹配 方块
2025-04-01 16:21:19.836 | INFO     | __main__:match_keywords:495 - 找到匹配关键词: 方形 匹配 方形
2025-04-01 16:21:22.954 | INFO     | __main__:process_text_and_send_signal:447 - 发送信号: 401
2025-04-01 16:21:22.954 | INFO     | __main__:process_text_and_send_signal:448 - 切换表情：开心
2025-04-01 16:21:22.967 | INFO     | __main__:main:580 - 继续监听唤醒词...
2025-04-01 16:21:24.034 | INFO     | __main__:start_wake_detection:268 - 开始监听唤醒词...
2025-04-01 16:22:21.131 | INFO     | __main__:wake_callback:170 - ==================================================
2025-04-01 16:22:21.131 | INFO     | __main__:wake_callback:171 - >>> 检测到唤醒词！请说出您的指令 <<<
2025-04-01 16:22:24.479 | INFO     | __main__:wake_callback:176 - ==================================================
2025-04-01 16:22:24.487 | INFO     | __main__:start_speech_recognition:295 - 开始语音识别...
2025-04-01 16:22:24.973 | INFO     | __main__:run:523 - * 开始录音...
2025-04-01 16:22:27.898 | INFO     | __main__:on_message:381 - 将原型放到
2025-04-01 16:22:29.658 | INFO     | __main__:on_message:381 - 红色盒子中
2025-04-01 16:22:30.927 | INFO     | __main__:on_message:381 - 。
2025-04-01 16:22:31.049 | INFO     | __main__:run:556 - * 录音结束
2025-04-01 16:22:31.049 | INFO     | __main__:on_close:501 - 
### 语音识别结束 ###
2025-04-01 16:22:31.065 | INFO     | __main__:on_close:503 - 
正在分析关键词...
2025-04-01 16:22:31.065 | INFO     | __main__:match_keywords:495 - 找到匹配关键词: 红色 匹配 红色
2025-04-01 16:22:31.065 | INFO     | __main__:process_text_and_send_signal:471 - 未找到匹配的组合
2025-04-01 16:22:35.332 | INFO     | __main__:process_text_and_send_signal:476 - 发送信号: 406
2025-04-01 16:22:35.333 | INFO     | __main__:process_text_and_send_signal:477 - 切换表情：难过
2025-04-01 16:22:35.335 | INFO     | __main__:main:580 - 继续监听唤醒词...
2025-04-01 16:22:36.444 | INFO     | __main__:start_wake_detection:268 - 开始监听唤醒词...
2025-04-01 16:23:14.254 | ERROR    | __main__:start_wake_detection:288 - 唤醒检测错误: [Errno -9999] Unanticipated host error
2025-04-01 16:23:14.254 | INFO     | __main__:main:580 - 继续监听唤醒词...
2025-04-01 16:23:15.305 | INFO     | __main__:start_wake_detection:268 - 开始监听唤醒词...
