2025-04-29 16:17:39.350 | INFO     | __main__:load_keywords_dict:162 - 成功加载关键词词典: ./keywords_dicts\keywords_dict.yaml
2025-04-29 16:17:44.845 | INFO     | __main__:_init_expression_server:148 - 表情服务器启动成功
2025-04-29 16:17:44.845 | INFO     | __main__:run_modbus_server:201 - Modbus 从机正在 192.168.1.125:599 上监听...
2025-04-29 16:17:45.857 | INFO     | __main__:request_monitor:184 - 当前保持寄存器数据: [0, 0, 0, 0, 0, 0, 0, 0, 0, 0]
2025-04-29 16:17:46.862 | INFO     | __main__:request_monitor:184 - 当前保持寄存器数据: [0, 0, 0, 0, 0, 0, 0, 0, 0, 0]
2025-04-29 16:17:47.866 | INFO     | __main__:request_monitor:184 - 当前保持寄存器数据: [0, 0, 0, 0, 0, 0, 0, 0, 0, 0]
2025-04-29 16:17:48.878 | INFO     | __main__:request_monitor:184 - 当前保持寄存器数据: [0, 0, 0, 0, 0, 0, 0, 0, 0, 0]
2025-04-29 16:17:49.880 | INFO     | __main__:request_monitor:184 - 当前保持寄存器数据: [0, 0, 0, 0, 0, 0, 0, 0, 0, 0]
2025-04-29 16:17:50.892 | INFO     | __main__:request_monitor:184 - 当前保持寄存器数据: [0, 0, 0, 0, 0, 0, 0, 0, 0, 0]
2025-04-29 16:17:51.894 | INFO     | __main__:request_monitor:184 - 当前保持寄存器数据: [0, 0, 0, 0, 0, 0, 0, 0, 0, 0]
2025-04-29 16:17:52.894 | INFO     | __main__:request_monitor:184 - 当前保持寄存器数据: [0, 0, 0, 0, 0, 0, 0, 0, 0, 0]
2025-04-29 16:17:53.908 | INFO     | __main__:request_monitor:184 - 当前保持寄存器数据: [0, 0, 0, 0, 0, 0, 0, 0, 0, 0]
2025-04-29 16:17:54.910 | INFO     | __main__:request_monitor:184 - 当前保持寄存器数据: [0, 0, 0, 0, 0, 0, 0, 0, 0, 0]
2025-04-29 16:17:55.910 | INFO     | __main__:request_monitor:184 - 当前保持寄存器数据: [0, 0, 0, 0, 0, 0, 0, 0, 0, 0]
2025-04-29 16:17:56.914 | INFO     | __main__:request_monitor:184 - 当前保持寄存器数据: [0, 0, 0, 0, 0, 0, 0, 0, 0, 0]
2025-04-29 16:17:57.933 | INFO     | __main__:request_monitor:184 - 当前保持寄存器数据: [0, 0, 0, 0, 0, 0, 0, 0, 0, 0]
2025-04-29 16:17:58.937 | INFO     | __main__:request_monitor:184 - 当前保持寄存器数据: [111, 0, 0, 0, 0, 0, 0, 0, 0, 0]
2025-04-29 16:17:58.937 | INFO     | __main__:request_monitor:186 - 切换表情：眨眼
2025-04-29 16:17:58.937 | INFO     | __main__:request_monitor:188 - 保持寄存器读到111
2025-04-29 16:17:58.937 | INFO     | __main__:request_monitor:189 - 当前保持寄存器数据: [111, 0, 0, 0, 0, 0, 0, 0, 0, 0]
2025-04-29 16:17:58.939 | INFO     | __main__:request_monitor:191 - 开始清零
2025-04-29 16:17:58.939 | INFO     | __main__:request_monitor:192 - 当前保持寄存器数据: [111, 0, 0, 0, 0, 0, 0, 0, 0, 0]
2025-04-29 16:17:58.939 | INFO     | __main__:request_monitor:194 - 当前保持寄存器数据: [111, 0, 0, 0, 0, 0, 0, 0, 0, 0]
2025-04-29 16:17:58.939 | INFO     | __main__:request_monitor:195 - 检测到寄存器值为 111，准备退出...
2025-04-29 16:17:59.007 | INFO     | __main__:start_wake_detection:268 - 开始监听唤醒词...
2025-04-29 16:18:05.989 | INFO     | __main__:wake_callback:170 - ==================================================
2025-04-29 16:18:05.989 | INFO     | __main__:wake_callback:171 - >>> 检测到唤醒词！请说出您的指令 <<<
2025-04-29 16:18:09.450 | INFO     | __main__:wake_callback:176 - ==================================================
2025-04-29 16:18:09.455 | INFO     | __main__:start_speech_recognition:295 - 开始语音识别...
2025-04-29 16:18:09.642 | INFO     | __main__:run:523 - * 开始录音...
2025-04-29 16:18:17.989 | INFO     | __main__:on_message:381 - 将绿色方块放到房间
2025-04-29 16:18:21.550 | INFO     | __main__:on_close:501 - 
### 语音识别结束 ###
2025-04-29 16:18:21.550 | INFO     | __main__:on_close:503 - 
正在分析关键词...
2025-04-29 16:18:21.550 | INFO     | __main__:run:556 - * 录音结束
2025-04-29 16:18:21.958 | INFO     | __main__:match_keywords:495 - 找到匹配关键词: 方块 匹配 方块
2025-04-29 16:18:21.958 | INFO     | __main__:process_text_and_send_signal:471 - 未找到匹配的组合
2025-04-29 16:18:24.809 | INFO     | __main__:process_text_and_send_signal:476 - 发送信号: 406
2025-04-29 16:18:24.809 | INFO     | __main__:process_text_and_send_signal:477 - 切换表情：难过
2025-04-29 16:18:24.816 | INFO     | __main__:main:580 - 继续监听唤醒词...
2025-04-29 16:18:25.881 | INFO     | __main__:start_wake_detection:268 - 开始监听唤醒词...
