2025-04-15 16:46:54.060 | INFO     | __main__:load_keywords_dict:162 - 成功加载关键词词典: ./keywords_dicts\keywords_dict.yaml
2025-04-15 16:46:56.895 | INFO     | __main__:_init_expression_server:148 - 表情服务器启动成功
2025-04-15 16:46:56.895 | INFO     | __main__:run_modbus_server:201 - Modbus 从机正在 192.168.1.125:599 上监听...
2025-04-15 16:46:57.900 | INFO     | __main__:request_monitor:184 - 当前保持寄存器数据: [0, 0, 0, 0, 0, 0, 0, 0, 0, 0]
2025-04-15 16:46:58.908 | INFO     | __main__:request_monitor:184 - 当前保持寄存器数据: [0, 0, 0, 0, 0, 0, 0, 0, 0, 0]
2025-04-15 16:46:59.916 | INFO     | __main__:request_monitor:184 - 当前保持寄存器数据: [0, 0, 0, 0, 0, 0, 0, 0, 0, 0]
2025-04-15 16:47:00.923 | INFO     | __main__:request_monitor:184 - 当前保持寄存器数据: [0, 0, 0, 0, 0, 0, 0, 0, 0, 0]
2025-04-15 16:47:01.944 | INFO     | __main__:request_monitor:184 - 当前保持寄存器数据: [0, 0, 0, 0, 0, 0, 0, 0, 0, 0]
2025-04-15 16:47:02.951 | INFO     | __main__:request_monitor:184 - 当前保持寄存器数据: [111, 0, 0, 0, 0, 0, 0, 0, 0, 0]
2025-04-15 16:47:02.951 | INFO     | __main__:request_monitor:186 - 切换表情：眨眼
2025-04-15 16:47:02.951 | INFO     | __main__:request_monitor:188 - 保持寄存器读到111
2025-04-15 16:47:02.951 | INFO     | __main__:request_monitor:189 - 当前保持寄存器数据: [111, 0, 0, 0, 0, 0, 0, 0, 0, 0]
2025-04-15 16:47:02.951 | INFO     | __main__:request_monitor:191 - 开始清零
2025-04-15 16:47:02.951 | INFO     | __main__:request_monitor:192 - 当前保持寄存器数据: [111, 0, 0, 0, 0, 0, 0, 0, 0, 0]
2025-04-15 16:47:02.966 | INFO     | __main__:request_monitor:194 - 当前保持寄存器数据: [111, 0, 0, 0, 0, 0, 0, 0, 0, 0]
2025-04-15 16:47:02.967 | INFO     | __main__:request_monitor:195 - 检测到寄存器值为 111，准备退出...
2025-04-15 16:47:03.038 | ERROR    | __main__:start_wake_detection:288 - 唤醒检测错误: [Errno -9996] Invalid input device (no default output device)
2025-04-15 16:47:03.078 | INFO     | __main__:main:580 - 继续监听唤醒词...
2025-04-15 16:47:04.164 | ERROR    | __main__:start_wake_detection:288 - 唤醒检测错误: [Errno -9996] Invalid input device (no default output device)
2025-04-15 16:47:04.217 | INFO     | __main__:main:580 - 继续监听唤醒词...
2025-04-15 16:47:05.265 | ERROR    | __main__:start_wake_detection:288 - 唤醒检测错误: [Errno -9996] Invalid input device (no default output device)
2025-04-15 16:47:05.301 | INFO     | __main__:main:580 - 继续监听唤醒词...
2025-04-15 16:47:06.402 | ERROR    | __main__:start_wake_detection:288 - 唤醒检测错误: [Errno -9996] Invalid input device (no default output device)
2025-04-15 16:47:06.450 | INFO     | __main__:main:580 - 继续监听唤醒词...
2025-04-15 16:47:07.514 | ERROR    | __main__:start_wake_detection:288 - 唤醒检测错误: [Errno -9996] Invalid input device (no default output device)
2025-04-15 16:47:07.552 | INFO     | __main__:main:580 - 继续监听唤醒词...
2025-04-15 16:47:08.617 | ERROR    | __main__:start_wake_detection:288 - 唤醒检测错误: [Errno -9996] Invalid input device (no default output device)
2025-04-15 16:47:08.665 | INFO     | __main__:main:580 - 继续监听唤醒词...
2025-04-15 16:47:09.688 | ERROR    | __main__:start_wake_detection:288 - 唤醒检测错误: [Errno -9996] Invalid input device (no default output device)
2025-04-15 16:47:09.688 | INFO     | __main__:main:580 - 继续监听唤醒词...
2025-04-15 16:47:10.726 | ERROR    | __main__:start_wake_detection:288 - 唤醒检测错误: [Errno -9996] Invalid input device (no default output device)
2025-04-15 16:47:10.726 | INFO     | __main__:main:580 - 继续监听唤醒词...
2025-04-15 16:47:11.779 | ERROR    | __main__:start_wake_detection:288 - 唤醒检测错误: [Errno -9996] Invalid input device (no default output device)
2025-04-15 16:47:11.815 | INFO     | __main__:main:580 - 继续监听唤醒词...
2025-04-15 16:47:12.879 | ERROR    | __main__:start_wake_detection:288 - 唤醒检测错误: [Errno -9996] Invalid input device (no default output device)
2025-04-15 16:47:12.911 | INFO     | __main__:main:580 - 继续监听唤醒词...
2025-04-15 16:47:13.981 | ERROR    | __main__:start_wake_detection:288 - 唤醒检测错误: [Errno -9996] Invalid input device (no default output device)
2025-04-15 16:47:14.016 | INFO     | __main__:main:580 - 继续监听唤醒词...
2025-04-15 16:47:15.072 | ERROR    | __main__:start_wake_detection:288 - 唤醒检测错误: [Errno -9996] Invalid input device (no default output device)
2025-04-15 16:47:15.082 | INFO     | __main__:main:580 - 继续监听唤醒词...
2025-04-15 16:47:16.130 | ERROR    | __main__:start_wake_detection:288 - 唤醒检测错误: [Errno -9996] Invalid input device (no default output device)
2025-04-15 16:47:16.131 | INFO     | __main__:main:580 - 继续监听唤醒词...
2025-04-15 16:47:17.154 | ERROR    | __main__:start_wake_detection:288 - 唤醒检测错误: [Errno -9996] Invalid input device (no default output device)
2025-04-15 16:47:17.188 | INFO     | __main__:main:580 - 继续监听唤醒词...
2025-04-15 16:47:18.249 | ERROR    | __main__:start_wake_detection:288 - 唤醒检测错误: [Errno -9996] Invalid input device (no default output device)
2025-04-15 16:47:18.314 | INFO     | __main__:main:580 - 继续监听唤醒词...
2025-04-15 16:47:19.396 | ERROR    | __main__:start_wake_detection:288 - 唤醒检测错误: [Errno -9996] Invalid input device (no default output device)
2025-04-15 16:47:19.460 | INFO     | __main__:main:580 - 继续监听唤醒词...
