2025-05-13 09:36:28.387 | INFO     | __main__:load_keywords_dict:162 - 成功加载关键词词典: ./keywords_dicts\keywords_dict.yaml
2025-05-13 09:36:33.526 | INFO     | __main__:_init_expression_server:148 - 表情服务器启动成功
2025-05-13 09:36:33.526 | INFO     | __main__:run_modbus_server:201 - Modbus 从机正在 192.168.1.125:599 上监听...
2025-05-13 09:36:34.553 | INFO     | __main__:request_monitor:184 - 当前保持寄存器数据: [0, 0, 0, 0, 0, 0, 0, 0, 0, 0]
2025-05-13 09:36:35.567 | INFO     | __main__:request_monitor:184 - 当前保持寄存器数据: [0, 0, 0, 0, 0, 0, 0, 0, 0, 0]
2025-05-13 09:36:36.577 | INFO     | __main__:request_monitor:184 - 当前保持寄存器数据: [0, 0, 0, 0, 0, 0, 0, 0, 0, 0]
2025-05-13 09:36:37.585 | INFO     | __main__:request_monitor:184 - 当前保持寄存器数据: [0, 0, 0, 0, 0, 0, 0, 0, 0, 0]
2025-05-13 09:36:38.583 | INFO     | __main__:request_monitor:184 - 当前保持寄存器数据: [0, 0, 0, 0, 0, 0, 0, 0, 0, 0]
2025-05-13 09:36:39.586 | INFO     | __main__:request_monitor:184 - 当前保持寄存器数据: [0, 0, 0, 0, 0, 0, 0, 0, 0, 0]
2025-05-13 09:36:40.577 | INFO     | __main__:request_monitor:184 - 当前保持寄存器数据: [0, 0, 0, 0, 0, 0, 0, 0, 0, 0]
2025-05-13 09:36:41.583 | INFO     | __main__:request_monitor:184 - 当前保持寄存器数据: [0, 0, 0, 0, 0, 0, 0, 0, 0, 0]
2025-05-13 09:36:42.585 | INFO     | __main__:request_monitor:184 - 当前保持寄存器数据: [0, 0, 0, 0, 0, 0, 0, 0, 0, 0]
2025-05-13 09:36:43.581 | INFO     | __main__:request_monitor:184 - 当前保持寄存器数据: [0, 0, 0, 0, 0, 0, 0, 0, 0, 0]
2025-05-13 09:36:44.594 | INFO     | __main__:request_monitor:184 - 当前保持寄存器数据: [0, 0, 0, 0, 0, 0, 0, 0, 0, 0]
2025-05-13 09:36:45.599 | INFO     | __main__:request_monitor:184 - 当前保持寄存器数据: [0, 0, 0, 0, 0, 0, 0, 0, 0, 0]
2025-05-13 09:36:46.599 | INFO     | __main__:request_monitor:184 - 当前保持寄存器数据: [0, 0, 0, 0, 0, 0, 0, 0, 0, 0]
2025-05-13 09:36:47.613 | INFO     | __main__:request_monitor:184 - 当前保持寄存器数据: [0, 0, 0, 0, 0, 0, 0, 0, 0, 0]
2025-05-13 09:36:48.613 | INFO     | __main__:request_monitor:184 - 当前保持寄存器数据: [0, 0, 0, 0, 0, 0, 0, 0, 0, 0]
2025-05-13 09:36:49.615 | INFO     | __main__:request_monitor:184 - 当前保持寄存器数据: [0, 0, 0, 0, 0, 0, 0, 0, 0, 0]
2025-05-13 09:36:50.618 | INFO     | __main__:request_monitor:184 - 当前保持寄存器数据: [0, 0, 0, 0, 0, 0, 0, 0, 0, 0]
2025-05-13 09:36:51.632 | INFO     | __main__:request_monitor:184 - 当前保持寄存器数据: [0, 0, 0, 0, 0, 0, 0, 0, 0, 0]
2025-05-13 09:36:52.626 | INFO     | __main__:request_monitor:184 - 当前保持寄存器数据: [0, 0, 0, 0, 0, 0, 0, 0, 0, 0]
2025-05-13 09:36:53.630 | INFO     | __main__:request_monitor:184 - 当前保持寄存器数据: [0, 0, 0, 0, 0, 0, 0, 0, 0, 0]
2025-05-13 09:36:54.626 | INFO     | __main__:request_monitor:184 - 当前保持寄存器数据: [0, 0, 0, 0, 0, 0, 0, 0, 0, 0]
2025-05-13 09:36:55.632 | INFO     | __main__:request_monitor:184 - 当前保持寄存器数据: [0, 0, 0, 0, 0, 0, 0, 0, 0, 0]
2025-05-13 09:36:56.626 | INFO     | __main__:request_monitor:184 - 当前保持寄存器数据: [0, 0, 0, 0, 0, 0, 0, 0, 0, 0]
2025-05-13 09:36:57.629 | INFO     | __main__:request_monitor:184 - 当前保持寄存器数据: [0, 0, 0, 0, 0, 0, 0, 0, 0, 0]
2025-05-13 09:36:58.629 | INFO     | __main__:request_monitor:184 - 当前保持寄存器数据: [0, 0, 0, 0, 0, 0, 0, 0, 0, 0]
2025-05-13 09:36:59.634 | INFO     | __main__:request_monitor:184 - 当前保持寄存器数据: [0, 0, 0, 0, 0, 0, 0, 0, 0, 0]
2025-05-13 09:37:00.654 | INFO     | __main__:request_monitor:184 - 当前保持寄存器数据: [0, 0, 0, 0, 0, 0, 0, 0, 0, 0]
2025-05-13 09:37:01.658 | INFO     | __main__:request_monitor:184 - 当前保持寄存器数据: [111, 0, 0, 0, 0, 0, 0, 0, 0, 0]
2025-05-13 09:37:01.658 | INFO     | __main__:request_monitor:186 - 切换表情：眨眼
2025-05-13 09:37:01.658 | INFO     | __main__:request_monitor:188 - 保持寄存器读到111
2025-05-13 09:37:01.658 | INFO     | __main__:request_monitor:189 - 当前保持寄存器数据: [111, 0, 0, 0, 0, 0, 0, 0, 0, 0]
2025-05-13 09:37:01.659 | INFO     | __main__:request_monitor:191 - 开始清零
2025-05-13 09:37:01.659 | INFO     | __main__:request_monitor:192 - 当前保持寄存器数据: [111, 0, 0, 0, 0, 0, 0, 0, 0, 0]
2025-05-13 09:37:01.659 | INFO     | __main__:request_monitor:194 - 当前保持寄存器数据: [111, 0, 0, 0, 0, 0, 0, 0, 0, 0]
2025-05-13 09:37:01.659 | INFO     | __main__:request_monitor:195 - 检测到寄存器值为 111，准备退出...
2025-05-13 09:37:01.735 | INFO     | __main__:start_wake_detection:268 - 开始监听唤醒词...
2025-05-13 09:37:09.871 | INFO     | __main__:wake_callback:170 - ==================================================
2025-05-13 09:37:09.871 | INFO     | __main__:wake_callback:171 - >>> 检测到唤醒词！请说出您的指令 <<<
2025-05-13 09:37:13.374 | INFO     | __main__:wake_callback:176 - ==================================================
2025-05-13 09:37:13.374 | INFO     | __main__:start_speech_recognition:295 - 开始语音识别...
2025-05-13 09:37:13.770 | INFO     | __main__:run:523 - * 开始录音...
2025-05-13 09:37:18.268 | INFO     | __main__:on_message:381 - 将绿色方块放到方形盒子中
2025-05-13 09:37:19.279 | INFO     | __main__:on_message:381 - 。
2025-05-13 09:37:20.794 | INFO     | __main__:on_close:501 - 
### 语音识别结束 ###
2025-05-13 09:37:20.795 | INFO     | __main__:run:556 - * 录音结束
2025-05-13 09:37:20.795 | INFO     | __main__:on_close:503 - 
正在分析关键词...
2025-05-13 09:37:21.189 | INFO     | __main__:match_keywords:495 - 找到匹配关键词: 方块 匹配 方块
2025-05-13 09:37:21.189 | INFO     | __main__:match_keywords:495 - 找到匹配关键词: 方形 匹配 方形
2025-05-13 09:37:26.407 | INFO     | __main__:process_text_and_send_signal:447 - 发送信号: 401
2025-05-13 09:37:26.407 | INFO     | __main__:process_text_and_send_signal:448 - 切换表情：开心
2025-05-13 09:37:26.407 | INFO     | __main__:main:580 - 继续监听唤醒词...
2025-05-13 09:37:27.464 | INFO     | __main__:start_wake_detection:268 - 开始监听唤醒词...
