2025-04-01 14:50:50.942 | INFO     | __main__:load_keywords_dict:162 - 成功加载关键词词典: ./keywords_dicts\keywords_dict.yaml
2025-04-01 14:50:55.249 | INFO     | __main__:_init_expression_server:148 - 表情服务器启动成功
2025-04-01 14:50:55.255 | INFO     | __main__:run_modbus_server:201 - Modbus 从机正在 192.168.1.125:599 上监听...
2025-04-01 14:50:56.273 | INFO     | __main__:request_monitor:184 - 当前保持寄存器数据: [0, 0, 0, 0, 0, 0, 0, 0, 0, 0]
2025-04-01 14:50:57.288 | INFO     | __main__:request_monitor:184 - 当前保持寄存器数据: [0, 0, 0, 0, 0, 0, 0, 0, 0, 0]
2025-04-01 14:50:58.300 | INFO     | __main__:request_monitor:184 - 当前保持寄存器数据: [0, 0, 0, 0, 0, 0, 0, 0, 0, 0]
2025-04-01 14:50:59.306 | INFO     | __main__:request_monitor:184 - 当前保持寄存器数据: [0, 0, 0, 0, 0, 0, 0, 0, 0, 0]
2025-04-01 14:51:00.315 | INFO     | __main__:request_monitor:184 - 当前保持寄存器数据: [0, 0, 0, 0, 0, 0, 0, 0, 0, 0]
2025-04-01 14:51:01.328 | INFO     | __main__:request_monitor:184 - 当前保持寄存器数据: [0, 0, 0, 0, 0, 0, 0, 0, 0, 0]
2025-04-01 14:51:02.355 | INFO     | __main__:request_monitor:184 - 当前保持寄存器数据: [0, 0, 0, 0, 0, 0, 0, 0, 0, 0]
2025-04-01 14:51:03.367 | INFO     | __main__:request_monitor:184 - 当前保持寄存器数据: [0, 0, 0, 0, 0, 0, 0, 0, 0, 0]
2025-04-01 14:51:04.376 | INFO     | __main__:request_monitor:184 - 当前保持寄存器数据: [0, 0, 0, 0, 0, 0, 0, 0, 0, 0]
2025-04-01 14:51:05.381 | INFO     | __main__:request_monitor:184 - 当前保持寄存器数据: [0, 0, 0, 0, 0, 0, 0, 0, 0, 0]
2025-04-01 14:51:06.387 | INFO     | __main__:request_monitor:184 - 当前保持寄存器数据: [0, 0, 0, 0, 0, 0, 0, 0, 0, 0]
2025-04-01 14:51:07.396 | INFO     | __main__:request_monitor:184 - 当前保持寄存器数据: [0, 0, 0, 0, 0, 0, 0, 0, 0, 0]
2025-04-01 14:51:08.407 | INFO     | __main__:request_monitor:184 - 当前保持寄存器数据: [0, 0, 0, 0, 0, 0, 0, 0, 0, 0]
2025-04-01 14:51:09.415 | INFO     | __main__:request_monitor:184 - 当前保持寄存器数据: [0, 0, 0, 0, 0, 0, 0, 0, 0, 0]
2025-04-01 14:51:10.428 | INFO     | __main__:request_monitor:184 - 当前保持寄存器数据: [0, 0, 0, 0, 0, 0, 0, 0, 0, 0]
2025-04-01 14:51:11.428 | INFO     | __main__:request_monitor:184 - 当前保持寄存器数据: [0, 0, 0, 0, 0, 0, 0, 0, 0, 0]
2025-04-01 14:51:12.434 | INFO     | __main__:request_monitor:184 - 当前保持寄存器数据: [0, 0, 0, 0, 0, 0, 0, 0, 0, 0]
2025-04-01 14:51:13.435 | INFO     | __main__:request_monitor:184 - 当前保持寄存器数据: [0, 0, 0, 0, 0, 0, 0, 0, 0, 0]
2025-04-01 14:51:14.445 | INFO     | __main__:request_monitor:184 - 当前保持寄存器数据: [0, 0, 0, 0, 0, 0, 0, 0, 0, 0]
2025-04-01 14:51:15.450 | INFO     | __main__:request_monitor:184 - 当前保持寄存器数据: [0, 0, 0, 0, 0, 0, 0, 0, 0, 0]
2025-04-01 14:51:16.456 | INFO     | __main__:request_monitor:184 - 当前保持寄存器数据: [0, 0, 0, 0, 0, 0, 0, 0, 0, 0]
2025-04-01 14:51:17.456 | INFO     | __main__:request_monitor:184 - 当前保持寄存器数据: [0, 0, 0, 0, 0, 0, 0, 0, 0, 0]
2025-04-01 14:51:18.476 | INFO     | __main__:request_monitor:184 - 当前保持寄存器数据: [0, 0, 0, 0, 0, 0, 0, 0, 0, 0]
2025-04-01 14:51:19.485 | INFO     | __main__:request_monitor:184 - 当前保持寄存器数据: [0, 0, 0, 0, 0, 0, 0, 0, 0, 0]
2025-04-01 14:51:20.491 | INFO     | __main__:request_monitor:184 - 当前保持寄存器数据: [0, 0, 0, 0, 0, 0, 0, 0, 0, 0]
2025-04-01 14:51:21.499 | INFO     | __main__:request_monitor:184 - 当前保持寄存器数据: [0, 0, 0, 0, 0, 0, 0, 0, 0, 0]
2025-04-01 14:51:22.505 | INFO     | __main__:request_monitor:184 - 当前保持寄存器数据: [0, 0, 0, 0, 0, 0, 0, 0, 0, 0]
2025-04-01 14:51:23.523 | INFO     | __main__:request_monitor:184 - 当前保持寄存器数据: [0, 0, 0, 0, 0, 0, 0, 0, 0, 0]
2025-04-01 14:51:24.529 | INFO     | __main__:request_monitor:184 - 当前保持寄存器数据: [0, 0, 0, 0, 0, 0, 0, 0, 0, 0]
2025-04-01 14:51:25.541 | INFO     | __main__:request_monitor:184 - 当前保持寄存器数据: [0, 0, 0, 0, 0, 0, 0, 0, 0, 0]
2025-04-01 14:51:26.556 | INFO     | __main__:request_monitor:184 - 当前保持寄存器数据: [0, 0, 0, 0, 0, 0, 0, 0, 0, 0]
2025-04-01 14:51:27.571 | INFO     | __main__:request_monitor:184 - 当前保持寄存器数据: [0, 0, 0, 0, 0, 0, 0, 0, 0, 0]
2025-04-01 14:51:28.588 | INFO     | __main__:request_monitor:184 - 当前保持寄存器数据: [0, 0, 0, 0, 0, 0, 0, 0, 0, 0]
2025-04-01 14:51:29.592 | INFO     | __main__:request_monitor:184 - 当前保持寄存器数据: [0, 0, 0, 0, 0, 0, 0, 0, 0, 0]
2025-04-01 14:51:30.589 | INFO     | __main__:request_monitor:184 - 当前保持寄存器数据: [111, 0, 0, 0, 0, 0, 0, 0, 0, 0]
2025-04-01 14:51:30.591 | INFO     | __main__:request_monitor:186 - 切换表情：眨眼
2025-04-01 14:51:30.591 | INFO     | __main__:request_monitor:188 - 保持寄存器读到111
2025-04-01 14:51:30.591 | INFO     | __main__:request_monitor:189 - 当前保持寄存器数据: [111, 0, 0, 0, 0, 0, 0, 0, 0, 0]
2025-04-01 14:51:30.591 | INFO     | __main__:request_monitor:191 - 开始清零
2025-04-01 14:51:30.591 | INFO     | __main__:request_monitor:192 - 当前保持寄存器数据: [111, 0, 0, 0, 0, 0, 0, 0, 0, 0]
2025-04-01 14:51:30.591 | INFO     | __main__:request_monitor:194 - 当前保持寄存器数据: [111, 0, 0, 0, 0, 0, 0, 0, 0, 0]
2025-04-01 14:51:30.591 | INFO     | __main__:request_monitor:195 - 检测到寄存器值为 111，准备退出...
2025-04-01 14:51:30.659 | INFO     | __main__:start_wake_detection:268 - 开始监听唤醒词...
2025-04-01 14:56:30.630 | INFO     | __main__:wake_callback:170 - ==================================================
2025-04-01 14:56:30.630 | INFO     | __main__:wake_callback:171 - >>> 检测到唤醒词！请说出您的指令 <<<
2025-04-01 14:56:33.413 | INFO     | __main__:wake_callback:176 - ==================================================
2025-04-01 14:56:33.419 | INFO     | __main__:start_speech_recognition:295 - 开始语音识别...
2025-04-01 14:56:33.720 | INFO     | __main__:run:523 - * 开始录音...
2025-04-01 14:56:39.208 | INFO     | __main__:on_message:381 - 将方块放到方形盒子中
2025-04-01 14:56:39.738 | INFO     | __main__:on_close:501 - 
### 语音识别结束 ###
2025-04-01 14:56:39.738 | INFO     | __main__:on_close:503 - 
正在分析关键词...
2025-04-01 14:56:39.802 | INFO     | __main__:run:556 - * 录音结束
2025-04-01 14:56:40.133 | INFO     | __main__:match_keywords:495 - 找到匹配关键词: 方块 匹配 方块
2025-04-01 14:56:40.133 | INFO     | __main__:match_keywords:495 - 找到匹配关键词: 方形 匹配 方形
2025-04-01 14:56:45.430 | INFO     | __main__:process_text_and_send_signal:447 - 发送信号: 401
2025-04-01 14:56:45.431 | INFO     | __main__:process_text_and_send_signal:448 - 切换表情：开心
2025-04-01 14:56:45.433 | INFO     | __main__:main:580 - 继续监听唤醒词...
2025-04-01 14:56:46.482 | INFO     | __main__:start_wake_detection:268 - 开始监听唤醒词...
2025-04-01 14:59:22.285 | INFO     | __main__:wake_callback:170 - ==================================================
2025-04-01 14:59:22.285 | INFO     | __main__:wake_callback:171 - >>> 检测到唤醒词！请说出您的指令 <<<
2025-04-01 14:59:25.809 | INFO     | __main__:wake_callback:176 - ==================================================
2025-04-01 14:59:25.813 | INFO     | __main__:start_speech_recognition:295 - 开始语音识别...
2025-04-01 14:59:26.081 | INFO     | __main__:run:523 - * 开始录音...
2025-04-01 14:59:30.451 | INFO     | __main__:on_message:381 - 将绿色方块放到圆形盒子中
2025-04-01 14:59:31.677 | INFO     | __main__:on_message:381 - 。
2025-04-01 14:59:32.243 | INFO     | __main__:on_close:501 - 
### 语音识别结束 ###
2025-04-01 14:59:32.243 | INFO     | __main__:on_close:503 - 
正在分析关键词...
2025-04-01 14:59:32.243 | INFO     | __main__:run:556 - * 录音结束
2025-04-01 14:59:32.243 | INFO     | __main__:match_keywords:495 - 找到匹配关键词: 方块 匹配 方块
2025-04-01 14:59:32.243 | INFO     | __main__:match_keywords:495 - 找到匹配关键词: 圆形 匹配 圆形
2025-04-01 14:59:37.391 | INFO     | __main__:process_text_and_send_signal:454 - 发送信号: 402
2025-04-01 14:59:37.391 | INFO     | __main__:process_text_and_send_signal:455 - 切换表情：开心
2025-04-01 14:59:37.398 | INFO     | __main__:main:580 - 继续监听唤醒词...
2025-04-01 14:59:38.452 | INFO     | __main__:start_wake_detection:268 - 开始监听唤醒词...
