2025-04-29 17:26:05.801 | INFO     | __main__:load_keywords_dict:162 - 成功加载关键词词典: ./keywords_dicts\keywords_dict.yaml
2025-04-29 17:26:11.124 | INFO     | __main__:_init_expression_server:148 - 表情服务器启动成功
2025-04-29 17:26:11.124 | INFO     | __main__:run_modbus_server:201 - Modbus 从机正在 192.168.1.125:599 上监听...
2025-04-29 17:26:12.143 | INFO     | __main__:request_monitor:184 - 当前保持寄存器数据: [0, 0, 0, 0, 0, 0, 0, 0, 0, 0]
2025-04-29 17:26:13.145 | INFO     | __main__:request_monitor:184 - 当前保持寄存器数据: [0, 0, 0, 0, 0, 0, 0, 0, 0, 0]
2025-04-29 17:26:14.145 | INFO     | __main__:request_monitor:184 - 当前保持寄存器数据: [0, 0, 0, 0, 0, 0, 0, 0, 0, 0]
2025-04-29 17:26:15.150 | INFO     | __main__:request_monitor:184 - 当前保持寄存器数据: [0, 0, 0, 0, 0, 0, 0, 0, 0, 0]
2025-04-29 17:26:16.151 | INFO     | __main__:request_monitor:184 - 当前保持寄存器数据: [0, 0, 0, 0, 0, 0, 0, 0, 0, 0]
2025-04-29 17:26:17.170 | INFO     | __main__:request_monitor:184 - 当前保持寄存器数据: [0, 0, 0, 0, 0, 0, 0, 0, 0, 0]
2025-04-29 17:26:18.172 | INFO     | __main__:request_monitor:184 - 当前保持寄存器数据: [0, 0, 0, 0, 0, 0, 0, 0, 0, 0]
2025-04-29 17:26:19.184 | INFO     | __main__:request_monitor:184 - 当前保持寄存器数据: [0, 0, 0, 0, 0, 0, 0, 0, 0, 0]
2025-04-29 17:26:20.186 | INFO     | __main__:request_monitor:184 - 当前保持寄存器数据: [0, 0, 0, 0, 0, 0, 0, 0, 0, 0]
2025-04-29 17:26:21.199 | INFO     | __main__:request_monitor:184 - 当前保持寄存器数据: [0, 0, 0, 0, 0, 0, 0, 0, 0, 0]
2025-04-29 17:26:22.203 | INFO     | __main__:request_monitor:184 - 当前保持寄存器数据: [0, 0, 0, 0, 0, 0, 0, 0, 0, 0]
2025-04-29 17:26:23.210 | INFO     | __main__:request_monitor:184 - 当前保持寄存器数据: [0, 0, 0, 0, 0, 0, 0, 0, 0, 0]
2025-04-29 17:26:24.221 | INFO     | __main__:request_monitor:184 - 当前保持寄存器数据: [0, 0, 0, 0, 0, 0, 0, 0, 0, 0]
2025-04-29 17:26:25.240 | INFO     | __main__:request_monitor:184 - 当前保持寄存器数据: [0, 0, 0, 0, 0, 0, 0, 0, 0, 0]
2025-04-29 17:26:26.253 | INFO     | __main__:request_monitor:184 - 当前保持寄存器数据: [0, 0, 0, 0, 0, 0, 0, 0, 0, 0]
2025-04-29 17:26:27.264 | INFO     | __main__:request_monitor:184 - 当前保持寄存器数据: [0, 0, 0, 0, 0, 0, 0, 0, 0, 0]
2025-04-29 17:26:28.287 | INFO     | __main__:request_monitor:184 - 当前保持寄存器数据: [0, 0, 0, 0, 0, 0, 0, 0, 0, 0]
2025-04-29 17:26:29.302 | INFO     | __main__:request_monitor:184 - 当前保持寄存器数据: [0, 0, 0, 0, 0, 0, 0, 0, 0, 0]
2025-04-29 17:26:30.320 | INFO     | __main__:request_monitor:184 - 当前保持寄存器数据: [0, 0, 0, 0, 0, 0, 0, 0, 0, 0]
2025-04-29 17:26:31.322 | INFO     | __main__:request_monitor:184 - 当前保持寄存器数据: [0, 0, 0, 0, 0, 0, 0, 0, 0, 0]
2025-04-29 17:26:32.326 | INFO     | __main__:request_monitor:184 - 当前保持寄存器数据: [0, 0, 0, 0, 0, 0, 0, 0, 0, 0]
2025-04-29 17:26:33.320 | INFO     | __main__:request_monitor:184 - 当前保持寄存器数据: [0, 0, 0, 0, 0, 0, 0, 0, 0, 0]
2025-04-29 17:26:34.337 | INFO     | __main__:request_monitor:184 - 当前保持寄存器数据: [0, 0, 0, 0, 0, 0, 0, 0, 0, 0]
2025-04-29 17:26:35.350 | INFO     | __main__:request_monitor:184 - 当前保持寄存器数据: [0, 0, 0, 0, 0, 0, 0, 0, 0, 0]
2025-04-29 17:26:36.351 | INFO     | __main__:request_monitor:184 - 当前保持寄存器数据: [0, 0, 0, 0, 0, 0, 0, 0, 0, 0]
2025-04-29 17:26:37.359 | INFO     | __main__:request_monitor:184 - 当前保持寄存器数据: [0, 0, 0, 0, 0, 0, 0, 0, 0, 0]
2025-04-29 17:26:38.372 | INFO     | __main__:request_monitor:184 - 当前保持寄存器数据: [0, 0, 0, 0, 0, 0, 0, 0, 0, 0]
2025-04-29 17:26:39.375 | INFO     | __main__:request_monitor:184 - 当前保持寄存器数据: [0, 0, 0, 0, 0, 0, 0, 0, 0, 0]
2025-04-29 17:26:40.381 | INFO     | __main__:request_monitor:184 - 当前保持寄存器数据: [0, 0, 0, 0, 0, 0, 0, 0, 0, 0]
2025-04-29 17:26:41.395 | INFO     | __main__:request_monitor:184 - 当前保持寄存器数据: [0, 0, 0, 0, 0, 0, 0, 0, 0, 0]
2025-04-29 17:26:42.403 | INFO     | __main__:request_monitor:184 - 当前保持寄存器数据: [0, 0, 0, 0, 0, 0, 0, 0, 0, 0]
2025-04-29 17:26:43.407 | INFO     | __main__:request_monitor:184 - 当前保持寄存器数据: [0, 0, 0, 0, 0, 0, 0, 0, 0, 0]
2025-04-29 17:26:44.411 | INFO     | __main__:request_monitor:184 - 当前保持寄存器数据: [0, 0, 0, 0, 0, 0, 0, 0, 0, 0]
2025-04-29 17:26:45.427 | INFO     | __main__:request_monitor:184 - 当前保持寄存器数据: [0, 0, 0, 0, 0, 0, 0, 0, 0, 0]
2025-04-29 17:26:46.430 | INFO     | __main__:request_monitor:184 - 当前保持寄存器数据: [0, 0, 0, 0, 0, 0, 0, 0, 0, 0]
2025-04-29 17:26:47.435 | INFO     | __main__:request_monitor:184 - 当前保持寄存器数据: [0, 0, 0, 0, 0, 0, 0, 0, 0, 0]
2025-04-29 17:26:48.443 | INFO     | __main__:request_monitor:184 - 当前保持寄存器数据: [0, 0, 0, 0, 0, 0, 0, 0, 0, 0]
2025-04-29 17:26:49.462 | INFO     | __main__:request_monitor:184 - 当前保持寄存器数据: [111, 0, 0, 0, 0, 0, 0, 0, 0, 0]
2025-04-29 17:26:49.462 | INFO     | __main__:request_monitor:186 - 切换表情：眨眼
2025-04-29 17:26:49.462 | INFO     | __main__:request_monitor:188 - 保持寄存器读到111
2025-04-29 17:26:49.462 | INFO     | __main__:request_monitor:189 - 当前保持寄存器数据: [111, 0, 0, 0, 0, 0, 0, 0, 0, 0]
2025-04-29 17:26:49.462 | INFO     | __main__:request_monitor:191 - 开始清零
2025-04-29 17:26:49.462 | INFO     | __main__:request_monitor:192 - 当前保持寄存器数据: [111, 0, 0, 0, 0, 0, 0, 0, 0, 0]
2025-04-29 17:26:49.465 | INFO     | __main__:request_monitor:194 - 当前保持寄存器数据: [111, 0, 0, 0, 0, 0, 0, 0, 0, 0]
2025-04-29 17:26:49.465 | INFO     | __main__:request_monitor:195 - 检测到寄存器值为 111，准备退出...
2025-04-29 17:26:49.526 | INFO     | __main__:start_wake_detection:268 - 开始监听唤醒词...
2025-04-29 17:26:50.948 | INFO     | __main__:wake_callback:170 - ==================================================
2025-04-29 17:26:50.948 | INFO     | __main__:wake_callback:171 - >>> 检测到唤醒词！请说出您的指令 <<<
2025-04-29 17:26:54.431 | INFO     | __main__:wake_callback:176 - ==================================================
2025-04-29 17:26:54.435 | INFO     | __main__:start_speech_recognition:295 - 开始语音识别...
2025-04-29 17:26:54.605 | INFO     | __main__:run:523 - * 开始录音...
2025-04-29 17:27:01.261 | INFO     | __main__:on_message:381 - 将绿色方块放到方形
2025-04-29 17:28:05.600 | ERROR    | __main__:on_error:388 - WebSocket错误: [WinError 10054] 远程主机强迫关闭了一个现有的连接。
2025-04-29 17:28:05.600 | INFO     | __main__:on_close:501 - 
### 语音识别结束 ###
2025-04-29 17:28:05.601 | INFO     | __main__:on_close:503 - 
正在分析关键词...
2025-04-29 17:28:05.978 | INFO     | __main__:match_keywords:495 - 找到匹配关键词: 方块 匹配 方块
2025-04-29 17:28:05.978 | INFO     | __main__:match_keywords:495 - 找到匹配关键词: 方形 匹配 方形
2025-04-29 17:28:09.997 | INFO     | __main__:process_text_and_send_signal:447 - 发送信号: 401
2025-04-29 17:28:09.997 | INFO     | __main__:process_text_and_send_signal:448 - 切换表情：开心
2025-04-29 17:28:09.997 | INFO     | __main__:main:580 - 继续监听唤醒词...
2025-04-29 17:28:11.033 | INFO     | __main__:start_wake_detection:268 - 开始监听唤醒词...
2025-04-29 17:28:46.165 | INFO     | __main__:wake_callback:170 - ==================================================
2025-04-29 17:28:46.165 | INFO     | __main__:wake_callback:171 - >>> 检测到唤醒词！请说出您的指令 <<<
2025-04-29 17:28:49.535 | INFO     | __main__:wake_callback:176 - ==================================================
2025-04-29 17:28:49.538 | INFO     | __main__:start_speech_recognition:295 - 开始语音识别...
2025-04-29 17:28:49.716 | INFO     | __main__:run:523 - * 开始录音...
2025-04-29 17:29:03.787 | INFO     | __main__:on_close:501 - 
### 语音识别结束 ###
2025-04-29 17:29:03.795 | INFO     | __main__:main:580 - 继续监听唤醒词...
2025-04-29 17:29:04.815 | INFO     | __main__:start_wake_detection:268 - 开始监听唤醒词...
2025-04-29 17:29:06.805 | INFO     | __main__:run:556 - * 录音结束
