2025-04-29 16:10:50.558 | INFO     | __main__:load_keywords_dict:162 - 成功加载关键词词典: ./keywords_dicts\keywords_dict.yaml
2025-04-29 16:10:56.134 | INFO     | __main__:_init_expression_server:148 - 表情服务器启动成功
2025-04-29 16:10:56.134 | INFO     | __main__:run_modbus_server:201 - Modbus 从机正在 192.168.1.125:599 上监听...
2025-04-29 16:10:57.149 | INFO     | __main__:request_monitor:184 - 当前保持寄存器数据: [0, 0, 0, 0, 0, 0, 0, 0, 0, 0]
2025-04-29 16:10:58.164 | INFO     | __main__:request_monitor:184 - 当前保持寄存器数据: [0, 0, 0, 0, 0, 0, 0, 0, 0, 0]
2025-04-29 16:10:59.165 | INFO     | __main__:request_monitor:184 - 当前保持寄存器数据: [0, 0, 0, 0, 0, 0, 0, 0, 0, 0]
2025-04-29 16:11:00.166 | INFO     | __main__:request_monitor:184 - 当前保持寄存器数据: [0, 0, 0, 0, 0, 0, 0, 0, 0, 0]
2025-04-29 16:11:01.180 | INFO     | __main__:request_monitor:184 - 当前保持寄存器数据: [0, 0, 0, 0, 0, 0, 0, 0, 0, 0]
2025-04-29 16:11:02.199 | INFO     | __main__:request_monitor:184 - 当前保持寄存器数据: [0, 0, 0, 0, 0, 0, 0, 0, 0, 0]
2025-04-29 16:11:03.213 | INFO     | __main__:request_monitor:184 - 当前保持寄存器数据: [0, 0, 0, 0, 0, 0, 0, 0, 0, 0]
2025-04-29 16:11:04.213 | INFO     | __main__:request_monitor:184 - 当前保持寄存器数据: [0, 0, 0, 0, 0, 0, 0, 0, 0, 0]
2025-04-29 16:11:05.218 | INFO     | __main__:request_monitor:184 - 当前保持寄存器数据: [0, 0, 0, 0, 0, 0, 0, 0, 0, 0]
2025-04-29 16:11:06.232 | INFO     | __main__:request_monitor:184 - 当前保持寄存器数据: [0, 0, 0, 0, 0, 0, 0, 0, 0, 0]
2025-04-29 16:11:07.247 | INFO     | __main__:request_monitor:184 - 当前保持寄存器数据: [0, 0, 0, 0, 0, 0, 0, 0, 0, 0]
2025-04-29 16:11:08.248 | INFO     | __main__:request_monitor:184 - 当前保持寄存器数据: [0, 0, 0, 0, 0, 0, 0, 0, 0, 0]
2025-04-29 16:11:09.258 | INFO     | __main__:request_monitor:184 - 当前保持寄存器数据: [0, 0, 0, 0, 0, 0, 0, 0, 0, 0]
2025-04-29 16:11:10.266 | INFO     | __main__:request_monitor:184 - 当前保持寄存器数据: [0, 0, 0, 0, 0, 0, 0, 0, 0, 0]
2025-04-29 16:11:11.281 | INFO     | __main__:request_monitor:184 - 当前保持寄存器数据: [0, 0, 0, 0, 0, 0, 0, 0, 0, 0]
2025-04-29 16:11:12.295 | INFO     | __main__:request_monitor:184 - 当前保持寄存器数据: [0, 0, 0, 0, 0, 0, 0, 0, 0, 0]
2025-04-29 16:11:13.283 | INFO     | __main__:request_monitor:184 - 当前保持寄存器数据: [0, 0, 0, 0, 0, 0, 0, 0, 0, 0]
2025-04-29 16:11:14.297 | INFO     | __main__:request_monitor:184 - 当前保持寄存器数据: [0, 0, 0, 0, 0, 0, 0, 0, 0, 0]
2025-04-29 16:11:15.312 | INFO     | __main__:request_monitor:184 - 当前保持寄存器数据: [0, 0, 0, 0, 0, 0, 0, 0, 0, 0]
2025-04-29 16:11:16.312 | INFO     | __main__:request_monitor:184 - 当前保持寄存器数据: [0, 0, 0, 0, 0, 0, 0, 0, 0, 0]
2025-04-29 16:11:17.334 | INFO     | __main__:request_monitor:184 - 当前保持寄存器数据: [0, 0, 0, 0, 0, 0, 0, 0, 0, 0]
2025-04-29 16:11:18.350 | INFO     | __main__:request_monitor:184 - 当前保持寄存器数据: [0, 0, 0, 0, 0, 0, 0, 0, 0, 0]
2025-04-29 16:11:19.364 | INFO     | __main__:request_monitor:184 - 当前保持寄存器数据: [0, 0, 0, 0, 0, 0, 0, 0, 0, 0]
2025-04-29 16:11:20.368 | INFO     | __main__:request_monitor:184 - 当前保持寄存器数据: [0, 0, 0, 0, 0, 0, 0, 0, 0, 0]
2025-04-29 16:11:21.383 | INFO     | __main__:request_monitor:184 - 当前保持寄存器数据: [0, 0, 0, 0, 0, 0, 0, 0, 0, 0]
2025-04-29 16:11:22.397 | INFO     | __main__:request_monitor:184 - 当前保持寄存器数据: [0, 0, 0, 0, 0, 0, 0, 0, 0, 0]
2025-04-29 16:11:23.399 | INFO     | __main__:request_monitor:184 - 当前保持寄存器数据: [0, 0, 0, 0, 0, 0, 0, 0, 0, 0]
2025-04-29 16:11:24.406 | INFO     | __main__:request_monitor:184 - 当前保持寄存器数据: [0, 0, 0, 0, 0, 0, 0, 0, 0, 0]
2025-04-29 16:11:25.415 | INFO     | __main__:request_monitor:184 - 当前保持寄存器数据: [0, 0, 0, 0, 0, 0, 0, 0, 0, 0]
2025-04-29 16:11:26.421 | INFO     | __main__:request_monitor:184 - 当前保持寄存器数据: [0, 0, 0, 0, 0, 0, 0, 0, 0, 0]
2025-04-29 16:11:27.432 | INFO     | __main__:request_monitor:184 - 当前保持寄存器数据: [0, 0, 0, 0, 0, 0, 0, 0, 0, 0]
2025-04-29 16:11:28.436 | INFO     | __main__:request_monitor:184 - 当前保持寄存器数据: [0, 0, 0, 0, 0, 0, 0, 0, 0, 0]
2025-04-29 16:11:29.448 | INFO     | __main__:request_monitor:184 - 当前保持寄存器数据: [0, 0, 0, 0, 0, 0, 0, 0, 0, 0]
2025-04-29 16:11:30.449 | INFO     | __main__:request_monitor:184 - 当前保持寄存器数据: [0, 0, 0, 0, 0, 0, 0, 0, 0, 0]
2025-04-29 16:11:31.449 | INFO     | __main__:request_monitor:184 - 当前保持寄存器数据: [0, 0, 0, 0, 0, 0, 0, 0, 0, 0]
2025-04-29 16:11:32.458 | INFO     | __main__:request_monitor:184 - 当前保持寄存器数据: [0, 0, 0, 0, 0, 0, 0, 0, 0, 0]
2025-04-29 16:11:33.479 | INFO     | __main__:request_monitor:184 - 当前保持寄存器数据: [0, 0, 0, 0, 0, 0, 0, 0, 0, 0]
2025-04-29 16:11:34.481 | INFO     | __main__:request_monitor:184 - 当前保持寄存器数据: [0, 0, 0, 0, 0, 0, 0, 0, 0, 0]
2025-04-29 16:11:35.479 | INFO     | __main__:request_monitor:184 - 当前保持寄存器数据: [0, 0, 0, 0, 0, 0, 0, 0, 0, 0]
2025-04-29 16:11:36.483 | INFO     | __main__:request_monitor:184 - 当前保持寄存器数据: [0, 0, 0, 0, 0, 0, 0, 0, 0, 0]
2025-04-29 16:11:37.498 | INFO     | __main__:request_monitor:184 - 当前保持寄存器数据: [0, 0, 0, 0, 0, 0, 0, 0, 0, 0]
2025-04-29 16:11:38.498 | INFO     | __main__:request_monitor:184 - 当前保持寄存器数据: [0, 0, 0, 0, 0, 0, 0, 0, 0, 0]
2025-04-29 16:11:39.512 | INFO     | __main__:request_monitor:184 - 当前保持寄存器数据: [0, 0, 0, 0, 0, 0, 0, 0, 0, 0]
2025-04-29 16:11:40.517 | INFO     | __main__:request_monitor:184 - 当前保持寄存器数据: [0, 0, 0, 0, 0, 0, 0, 0, 0, 0]
2025-04-29 16:11:41.529 | INFO     | __main__:request_monitor:184 - 当前保持寄存器数据: [0, 0, 0, 0, 0, 0, 0, 0, 0, 0]
2025-04-29 16:11:42.543 | INFO     | __main__:request_monitor:184 - 当前保持寄存器数据: [0, 0, 0, 0, 0, 0, 0, 0, 0, 0]
2025-04-29 16:11:43.553 | INFO     | __main__:request_monitor:184 - 当前保持寄存器数据: [0, 0, 0, 0, 0, 0, 0, 0, 0, 0]
2025-04-29 16:11:44.572 | INFO     | __main__:request_monitor:184 - 当前保持寄存器数据: [0, 0, 0, 0, 0, 0, 0, 0, 0, 0]
2025-04-29 16:11:45.582 | INFO     | __main__:request_monitor:184 - 当前保持寄存器数据: [0, 0, 0, 0, 0, 0, 0, 0, 0, 0]
2025-04-29 16:11:46.597 | INFO     | __main__:request_monitor:184 - 当前保持寄存器数据: [0, 0, 0, 0, 0, 0, 0, 0, 0, 0]
2025-04-29 16:11:47.603 | INFO     | __main__:request_monitor:184 - 当前保持寄存器数据: [0, 0, 0, 0, 0, 0, 0, 0, 0, 0]
2025-04-29 16:11:48.614 | INFO     | __main__:request_monitor:184 - 当前保持寄存器数据: [0, 0, 0, 0, 0, 0, 0, 0, 0, 0]
2025-04-29 16:11:49.629 | INFO     | __main__:request_monitor:184 - 当前保持寄存器数据: [0, 0, 0, 0, 0, 0, 0, 0, 0, 0]
2025-04-29 16:11:50.630 | INFO     | __main__:request_monitor:184 - 当前保持寄存器数据: [0, 0, 0, 0, 0, 0, 0, 0, 0, 0]
2025-04-29 16:11:51.646 | INFO     | __main__:request_monitor:184 - 当前保持寄存器数据: [0, 0, 0, 0, 0, 0, 0, 0, 0, 0]
2025-04-29 16:11:52.648 | INFO     | __main__:request_monitor:184 - 当前保持寄存器数据: [0, 0, 0, 0, 0, 0, 0, 0, 0, 0]
2025-04-29 16:11:53.667 | INFO     | __main__:request_monitor:184 - 当前保持寄存器数据: [0, 0, 0, 0, 0, 0, 0, 0, 0, 0]
2025-04-29 16:11:54.665 | INFO     | __main__:request_monitor:184 - 当前保持寄存器数据: [0, 0, 0, 0, 0, 0, 0, 0, 0, 0]
2025-04-29 16:11:55.678 | INFO     | __main__:request_monitor:184 - 当前保持寄存器数据: [0, 0, 0, 0, 0, 0, 0, 0, 0, 0]
2025-04-29 16:11:56.680 | INFO     | __main__:request_monitor:184 - 当前保持寄存器数据: [0, 0, 0, 0, 0, 0, 0, 0, 0, 0]
2025-04-29 16:11:57.682 | INFO     | __main__:request_monitor:184 - 当前保持寄存器数据: [0, 0, 0, 0, 0, 0, 0, 0, 0, 0]
2025-04-29 16:11:58.695 | INFO     | __main__:request_monitor:184 - 当前保持寄存器数据: [0, 0, 0, 0, 0, 0, 0, 0, 0, 0]
2025-04-29 16:11:59.697 | INFO     | __main__:request_monitor:184 - 当前保持寄存器数据: [0, 0, 0, 0, 0, 0, 0, 0, 0, 0]
2025-04-29 16:12:00.713 | INFO     | __main__:request_monitor:184 - 当前保持寄存器数据: [0, 0, 0, 0, 0, 0, 0, 0, 0, 0]
2025-04-29 16:12:01.715 | INFO     | __main__:request_monitor:184 - 当前保持寄存器数据: [0, 0, 0, 0, 0, 0, 0, 0, 0, 0]
2025-04-29 16:12:02.728 | INFO     | __main__:request_monitor:184 - 当前保持寄存器数据: [0, 0, 0, 0, 0, 0, 0, 0, 0, 0]
2025-04-29 16:12:03.729 | INFO     | __main__:request_monitor:184 - 当前保持寄存器数据: [0, 0, 0, 0, 0, 0, 0, 0, 0, 0]
2025-04-29 16:12:04.745 | INFO     | __main__:request_monitor:184 - 当前保持寄存器数据: [0, 0, 0, 0, 0, 0, 0, 0, 0, 0]
2025-04-29 16:12:05.752 | INFO     | __main__:request_monitor:184 - 当前保持寄存器数据: [0, 0, 0, 0, 0, 0, 0, 0, 0, 0]
2025-04-29 16:12:06.758 | INFO     | __main__:request_monitor:184 - 当前保持寄存器数据: [0, 0, 0, 0, 0, 0, 0, 0, 0, 0]
2025-04-29 16:12:07.761 | INFO     | __main__:request_monitor:184 - 当前保持寄存器数据: [0, 0, 0, 0, 0, 0, 0, 0, 0, 0]
2025-04-29 16:12:08.774 | INFO     | __main__:request_monitor:184 - 当前保持寄存器数据: [0, 0, 0, 0, 0, 0, 0, 0, 0, 0]
2025-04-29 16:12:09.778 | INFO     | __main__:request_monitor:184 - 当前保持寄存器数据: [0, 0, 0, 0, 0, 0, 0, 0, 0, 0]
2025-04-29 16:12:10.795 | INFO     | __main__:request_monitor:184 - 当前保持寄存器数据: [0, 0, 0, 0, 0, 0, 0, 0, 0, 0]
2025-04-29 16:12:11.797 | INFO     | __main__:request_monitor:184 - 当前保持寄存器数据: [0, 0, 0, 0, 0, 0, 0, 0, 0, 0]
2025-04-29 16:12:12.811 | INFO     | __main__:request_monitor:184 - 当前保持寄存器数据: [0, 0, 0, 0, 0, 0, 0, 0, 0, 0]
2025-04-29 16:12:13.812 | INFO     | __main__:request_monitor:184 - 当前保持寄存器数据: [0, 0, 0, 0, 0, 0, 0, 0, 0, 0]
2025-04-29 16:12:14.827 | INFO     | __main__:request_monitor:184 - 当前保持寄存器数据: [0, 0, 0, 0, 0, 0, 0, 0, 0, 0]
2025-04-29 16:12:15.829 | INFO     | __main__:request_monitor:184 - 当前保持寄存器数据: [0, 0, 0, 0, 0, 0, 0, 0, 0, 0]
2025-04-29 16:12:16.844 | INFO     | __main__:request_monitor:184 - 当前保持寄存器数据: [0, 0, 0, 0, 0, 0, 0, 0, 0, 0]
2025-04-29 16:12:17.845 | INFO     | __main__:request_monitor:184 - 当前保持寄存器数据: [0, 0, 0, 0, 0, 0, 0, 0, 0, 0]
2025-04-29 16:12:18.859 | INFO     | __main__:request_monitor:184 - 当前保持寄存器数据: [0, 0, 0, 0, 0, 0, 0, 0, 0, 0]
2025-04-29 16:12:19.875 | INFO     | __main__:request_monitor:184 - 当前保持寄存器数据: [0, 0, 0, 0, 0, 0, 0, 0, 0, 0]
2025-04-29 16:12:20.890 | INFO     | __main__:request_monitor:184 - 当前保持寄存器数据: [0, 0, 0, 0, 0, 0, 0, 0, 0, 0]
2025-04-29 16:12:21.893 | INFO     | __main__:request_monitor:184 - 当前保持寄存器数据: [0, 0, 0, 0, 0, 0, 0, 0, 0, 0]
2025-04-29 16:12:22.894 | INFO     | __main__:request_monitor:184 - 当前保持寄存器数据: [0, 0, 0, 0, 0, 0, 0, 0, 0, 0]
2025-04-29 16:12:23.902 | INFO     | __main__:request_monitor:184 - 当前保持寄存器数据: [0, 0, 0, 0, 0, 0, 0, 0, 0, 0]
2025-04-29 16:12:24.904 | INFO     | __main__:request_monitor:184 - 当前保持寄存器数据: [0, 0, 0, 0, 0, 0, 0, 0, 0, 0]
2025-04-29 16:12:25.895 | INFO     | __main__:request_monitor:184 - 当前保持寄存器数据: [0, 0, 0, 0, 0, 0, 0, 0, 0, 0]
2025-04-29 16:12:26.905 | INFO     | __main__:request_monitor:184 - 当前保持寄存器数据: [111, 0, 0, 0, 0, 0, 0, 0, 0, 0]
2025-04-29 16:12:26.905 | INFO     | __main__:request_monitor:186 - 切换表情：眨眼
2025-04-29 16:12:26.905 | INFO     | __main__:request_monitor:188 - 保持寄存器读到111
2025-04-29 16:12:26.905 | INFO     | __main__:request_monitor:189 - 当前保持寄存器数据: [111, 0, 0, 0, 0, 0, 0, 0, 0, 0]
2025-04-29 16:12:26.905 | INFO     | __main__:request_monitor:191 - 开始清零
2025-04-29 16:12:26.905 | INFO     | __main__:request_monitor:192 - 当前保持寄存器数据: [111, 0, 0, 0, 0, 0, 0, 0, 0, 0]
2025-04-29 16:12:26.905 | INFO     | __main__:request_monitor:194 - 当前保持寄存器数据: [111, 0, 0, 0, 0, 0, 0, 0, 0, 0]
2025-04-29 16:12:26.905 | INFO     | __main__:request_monitor:195 - 检测到寄存器值为 111，准备退出...
2025-04-29 16:12:27.002 | INFO     | __main__:start_wake_detection:268 - 开始监听唤醒词...
2025-04-29 16:12:52.550 | INFO     | __main__:wake_callback:170 - ==================================================
2025-04-29 16:12:52.550 | INFO     | __main__:wake_callback:171 - >>> 检测到唤醒词！请说出您的指令 <<<
2025-04-29 16:12:55.975 | INFO     | __main__:wake_callback:176 - ==================================================
2025-04-29 16:12:55.984 | INFO     | __main__:start_speech_recognition:295 - 开始语音识别...
2025-04-29 16:12:56.160 | INFO     | __main__:run:523 - * 开始录音...
2025-04-29 16:13:02.491 | INFO     | __main__:on_close:501 - 
### 语音识别结束 ###
2025-04-29 16:13:02.493 | INFO     | __main__:main:580 - 继续监听唤醒词...
2025-04-29 16:13:03.554 | INFO     | __main__:start_wake_detection:268 - 开始监听唤醒词...
2025-04-29 16:13:03.833 | INFO     | __main__:run:556 - * 录音结束
2025-04-29 16:13:38.702 | INFO     | __main__:wake_callback:170 - ==================================================
2025-04-29 16:13:38.702 | INFO     | __main__:wake_callback:171 - >>> 检测到唤醒词！请说出您的指令 <<<
2025-04-29 16:13:42.169 | INFO     | __main__:wake_callback:176 - ==================================================
2025-04-29 16:13:42.174 | INFO     | __main__:start_speech_recognition:295 - 开始语音识别...
2025-04-29 16:13:42.354 | INFO     | __main__:run:523 - * 开始录音...
2025-04-29 16:13:51.270 | INFO     | __main__:on_close:501 - 
### 语音识别结束 ###
2025-04-29 16:13:51.272 | INFO     | __main__:main:580 - 继续监听唤醒词...
2025-04-29 16:13:52.333 | INFO     | __main__:start_wake_detection:268 - 开始监听唤醒词...
2025-04-29 16:13:52.441 | INFO     | __main__:run:556 - * 录音结束
2025-04-29 16:13:56.443 | INFO     | __main__:wake_callback:170 - ==================================================
2025-04-29 16:13:56.443 | INFO     | __main__:wake_callback:171 - >>> 检测到唤醒词！请说出您的指令 <<<
2025-04-29 16:13:59.871 | INFO     | __main__:wake_callback:176 - ==================================================
2025-04-29 16:13:59.871 | INFO     | __main__:start_speech_recognition:295 - 开始语音识别...
2025-04-29 16:14:00.067 | INFO     | __main__:run:523 - * 开始录音...
2025-04-29 16:14:09.106 | INFO     | __main__:on_message:381 - 将绿色方块放到方形
2025-04-29 16:14:11.894 | INFO     | __main__:on_close:501 - 
### 语音识别结束 ###
2025-04-29 16:14:11.894 | INFO     | __main__:on_close:503 - 
正在分析关键词...
2025-04-29 16:14:12.290 | INFO     | __main__:match_keywords:495 - 找到匹配关键词: 方块 匹配 方块
2025-04-29 16:14:12.293 | INFO     | __main__:match_keywords:495 - 找到匹配关键词: 方形 匹配 方形
2025-04-29 16:14:14.489 | INFO     | __main__:run:556 - * 录音结束
2025-04-29 16:14:18.860 | INFO     | __main__:process_text_and_send_signal:447 - 发送信号: 401
2025-04-29 16:14:18.865 | INFO     | __main__:process_text_and_send_signal:448 - 切换表情：开心
2025-04-29 16:14:18.866 | INFO     | __main__:main:580 - 继续监听唤醒词...
2025-04-29 16:14:19.903 | INFO     | __main__:start_wake_detection:268 - 开始监听唤醒词...
