2025-04-01 14:35:23.930 | INFO     | __main__:load_keywords_dict:162 - 成功加载关键词词典: ./keywords_dicts\keywords_dict.yaml
2025-04-01 14:35:27.670 | INFO     | __main__:_init_expression_server:148 - 表情服务器启动成功
2025-04-01 14:35:27.671 | INFO     | __main__:run_modbus_server:201 - Modbus 从机正在 192.168.1.125:599 上监听...
2025-04-01 14:35:28.676 | INFO     | __main__:request_monitor:184 - 当前保持寄存器数据: [0, 0, 0, 0, 0, 0, 0, 0, 0, 0]
2025-04-01 14:35:29.685 | INFO     | __main__:request_monitor:184 - 当前保持寄存器数据: [0, 0, 0, 0, 0, 0, 0, 0, 0, 0]
2025-04-01 14:35:30.694 | INFO     | __main__:request_monitor:184 - 当前保持寄存器数据: [0, 0, 0, 0, 0, 0, 0, 0, 0, 0]
2025-04-01 14:35:31.707 | INFO     | __main__:request_monitor:184 - 当前保持寄存器数据: [0, 0, 0, 0, 0, 0, 0, 0, 0, 0]
2025-04-01 14:35:32.733 | INFO     | __main__:request_monitor:184 - 当前保持寄存器数据: [0, 0, 0, 0, 0, 0, 0, 0, 0, 0]
2025-04-01 14:35:33.736 | INFO     | __main__:request_monitor:184 - 当前保持寄存器数据: [0, 0, 0, 0, 0, 0, 0, 0, 0, 0]
2025-04-01 14:35:34.739 | INFO     | __main__:request_monitor:184 - 当前保持寄存器数据: [0, 0, 0, 0, 0, 0, 0, 0, 0, 0]
2025-04-01 14:35:35.757 | INFO     | __main__:request_monitor:184 - 当前保持寄存器数据: [0, 0, 0, 0, 0, 0, 0, 0, 0, 0]
2025-04-01 14:35:36.761 | INFO     | __main__:request_monitor:184 - 当前保持寄存器数据: [0, 0, 0, 0, 0, 0, 0, 0, 0, 0]
2025-04-01 14:35:37.770 | INFO     | __main__:request_monitor:184 - 当前保持寄存器数据: [0, 0, 0, 0, 0, 0, 0, 0, 0, 0]
2025-04-01 14:35:38.782 | INFO     | __main__:request_monitor:184 - 当前保持寄存器数据: [0, 0, 0, 0, 0, 0, 0, 0, 0, 0]
2025-04-01 14:35:39.775 | INFO     | __main__:request_monitor:184 - 当前保持寄存器数据: [0, 0, 0, 0, 0, 0, 0, 0, 0, 0]
2025-04-01 14:35:40.790 | INFO     | __main__:request_monitor:184 - 当前保持寄存器数据: [111, 0, 0, 0, 0, 0, 0, 0, 0, 0]
2025-04-01 14:35:40.790 | INFO     | __main__:request_monitor:186 - 切换表情：眨眼
2025-04-01 14:35:40.791 | INFO     | __main__:request_monitor:188 - 保持寄存器读到111
2025-04-01 14:35:40.791 | INFO     | __main__:request_monitor:189 - 当前保持寄存器数据: [111, 0, 0, 0, 0, 0, 0, 0, 0, 0]
2025-04-01 14:35:40.791 | INFO     | __main__:request_monitor:191 - 开始清零
2025-04-01 14:35:40.791 | INFO     | __main__:request_monitor:192 - 当前保持寄存器数据: [111, 0, 0, 0, 0, 0, 0, 0, 0, 0]
2025-04-01 14:35:40.791 | INFO     | __main__:request_monitor:194 - 当前保持寄存器数据: [111, 0, 0, 0, 0, 0, 0, 0, 0, 0]
2025-04-01 14:35:40.791 | INFO     | __main__:request_monitor:195 - 检测到寄存器值为 111，准备退出...
2025-04-01 14:35:40.854 | INFO     | __main__:start_wake_detection:268 - 开始监听唤醒词...
2025-04-01 14:35:42.084 | INFO     | __main__:wake_callback:170 - ==================================================
2025-04-01 14:35:42.084 | INFO     | __main__:wake_callback:171 - >>> 检测到唤醒词！请说出您的指令 <<<
2025-04-01 14:35:45.468 | INFO     | __main__:wake_callback:176 - ==================================================
2025-04-01 14:35:45.472 | INFO     | __main__:start_speech_recognition:295 - 开始语音识别...
2025-04-01 14:35:45.748 | INFO     | __main__:run:523 - * 开始录音...
2025-04-01 14:35:49.508 | INFO     | __main__:on_message:381 - 将绿色物料放到绿色盒子里
2025-04-01 14:35:50.825 | INFO     | __main__:on_message:381 - 。
2025-04-01 14:35:51.865 | INFO     | __main__:on_close:501 - 
### 语音识别结束 ###
2025-04-01 14:35:51.865 | INFO     | __main__:run:556 - * 录音结束
2025-04-01 14:35:51.865 | INFO     | __main__:on_close:503 - 
正在分析关键词...
2025-04-01 14:35:52.235 | INFO     | __main__:match_keywords:495 - 找到匹配关键词: 绿色 匹配 绿色
2025-04-01 14:35:52.235 | INFO     | __main__:match_keywords:495 - 找到匹配关键词: 绿色 匹配 绿色
2025-04-01 14:35:57.806 | INFO     | __main__:process_text_and_send_signal:454 - 发送信号: 402
2025-04-01 14:35:57.806 | INFO     | __main__:process_text_and_send_signal:455 - 切换表情：开心
2025-04-01 14:35:57.806 | INFO     | __main__:main:580 - 继续监听唤醒词...
2025-04-01 14:35:58.853 | INFO     | __main__:start_wake_detection:268 - 开始监听唤醒词...
2025-04-01 14:42:14.027 | INFO     | __main__:wake_callback:170 - ==================================================
2025-04-01 14:42:14.027 | INFO     | __main__:wake_callback:171 - >>> 检测到唤醒词！请说出您的指令 <<<
2025-04-01 14:42:17.612 | INFO     | __main__:wake_callback:176 - ==================================================
2025-04-01 14:42:17.612 | INFO     | __main__:start_speech_recognition:295 - 开始语音识别...
2025-04-01 14:42:17.826 | INFO     | __main__:run:523 - * 开始录音...
2025-04-01 14:42:22.497 | INFO     | __main__:on_message:381 - 将方形物料放到圆形盒子中
2025-04-01 14:42:23.847 | INFO     | __main__:on_message:381 - 。
2025-04-01 14:42:23.894 | INFO     | __main__:on_close:501 - 
### 语音识别结束 ###
2025-04-01 14:42:23.894 | INFO     | __main__:run:556 - * 录音结束
2025-04-01 14:42:23.894 | INFO     | __main__:on_close:503 - 
正在分析关键词...
2025-04-01 14:42:23.894 | INFO     | __main__:match_keywords:495 - 找到匹配关键词: 方形 匹配 方形
2025-04-01 14:42:23.894 | INFO     | __main__:match_keywords:495 - 找到匹配关键词: 圆形 匹配 圆形
2025-04-01 14:42:29.196 | INFO     | __main__:process_text_and_send_signal:454 - 发送信号: 402
2025-04-01 14:42:29.196 | INFO     | __main__:process_text_and_send_signal:455 - 切换表情：开心
2025-04-01 14:42:29.196 | INFO     | __main__:main:580 - 继续监听唤醒词...
2025-04-01 14:42:30.234 | INFO     | __main__:start_wake_detection:268 - 开始监听唤醒词...
2025-04-01 14:42:47.340 | INFO     | __main__:wake_callback:170 - ==================================================
2025-04-01 14:42:47.340 | INFO     | __main__:wake_callback:171 - >>> 检测到唤醒词！请说出您的指令 <<<
2025-04-01 14:42:50.866 | INFO     | __main__:wake_callback:176 - ==================================================
2025-04-01 14:42:50.869 | INFO     | __main__:start_speech_recognition:295 - 开始语音识别...
2025-04-01 14:42:51.094 | INFO     | __main__:run:523 - * 开始录音...
2025-04-01 14:42:54.485 | INFO     | __main__:on_message:381 - 将方形物料放到圆形盒子中
2025-04-01 14:42:55.834 | INFO     | __main__:on_message:381 - 。
2025-04-01 14:42:57.176 | INFO     | __main__:on_close:501 - 
### 语音识别结束 ###
2025-04-01 14:42:57.176 | INFO     | __main__:on_close:503 - 
正在分析关键词...
2025-04-01 14:42:57.176 | INFO     | __main__:run:556 - * 录音结束
2025-04-01 14:42:57.176 | INFO     | __main__:match_keywords:495 - 找到匹配关键词: 方形 匹配 方形
2025-04-01 14:42:57.176 | INFO     | __main__:match_keywords:495 - 找到匹配关键词: 圆形 匹配 圆形
2025-04-01 14:43:02.481 | INFO     | __main__:process_text_and_send_signal:454 - 发送信号: 402
2025-04-01 14:43:02.481 | INFO     | __main__:process_text_and_send_signal:455 - 切换表情：开心
2025-04-01 14:43:02.491 | INFO     | __main__:main:580 - 继续监听唤醒词...
2025-04-01 14:43:03.544 | INFO     | __main__:start_wake_detection:268 - 开始监听唤醒词...
2025-04-01 14:43:20.323 | INFO     | __main__:wake_callback:170 - ==================================================
2025-04-01 14:43:20.339 | INFO     | __main__:wake_callback:171 - >>> 检测到唤醒词！请说出您的指令 <<<
2025-04-01 14:43:23.049 | INFO     | __main__:wake_callback:176 - ==================================================
2025-04-01 14:43:23.049 | INFO     | __main__:start_speech_recognition:295 - 开始语音识别...
2025-04-01 14:43:23.346 | INFO     | __main__:run:523 - * 开始录音...
2025-04-01 14:43:27.769 | INFO     | __main__:on_message:381 - 唉，唉，为什么在总部啊
2025-04-01 14:43:28.977 | INFO     | __main__:on_message:381 - ？
2025-04-01 14:43:29.416 | INFO     | __main__:on_close:501 - 
### 语音识别结束 ###
2025-04-01 14:43:29.416 | INFO     | __main__:on_close:503 - 
正在分析关键词...
2025-04-01 14:43:29.416 | INFO     | __main__:run:556 - * 录音结束
2025-04-01 14:43:32.263 | INFO     | __main__:main:580 - 继续监听唤醒词...
2025-04-01 14:43:33.317 | INFO     | __main__:start_wake_detection:268 - 开始监听唤醒词...
2025-04-01 14:43:35.073 | INFO     | __main__:wake_callback:170 - ==================================================
2025-04-01 14:43:35.073 | INFO     | __main__:wake_callback:171 - >>> 检测到唤醒词！请说出您的指令 <<<
2025-04-01 14:43:37.964 | INFO     | __main__:wake_callback:176 - ==================================================
2025-04-01 14:43:37.964 | INFO     | __main__:start_speech_recognition:295 - 开始语音识别...
2025-04-01 14:43:38.425 | INFO     | __main__:run:523 - * 开始录音...
2025-04-01 14:43:44.576 | INFO     | __main__:on_close:501 - 
### 语音识别结束 ###
2025-04-01 14:43:44.576 | INFO     | __main__:run:556 - * 录音结束
2025-04-01 14:43:44.576 | INFO     | __main__:main:580 - 继续监听唤醒词...
2025-04-01 14:43:45.627 | INFO     | __main__:start_wake_detection:268 - 开始监听唤醒词...
2025-04-01 14:44:54.374 | INFO     | __main__:wake_callback:170 - ==================================================
2025-04-01 14:44:54.374 | INFO     | __main__:wake_callback:171 - >>> 检测到唤醒词！请说出您的指令 <<<
2025-04-01 14:44:57.835 | INFO     | __main__:wake_callback:176 - ==================================================
2025-04-01 14:44:57.840 | INFO     | __main__:start_speech_recognition:295 - 开始语音识别...
2025-04-01 14:44:58.075 | INFO     | __main__:run:523 - * 开始录音...
2025-04-01 14:45:01.795 | INFO     | __main__:on_message:381 - 将方形物料放到圆形盒子里
2025-04-01 14:45:03.128 | INFO     | __main__:on_message:381 - 。
2025-04-01 14:45:04.147 | INFO     | __main__:on_close:501 - 
### 语音识别结束 ###
2025-04-01 14:45:04.147 | INFO     | __main__:run:556 - * 录音结束
2025-04-01 14:45:04.147 | INFO     | __main__:on_close:503 - 
正在分析关键词...
2025-04-01 14:45:04.147 | INFO     | __main__:match_keywords:495 - 找到匹配关键词: 方形 匹配 方形
2025-04-01 14:45:04.147 | INFO     | __main__:match_keywords:495 - 找到匹配关键词: 圆形 匹配 圆形
2025-04-01 14:45:09.477 | INFO     | __main__:process_text_and_send_signal:454 - 发送信号: 402
2025-04-01 14:45:09.477 | INFO     | __main__:process_text_and_send_signal:455 - 切换表情：开心
2025-04-01 14:45:09.482 | INFO     | __main__:main:580 - 继续监听唤醒词...
2025-04-01 14:45:10.539 | INFO     | __main__:start_wake_detection:268 - 开始监听唤醒词...
