2025-04-16 09:46:34.587 | INFO     | __main__:load_keywords_dict:162 - 成功加载关键词词典: ./keywords_dicts\keywords_dict.yaml
2025-04-16 09:46:38.241 | INFO     | __main__:_init_expression_server:148 - 表情服务器启动成功
2025-04-16 09:46:38.241 | INFO     | __main__:run_modbus_server:201 - Modbus 从机正在 192.168.1.125:599 上监听...
2025-04-16 09:46:39.248 | INFO     | __main__:request_monitor:184 - 当前保持寄存器数据: [0, 0, 0, 0, 0, 0, 0, 0, 0, 0]
2025-04-16 09:46:40.252 | INFO     | __main__:request_monitor:184 - 当前保持寄存器数据: [0, 0, 0, 0, 0, 0, 0, 0, 0, 0]
2025-04-16 09:46:41.253 | INFO     | __main__:request_monitor:184 - 当前保持寄存器数据: [0, 0, 0, 0, 0, 0, 0, 0, 0, 0]
2025-04-16 09:46:42.253 | INFO     | __main__:request_monitor:184 - 当前保持寄存器数据: [0, 0, 0, 0, 0, 0, 0, 0, 0, 0]
2025-04-16 09:46:43.256 | INFO     | __main__:request_monitor:184 - 当前保持寄存器数据: [0, 0, 0, 0, 0, 0, 0, 0, 0, 0]
2025-04-16 09:46:44.268 | INFO     | __main__:request_monitor:184 - 当前保持寄存器数据: [0, 0, 0, 0, 0, 0, 0, 0, 0, 0]
2025-04-16 09:46:45.281 | INFO     | __main__:request_monitor:184 - 当前保持寄存器数据: [0, 0, 0, 0, 0, 0, 0, 0, 0, 0]
2025-04-16 09:46:46.286 | INFO     | __main__:request_monitor:184 - 当前保持寄存器数据: [0, 0, 0, 0, 0, 0, 0, 0, 0, 0]
2025-04-16 09:46:47.299 | INFO     | __main__:request_monitor:184 - 当前保持寄存器数据: [0, 0, 0, 0, 0, 0, 0, 0, 0, 0]
2025-04-16 09:46:48.306 | INFO     | __main__:request_monitor:184 - 当前保持寄存器数据: [0, 0, 0, 0, 0, 0, 0, 0, 0, 0]
2025-04-16 09:46:49.312 | INFO     | __main__:request_monitor:184 - 当前保持寄存器数据: [0, 0, 0, 0, 0, 0, 0, 0, 0, 0]
2025-04-16 09:46:50.323 | INFO     | __main__:request_monitor:184 - 当前保持寄存器数据: [0, 0, 0, 0, 0, 0, 0, 0, 0, 0]
2025-04-16 09:46:51.328 | INFO     | __main__:request_monitor:184 - 当前保持寄存器数据: [0, 0, 0, 0, 0, 0, 0, 0, 0, 0]
2025-04-16 09:46:52.343 | INFO     | __main__:request_monitor:184 - 当前保持寄存器数据: [0, 0, 0, 0, 0, 0, 0, 0, 0, 0]
2025-04-16 09:46:53.369 | INFO     | __main__:request_monitor:184 - 当前保持寄存器数据: [0, 0, 0, 0, 0, 0, 0, 0, 0, 0]
2025-04-16 09:46:54.382 | INFO     | __main__:request_monitor:184 - 当前保持寄存器数据: [0, 0, 0, 0, 0, 0, 0, 0, 0, 0]
2025-04-16 09:46:55.378 | INFO     | __main__:request_monitor:184 - 当前保持寄存器数据: [0, 0, 0, 0, 0, 0, 0, 0, 0, 0]
2025-04-16 09:46:56.386 | INFO     | __main__:request_monitor:184 - 当前保持寄存器数据: [0, 0, 0, 0, 0, 0, 0, 0, 0, 0]
2025-04-16 09:46:57.388 | INFO     | __main__:request_monitor:184 - 当前保持寄存器数据: [0, 0, 0, 0, 0, 0, 0, 0, 0, 0]
2025-04-16 09:46:58.391 | INFO     | __main__:request_monitor:184 - 当前保持寄存器数据: [0, 0, 0, 0, 0, 0, 0, 0, 0, 0]
2025-04-16 09:46:59.404 | INFO     | __main__:request_monitor:184 - 当前保持寄存器数据: [0, 0, 0, 0, 0, 0, 0, 0, 0, 0]
2025-04-16 09:47:00.397 | INFO     | __main__:request_monitor:184 - 当前保持寄存器数据: [0, 0, 0, 0, 0, 0, 0, 0, 0, 0]
2025-04-16 09:47:01.412 | INFO     | __main__:request_monitor:184 - 当前保持寄存器数据: [0, 0, 0, 0, 0, 0, 0, 0, 0, 0]
2025-04-16 09:47:02.422 | INFO     | __main__:request_monitor:184 - 当前保持寄存器数据: [0, 0, 0, 0, 0, 0, 0, 0, 0, 0]
2025-04-16 09:47:03.436 | INFO     | __main__:request_monitor:184 - 当前保持寄存器数据: [0, 0, 0, 0, 0, 0, 0, 0, 0, 0]
2025-04-16 09:47:04.448 | INFO     | __main__:request_monitor:184 - 当前保持寄存器数据: [0, 0, 0, 0, 0, 0, 0, 0, 0, 0]
2025-04-16 09:47:05.449 | INFO     | __main__:request_monitor:184 - 当前保持寄存器数据: [0, 0, 0, 0, 0, 0, 0, 0, 0, 0]
2025-04-16 09:47:06.448 | INFO     | __main__:request_monitor:184 - 当前保持寄存器数据: [0, 0, 0, 0, 0, 0, 0, 0, 0, 0]
2025-04-16 09:47:07.455 | INFO     | __main__:request_monitor:184 - 当前保持寄存器数据: [0, 0, 0, 0, 0, 0, 0, 0, 0, 0]
2025-04-16 09:47:08.456 | INFO     | __main__:request_monitor:184 - 当前保持寄存器数据: [0, 0, 0, 0, 0, 0, 0, 0, 0, 0]
2025-04-16 09:47:09.467 | INFO     | __main__:request_monitor:184 - 当前保持寄存器数据: [0, 0, 0, 0, 0, 0, 0, 0, 0, 0]
2025-04-16 09:47:10.469 | INFO     | __main__:request_monitor:184 - 当前保持寄存器数据: [0, 0, 0, 0, 0, 0, 0, 0, 0, 0]
2025-04-16 09:47:11.481 | INFO     | __main__:request_monitor:184 - 当前保持寄存器数据: [0, 0, 0, 0, 0, 0, 0, 0, 0, 0]
2025-04-16 09:47:12.497 | INFO     | __main__:request_monitor:184 - 当前保持寄存器数据: [0, 0, 0, 0, 0, 0, 0, 0, 0, 0]
2025-04-16 09:47:13.497 | INFO     | __main__:request_monitor:184 - 当前保持寄存器数据: [0, 0, 0, 0, 0, 0, 0, 0, 0, 0]
2025-04-16 09:47:14.505 | INFO     | __main__:request_monitor:184 - 当前保持寄存器数据: [0, 0, 0, 0, 0, 0, 0, 0, 0, 0]
2025-04-16 09:47:15.510 | INFO     | __main__:request_monitor:184 - 当前保持寄存器数据: [0, 0, 0, 0, 0, 0, 0, 0, 0, 0]
2025-04-16 09:47:16.498 | INFO     | __main__:request_monitor:184 - 当前保持寄存器数据: [0, 0, 0, 0, 0, 0, 0, 0, 0, 0]
2025-04-16 09:47:17.511 | INFO     | __main__:request_monitor:184 - 当前保持寄存器数据: [0, 0, 0, 0, 0, 0, 0, 0, 0, 0]
2025-04-16 09:47:18.527 | INFO     | __main__:request_monitor:184 - 当前保持寄存器数据: [0, 0, 0, 0, 0, 0, 0, 0, 0, 0]
2025-04-16 09:47:19.511 | INFO     | __main__:request_monitor:184 - 当前保持寄存器数据: [0, 0, 0, 0, 0, 0, 0, 0, 0, 0]
2025-04-16 09:47:20.527 | INFO     | __main__:request_monitor:184 - 当前保持寄存器数据: [0, 0, 0, 0, 0, 0, 0, 0, 0, 0]
2025-04-16 09:47:21.527 | INFO     | __main__:request_monitor:184 - 当前保持寄存器数据: [0, 0, 0, 0, 0, 0, 0, 0, 0, 0]
2025-04-16 09:47:22.542 | INFO     | __main__:request_monitor:184 - 当前保持寄存器数据: [0, 0, 0, 0, 0, 0, 0, 0, 0, 0]
2025-04-16 09:47:23.558 | INFO     | __main__:request_monitor:184 - 当前保持寄存器数据: [0, 0, 0, 0, 0, 0, 0, 0, 0, 0]
2025-04-16 09:47:24.558 | INFO     | __main__:request_monitor:184 - 当前保持寄存器数据: [0, 0, 0, 0, 0, 0, 0, 0, 0, 0]
2025-04-16 09:47:25.574 | INFO     | __main__:request_monitor:184 - 当前保持寄存器数据: [0, 0, 0, 0, 0, 0, 0, 0, 0, 0]
2025-04-16 09:47:26.590 | INFO     | __main__:request_monitor:184 - 当前保持寄存器数据: [0, 0, 0, 0, 0, 0, 0, 0, 0, 0]
2025-04-16 09:47:27.605 | INFO     | __main__:request_monitor:184 - 当前保持寄存器数据: [0, 0, 0, 0, 0, 0, 0, 0, 0, 0]
2025-04-16 09:47:28.605 | INFO     | __main__:request_monitor:184 - 当前保持寄存器数据: [0, 0, 0, 0, 0, 0, 0, 0, 0, 0]
2025-04-16 09:47:29.606 | INFO     | __main__:request_monitor:184 - 当前保持寄存器数据: [0, 0, 0, 0, 0, 0, 0, 0, 0, 0]
2025-04-16 09:47:30.621 | INFO     | __main__:request_monitor:184 - 当前保持寄存器数据: [0, 0, 0, 0, 0, 0, 0, 0, 0, 0]
2025-04-16 09:47:31.622 | INFO     | __main__:request_monitor:184 - 当前保持寄存器数据: [0, 0, 0, 0, 0, 0, 0, 0, 0, 0]
2025-04-16 09:47:32.627 | INFO     | __main__:request_monitor:184 - 当前保持寄存器数据: [111, 0, 0, 0, 0, 0, 0, 0, 0, 0]
2025-04-16 09:47:32.627 | INFO     | __main__:request_monitor:186 - 切换表情：眨眼
2025-04-16 09:47:32.632 | INFO     | __main__:request_monitor:188 - 保持寄存器读到111
2025-04-16 09:47:32.634 | INFO     | __main__:request_monitor:189 - 当前保持寄存器数据: [111, 0, 0, 0, 0, 0, 0, 0, 0, 0]
2025-04-16 09:47:32.634 | INFO     | __main__:request_monitor:191 - 开始清零
2025-04-16 09:47:32.635 | INFO     | __main__:request_monitor:192 - 当前保持寄存器数据: [111, 0, 0, 0, 0, 0, 0, 0, 0, 0]
2025-04-16 09:47:32.635 | INFO     | __main__:request_monitor:194 - 当前保持寄存器数据: [111, 0, 0, 0, 0, 0, 0, 0, 0, 0]
2025-04-16 09:47:32.635 | INFO     | __main__:request_monitor:195 - 检测到寄存器值为 111，准备退出...
2025-04-16 09:47:32.891 | INFO     | __main__:start_wake_detection:268 - 开始监听唤醒词...
2025-04-16 09:47:40.380 | INFO     | __main__:wake_callback:170 - ==================================================
2025-04-16 09:47:40.380 | INFO     | __main__:wake_callback:171 - >>> 检测到唤醒词！请说出您的指令 <<<
2025-04-16 09:47:43.946 | INFO     | __main__:wake_callback:176 - ==================================================
2025-04-16 09:47:43.947 | INFO     | __main__:start_speech_recognition:295 - 开始语音识别...
2025-04-16 09:47:44.229 | INFO     | __main__:run:523 - * 开始录音...
2025-04-16 09:47:49.412 | INFO     | __main__:on_message:381 - 将绿色方块放入方形盒子中
2025-04-16 09:47:50.248 | INFO     | __main__:on_message:381 - 。
2025-04-16 09:47:50.295 | INFO     | __main__:on_close:501 - 
### 语音识别结束 ###
2025-04-16 09:47:50.295 | INFO     | __main__:on_close:503 - 
正在分析关键词...
2025-04-16 09:47:50.295 | INFO     | __main__:run:556 - * 录音结束
2025-04-16 09:47:51.287 | INFO     | __main__:match_keywords:495 - 找到匹配关键词: 方块 匹配 方块
2025-04-16 09:47:51.287 | INFO     | __main__:match_keywords:495 - 找到匹配关键词: 方形 匹配 方形
2025-04-16 09:47:56.565 | INFO     | __main__:process_text_and_send_signal:447 - 发送信号: 401
2025-04-16 09:47:56.565 | INFO     | __main__:process_text_and_send_signal:448 - 切换表情：开心
2025-04-16 09:47:56.570 | INFO     | __main__:main:580 - 继续监听唤醒词...
2025-04-16 09:47:57.670 | INFO     | __main__:start_wake_detection:268 - 开始监听唤醒词...
2025-04-16 09:48:58.607 | INFO     | __main__:wake_callback:170 - ==================================================
2025-04-16 09:48:58.607 | INFO     | __main__:wake_callback:171 - >>> 检测到唤醒词！请说出您的指令 <<<
2025-04-16 09:49:05.117 | INFO     | __main__:wake_callback:176 - ==================================================
2025-04-16 09:49:05.123 | INFO     | __main__:start_speech_recognition:295 - 开始语音识别...
2025-04-16 09:49:05.383 | INFO     | __main__:run:523 - * 开始录音...
2025-04-16 09:49:09.551 | INFO     | __main__:on_message:381 - 将绿色方块放入圆形盒子中
2025-04-16 09:49:10.890 | INFO     | __main__:on_message:381 - 。
2025-04-16 09:49:11.471 | INFO     | __main__:on_close:501 - 
### 语音识别结束 ###
2025-04-16 09:49:11.471 | INFO     | __main__:on_close:503 - 
正在分析关键词...
2025-04-16 09:49:11.471 | INFO     | __main__:run:556 - * 录音结束
2025-04-16 09:49:11.486 | INFO     | __main__:match_keywords:495 - 找到匹配关键词: 方块 匹配 方块
2025-04-16 09:49:11.486 | INFO     | __main__:match_keywords:495 - 找到匹配关键词: 圆形 匹配 圆形
2025-04-16 09:49:16.769 | INFO     | __main__:process_text_and_send_signal:454 - 发送信号: 402
2025-04-16 09:49:16.769 | INFO     | __main__:process_text_and_send_signal:455 - 切换表情：开心
2025-04-16 09:49:16.773 | INFO     | __main__:main:580 - 继续监听唤醒词...
2025-04-16 09:49:17.895 | INFO     | __main__:start_wake_detection:268 - 开始监听唤醒词...
2025-04-16 09:50:27.495 | INFO     | __main__:wake_callback:170 - ==================================================
2025-04-16 09:50:27.495 | INFO     | __main__:wake_callback:171 - >>> 检测到唤醒词！请说出您的指令 <<<
2025-04-16 09:50:30.907 | INFO     | __main__:wake_callback:176 - ==================================================
2025-04-16 09:50:30.916 | INFO     | __main__:start_speech_recognition:295 - 开始语音识别...
2025-04-16 09:50:31.260 | INFO     | __main__:run:523 - * 开始录音...
2025-04-16 09:50:35.431 | INFO     | __main__:on_message:381 - 将圆形放入方形盒子中
2025-04-16 09:50:36.732 | INFO     | __main__:on_message:381 - 。
2025-04-16 09:50:37.344 | INFO     | __main__:on_close:501 - 
### 语音识别结束 ###
2025-04-16 09:50:37.344 | INFO     | __main__:on_close:503 - 
正在分析关键词...
2025-04-16 09:50:37.344 | INFO     | __main__:run:556 - * 录音结束
2025-04-16 09:50:37.344 | INFO     | __main__:match_keywords:495 - 找到匹配关键词: 圆形 匹配 圆形
2025-04-16 09:50:37.344 | INFO     | __main__:match_keywords:495 - 找到匹配关键词: 方形 匹配 方形
2025-04-16 09:50:41.605 | INFO     | __main__:process_text_and_send_signal:461 - 发送信号: 403
2025-04-16 09:50:41.610 | INFO     | __main__:process_text_and_send_signal:462 - 切换表情：开心
2025-04-16 09:50:41.610 | INFO     | __main__:main:580 - 继续监听唤醒词...
2025-04-16 09:50:42.697 | INFO     | __main__:start_wake_detection:268 - 开始监听唤醒词...
2025-04-16 09:51:40.123 | INFO     | __main__:wake_callback:170 - ==================================================
2025-04-16 09:51:40.123 | INFO     | __main__:wake_callback:171 - >>> 检测到唤醒词！请说出您的指令 <<<
2025-04-16 09:51:43.674 | INFO     | __main__:wake_callback:176 - ==================================================
2025-04-16 09:51:43.675 | INFO     | __main__:start_speech_recognition:295 - 开始语音识别...
2025-04-16 09:51:43.911 | INFO     | __main__:run:523 - * 开始录音...
2025-04-16 09:51:47.158 | INFO     | __main__:on_message:381 - 将圆形放到圆形盒子
2025-04-16 09:51:48.462 | INFO     | __main__:on_message:381 - 。
2025-04-16 09:51:49.968 | INFO     | __main__:on_close:501 - 
### 语音识别结束 ###
2025-04-16 09:51:49.968 | INFO     | __main__:on_close:503 - 
正在分析关键词...
2025-04-16 09:51:49.968 | INFO     | __main__:run:556 - * 录音结束
2025-04-16 09:51:49.968 | INFO     | __main__:match_keywords:495 - 找到匹配关键词: 圆形 匹配 圆形
2025-04-16 09:51:49.983 | INFO     | __main__:match_keywords:495 - 找到匹配关键词: 圆形 匹配 圆形
2025-04-16 09:51:55.347 | INFO     | __main__:process_text_and_send_signal:468 - 发送信号: 404
2025-04-16 09:51:55.347 | INFO     | __main__:process_text_and_send_signal:469 - 切换表情：开心
2025-04-16 09:51:55.357 | INFO     | __main__:main:580 - 继续监听唤醒词...
2025-04-16 09:51:56.473 | INFO     | __main__:start_wake_detection:268 - 开始监听唤醒词...
2025-04-16 09:52:54.530 | INFO     | __main__:wake_callback:170 - ==================================================
2025-04-16 09:52:54.530 | INFO     | __main__:wake_callback:171 - >>> 检测到唤醒词！请说出您的指令 <<<
2025-04-16 09:52:58.063 | INFO     | __main__:wake_callback:176 - ==================================================
2025-04-16 09:52:58.065 | INFO     | __main__:start_speech_recognition:295 - 开始语音识别...
2025-04-16 09:52:58.356 | INFO     | __main__:run:523 - * 开始录音...
2025-04-16 09:53:01.870 | INFO     | __main__:on_message:381 - 表决心放到圆形盒子中
2025-04-16 09:53:03.235 | INFO     | __main__:on_message:381 - 。
2025-04-16 09:53:04.553 | INFO     | __main__:on_close:501 - 
### 语音识别结束 ###
2025-04-16 09:53:04.553 | INFO     | __main__:on_close:503 - 
正在分析关键词...
2025-04-16 09:53:04.553 | INFO     | __main__:run:556 - * 录音结束
2025-04-16 09:53:04.553 | INFO     | __main__:match_keywords:495 - 找到匹配关键词: 圆形 匹配 圆形
2025-04-16 09:53:04.553 | INFO     | __main__:process_text_and_send_signal:471 - 未找到匹配的组合
2025-04-16 09:53:09.632 | INFO     | __main__:process_text_and_send_signal:476 - 发送信号: 406
2025-04-16 09:53:09.632 | INFO     | __main__:process_text_and_send_signal:477 - 切换表情：难过
2025-04-16 09:53:09.632 | INFO     | __main__:main:580 - 继续监听唤醒词...
2025-04-16 09:53:10.726 | INFO     | __main__:start_wake_detection:268 - 开始监听唤醒词...
2025-04-16 09:53:22.193 | INFO     | __main__:wake_callback:170 - ==================================================
2025-04-16 09:53:22.209 | INFO     | __main__:wake_callback:171 - >>> 检测到唤醒词！请说出您的指令 <<<
2025-04-16 09:53:25.698 | INFO     | __main__:wake_callback:176 - ==================================================
2025-04-16 09:53:25.702 | INFO     | __main__:start_speech_recognition:295 - 开始语音识别...
2025-04-16 09:53:25.965 | INFO     | __main__:run:523 - * 开始录音...
2025-04-16 09:53:29.547 | INFO     | __main__:on_message:381 - 将圆形放入圆形盒子中
2025-04-16 09:53:30.835 | INFO     | __main__:on_message:381 - 。
2025-04-16 09:53:32.058 | INFO     | __main__:on_close:501 - 
### 语音识别结束 ###
2025-04-16 09:53:32.058 | INFO     | __main__:run:556 - * 录音结束
2025-04-16 09:53:32.058 | INFO     | __main__:on_close:503 - 
正在分析关键词...
2025-04-16 09:53:32.058 | INFO     | __main__:match_keywords:495 - 找到匹配关键词: 圆形 匹配 圆形
2025-04-16 09:53:32.058 | INFO     | __main__:match_keywords:495 - 找到匹配关键词: 圆形 匹配 圆形
2025-04-16 09:53:37.447 | INFO     | __main__:process_text_and_send_signal:468 - 发送信号: 404
2025-04-16 09:53:37.447 | INFO     | __main__:process_text_and_send_signal:469 - 切换表情：开心
2025-04-16 09:53:37.459 | INFO     | __main__:main:580 - 继续监听唤醒词...
2025-04-16 09:53:38.546 | INFO     | __main__:start_wake_detection:268 - 开始监听唤醒词...
2025-04-16 09:56:18.009 | ERROR    | __main__:start_wake_detection:288 - 唤醒检测错误: [Errno -9999] Unanticipated host error
2025-04-16 09:56:18.014 | INFO     | __main__:main:580 - 继续监听唤醒词...
2025-04-16 09:56:19.087 | ERROR    | __main__:start_wake_detection:288 - 唤醒检测错误: [Errno -9999] Unanticipated host error
2025-04-16 09:56:19.097 | INFO     | __main__:main:580 - 继续监听唤醒词...
2025-04-16 09:56:20.131 | ERROR    | __main__:start_wake_detection:288 - 唤醒检测错误: [Errno -9999] Unanticipated host error
2025-04-16 09:56:20.190 | INFO     | __main__:main:580 - 继续监听唤醒词...
2025-04-16 09:56:21.254 | ERROR    | __main__:start_wake_detection:288 - 唤醒检测错误: [Errno -9999] Unanticipated host error
2025-04-16 09:56:21.305 | INFO     | __main__:main:580 - 继续监听唤醒词...
2025-04-16 09:56:22.357 | ERROR    | __main__:start_wake_detection:288 - 唤醒检测错误: [Errno -9999] Unanticipated host error
2025-04-16 09:56:22.397 | INFO     | __main__:main:580 - 继续监听唤醒词...
2025-04-16 09:56:23.441 | ERROR    | __main__:start_wake_detection:288 - 唤醒检测错误: [Errno -9999] Unanticipated host error
2025-04-16 09:56:23.499 | INFO     | __main__:main:580 - 继续监听唤醒词...
2025-04-16 09:56:24.587 | ERROR    | __main__:start_wake_detection:288 - 唤醒检测错误: [Errno -9999] Unanticipated host error
2025-04-16 09:56:24.658 | INFO     | __main__:main:580 - 继续监听唤醒词...
2025-04-16 09:56:25.731 | ERROR    | __main__:start_wake_detection:288 - 唤醒检测错误: [Errno -9999] Unanticipated host error
2025-04-16 09:56:25.793 | INFO     | __main__:main:580 - 继续监听唤醒词...
2025-04-16 09:56:26.871 | ERROR    | __main__:start_wake_detection:288 - 唤醒检测错误: [Errno -9999] Unanticipated host error
2025-04-16 09:56:26.926 | INFO     | __main__:main:580 - 继续监听唤醒词...
2025-04-16 09:56:28.020 | ERROR    | __main__:start_wake_detection:288 - 唤醒检测错误: [Errno -9999] Unanticipated host error
2025-04-16 09:56:28.071 | INFO     | __main__:main:580 - 继续监听唤醒词...
2025-04-16 09:56:29.124 | ERROR    | __main__:start_wake_detection:288 - 唤醒检测错误: [Errno -9999] Unanticipated host error
2025-04-16 09:56:29.186 | INFO     | __main__:main:580 - 继续监听唤醒词...
2025-04-16 09:56:30.278 | ERROR    | __main__:start_wake_detection:288 - 唤醒检测错误: [Errno -9999] Unanticipated host error
2025-04-16 09:56:30.347 | INFO     | __main__:main:580 - 继续监听唤醒词...
2025-04-16 09:56:31.430 | ERROR    | __main__:start_wake_detection:288 - 唤醒检测错误: [Errno -9999] Unanticipated host error
2025-04-16 09:56:31.493 | INFO     | __main__:main:580 - 继续监听唤醒词...
2025-04-16 09:56:32.543 | ERROR    | __main__:start_wake_detection:288 - 唤醒检测错误: [Errno -9999] Unanticipated host error
2025-04-16 09:56:32.606 | INFO     | __main__:main:580 - 继续监听唤醒词...
2025-04-16 09:56:33.653 | ERROR    | __main__:start_wake_detection:288 - 唤醒检测错误: [Errno -9999] Unanticipated host error
2025-04-16 09:56:33.709 | INFO     | __main__:main:580 - 继续监听唤醒词...
2025-04-16 09:56:34.752 | ERROR    | __main__:start_wake_detection:288 - 唤醒检测错误: [Errno -9999] Unanticipated host error
2025-04-16 09:56:34.829 | INFO     | __main__:main:580 - 继续监听唤醒词...
2025-04-16 09:56:35.896 | ERROR    | __main__:start_wake_detection:288 - 唤醒检测错误: [Errno -9999] Unanticipated host error
2025-04-16 09:56:35.954 | INFO     | __main__:main:580 - 继续监听唤醒词...
2025-04-16 09:56:37.043 | ERROR    | __main__:start_wake_detection:288 - 唤醒检测错误: [Errno -9999] Unanticipated host error
2025-04-16 09:56:37.100 | INFO     | __main__:main:580 - 继续监听唤醒词...
2025-04-16 09:56:38.168 | ERROR    | __main__:start_wake_detection:288 - 唤醒检测错误: [Errno -9999] Unanticipated host error
2025-04-16 09:56:38.224 | INFO     | __main__:main:580 - 继续监听唤醒词...
2025-04-16 09:56:39.305 | ERROR    | __main__:start_wake_detection:288 - 唤醒检测错误: [Errno -9999] Unanticipated host error
2025-04-16 09:56:39.354 | INFO     | __main__:main:580 - 继续监听唤醒词...
2025-04-16 09:56:40.431 | ERROR    | __main__:start_wake_detection:288 - 唤醒检测错误: [Errno -9999] Unanticipated host error
2025-04-16 09:56:40.501 | INFO     | __main__:main:580 - 继续监听唤醒词...
2025-04-16 09:56:41.538 | ERROR    | __main__:start_wake_detection:288 - 唤醒检测错误: [Errno -9999] Unanticipated host error
2025-04-16 09:56:41.616 | INFO     | __main__:main:580 - 继续监听唤醒词...
2025-04-16 09:56:42.654 | ERROR    | __main__:start_wake_detection:288 - 唤醒检测错误: [Errno -9999] Unanticipated host error
2025-04-16 09:56:42.661 | INFO     | __main__:main:580 - 继续监听唤醒词...
2025-04-16 09:56:43.734 | ERROR    | __main__:start_wake_detection:288 - 唤醒检测错误: [Errno -9999] Unanticipated host error
2025-04-16 09:56:43.778 | INFO     | __main__:main:580 - 继续监听唤醒词...
2025-04-16 09:56:44.848 | ERROR    | __main__:start_wake_detection:288 - 唤醒检测错误: [Errno -9999] Unanticipated host error
2025-04-16 09:56:44.908 | INFO     | __main__:main:580 - 继续监听唤醒词...
2025-04-16 09:56:45.963 | ERROR    | __main__:start_wake_detection:288 - 唤醒检测错误: [Errno -9999] Unanticipated host error
2025-04-16 09:56:46.009 | INFO     | __main__:main:580 - 继续监听唤醒词...
2025-04-16 09:56:47.055 | ERROR    | __main__:start_wake_detection:288 - 唤醒检测错误: [Errno -9999] Unanticipated host error
2025-04-16 09:56:47.098 | INFO     | __main__:main:580 - 继续监听唤醒词...
2025-04-16 09:56:48.138 | ERROR    | __main__:start_wake_detection:288 - 唤醒检测错误: [Errno -9999] Unanticipated host error
2025-04-16 09:56:48.143 | INFO     | __main__:main:580 - 继续监听唤醒词...
2025-04-16 09:56:49.232 | ERROR    | __main__:start_wake_detection:288 - 唤醒检测错误: [Errno -9999] Unanticipated host error
2025-04-16 09:56:49.285 | INFO     | __main__:main:580 - 继续监听唤醒词...
2025-04-16 09:56:50.378 | ERROR    | __main__:start_wake_detection:288 - 唤醒检测错误: [Errno -9999] Unanticipated host error
2025-04-16 09:56:50.445 | INFO     | __main__:main:580 - 继续监听唤醒词...
2025-04-16 09:56:51.523 | ERROR    | __main__:start_wake_detection:288 - 唤醒检测错误: [Errno -9999] Unanticipated host error
2025-04-16 09:56:51.591 | INFO     | __main__:main:580 - 继续监听唤醒词...
2025-04-16 09:56:52.662 | ERROR    | __main__:start_wake_detection:288 - 唤醒检测错误: [Errno -9999] Unanticipated host error
2025-04-16 09:56:52.717 | INFO     | __main__:main:580 - 继续监听唤醒词...
2025-04-16 09:56:53.759 | ERROR    | __main__:start_wake_detection:288 - 唤醒检测错误: [Errno -9999] Unanticipated host error
2025-04-16 09:56:53.801 | INFO     | __main__:main:580 - 继续监听唤醒词...
2025-04-16 09:56:54.877 | ERROR    | __main__:start_wake_detection:288 - 唤醒检测错误: [Errno -9999] Unanticipated host error
2025-04-16 09:56:54.928 | INFO     | __main__:main:580 - 继续监听唤醒词...
2025-04-16 09:56:55.985 | ERROR    | __main__:start_wake_detection:288 - 唤醒检测错误: [Errno -9999] Unanticipated host error
2025-04-16 09:56:56.061 | INFO     | __main__:main:580 - 继续监听唤醒词...
2025-04-16 09:56:57.108 | ERROR    | __main__:start_wake_detection:288 - 唤醒检测错误: [Errno -9999] Unanticipated host error
2025-04-16 09:56:57.201 | INFO     | __main__:main:580 - 继续监听唤醒词...
2025-04-16 09:56:58.268 | ERROR    | __main__:start_wake_detection:288 - 唤醒检测错误: [Errno -9999] Unanticipated host error
2025-04-16 09:56:58.337 | INFO     | __main__:main:580 - 继续监听唤醒词...
2025-04-16 09:56:59.373 | ERROR    | __main__:start_wake_detection:288 - 唤醒检测错误: [Errno -9999] Unanticipated host error
2025-04-16 09:56:59.429 | INFO     | __main__:main:580 - 继续监听唤醒词...
2025-04-16 09:57:00.467 | ERROR    | __main__:start_wake_detection:288 - 唤醒检测错误: [Errno -9999] Unanticipated host error
2025-04-16 09:57:00.514 | INFO     | __main__:main:580 - 继续监听唤醒词...
2025-04-16 09:57:01.572 | ERROR    | __main__:start_wake_detection:288 - 唤醒检测错误: [Errno -9999] Unanticipated host error
2025-04-16 09:57:01.641 | INFO     | __main__:main:580 - 继续监听唤醒词...
2025-04-16 09:57:02.731 | ERROR    | __main__:start_wake_detection:288 - 唤醒检测错误: [Errno -9999] Unanticipated host error
2025-04-16 09:57:02.798 | INFO     | __main__:main:580 - 继续监听唤醒词...
2025-04-16 09:57:03.885 | ERROR    | __main__:start_wake_detection:288 - 唤醒检测错误: [Errno -9999] Unanticipated host error
2025-04-16 09:57:03.967 | INFO     | __main__:main:580 - 继续监听唤醒词...
2025-04-16 09:57:05.047 | ERROR    | __main__:start_wake_detection:288 - 唤醒检测错误: [Errno -9999] Unanticipated host error
2025-04-16 09:57:05.092 | INFO     | __main__:main:580 - 继续监听唤醒词...
2025-04-16 09:57:06.165 | ERROR    | __main__:start_wake_detection:288 - 唤醒检测错误: [Errno -9999] Unanticipated host error
2025-04-16 09:57:06.208 | INFO     | __main__:main:580 - 继续监听唤醒词...
2025-04-16 09:57:07.250 | ERROR    | __main__:start_wake_detection:288 - 唤醒检测错误: [Errno -9999] Unanticipated host error
2025-04-16 09:57:07.314 | INFO     | __main__:main:580 - 继续监听唤醒词...
2025-04-16 09:57:08.382 | ERROR    | __main__:start_wake_detection:288 - 唤醒检测错误: [Errno -9999] Unanticipated host error
2025-04-16 09:57:08.450 | INFO     | __main__:main:580 - 继续监听唤醒词...
2025-04-16 09:57:09.495 | ERROR    | __main__:start_wake_detection:288 - 唤醒检测错误: [Errno -9999] Unanticipated host error
2025-04-16 09:57:09.528 | INFO     | __main__:main:580 - 继续监听唤醒词...
2025-04-16 09:57:10.565 | ERROR    | __main__:start_wake_detection:288 - 唤醒检测错误: [Errno -9999] Unanticipated host error
2025-04-16 09:57:10.601 | INFO     | __main__:main:580 - 继续监听唤醒词...
2025-04-16 09:57:11.678 | ERROR    | __main__:start_wake_detection:288 - 唤醒检测错误: [Errno -9999] Unanticipated host error
2025-04-16 09:57:11.748 | INFO     | __main__:main:580 - 继续监听唤醒词...
2025-04-16 09:57:12.793 | ERROR    | __main__:start_wake_detection:288 - 唤醒检测错误: [Errno -9999] Unanticipated host error
2025-04-16 09:57:12.878 | INFO     | __main__:main:580 - 继续监听唤醒词...
2025-04-16 09:57:13.984 | ERROR    | __main__:start_wake_detection:288 - 唤醒检测错误: [Errno -9999] Unanticipated host error
2025-04-16 09:57:14.056 | INFO     | __main__:main:580 - 继续监听唤醒词...
2025-04-16 09:57:15.105 | ERROR    | __main__:start_wake_detection:288 - 唤醒检测错误: [Errno -9999] Unanticipated host error
2025-04-16 09:57:15.170 | INFO     | __main__:main:580 - 继续监听唤醒词...
2025-04-16 09:57:16.218 | ERROR    | __main__:start_wake_detection:288 - 唤醒检测错误: [Errno -9999] Unanticipated host error
2025-04-16 09:57:16.255 | INFO     | __main__:main:580 - 继续监听唤醒词...
2025-04-16 09:57:17.325 | ERROR    | __main__:start_wake_detection:288 - 唤醒检测错误: [Errno -9999] Unanticipated host error
2025-04-16 09:57:17.387 | INFO     | __main__:main:580 - 继续监听唤醒词...
2025-04-16 09:57:18.467 | ERROR    | __main__:start_wake_detection:288 - 唤醒检测错误: [Errno -9999] Unanticipated host error
2025-04-16 09:57:18.533 | INFO     | __main__:main:580 - 继续监听唤醒词...
2025-04-16 09:57:19.558 | ERROR    | __main__:start_wake_detection:288 - 唤醒检测错误: [Errno -9999] Unanticipated host error
2025-04-16 09:57:19.609 | INFO     | __main__:main:580 - 继续监听唤醒词...
2025-04-16 09:57:20.658 | ERROR    | __main__:start_wake_detection:288 - 唤醒检测错误: [Errno -9999] Unanticipated host error
2025-04-16 09:57:20.700 | INFO     | __main__:main:580 - 继续监听唤醒词...
2025-04-16 09:57:21.759 | ERROR    | __main__:start_wake_detection:288 - 唤醒检测错误: [Errno -9999] Unanticipated host error
2025-04-16 09:57:21.805 | INFO     | __main__:main:580 - 继续监听唤醒词...
2025-04-16 09:57:22.844 | ERROR    | __main__:start_wake_detection:288 - 唤醒检测错误: [Errno -9999] Unanticipated host error
2025-04-16 09:57:22.901 | INFO     | __main__:main:580 - 继续监听唤醒词...
2025-04-16 09:57:23.932 | ERROR    | __main__:start_wake_detection:288 - 唤醒检测错误: [Errno -9999] Unanticipated host error
2025-04-16 09:57:23.997 | INFO     | __main__:main:580 - 继续监听唤醒词...
2025-04-16 09:57:25.025 | ERROR    | __main__:start_wake_detection:288 - 唤醒检测错误: [Errno -9999] Unanticipated host error
2025-04-16 09:57:25.083 | INFO     | __main__:main:580 - 继续监听唤醒词...
2025-04-16 09:57:26.141 | ERROR    | __main__:start_wake_detection:288 - 唤醒检测错误: [Errno -9999] Unanticipated host error
2025-04-16 09:57:26.210 | INFO     | __main__:main:580 - 继续监听唤醒词...
2025-04-16 09:57:27.291 | ERROR    | __main__:start_wake_detection:288 - 唤醒检测错误: [Errno -9999] Unanticipated host error
2025-04-16 09:57:27.339 | INFO     | __main__:main:580 - 继续监听唤醒词...
2025-04-16 09:57:28.403 | ERROR    | __main__:start_wake_detection:288 - 唤醒检测错误: [Errno -9999] Unanticipated host error
2025-04-16 09:57:28.483 | INFO     | __main__:main:580 - 继续监听唤醒词...
2025-04-16 09:57:29.538 | ERROR    | __main__:start_wake_detection:288 - 唤醒检测错误: [Errno -9999] Unanticipated host error
2025-04-16 09:57:29.599 | INFO     | __main__:main:580 - 继续监听唤醒词...
2025-04-16 09:57:30.695 | ERROR    | __main__:start_wake_detection:288 - 唤醒检测错误: [Errno -9999] Unanticipated host error
2025-04-16 09:57:30.761 | INFO     | __main__:main:580 - 继续监听唤醒词...
2025-04-16 09:57:31.820 | ERROR    | __main__:start_wake_detection:288 - 唤醒检测错误: [Errno -9999] Unanticipated host error
2025-04-16 09:57:31.871 | INFO     | __main__:main:580 - 继续监听唤醒词...
2025-04-16 09:57:32.926 | ERROR    | __main__:start_wake_detection:288 - 唤醒检测错误: [Errno -9999] Unanticipated host error
2025-04-16 09:57:32.990 | INFO     | __main__:main:580 - 继续监听唤醒词...
2025-04-16 09:57:34.009 | ERROR    | __main__:start_wake_detection:288 - 唤醒检测错误: [Errno -9999] Unanticipated host error
2025-04-16 09:57:34.042 | INFO     | __main__:main:580 - 继续监听唤醒词...
2025-04-16 09:57:35.068 | ERROR    | __main__:start_wake_detection:288 - 唤醒检测错误: [Errno -9999] Unanticipated host error
2025-04-16 09:57:35.118 | INFO     | __main__:main:580 - 继续监听唤醒词...
2025-04-16 09:57:36.193 | ERROR    | __main__:start_wake_detection:288 - 唤醒检测错误: [Errno -9999] Unanticipated host error
2025-04-16 09:57:36.240 | INFO     | __main__:main:580 - 继续监听唤醒词...
2025-04-16 09:57:37.306 | ERROR    | __main__:start_wake_detection:288 - 唤醒检测错误: [Errno -9999] Unanticipated host error
2025-04-16 09:57:37.357 | INFO     | __main__:main:580 - 继续监听唤醒词...
2025-04-16 09:57:38.406 | ERROR    | __main__:start_wake_detection:288 - 唤醒检测错误: [Errno -9999] Unanticipated host error
2025-04-16 09:57:38.453 | INFO     | __main__:main:580 - 继续监听唤醒词...
2025-04-16 09:57:39.536 | ERROR    | __main__:start_wake_detection:288 - 唤醒检测错误: [Errno -9999] Unanticipated host error
2025-04-16 09:57:39.588 | INFO     | __main__:main:580 - 继续监听唤醒词...
2025-04-16 09:57:40.639 | ERROR    | __main__:start_wake_detection:288 - 唤醒检测错误: [Errno -9999] Unanticipated host error
2025-04-16 09:57:40.720 | INFO     | __main__:main:580 - 继续监听唤醒词...
2025-04-16 09:57:41.786 | ERROR    | __main__:start_wake_detection:288 - 唤醒检测错误: [Errno -9999] Unanticipated host error
2025-04-16 09:57:41.854 | INFO     | __main__:main:580 - 继续监听唤醒词...
2025-04-16 09:57:42.889 | ERROR    | __main__:start_wake_detection:288 - 唤醒检测错误: [Errno -9999] Unanticipated host error
2025-04-16 09:57:42.893 | INFO     | __main__:main:580 - 继续监听唤醒词...
2025-04-16 09:57:43.939 | ERROR    | __main__:start_wake_detection:288 - 唤醒检测错误: [Errno -9999] Unanticipated host error
2025-04-16 09:57:43.946 | INFO     | __main__:main:580 - 继续监听唤醒词...
2025-04-16 09:57:44.965 | ERROR    | __main__:start_wake_detection:288 - 唤醒检测错误: [Errno -9999] Unanticipated host error
2025-04-16 09:57:45.005 | INFO     | __main__:main:580 - 继续监听唤醒词...
2025-04-16 09:57:46.043 | ERROR    | __main__:start_wake_detection:288 - 唤醒检测错误: [Errno -9999] Unanticipated host error
2025-04-16 09:57:46.107 | INFO     | __main__:main:580 - 继续监听唤醒词...
2025-04-16 09:57:47.148 | ERROR    | __main__:start_wake_detection:288 - 唤醒检测错误: [Errno -9999] Unanticipated host error
2025-04-16 09:57:47.192 | INFO     | __main__:main:580 - 继续监听唤醒词...
2025-04-16 09:57:48.238 | ERROR    | __main__:start_wake_detection:288 - 唤醒检测错误: [Errno -9999] Unanticipated host error
2025-04-16 09:57:48.311 | INFO     | __main__:main:580 - 继续监听唤醒词...
2025-04-16 09:57:49.392 | ERROR    | __main__:start_wake_detection:288 - 唤醒检测错误: [Errno -9999] Unanticipated host error
2025-04-16 09:57:49.414 | INFO     | __main__:main:580 - 继续监听唤醒词...
2025-04-16 09:57:50.445 | ERROR    | __main__:start_wake_detection:288 - 唤醒检测错误: [Errno -9999] Unanticipated host error
2025-04-16 09:57:50.484 | INFO     | __main__:main:580 - 继续监听唤醒词...
2025-04-16 09:57:51.518 | ERROR    | __main__:start_wake_detection:288 - 唤醒检测错误: [Errno -9999] Unanticipated host error
2025-04-16 09:57:51.601 | INFO     | __main__:main:580 - 继续监听唤醒词...
2025-04-16 09:57:52.645 | ERROR    | __main__:start_wake_detection:288 - 唤醒检测错误: [Errno -9999] Unanticipated host error
2025-04-16 09:57:52.740 | INFO     | __main__:main:580 - 继续监听唤醒词...
2025-04-16 09:57:53.791 | ERROR    | __main__:start_wake_detection:288 - 唤醒检测错误: [Errno -9999] Unanticipated host error
2025-04-16 09:57:53.899 | INFO     | __main__:main:580 - 继续监听唤醒词...
2025-04-16 09:57:54.936 | ERROR    | __main__:start_wake_detection:288 - 唤醒检测错误: [Errno -9999] Unanticipated host error
2025-04-16 09:57:55.030 | INFO     | __main__:main:580 - 继续监听唤醒词...
2025-04-16 09:57:56.105 | ERROR    | __main__:start_wake_detection:288 - 唤醒检测错误: [Errno -9999] Unanticipated host error
2025-04-16 09:57:56.176 | INFO     | __main__:main:580 - 继续监听唤醒词...
2025-04-16 09:57:57.223 | ERROR    | __main__:start_wake_detection:288 - 唤醒检测错误: [Errno -9999] Unanticipated host error
2025-04-16 09:57:57.229 | INFO     | __main__:main:580 - 继续监听唤醒词...
2025-04-16 09:57:58.290 | INFO     | __main__:start_wake_detection:268 - 开始监听唤醒词...
2025-04-16 09:58:03.317 | ERROR    | __main__:start_wake_detection:288 - 唤醒检测错误: [Errno -9999] Unanticipated host error
2025-04-16 09:58:03.321 | INFO     | __main__:main:580 - 继续监听唤醒词...
2025-04-16 09:58:04.352 | ERROR    | __main__:start_wake_detection:288 - 唤醒检测错误: [Errno -9999] Unanticipated host error
2025-04-16 09:58:04.381 | INFO     | __main__:main:580 - 继续监听唤醒词...
2025-04-16 09:58:05.452 | ERROR    | __main__:start_wake_detection:288 - 唤醒检测错误: [Errno -9999] Unanticipated host error
2025-04-16 09:58:05.517 | INFO     | __main__:main:580 - 继续监听唤醒词...
2025-04-16 09:58:06.531 | ERROR    | __main__:start_wake_detection:288 - 唤醒检测错误: [Errno -9999] Unanticipated host error
2025-04-16 09:58:06.581 | INFO     | __main__:main:580 - 继续监听唤醒词...
2025-04-16 09:58:07.650 | ERROR    | __main__:start_wake_detection:288 - 唤醒检测错误: [Errno -9999] Unanticipated host error
2025-04-16 09:58:07.693 | INFO     | __main__:main:580 - 继续监听唤醒词...
2025-04-16 09:58:08.740 | ERROR    | __main__:start_wake_detection:288 - 唤醒检测错误: [Errno -9999] Unanticipated host error
2025-04-16 09:58:08.805 | INFO     | __main__:main:580 - 继续监听唤醒词...
2025-04-16 09:58:09.878 | ERROR    | __main__:start_wake_detection:288 - 唤醒检测错误: [Errno -9999] Unanticipated host error
2025-04-16 09:58:09.913 | INFO     | __main__:main:580 - 继续监听唤醒词...
2025-04-16 09:58:10.942 | ERROR    | __main__:start_wake_detection:288 - 唤醒检测错误: [Errno -9999] Unanticipated host error
2025-04-16 09:58:11.004 | INFO     | __main__:main:580 - 继续监听唤醒词...
2025-04-16 09:58:12.037 | ERROR    | __main__:start_wake_detection:288 - 唤醒检测错误: [Errno -9999] Unanticipated host error
2025-04-16 09:58:12.095 | INFO     | __main__:main:580 - 继续监听唤醒词...
2025-04-16 09:58:13.174 | ERROR    | __main__:start_wake_detection:288 - 唤醒检测错误: [Errno -9999] Unanticipated host error
2025-04-16 09:58:13.252 | INFO     | __main__:main:580 - 继续监听唤醒词...
2025-04-16 09:58:14.288 | ERROR    | __main__:start_wake_detection:288 - 唤醒检测错误: [Errno -9999] Unanticipated host error
2025-04-16 09:58:14.330 | INFO     | __main__:main:580 - 继续监听唤醒词...
2025-04-16 09:58:15.377 | ERROR    | __main__:start_wake_detection:288 - 唤醒检测错误: [Errno -9999] Unanticipated host error
2025-04-16 09:58:15.449 | INFO     | __main__:main:580 - 继续监听唤醒词...
2025-04-16 09:58:16.548 | INFO     | __main__:start_wake_detection:268 - 开始监听唤醒词...
