2025-05-09 17:01:48.143 | INFO     | __main__:load_keywords_dict:162 - 成功加载关键词词典: ./keywords_dicts\keywords_dict.yaml
2025-05-09 17:01:52.688 | INFO     | __main__:_init_expression_server:148 - 表情服务器启动成功
2025-05-09 17:01:52.689 | INFO     | __main__:run_modbus_server:201 - Modbus 从机正在 192.168.1.125:599 上监听...
2025-05-09 17:01:53.705 | INFO     | __main__:request_monitor:184 - 当前保持寄存器数据: [0, 0, 0, 0, 0, 0, 0, 0, 0, 0]
2025-05-09 17:01:54.719 | INFO     | __main__:request_monitor:184 - 当前保持寄存器数据: [0, 0, 0, 0, 0, 0, 0, 0, 0, 0]
2025-05-09 17:01:55.727 | INFO     | __main__:request_monitor:184 - 当前保持寄存器数据: [0, 0, 0, 0, 0, 0, 0, 0, 0, 0]
2025-05-09 17:01:56.736 | INFO     | __main__:request_monitor:184 - 当前保持寄存器数据: [0, 0, 0, 0, 0, 0, 0, 0, 0, 0]
2025-05-09 17:01:57.739 | INFO     | __main__:request_monitor:184 - 当前保持寄存器数据: [0, 0, 0, 0, 0, 0, 0, 0, 0, 0]
2025-05-09 17:01:58.735 | INFO     | __main__:request_monitor:184 - 当前保持寄存器数据: [0, 0, 0, 0, 0, 0, 0, 0, 0, 0]
2025-05-09 17:01:59.737 | INFO     | __main__:request_monitor:184 - 当前保持寄存器数据: [0, 0, 0, 0, 0, 0, 0, 0, 0, 0]
2025-05-09 17:02:00.754 | INFO     | __main__:request_monitor:184 - 当前保持寄存器数据: [0, 0, 0, 0, 0, 0, 0, 0, 0, 0]
2025-05-09 17:02:01.769 | INFO     | __main__:request_monitor:184 - 当前保持寄存器数据: [0, 0, 0, 0, 0, 0, 0, 0, 0, 0]
2025-05-09 17:02:02.773 | INFO     | __main__:request_monitor:184 - 当前保持寄存器数据: [0, 0, 0, 0, 0, 0, 0, 0, 0, 0]
2025-05-09 17:02:03.773 | INFO     | __main__:request_monitor:184 - 当前保持寄存器数据: [0, 0, 0, 0, 0, 0, 0, 0, 0, 0]
2025-05-09 17:02:04.788 | INFO     | __main__:request_monitor:184 - 当前保持寄存器数据: [0, 0, 0, 0, 0, 0, 0, 0, 0, 0]
2025-05-09 17:02:05.788 | INFO     | __main__:request_monitor:184 - 当前保持寄存器数据: [0, 0, 0, 0, 0, 0, 0, 0, 0, 0]
2025-05-09 17:02:06.798 | INFO     | __main__:request_monitor:184 - 当前保持寄存器数据: [0, 0, 0, 0, 0, 0, 0, 0, 0, 0]
2025-05-09 17:02:07.805 | INFO     | __main__:request_monitor:184 - 当前保持寄存器数据: [0, 0, 0, 0, 0, 0, 0, 0, 0, 0]
2025-05-09 17:02:08.817 | INFO     | __main__:request_monitor:184 - 当前保持寄存器数据: [0, 0, 0, 0, 0, 0, 0, 0, 0, 0]
2025-05-09 17:02:09.824 | INFO     | __main__:request_monitor:184 - 当前保持寄存器数据: [0, 0, 0, 0, 0, 0, 0, 0, 0, 0]
2025-05-09 17:02:10.839 | INFO     | __main__:request_monitor:184 - 当前保持寄存器数据: [111, 0, 0, 0, 0, 0, 0, 0, 0, 0]
2025-05-09 17:02:10.839 | INFO     | __main__:request_monitor:186 - 切换表情：眨眼
2025-05-09 17:02:10.839 | INFO     | __main__:request_monitor:188 - 保持寄存器读到111
2025-05-09 17:02:10.839 | INFO     | __main__:request_monitor:189 - 当前保持寄存器数据: [111, 0, 0, 0, 0, 0, 0, 0, 0, 0]
2025-05-09 17:02:10.839 | INFO     | __main__:request_monitor:191 - 开始清零
2025-05-09 17:02:10.839 | INFO     | __main__:request_monitor:192 - 当前保持寄存器数据: [111, 0, 0, 0, 0, 0, 0, 0, 0, 0]
2025-05-09 17:02:10.839 | INFO     | __main__:request_monitor:194 - 当前保持寄存器数据: [111, 0, 0, 0, 0, 0, 0, 0, 0, 0]
2025-05-09 17:02:10.839 | INFO     | __main__:request_monitor:195 - 检测到寄存器值为 111，准备退出...
2025-05-09 17:02:10.927 | INFO     | __main__:start_wake_detection:268 - 开始监听唤醒词...
2025-05-09 17:02:16.191 | INFO     | __main__:wake_callback:170 - ==================================================
2025-05-09 17:02:16.191 | INFO     | __main__:wake_callback:171 - >>> 检测到唤醒词！请说出您的指令 <<<
2025-05-09 17:02:19.630 | INFO     | __main__:wake_callback:176 - ==================================================
2025-05-09 17:02:19.635 | INFO     | __main__:start_speech_recognition:295 - 开始语音识别...
2025-05-09 17:02:21.959 | INFO     | __main__:run:523 - * 开始录音...
2025-05-09 17:02:27.979 | INFO     | __main__:on_message:381 - 
2025-05-09 17:02:28.029 | INFO     | __main__:on_close:501 - 
### 语音识别结束 ###
2025-05-09 17:02:28.029 | INFO     | __main__:run:556 - * 录音结束
2025-05-09 17:02:28.036 | INFO     | __main__:main:580 - 继续监听唤醒词...
2025-05-09 17:02:29.104 | INFO     | __main__:start_wake_detection:268 - 开始监听唤醒词...
2025-05-09 17:07:11.942 | INFO     | __main__:wake_callback:170 - ==================================================
2025-05-09 17:07:11.942 | INFO     | __main__:wake_callback:171 - >>> 检测到唤醒词！请说出您的指令 <<<
2025-05-09 17:07:15.371 | INFO     | __main__:wake_callback:176 - ==================================================
2025-05-09 17:07:15.378 | INFO     | __main__:start_speech_recognition:295 - 开始语音识别...
2025-05-09 17:07:15.602 | INFO     | __main__:run:523 - * 开始录音...
2025-05-09 17:07:22.454 | INFO     | __main__:on_message:381 - 打红色方便
2025-05-09 17:07:22.808 | INFO     | __main__:on_close:501 - 
### 语音识别结束 ###
2025-05-09 17:07:22.808 | INFO     | __main__:run:556 - * 录音结束
2025-05-09 17:07:22.809 | INFO     | __main__:on_close:503 - 
正在分析关键词...
2025-05-09 17:07:27.554 | INFO     | __main__:main:580 - 继续监听唤醒词...
2025-05-09 17:07:28.634 | INFO     | __main__:start_wake_detection:268 - 开始监听唤醒词...
2025-05-09 17:07:32.739 | INFO     | __main__:wake_callback:170 - ==================================================
2025-05-09 17:07:32.739 | INFO     | __main__:wake_callback:171 - >>> 检测到唤醒词！请说出您的指令 <<<
2025-05-09 17:07:36.057 | INFO     | __main__:wake_callback:176 - ==================================================
2025-05-09 17:07:36.057 | INFO     | __main__:start_speech_recognition:295 - 开始语音识别...
2025-05-09 17:07:36.235 | INFO     | __main__:run:523 - * 开始录音...
2025-05-09 17:07:41.096 | INFO     | __main__:on_message:381 - 把绿色方块放到红色盒子里
2025-05-09 17:07:42.252 | INFO     | __main__:on_message:381 - 。
2025-05-09 17:07:42.301 | INFO     | __main__:on_close:501 - 
### 语音识别结束 ###
2025-05-09 17:07:42.301 | INFO     | __main__:run:556 - * 录音结束
2025-05-09 17:07:42.301 | INFO     | __main__:on_close:503 - 
正在分析关键词...
2025-05-09 17:07:42.776 | INFO     | __main__:match_keywords:495 - 找到匹配关键词: 方块 匹配 方块
2025-05-09 17:07:42.776 | INFO     | __main__:match_keywords:495 - 找到匹配关键词: 红色 匹配 红色
2025-05-09 17:07:47.980 | INFO     | __main__:process_text_and_send_signal:447 - 发送信号: 401
2025-05-09 17:07:47.981 | INFO     | __main__:process_text_and_send_signal:448 - 切换表情：开心
2025-05-09 17:07:47.982 | INFO     | __main__:main:580 - 继续监听唤醒词...
2025-05-09 17:07:49.053 | INFO     | __main__:start_wake_detection:268 - 开始监听唤醒词...
2025-05-09 17:08:17.025 | INFO     | __main__:wake_callback:170 - ==================================================
2025-05-09 17:08:17.025 | INFO     | __main__:wake_callback:171 - >>> 检测到唤醒词！请说出您的指令 <<<
2025-05-09 17:08:20.449 | INFO     | __main__:wake_callback:176 - ==================================================
2025-05-09 17:08:20.459 | INFO     | __main__:start_speech_recognition:295 - 开始语音识别...
2025-05-09 17:08:20.629 | INFO     | __main__:run:523 - * 开始录音...
2025-05-09 17:08:25.291 | INFO     | __main__:on_message:381 - 把红色盒子放到绿色盒子里
2025-05-09 17:08:26.569 | INFO     | __main__:on_message:381 - 。
2025-05-09 17:08:26.717 | INFO     | __main__:on_close:501 - 
### 语音识别结束 ###
2025-05-09 17:08:26.717 | INFO     | __main__:run:556 - * 录音结束
2025-05-09 17:08:26.717 | INFO     | __main__:on_close:503 - 
正在分析关键词...
2025-05-09 17:08:26.717 | INFO     | __main__:match_keywords:495 - 找到匹配关键词: 红色 匹配 红色
2025-05-09 17:08:26.717 | INFO     | __main__:match_keywords:495 - 找到匹配关键词: 绿色 匹配 绿色
2025-05-09 17:08:32.394 | INFO     | __main__:main:580 - 继续监听唤醒词...
2025-05-09 17:08:33.476 | INFO     | __main__:start_wake_detection:268 - 开始监听唤醒词...
