2025-04-29 17:02:03.412 | INFO     | __main__:load_keywords_dict:162 - 成功加载关键词词典: ./keywords_dicts\keywords_dict.yaml
2025-04-29 17:02:09.178 | INFO     | __main__:_init_expression_server:148 - 表情服务器启动成功
2025-04-29 17:02:09.178 | INFO     | __main__:run_modbus_server:201 - Modbus 从机正在 192.168.1.125:599 上监听...
2025-04-29 17:02:10.193 | INFO     | __main__:request_monitor:184 - 当前保持寄存器数据: [0, 0, 0, 0, 0, 0, 0, 0, 0, 0]
2025-04-29 17:02:11.212 | INFO     | __main__:request_monitor:184 - 当前保持寄存器数据: [0, 0, 0, 0, 0, 0, 0, 0, 0, 0]
2025-04-29 17:02:12.212 | INFO     | __main__:request_monitor:184 - 当前保持寄存器数据: [0, 0, 0, 0, 0, 0, 0, 0, 0, 0]
2025-04-29 17:02:13.205 | INFO     | __main__:request_monitor:184 - 当前保持寄存器数据: [0, 0, 0, 0, 0, 0, 0, 0, 0, 0]
2025-04-29 17:02:14.214 | INFO     | __main__:request_monitor:184 - 当前保持寄存器数据: [0, 0, 0, 0, 0, 0, 0, 0, 0, 0]
2025-04-29 17:02:15.216 | INFO     | __main__:request_monitor:184 - 当前保持寄存器数据: [0, 0, 0, 0, 0, 0, 0, 0, 0, 0]
2025-04-29 17:02:16.220 | INFO     | __main__:request_monitor:184 - 当前保持寄存器数据: [0, 0, 0, 0, 0, 0, 0, 0, 0, 0]
2025-04-29 17:02:17.221 | INFO     | __main__:request_monitor:184 - 当前保持寄存器数据: [0, 0, 0, 0, 0, 0, 0, 0, 0, 0]
2025-04-29 17:02:18.222 | INFO     | __main__:request_monitor:184 - 当前保持寄存器数据: [0, 0, 0, 0, 0, 0, 0, 0, 0, 0]
2025-04-29 17:02:19.226 | INFO     | __main__:request_monitor:184 - 当前保持寄存器数据: [0, 0, 0, 0, 0, 0, 0, 0, 0, 0]
2025-04-29 17:02:20.245 | INFO     | __main__:request_monitor:184 - 当前保持寄存器数据: [111, 0, 0, 0, 0, 0, 0, 0, 0, 0]
2025-04-29 17:02:20.245 | INFO     | __main__:request_monitor:186 - 切换表情：眨眼
2025-04-29 17:02:20.245 | INFO     | __main__:request_monitor:188 - 保持寄存器读到111
2025-04-29 17:02:20.245 | INFO     | __main__:request_monitor:189 - 当前保持寄存器数据: [111, 0, 0, 0, 0, 0, 0, 0, 0, 0]
2025-04-29 17:02:20.245 | INFO     | __main__:request_monitor:191 - 开始清零
2025-04-29 17:02:20.245 | INFO     | __main__:request_monitor:192 - 当前保持寄存器数据: [111, 0, 0, 0, 0, 0, 0, 0, 0, 0]
2025-04-29 17:02:20.245 | INFO     | __main__:request_monitor:194 - 当前保持寄存器数据: [111, 0, 0, 0, 0, 0, 0, 0, 0, 0]
2025-04-29 17:02:20.245 | INFO     | __main__:request_monitor:195 - 检测到寄存器值为 111，准备退出...
2025-04-29 17:02:20.323 | INFO     | __main__:start_wake_detection:268 - 开始监听唤醒词...
2025-04-29 17:02:38.638 | ERROR    | __main__:start_wake_detection:288 - 唤醒检测错误: [Errno -9999] Unanticipated host error
2025-04-29 17:02:38.647 | INFO     | __main__:main:580 - 继续监听唤醒词...
2025-04-29 17:02:39.700 | INFO     | __main__:start_wake_detection:268 - 开始监听唤醒词...
