2025-04-18 17:30:04.398 | INFO     | __main__:load_keywords_dict:162 - 成功加载关键词词典: ./keywords_dicts\keywords_dict.yaml
2025-04-18 17:30:07.875 | INFO     | __main__:_init_expression_server:148 - 表情服务器启动成功
2025-04-18 17:30:07.875 | INFO     | __main__:run_modbus_server:201 - Modbus 从机正在 192.168.1.125:599 上监听...
2025-04-18 17:30:08.889 | INFO     | __main__:request_monitor:184 - 当前保持寄存器数据: [0, 0, 0, 0, 0, 0, 0, 0, 0, 0]
2025-04-18 17:30:09.893 | INFO     | __main__:request_monitor:184 - 当前保持寄存器数据: [0, 0, 0, 0, 0, 0, 0, 0, 0, 0]
2025-04-18 17:30:10.903 | INFO     | __main__:request_monitor:184 - 当前保持寄存器数据: [0, 0, 0, 0, 0, 0, 0, 0, 0, 0]
2025-04-18 17:30:11.905 | INFO     | __main__:request_monitor:184 - 当前保持寄存器数据: [0, 0, 0, 0, 0, 0, 0, 0, 0, 0]
2025-04-18 17:30:12.922 | INFO     | __main__:request_monitor:184 - 当前保持寄存器数据: [0, 0, 0, 0, 0, 0, 0, 0, 0, 0]
2025-04-18 17:30:13.937 | INFO     | __main__:request_monitor:184 - 当前保持寄存器数据: [0, 0, 0, 0, 0, 0, 0, 0, 0, 0]
2025-04-18 17:30:14.945 | INFO     | __main__:request_monitor:184 - 当前保持寄存器数据: [0, 0, 0, 0, 0, 0, 0, 0, 0, 0]
2025-04-18 17:30:15.953 | INFO     | __main__:request_monitor:184 - 当前保持寄存器数据: [0, 0, 0, 0, 0, 0, 0, 0, 0, 0]
2025-04-18 17:30:16.956 | INFO     | __main__:request_monitor:184 - 当前保持寄存器数据: [0, 0, 0, 0, 0, 0, 0, 0, 0, 0]
2025-04-18 17:30:17.953 | INFO     | __main__:request_monitor:184 - 当前保持寄存器数据: [0, 0, 0, 0, 0, 0, 0, 0, 0, 0]
2025-04-18 17:30:18.955 | INFO     | __main__:request_monitor:184 - 当前保持寄存器数据: [0, 0, 0, 0, 0, 0, 0, 0, 0, 0]
2025-04-18 17:30:19.955 | INFO     | __main__:request_monitor:184 - 当前保持寄存器数据: [0, 0, 0, 0, 0, 0, 0, 0, 0, 0]
2025-04-18 17:30:20.964 | INFO     | __main__:request_monitor:184 - 当前保持寄存器数据: [0, 0, 0, 0, 0, 0, 0, 0, 0, 0]
2025-04-18 17:30:21.969 | INFO     | __main__:request_monitor:184 - 当前保持寄存器数据: [0, 0, 0, 0, 0, 0, 0, 0, 0, 0]
2025-04-18 17:30:22.975 | INFO     | __main__:request_monitor:184 - 当前保持寄存器数据: [111, 0, 0, 0, 0, 0, 0, 0, 0, 0]
2025-04-18 17:30:22.975 | INFO     | __main__:request_monitor:186 - 切换表情：眨眼
2025-04-18 17:30:22.975 | INFO     | __main__:request_monitor:188 - 保持寄存器读到111
2025-04-18 17:30:22.975 | INFO     | __main__:request_monitor:189 - 当前保持寄存器数据: [111, 0, 0, 0, 0, 0, 0, 0, 0, 0]
2025-04-18 17:30:22.975 | INFO     | __main__:request_monitor:191 - 开始清零
2025-04-18 17:30:22.975 | INFO     | __main__:request_monitor:192 - 当前保持寄存器数据: [111, 0, 0, 0, 0, 0, 0, 0, 0, 0]
2025-04-18 17:30:22.975 | INFO     | __main__:request_monitor:194 - 当前保持寄存器数据: [111, 0, 0, 0, 0, 0, 0, 0, 0, 0]
2025-04-18 17:30:22.975 | INFO     | __main__:request_monitor:195 - 检测到寄存器值为 111，准备退出...
2025-04-18 17:30:23.089 | INFO     | __main__:start_wake_detection:268 - 开始监听唤醒词...
2025-04-18 17:30:25.607 | INFO     | __main__:wake_callback:170 - ==================================================
2025-04-18 17:30:25.607 | INFO     | __main__:wake_callback:171 - >>> 检测到唤醒词！请说出您的指令 <<<
2025-04-18 17:30:29.185 | INFO     | __main__:wake_callback:176 - ==================================================
2025-04-18 17:30:29.191 | INFO     | __main__:start_speech_recognition:295 - 开始语音识别...
2025-04-18 17:30:29.385 | INFO     | __main__:run:523 - * 开始录音...
2025-04-18 17:30:32.705 | INFO     | __main__:on_message:381 - 将绿色方块放到方形盒子
2025-04-18 17:30:34.039 | INFO     | __main__:on_message:381 - 。
2025-04-18 17:30:35.451 | INFO     | __main__:on_close:501 - 
### 语音识别结束 ###
2025-04-18 17:30:35.451 | INFO     | __main__:on_close:503 - 
正在分析关键词...
2025-04-18 17:30:35.451 | INFO     | __main__:run:556 - * 录音结束
2025-04-18 17:30:36.053 | INFO     | __main__:match_keywords:495 - 找到匹配关键词: 方块 匹配 方块
2025-04-18 17:30:36.053 | INFO     | __main__:match_keywords:495 - 找到匹配关键词: 方形 匹配 方形
2025-04-18 17:30:41.319 | INFO     | __main__:process_text_and_send_signal:447 - 发送信号: 401
2025-04-18 17:30:41.319 | INFO     | __main__:process_text_and_send_signal:448 - 切换表情：开心
2025-04-18 17:30:41.326 | INFO     | __main__:main:580 - 继续监听唤醒词...
2025-04-18 17:30:42.429 | INFO     | __main__:start_wake_detection:268 - 开始监听唤醒词...
2025-04-18 17:41:00.888 | INFO     | __main__:wake_callback:170 - ==================================================
2025-04-18 17:41:00.903 | INFO     | __main__:wake_callback:171 - >>> 检测到唤醒词！请说出您的指令 <<<
2025-04-18 17:41:04.256 | INFO     | __main__:wake_callback:176 - ==================================================
2025-04-18 17:41:04.262 | INFO     | __main__:start_speech_recognition:295 - 开始语音识别...
2025-04-18 17:41:04.487 | INFO     | __main__:run:523 - * 开始录音...
2025-04-18 17:41:07.521 | INFO     | __main__:on_message:381 - 将绿色方块放到方形盒子里
2025-04-18 17:41:08.838 | INFO     | __main__:on_message:381 - 。
2025-04-18 17:41:10.552 | INFO     | __main__:on_close:501 - 
### 语音识别结束 ###
2025-04-18 17:41:10.552 | INFO     | __main__:run:556 - * 录音结束
2025-04-18 17:41:10.552 | INFO     | __main__:on_close:503 - 
正在分析关键词...
2025-04-18 17:41:10.552 | INFO     | __main__:match_keywords:495 - 找到匹配关键词: 方块 匹配 方块
2025-04-18 17:41:10.562 | INFO     | __main__:match_keywords:495 - 找到匹配关键词: 方形 匹配 方形
2025-04-18 17:41:16.833 | INFO     | __main__:process_text_and_send_signal:447 - 发送信号: 401
2025-04-18 17:41:16.838 | INFO     | __main__:process_text_and_send_signal:448 - 切换表情：开心
2025-04-18 17:41:16.841 | INFO     | __main__:main:580 - 继续监听唤醒词...
2025-04-18 17:41:17.933 | INFO     | __main__:start_wake_detection:268 - 开始监听唤醒词...
2025-04-18 17:41:59.495 | INFO     | __main__:wake_callback:170 - ==================================================
2025-04-18 17:41:59.495 | INFO     | __main__:wake_callback:171 - >>> 检测到唤醒词！请说出您的指令 <<<
2025-04-18 17:42:02.979 | INFO     | __main__:wake_callback:176 - ==================================================
2025-04-18 17:42:02.985 | INFO     | __main__:start_speech_recognition:295 - 开始语音识别...
2025-04-18 17:42:03.291 | INFO     | __main__:run:523 - * 开始录音...
2025-04-18 17:42:06.954 | INFO     | __main__:on_message:381 - 将绿色方块放到方形盒子里
2025-04-18 17:42:08.244 | INFO     | __main__:on_message:381 - 。
2025-04-18 17:42:09.360 | INFO     | __main__:on_close:501 - 
### 语音识别结束 ###
2025-04-18 17:42:09.360 | INFO     | __main__:run:556 - * 录音结束
2025-04-18 17:42:09.360 | INFO     | __main__:on_close:503 - 
正在分析关键词...
2025-04-18 17:42:09.376 | INFO     | __main__:match_keywords:495 - 找到匹配关键词: 方块 匹配 方块
2025-04-18 17:42:09.378 | INFO     | __main__:match_keywords:495 - 找到匹配关键词: 方形 匹配 方形
2025-04-18 17:42:14.620 | INFO     | __main__:process_text_and_send_signal:447 - 发送信号: 401
2025-04-18 17:42:14.625 | INFO     | __main__:process_text_and_send_signal:448 - 切换表情：开心
2025-04-18 17:42:14.629 | INFO     | __main__:main:580 - 继续监听唤醒词...
2025-04-18 17:42:15.722 | INFO     | __main__:start_wake_detection:268 - 开始监听唤醒词...
2025-04-18 17:56:40.702 | INFO     | __main__:wake_callback:170 - ==================================================
2025-04-18 17:56:40.702 | INFO     | __main__:wake_callback:171 - >>> 检测到唤醒词！请说出您的指令 <<<
2025-04-18 17:56:44.181 | INFO     | __main__:wake_callback:176 - ==================================================
2025-04-18 17:56:44.188 | INFO     | __main__:start_speech_recognition:295 - 开始语音识别...
2025-04-18 17:56:44.474 | INFO     | __main__:run:523 - * 开始录音...
2025-04-18 17:56:48.141 | INFO     | __main__:on_message:381 - 将方块放到方形盒子中
2025-04-18 17:56:49.470 | INFO     | __main__:on_message:381 - 。
2025-04-18 17:56:50.551 | INFO     | __main__:on_close:501 - 
### 语音识别结束 ###
2025-04-18 17:56:50.551 | INFO     | __main__:on_close:503 - 
正在分析关键词...
2025-04-18 17:56:50.551 | INFO     | __main__:run:556 - * 录音结束
2025-04-18 17:56:50.551 | INFO     | __main__:match_keywords:495 - 找到匹配关键词: 方块 匹配 方块
2025-04-18 17:56:50.551 | INFO     | __main__:match_keywords:495 - 找到匹配关键词: 方形 匹配 方形
2025-04-18 17:56:55.920 | INFO     | __main__:process_text_and_send_signal:447 - 发送信号: 401
2025-04-18 17:56:55.920 | INFO     | __main__:process_text_and_send_signal:448 - 切换表情：开心
2025-04-18 17:56:55.925 | INFO     | __main__:main:580 - 继续监听唤醒词...
2025-04-18 17:56:56.994 | INFO     | __main__:start_wake_detection:268 - 开始监听唤醒词...
2025-04-18 18:08:54.786 | INFO     | __main__:wake_callback:170 - ==================================================
2025-04-18 18:08:54.786 | INFO     | __main__:wake_callback:171 - >>> 检测到唤醒词！请说出您的指令 <<<
2025-04-18 18:08:58.283 | INFO     | __main__:wake_callback:176 - ==================================================
2025-04-18 18:08:58.288 | INFO     | __main__:start_speech_recognition:295 - 开始语音识别...
2025-04-18 18:08:58.575 | INFO     | __main__:run:523 - * 开始录音...
2025-04-18 18:09:01.768 | INFO     | __main__:on_message:381 - 将圆形放到方形盒子中
2025-04-18 18:09:03.118 | INFO     | __main__:on_message:381 - 。
2025-04-18 18:09:04.648 | INFO     | __main__:on_close:501 - 
### 语音识别结束 ###
2025-04-18 18:09:04.648 | INFO     | __main__:run:556 - * 录音结束
2025-04-18 18:09:04.648 | INFO     | __main__:on_close:503 - 
正在分析关键词...
2025-04-18 18:09:04.648 | INFO     | __main__:match_keywords:495 - 找到匹配关键词: 圆形 匹配 圆形
2025-04-18 18:09:04.651 | INFO     | __main__:match_keywords:495 - 找到匹配关键词: 方形 匹配 方形
2025-04-18 18:09:10.019 | INFO     | __main__:process_text_and_send_signal:461 - 发送信号: 403
2025-04-18 18:09:10.019 | INFO     | __main__:process_text_and_send_signal:462 - 切换表情：开心
2025-04-18 18:09:10.019 | INFO     | __main__:main:580 - 继续监听唤醒词...
2025-04-18 18:09:11.117 | INFO     | __main__:start_wake_detection:268 - 开始监听唤醒词...
2025-04-18 18:10:00.030 | INFO     | __main__:wake_callback:170 - ==================================================
2025-04-18 18:10:00.030 | INFO     | __main__:wake_callback:171 - >>> 检测到唤醒词！请说出您的指令 <<<
2025-04-18 18:10:03.576 | INFO     | __main__:wake_callback:176 - ==================================================
2025-04-18 18:10:03.583 | INFO     | __main__:start_speech_recognition:295 - 开始语音识别...
2025-04-18 18:10:03.883 | INFO     | __main__:run:523 - * 开始录音...
2025-04-18 18:10:06.900 | INFO     | __main__:on_message:381 - 将圆形放到方形盒子中
2025-04-18 18:10:08.268 | INFO     | __main__:on_message:381 - 。
2025-04-18 18:10:09.978 | INFO     | __main__:on_close:501 - 
### 语音识别结束 ###
2025-04-18 18:10:09.978 | INFO     | __main__:on_close:503 - 
正在分析关键词...
2025-04-18 18:10:09.978 | INFO     | __main__:run:556 - * 录音结束
2025-04-18 18:10:09.985 | INFO     | __main__:match_keywords:495 - 找到匹配关键词: 圆形 匹配 圆形
2025-04-18 18:10:09.985 | INFO     | __main__:match_keywords:495 - 找到匹配关键词: 方形 匹配 方形
2025-04-18 18:10:15.314 | INFO     | __main__:process_text_and_send_signal:461 - 发送信号: 403
2025-04-18 18:10:15.314 | INFO     | __main__:process_text_and_send_signal:462 - 切换表情：开心
2025-04-18 18:10:15.319 | INFO     | __main__:main:580 - 继续监听唤醒词...
2025-04-18 18:10:16.390 | INFO     | __main__:start_wake_detection:268 - 开始监听唤醒词...
2025-04-18 18:11:59.093 | INFO     | __main__:wake_callback:170 - ==================================================
2025-04-18 18:11:59.109 | INFO     | __main__:wake_callback:171 - >>> 检测到唤醒词！请说出您的指令 <<<
2025-04-18 18:12:02.738 | INFO     | __main__:wake_callback:176 - ==================================================
2025-04-18 18:12:02.744 | INFO     | __main__:start_speech_recognition:295 - 开始语音识别...
2025-04-18 18:12:02.983 | INFO     | __main__:run:523 - * 开始录音...
2025-04-18 18:12:07.202 | INFO     | __main__:on_message:381 - 将绿色方块放到方形盒子中
2025-04-18 18:12:08.559 | INFO     | __main__:on_message:381 - 。
2025-04-18 18:12:09.049 | INFO     | __main__:on_close:501 - 
### 语音识别结束 ###
2025-04-18 18:12:09.049 | INFO     | __main__:run:556 - * 录音结束
2025-04-18 18:12:09.049 | INFO     | __main__:on_close:503 - 
正在分析关键词...
2025-04-18 18:12:09.049 | INFO     | __main__:match_keywords:495 - 找到匹配关键词: 方块 匹配 方块
2025-04-18 18:12:09.049 | INFO     | __main__:match_keywords:495 - 找到匹配关键词: 方形 匹配 方形
2025-04-18 18:12:14.342 | INFO     | __main__:process_text_and_send_signal:447 - 发送信号: 401
2025-04-18 18:12:14.342 | INFO     | __main__:process_text_and_send_signal:448 - 切换表情：开心
2025-04-18 18:12:14.348 | INFO     | __main__:main:580 - 继续监听唤醒词...
2025-04-18 18:12:15.424 | INFO     | __main__:start_wake_detection:268 - 开始监听唤醒词...
2025-04-18 18:14:10.897 | INFO     | __main__:wake_callback:170 - ==================================================
2025-04-18 18:14:10.897 | INFO     | __main__:wake_callback:171 - >>> 检测到唤醒词！请说出您的指令 <<<
2025-04-18 18:14:14.320 | INFO     | __main__:wake_callback:176 - ==================================================
2025-04-18 18:14:14.329 | INFO     | __main__:start_speech_recognition:295 - 开始语音识别...
2025-04-18 18:14:14.602 | INFO     | __main__:run:523 - * 开始录音...
2025-04-18 18:14:20.117 | INFO     | __main__:on_message:381 - 将圆形放到圆方形盒子
2025-04-18 18:14:21.244 | INFO     | __main__:on_close:501 - 
### 语音识别结束 ###
2025-04-18 18:14:21.244 | INFO     | __main__:on_close:503 - 
正在分析关键词...
2025-04-18 18:14:21.244 | INFO     | __main__:match_keywords:495 - 找到匹配关键词: 圆形 匹配 圆形
2025-04-18 18:14:21.250 | INFO     | __main__:match_keywords:495 - 找到匹配关键词: 方形 匹配 方形
2025-04-18 18:14:21.310 | INFO     | __main__:run:556 - * 录音结束
2025-04-18 18:14:26.753 | INFO     | __main__:process_text_and_send_signal:461 - 发送信号: 403
2025-04-18 18:14:26.753 | INFO     | __main__:process_text_and_send_signal:462 - 切换表情：开心
2025-04-18 18:14:26.761 | INFO     | __main__:main:580 - 继续监听唤醒词...
2025-04-18 18:14:27.833 | INFO     | __main__:start_wake_detection:268 - 开始监听唤醒词...
2025-04-18 18:15:16.104 | INFO     | __main__:wake_callback:170 - ==================================================
2025-04-18 18:15:16.104 | INFO     | __main__:wake_callback:171 - >>> 检测到唤醒词！请说出您的指令 <<<
2025-04-18 18:15:19.900 | INFO     | __main__:wake_callback:176 - ==================================================
2025-04-18 18:15:19.906 | INFO     | __main__:start_speech_recognition:295 - 开始语音识别...
2025-04-18 18:15:20.163 | INFO     | __main__:run:523 - * 开始录音...
2025-04-18 18:15:23.484 | INFO     | __main__:on_message:381 - 将方形放到方形盒子
2025-04-18 18:15:24.901 | INFO     | __main__:on_message:381 - 。
2025-04-18 18:15:26.322 | INFO     | __main__:on_close:501 - 
### 语音识别结束 ###
2025-04-18 18:15:26.322 | INFO     | __main__:on_close:503 - 
正在分析关键词...
2025-04-18 18:15:26.322 | INFO     | __main__:run:556 - * 录音结束
2025-04-18 18:15:26.322 | INFO     | __main__:match_keywords:495 - 找到匹配关键词: 方形 匹配 方形
2025-04-18 18:15:26.328 | INFO     | __main__:match_keywords:495 - 找到匹配关键词: 方形 匹配 方形
2025-04-18 18:15:30.427 | INFO     | __main__:process_text_and_send_signal:447 - 发送信号: 401
2025-04-18 18:15:30.427 | INFO     | __main__:process_text_and_send_signal:448 - 切换表情：开心
2025-04-18 18:15:30.432 | INFO     | __main__:main:580 - 继续监听唤醒词...
2025-04-18 18:15:31.493 | INFO     | __main__:start_wake_detection:268 - 开始监听唤醒词...
2025-04-18 18:18:46.969 | INFO     | __main__:wake_callback:170 - ==================================================
2025-04-18 18:18:46.969 | INFO     | __main__:wake_callback:171 - >>> 检测到唤醒词！请说出您的指令 <<<
2025-04-18 18:18:50.360 | INFO     | __main__:wake_callback:176 - ==================================================
2025-04-18 18:18:50.370 | INFO     | __main__:start_speech_recognition:295 - 开始语音识别...
2025-04-18 18:18:50.671 | INFO     | __main__:run:523 - * 开始录音...
2025-04-18 18:18:54.883 | INFO     | __main__:on_message:381 - 将绿色方块放到方形盒子里
2025-04-18 18:18:56.252 | INFO     | __main__:on_message:381 - 。
2025-04-18 18:18:56.739 | INFO     | __main__:on_close:501 - 
### 语音识别结束 ###
2025-04-18 18:18:56.739 | INFO     | __main__:on_close:503 - 
正在分析关键词...
2025-04-18 18:18:56.739 | INFO     | __main__:run:556 - * 录音结束
2025-04-18 18:18:56.739 | INFO     | __main__:match_keywords:495 - 找到匹配关键词: 方块 匹配 方块
2025-04-18 18:18:56.748 | INFO     | __main__:match_keywords:495 - 找到匹配关键词: 方形 匹配 方形
2025-04-18 18:19:01.985 | INFO     | __main__:process_text_and_send_signal:447 - 发送信号: 401
2025-04-18 18:19:01.985 | INFO     | __main__:process_text_and_send_signal:448 - 切换表情：开心
2025-04-18 18:19:01.990 | INFO     | __main__:main:580 - 继续监听唤醒词...
2025-04-18 18:19:03.064 | INFO     | __main__:start_wake_detection:268 - 开始监听唤醒词...
2025-04-18 18:19:34.892 | INFO     | __main__:wake_callback:170 - ==================================================
2025-04-18 18:19:34.892 | INFO     | __main__:wake_callback:171 - >>> 检测到唤醒词！请说出您的指令 <<<
2025-04-18 18:19:38.294 | INFO     | __main__:wake_callback:176 - ==================================================
2025-04-18 18:19:38.305 | INFO     | __main__:start_speech_recognition:295 - 开始语音识别...
2025-04-18 18:19:38.545 | INFO     | __main__:run:523 - * 开始录音...
2025-04-18 18:19:42.083 | INFO     | __main__:on_message:381 - 将绿色方块放到方形盒子中
2025-04-18 18:19:43.400 | INFO     | __main__:on_message:381 - 。
2025-04-18 18:19:44.609 | INFO     | __main__:on_close:501 - 
### 语音识别结束 ###
2025-04-18 18:19:44.609 | INFO     | __main__:on_close:503 - 
正在分析关键词...
2025-04-18 18:19:44.609 | INFO     | __main__:run:556 - * 录音结束
2025-04-18 18:19:44.620 | INFO     | __main__:match_keywords:495 - 找到匹配关键词: 方块 匹配 方块
2025-04-18 18:19:44.621 | INFO     | __main__:match_keywords:495 - 找到匹配关键词: 方形 匹配 方形
2025-04-18 18:19:49.983 | INFO     | __main__:process_text_and_send_signal:447 - 发送信号: 401
2025-04-18 18:19:49.983 | INFO     | __main__:process_text_and_send_signal:448 - 切换表情：开心
2025-04-18 18:19:49.983 | INFO     | __main__:main:580 - 继续监听唤醒词...
2025-04-18 18:19:51.076 | INFO     | __main__:start_wake_detection:268 - 开始监听唤醒词...
