2025-03-22 17:01:23.037 | INFO     | __main__:load_keywords_dict:162 - 成功加载关键词词典: ./keywords_dicts\keywords_dict.yaml
2025-03-22 17:01:27.139 | INFO     | __main__:_init_expression_server:148 - 表情服务器启动成功
2025-03-22 17:01:27.139 | INFO     | __main__:run_modbus_server:201 - Modbus 从机正在 192.168.1.138:599 上监听...
2025-03-22 17:01:28.133 | INFO     | __main__:request_monitor:184 - 当前保持寄存器数据: [0, 0, 0, 0, 0, 0, 0, 0, 0, 0]
2025-03-22 17:01:29.144 | INFO     | __main__:request_monitor:184 - 当前保持寄存器数据: [0, 0, 0, 0, 0, 0, 0, 0, 0, 0]
2025-03-22 17:01:30.147 | INFO     | __main__:run_modbus_server:218 - Modbus服务器任务被取消
2025-03-22 17:01:30.483 | INFO     | __main__:start_wake_detection:268 - 开始监听唤醒词...
2025-03-22 17:01:37.469 | INFO     | __main__:wake_callback:170 - ==================================================
2025-03-22 17:01:37.470 | INFO     | __main__:wake_callback:171 - >>> 检测到唤醒词！请说出您的指令 <<<
2025-03-22 17:01:40.905 | INFO     | __main__:wake_callback:176 - ==================================================
2025-03-22 17:01:40.917 | INFO     | __main__:start_speech_recognition:295 - 开始语音识别...
2025-03-22 17:01:41.175 | INFO     | __main__:run:523 - * 开始录音...
2025-03-22 17:01:46.604 | INFO     | __main__:on_message:381 - 把绿色方块放到方圆盒子里
2025-03-22 17:01:47.187 | INFO     | __main__:on_message:381 - 。
2025-03-22 17:01:47.261 | INFO     | __main__:on_close:501 - 
### 语音识别结束 ###
2025-03-22 17:01:47.261 | INFO     | __main__:run:556 - * 录音结束
2025-03-22 17:01:47.262 | INFO     | __main__:on_close:503 - 
正在分析关键词...
2025-03-22 17:01:47.556 | INFO     | __main__:match_keywords:495 - 找到匹配关键词: 方块 匹配 方块
2025-03-22 17:01:47.556 | INFO     | __main__:process_text_and_send_signal:471 - 未找到匹配的组合
2025-03-22 17:01:52.593 | INFO     | __main__:process_text_and_send_signal:476 - 发送信号: 406
2025-03-22 17:01:52.593 | INFO     | __main__:process_text_and_send_signal:477 - 切换表情：难过
2025-03-22 17:01:52.595 | INFO     | __main__:main:580 - 继续监听唤醒词...
2025-03-22 17:01:53.674 | INFO     | __main__:start_wake_detection:268 - 开始监听唤醒词...
2025-03-22 17:01:57.334 | INFO     | __main__:wake_callback:170 - ==================================================
2025-03-22 17:01:57.334 | INFO     | __main__:wake_callback:171 - >>> 检测到唤醒词！请说出您的指令 <<<
2025-03-22 17:02:00.805 | INFO     | __main__:wake_callback:176 - ==================================================
2025-03-22 17:02:00.815 | INFO     | __main__:start_speech_recognition:295 - 开始语音识别...
2025-03-22 17:02:01.067 | INFO     | __main__:run:523 - * 开始录音...
2025-03-22 17:02:03.106 | INFO     | __main__:on_message:381 - 方形盒子里
2025-03-22 17:02:04.383 | INFO     | __main__:on_message:381 - 。
2025-03-22 17:02:07.144 | INFO     | __main__:on_close:501 - 
### 语音识别结束 ###
2025-03-22 17:02:07.144 | INFO     | __main__:on_close:503 - 
正在分析关键词...
2025-03-22 17:02:07.144 | INFO     | __main__:run:556 - * 录音结束
2025-03-22 17:02:12.073 | INFO     | __main__:main:580 - 继续监听唤醒词...
2025-03-22 17:02:13.153 | INFO     | __main__:start_wake_detection:268 - 开始监听唤醒词...
2025-03-22 17:02:25.770 | INFO     | __main__:wake_callback:170 - ==================================================
2025-03-22 17:02:25.771 | INFO     | __main__:wake_callback:171 - >>> 检测到唤醒词！请说出您的指令 <<<
2025-03-22 17:02:29.176 | INFO     | __main__:wake_callback:176 - ==================================================
2025-03-22 17:02:29.185 | INFO     | __main__:start_speech_recognition:295 - 开始语音识别...
2025-03-22 17:02:29.436 | INFO     | __main__:run:523 - * 开始录音...
2025-03-22 17:02:34.412 | INFO     | __main__:on_message:381 - 把绿色方块放到方形盒子里
2025-03-22 17:02:35.446 | INFO     | __main__:on_message:381 - 。
2025-03-22 17:02:35.517 | INFO     | __main__:on_close:501 - 
### 语音识别结束 ###
2025-03-22 17:02:35.517 | INFO     | __main__:on_close:503 - 
正在分析关键词...
2025-03-22 17:02:35.520 | INFO     | __main__:run:556 - * 录音结束
2025-03-22 17:02:35.524 | INFO     | __main__:match_keywords:495 - 找到匹配关键词: 方块 匹配 方块
2025-03-22 17:02:35.524 | INFO     | __main__:match_keywords:495 - 找到匹配关键词: 方形 匹配 方形
2025-03-22 17:02:40.830 | INFO     | __main__:process_text_and_send_signal:447 - 发送信号: 401
2025-03-22 17:02:40.830 | INFO     | __main__:process_text_and_send_signal:448 - 切换表情：开心
2025-03-22 17:02:40.833 | INFO     | __main__:main:580 - 继续监听唤醒词...
2025-03-22 17:02:41.900 | INFO     | __main__:start_wake_detection:268 - 开始监听唤醒词...
2025-03-22 17:02:47.606 | INFO     | __main__:wake_callback:170 - ==================================================
2025-03-22 17:02:47.606 | INFO     | __main__:wake_callback:171 - >>> 检测到唤醒词！请说出您的指令 <<<
2025-03-22 17:02:51.082 | INFO     | __main__:wake_callback:176 - ==================================================
2025-03-22 17:02:51.094 | INFO     | __main__:start_speech_recognition:295 - 开始语音识别...
2025-03-22 17:02:51.357 | INFO     | __main__:run:523 - * 开始录音...
2025-03-22 17:02:55.311 | INFO     | __main__:on_message:381 - 把绿色方块放到方形盒子里
2025-03-22 17:02:56.654 | INFO     | __main__:on_message:381 - 。
2025-03-22 17:02:57.432 | INFO     | __main__:on_close:501 - 
### 语音识别结束 ###
2025-03-22 17:02:57.432 | INFO     | __main__:on_close:503 - 
正在分析关键词...
2025-03-22 17:02:57.432 | INFO     | __main__:run:556 - * 录音结束
2025-03-22 17:02:57.435 | INFO     | __main__:match_keywords:495 - 找到匹配关键词: 方块 匹配 方块
2025-03-22 17:02:57.435 | INFO     | __main__:match_keywords:495 - 找到匹配关键词: 方形 匹配 方形
2025-03-22 17:03:02.653 | INFO     | __main__:process_text_and_send_signal:447 - 发送信号: 401
2025-03-22 17:03:02.653 | INFO     | __main__:process_text_and_send_signal:448 - 切换表情：开心
2025-03-22 17:03:02.656 | INFO     | __main__:main:580 - 继续监听唤醒词...
2025-03-22 17:03:03.727 | INFO     | __main__:start_wake_detection:268 - 开始监听唤醒词...
2025-03-22 17:03:07.066 | INFO     | __main__:wake_callback:170 - ==================================================
2025-03-22 17:03:07.067 | INFO     | __main__:wake_callback:171 - >>> 检测到唤醒词！请说出您的指令 <<<
2025-03-22 17:03:10.523 | INFO     | __main__:wake_callback:176 - ==================================================
2025-03-22 17:03:10.533 | INFO     | __main__:start_speech_recognition:295 - 开始语音识别...
2025-03-22 17:03:10.808 | INFO     | __main__:run:523 - * 开始录音...
2025-03-22 17:03:16.053 | INFO     | __main__:on_message:381 - 把绿色方块放到方形盒子里
2025-03-22 17:03:16.822 | INFO     | __main__:on_message:381 - 。
2025-03-22 17:03:16.888 | INFO     | __main__:on_close:501 - 
### 语音识别结束 ###
2025-03-22 17:03:16.889 | INFO     | __main__:run:556 - * 录音结束
2025-03-22 17:03:16.889 | INFO     | __main__:on_close:503 - 
正在分析关键词...
2025-03-22 17:03:16.892 | INFO     | __main__:match_keywords:495 - 找到匹配关键词: 方块 匹配 方块
2025-03-22 17:03:16.892 | INFO     | __main__:match_keywords:495 - 找到匹配关键词: 方形 匹配 方形
2025-03-22 17:03:22.243 | INFO     | __main__:process_text_and_send_signal:447 - 发送信号: 401
2025-03-22 17:03:22.244 | INFO     | __main__:process_text_and_send_signal:448 - 切换表情：开心
2025-03-22 17:03:22.246 | INFO     | __main__:main:580 - 继续监听唤醒词...
2025-03-22 17:03:23.315 | INFO     | __main__:start_wake_detection:268 - 开始监听唤醒词...
2025-03-22 17:03:24.544 | INFO     | __main__:wake_callback:170 - ==================================================
2025-03-22 17:03:24.545 | INFO     | __main__:wake_callback:171 - >>> 检测到唤醒词！请说出您的指令 <<<
2025-03-22 17:03:27.978 | INFO     | __main__:wake_callback:176 - ==================================================
2025-03-22 17:03:27.989 | INFO     | __main__:start_speech_recognition:295 - 开始语音识别...
2025-03-22 17:03:28.174 | INFO     | __main__:run:523 - * 开始录音...
2025-03-22 17:03:32.264 | INFO     | __main__:on_message:381 - 把绿色方块放到方形盒子里
2025-03-22 17:03:33.602 | INFO     | __main__:on_message:381 - 。
2025-03-22 17:03:34.243 | INFO     | __main__:on_close:501 - 
### 语音识别结束 ###
2025-03-22 17:03:34.243 | INFO     | __main__:on_close:503 - 
正在分析关键词...
2025-03-22 17:03:34.243 | INFO     | __main__:run:556 - * 录音结束
2025-03-22 17:03:34.245 | INFO     | __main__:match_keywords:495 - 找到匹配关键词: 方块 匹配 方块
2025-03-22 17:03:34.245 | INFO     | __main__:match_keywords:495 - 找到匹配关键词: 方形 匹配 方形
2025-03-22 17:03:39.604 | INFO     | __main__:process_text_and_send_signal:447 - 发送信号: 401
2025-03-22 17:03:39.605 | INFO     | __main__:process_text_and_send_signal:448 - 切换表情：开心
2025-03-22 17:03:39.607 | INFO     | __main__:main:580 - 继续监听唤醒词...
2025-03-22 17:03:40.677 | INFO     | __main__:start_wake_detection:268 - 开始监听唤醒词...
2025-03-22 17:03:54.572 | INFO     | __main__:wake_callback:170 - ==================================================
2025-03-22 17:03:54.572 | INFO     | __main__:wake_callback:171 - >>> 检测到唤醒词！请说出您的指令 <<<
2025-03-22 17:03:58.034 | INFO     | __main__:wake_callback:176 - ==================================================
2025-03-22 17:03:58.047 | INFO     | __main__:start_speech_recognition:295 - 开始语音识别...
2025-03-22 17:03:58.299 | INFO     | __main__:run:523 - * 开始录音...
2025-03-22 17:04:04.378 | INFO     | __main__:on_close:501 - 
### 语音识别结束 ###
2025-03-22 17:04:04.379 | INFO     | __main__:run:556 - * 录音结束
2025-03-22 17:04:04.381 | INFO     | __main__:main:580 - 继续监听唤醒词...
2025-03-22 17:04:05.512 | INFO     | __main__:start_wake_detection:268 - 开始监听唤醒词...
2025-03-22 17:04:41.809 | INFO     | __main__:wake_callback:170 - ==================================================
2025-03-22 17:04:41.814 | INFO     | __main__:wake_callback:171 - >>> 检测到唤醒词！请说出您的指令 <<<
2025-03-22 17:04:45.209 | INFO     | __main__:wake_callback:176 - ==================================================
2025-03-22 17:04:45.221 | INFO     | __main__:start_speech_recognition:295 - 开始语音识别...
2025-03-22 17:04:45.472 | INFO     | __main__:run:523 - * 开始录音...
2025-03-22 17:04:48.917 | INFO     | __main__:on_message:381 - 没有呀
2025-03-22 17:04:50.327 | INFO     | __main__:on_message:381 - ，把这个设备
2025-03-22 17:04:51.540 | INFO     | __main__:on_close:501 - 
### 语音识别结束 ###
2025-03-22 17:04:51.540 | INFO     | __main__:on_close:503 - 
正在分析关键词...
2025-03-22 17:04:51.540 | INFO     | __main__:run:556 - * 录音结束
2025-03-22 17:04:56.407 | INFO     | __main__:main:580 - 继续监听唤醒词...
2025-03-22 17:04:57.469 | INFO     | __main__:start_wake_detection:268 - 开始监听唤醒词...
2025-03-22 17:05:06.055 | INFO     | __main__:wake_callback:170 - ==================================================
2025-03-22 17:05:06.056 | INFO     | __main__:wake_callback:171 - >>> 检测到唤醒词！请说出您的指令 <<<
2025-03-22 17:05:09.467 | INFO     | __main__:wake_callback:176 - ==================================================
2025-03-22 17:05:09.480 | INFO     | __main__:start_speech_recognition:295 - 开始语音识别...
2025-03-22 17:05:09.744 | INFO     | __main__:run:523 - * 开始录音...
2025-03-22 17:05:13.837 | INFO     | __main__:on_message:381 - 打开设备，打开设备，打开设备
2025-03-22 17:05:15.817 | INFO     | __main__:on_close:501 - 
### 语音识别结束 ###
2025-03-22 17:05:15.817 | INFO     | __main__:on_close:503 - 
正在分析关键词...
2025-03-22 17:05:15.817 | INFO     | __main__:run:556 - * 录音结束
2025-03-22 17:05:20.664 | INFO     | __main__:main:580 - 继续监听唤醒词...
2025-03-22 17:05:21.721 | INFO     | __main__:start_wake_detection:268 - 开始监听唤醒词...
2025-03-22 17:05:27.299 | INFO     | __main__:wake_callback:170 - ==================================================
2025-03-22 17:05:27.299 | INFO     | __main__:wake_callback:171 - >>> 检测到唤醒词！请说出您的指令 <<<
2025-03-22 17:05:30.721 | INFO     | __main__:wake_callback:176 - ==================================================
2025-03-22 17:05:30.732 | INFO     | __main__:start_speech_recognition:295 - 开始语音识别...
2025-03-22 17:05:30.988 | INFO     | __main__:run:523 - * 开始录音...
2025-03-22 17:05:35.204 | INFO     | __main__:on_message:381 - 把红色方块放到红色盒子里
2025-03-22 17:05:37.058 | INFO     | __main__:on_close:501 - 
### 语音识别结束 ###
2025-03-22 17:05:37.059 | INFO     | __main__:on_close:503 - 
正在分析关键词...
2025-03-22 17:05:37.059 | INFO     | __main__:run:556 - * 录音结束
2025-03-22 17:05:37.060 | INFO     | __main__:match_keywords:495 - 找到匹配关键词: 方块 匹配 方块
2025-03-22 17:05:37.060 | INFO     | __main__:process_text_and_send_signal:471 - 未找到匹配的组合
2025-03-22 17:05:41.933 | INFO     | __main__:process_text_and_send_signal:476 - 发送信号: 406
2025-03-22 17:05:41.933 | INFO     | __main__:process_text_and_send_signal:477 - 切换表情：难过
2025-03-22 17:05:41.935 | INFO     | __main__:main:580 - 继续监听唤醒词...
2025-03-22 17:05:43.006 | INFO     | __main__:start_wake_detection:268 - 开始监听唤醒词...
