2025-03-22 17:41:00.865 | INFO     | __main__:load_keywords_dict:162 - 成功加载关键词词典: ./keywords_dicts\keywords_dict.yaml
2025-03-22 17:41:04.560 | INFO     | __main__:_init_expression_server:148 - 表情服务器启动成功
2025-03-22 17:41:04.560 | INFO     | __main__:run_modbus_server:201 - Modbus 从机正在 192.168.1.125:599 上监听...
2025-03-22 17:41:05.566 | INFO     | __main__:request_monitor:184 - 当前保持寄存器数据: [0, 0, 0, 0, 0, 0, 0, 0, 0, 0]
2025-03-22 17:41:06.559 | INFO     | __main__:request_monitor:184 - 当前保持寄存器数据: [0, 0, 0, 0, 0, 0, 0, 0, 0, 0]
2025-03-22 17:41:07.561 | INFO     | __main__:request_monitor:184 - 当前保持寄存器数据: [0, 0, 0, 0, 0, 0, 0, 0, 0, 0]
2025-03-22 17:41:08.577 | INFO     | __main__:request_monitor:184 - 当前保持寄存器数据: [0, 0, 0, 0, 0, 0, 0, 0, 0, 0]
2025-03-22 17:41:09.592 | INFO     | __main__:request_monitor:184 - 当前保持寄存器数据: [0, 0, 0, 0, 0, 0, 0, 0, 0, 0]
2025-03-22 17:41:10.600 | INFO     | __main__:request_monitor:184 - 当前保持寄存器数据: [0, 0, 0, 0, 0, 0, 0, 0, 0, 0]
2025-03-22 17:41:11.614 | INFO     | __main__:request_monitor:184 - 当前保持寄存器数据: [0, 0, 0, 0, 0, 0, 0, 0, 0, 0]
2025-03-22 17:41:12.615 | INFO     | __main__:request_monitor:184 - 当前保持寄存器数据: [0, 0, 0, 0, 0, 0, 0, 0, 0, 0]
2025-03-22 17:41:13.611 | INFO     | __main__:request_monitor:184 - 当前保持寄存器数据: [0, 0, 0, 0, 0, 0, 0, 0, 0, 0]
2025-03-22 17:41:14.620 | INFO     | __main__:request_monitor:184 - 当前保持寄存器数据: [0, 0, 0, 0, 0, 0, 0, 0, 0, 0]
2025-03-22 17:41:15.632 | INFO     | __main__:request_monitor:184 - 当前保持寄存器数据: [0, 0, 0, 0, 0, 0, 0, 0, 0, 0]
2025-03-22 17:41:16.645 | INFO     | __main__:request_monitor:184 - 当前保持寄存器数据: [0, 0, 0, 0, 0, 0, 0, 0, 0, 0]
2025-03-22 17:41:17.643 | INFO     | __main__:request_monitor:184 - 当前保持寄存器数据: [0, 0, 0, 0, 0, 0, 0, 0, 0, 0]
2025-03-22 17:41:18.662 | INFO     | __main__:request_monitor:184 - 当前保持寄存器数据: [0, 0, 0, 0, 0, 0, 0, 0, 0, 0]
2025-03-22 17:41:19.663 | INFO     | __main__:request_monitor:184 - 当前保持寄存器数据: [0, 0, 0, 0, 0, 0, 0, 0, 0, 0]
2025-03-22 17:41:20.675 | INFO     | __main__:request_monitor:184 - 当前保持寄存器数据: [0, 0, 0, 0, 0, 0, 0, 0, 0, 0]
2025-03-22 17:41:21.676 | INFO     | __main__:request_monitor:184 - 当前保持寄存器数据: [0, 0, 0, 0, 0, 0, 0, 0, 0, 0]
2025-03-22 17:41:22.676 | INFO     | __main__:request_monitor:184 - 当前保持寄存器数据: [0, 0, 0, 0, 0, 0, 0, 0, 0, 0]
2025-03-22 17:41:23.676 | INFO     | __main__:request_monitor:184 - 当前保持寄存器数据: [0, 0, 0, 0, 0, 0, 0, 0, 0, 0]
2025-03-22 17:41:24.682 | INFO     | __main__:request_monitor:184 - 当前保持寄存器数据: [0, 0, 0, 0, 0, 0, 0, 0, 0, 0]
2025-03-22 17:41:25.694 | INFO     | __main__:request_monitor:184 - 当前保持寄存器数据: [111, 0, 0, 0, 0, 0, 0, 0, 0, 0]
2025-03-22 17:41:25.694 | INFO     | __main__:request_monitor:186 - 切换表情：眨眼
2025-03-22 17:41:25.694 | INFO     | __main__:request_monitor:188 - 保持寄存器读到111
2025-03-22 17:41:25.694 | INFO     | __main__:request_monitor:189 - 当前保持寄存器数据: [111, 0, 0, 0, 0, 0, 0, 0, 0, 0]
2025-03-22 17:41:25.694 | INFO     | __main__:request_monitor:191 - 开始清零
2025-03-22 17:41:25.694 | INFO     | __main__:request_monitor:192 - 当前保持寄存器数据: [111, 0, 0, 0, 0, 0, 0, 0, 0, 0]
2025-03-22 17:41:25.694 | INFO     | __main__:request_monitor:194 - 当前保持寄存器数据: [111, 0, 0, 0, 0, 0, 0, 0, 0, 0]
2025-03-22 17:41:25.694 | INFO     | __main__:request_monitor:195 - 检测到寄存器值为 111，准备退出...
2025-03-22 17:41:25.772 | INFO     | __main__:start_wake_detection:268 - 开始监听唤醒词...
