2025-04-29 17:18:06.541 | INFO     | __main__:load_keywords_dict:162 - 成功加载关键词词典: ./keywords_dicts\keywords_dict.yaml
2025-04-29 17:18:11.360 | INFO     | __main__:_init_expression_server:148 - 表情服务器启动成功
2025-04-29 17:18:11.360 | INFO     | __main__:run_modbus_server:201 - Modbus 从机正在 192.168.1.125:599 上监听...
2025-04-29 17:18:12.376 | INFO     | __main__:request_monitor:184 - 当前保持寄存器数据: [0, 0, 0, 0, 0, 0, 0, 0, 0, 0]
2025-04-29 17:18:13.385 | INFO     | __main__:request_monitor:184 - 当前保持寄存器数据: [0, 0, 0, 0, 0, 0, 0, 0, 0, 0]
2025-04-29 17:18:14.396 | INFO     | __main__:request_monitor:184 - 当前保持寄存器数据: [0, 0, 0, 0, 0, 0, 0, 0, 0, 0]
2025-04-29 17:18:15.409 | INFO     | __main__:request_monitor:184 - 当前保持寄存器数据: [0, 0, 0, 0, 0, 0, 0, 0, 0, 0]
2025-04-29 17:18:16.422 | INFO     | __main__:request_monitor:184 - 当前保持寄存器数据: [0, 0, 0, 0, 0, 0, 0, 0, 0, 0]
2025-04-29 17:18:17.438 | INFO     | __main__:request_monitor:184 - 当前保持寄存器数据: [0, 0, 0, 0, 0, 0, 0, 0, 0, 0]
2025-04-29 17:18:18.455 | INFO     | __main__:request_monitor:184 - 当前保持寄存器数据: [0, 0, 0, 0, 0, 0, 0, 0, 0, 0]
2025-04-29 17:18:19.455 | INFO     | __main__:request_monitor:184 - 当前保持寄存器数据: [0, 0, 0, 0, 0, 0, 0, 0, 0, 0]
2025-04-29 17:18:20.466 | INFO     | __main__:request_monitor:184 - 当前保持寄存器数据: [0, 0, 0, 0, 0, 0, 0, 0, 0, 0]
2025-04-29 17:18:21.467 | INFO     | __main__:request_monitor:184 - 当前保持寄存器数据: [0, 0, 0, 0, 0, 0, 0, 0, 0, 0]
2025-04-29 17:18:22.471 | INFO     | __main__:request_monitor:184 - 当前保持寄存器数据: [0, 0, 0, 0, 0, 0, 0, 0, 0, 0]
2025-04-29 17:18:23.471 | INFO     | __main__:request_monitor:184 - 当前保持寄存器数据: [0, 0, 0, 0, 0, 0, 0, 0, 0, 0]
2025-04-29 17:18:24.486 | INFO     | __main__:request_monitor:184 - 当前保持寄存器数据: [0, 0, 0, 0, 0, 0, 0, 0, 0, 0]
2025-04-29 17:18:25.500 | INFO     | __main__:request_monitor:184 - 当前保持寄存器数据: [0, 0, 0, 0, 0, 0, 0, 0, 0, 0]
2025-04-29 17:18:26.504 | INFO     | __main__:request_monitor:184 - 当前保持寄存器数据: [0, 0, 0, 0, 0, 0, 0, 0, 0, 0]
2025-04-29 17:18:27.514 | INFO     | __main__:request_monitor:184 - 当前保持寄存器数据: [0, 0, 0, 0, 0, 0, 0, 0, 0, 0]
2025-04-29 17:18:28.528 | INFO     | __main__:request_monitor:184 - 当前保持寄存器数据: [0, 0, 0, 0, 0, 0, 0, 0, 0, 0]
2025-04-29 17:18:29.542 | INFO     | __main__:request_monitor:184 - 当前保持寄存器数据: [0, 0, 0, 0, 0, 0, 0, 0, 0, 0]
2025-04-29 17:18:30.545 | INFO     | __main__:request_monitor:184 - 当前保持寄存器数据: [0, 0, 0, 0, 0, 0, 0, 0, 0, 0]
2025-04-29 17:18:31.561 | INFO     | __main__:request_monitor:184 - 当前保持寄存器数据: [0, 0, 0, 0, 0, 0, 0, 0, 0, 0]
2025-04-29 17:18:32.572 | INFO     | __main__:request_monitor:184 - 当前保持寄存器数据: [0, 0, 0, 0, 0, 0, 0, 0, 0, 0]
2025-04-29 17:18:33.580 | INFO     | __main__:request_monitor:184 - 当前保持寄存器数据: [0, 0, 0, 0, 0, 0, 0, 0, 0, 0]
2025-04-29 17:18:34.584 | INFO     | __main__:request_monitor:184 - 当前保持寄存器数据: [0, 0, 0, 0, 0, 0, 0, 0, 0, 0]
2025-04-29 17:18:35.588 | INFO     | __main__:request_monitor:184 - 当前保持寄存器数据: [0, 0, 0, 0, 0, 0, 0, 0, 0, 0]
2025-04-29 17:18:36.604 | INFO     | __main__:request_monitor:184 - 当前保持寄存器数据: [0, 0, 0, 0, 0, 0, 0, 0, 0, 0]
2025-04-29 17:18:37.605 | INFO     | __main__:request_monitor:184 - 当前保持寄存器数据: [0, 0, 0, 0, 0, 0, 0, 0, 0, 0]
2025-04-29 17:18:38.611 | INFO     | __main__:request_monitor:184 - 当前保持寄存器数据: [0, 0, 0, 0, 0, 0, 0, 0, 0, 0]
2025-04-29 17:18:39.620 | INFO     | __main__:request_monitor:184 - 当前保持寄存器数据: [0, 0, 0, 0, 0, 0, 0, 0, 0, 0]
2025-04-29 17:18:40.634 | INFO     | __main__:request_monitor:184 - 当前保持寄存器数据: [0, 0, 0, 0, 0, 0, 0, 0, 0, 0]
2025-04-29 17:18:41.635 | INFO     | __main__:request_monitor:184 - 当前保持寄存器数据: [0, 0, 0, 0, 0, 0, 0, 0, 0, 0]
2025-04-29 17:18:42.637 | INFO     | __main__:request_monitor:184 - 当前保持寄存器数据: [0, 0, 0, 0, 0, 0, 0, 0, 0, 0]
2025-04-29 17:18:43.651 | INFO     | __main__:request_monitor:184 - 当前保持寄存器数据: [0, 0, 0, 0, 0, 0, 0, 0, 0, 0]
2025-04-29 17:18:44.654 | INFO     | __main__:request_monitor:184 - 当前保持寄存器数据: [0, 0, 0, 0, 0, 0, 0, 0, 0, 0]
2025-04-29 17:18:45.663 | INFO     | __main__:request_monitor:184 - 当前保持寄存器数据: [0, 0, 0, 0, 0, 0, 0, 0, 0, 0]
2025-04-29 17:18:46.668 | INFO     | __main__:request_monitor:184 - 当前保持寄存器数据: [0, 0, 0, 0, 0, 0, 0, 0, 0, 0]
2025-04-29 17:18:47.679 | INFO     | __main__:request_monitor:184 - 当前保持寄存器数据: [0, 0, 0, 0, 0, 0, 0, 0, 0, 0]
2025-04-29 17:18:48.689 | INFO     | __main__:request_monitor:184 - 当前保持寄存器数据: [0, 0, 0, 0, 0, 0, 0, 0, 0, 0]
2025-04-29 17:18:49.702 | INFO     | __main__:request_monitor:184 - 当前保持寄存器数据: [0, 0, 0, 0, 0, 0, 0, 0, 0, 0]
2025-04-29 17:18:50.714 | INFO     | __main__:request_monitor:184 - 当前保持寄存器数据: [0, 0, 0, 0, 0, 0, 0, 0, 0, 0]
2025-04-29 17:18:51.730 | INFO     | __main__:request_monitor:184 - 当前保持寄存器数据: [0, 0, 0, 0, 0, 0, 0, 0, 0, 0]
2025-04-29 17:18:52.740 | INFO     | __main__:request_monitor:184 - 当前保持寄存器数据: [0, 0, 0, 0, 0, 0, 0, 0, 0, 0]
2025-04-29 17:18:53.739 | INFO     | __main__:request_monitor:184 - 当前保持寄存器数据: [0, 0, 0, 0, 0, 0, 0, 0, 0, 0]
2025-04-29 17:18:54.753 | INFO     | __main__:request_monitor:184 - 当前保持寄存器数据: [0, 0, 0, 0, 0, 0, 0, 0, 0, 0]
2025-04-29 17:18:55.771 | INFO     | __main__:request_monitor:184 - 当前保持寄存器数据: [0, 0, 0, 0, 0, 0, 0, 0, 0, 0]
2025-04-29 17:18:56.786 | INFO     | __main__:request_monitor:184 - 当前保持寄存器数据: [0, 0, 0, 0, 0, 0, 0, 0, 0, 0]
2025-04-29 17:18:57.788 | INFO     | __main__:request_monitor:184 - 当前保持寄存器数据: [0, 0, 0, 0, 0, 0, 0, 0, 0, 0]
2025-04-29 17:18:58.802 | INFO     | __main__:request_monitor:184 - 当前保持寄存器数据: [0, 0, 0, 0, 0, 0, 0, 0, 0, 0]
2025-04-29 17:18:59.814 | INFO     | __main__:request_monitor:184 - 当前保持寄存器数据: [0, 0, 0, 0, 0, 0, 0, 0, 0, 0]
2025-04-29 17:19:00.814 | INFO     | __main__:request_monitor:184 - 当前保持寄存器数据: [0, 0, 0, 0, 0, 0, 0, 0, 0, 0]
2025-04-29 17:19:01.821 | INFO     | __main__:request_monitor:184 - 当前保持寄存器数据: [0, 0, 0, 0, 0, 0, 0, 0, 0, 0]
2025-04-29 17:19:02.820 | INFO     | __main__:request_monitor:184 - 当前保持寄存器数据: [0, 0, 0, 0, 0, 0, 0, 0, 0, 0]
2025-04-29 17:19:03.835 | INFO     | __main__:request_monitor:184 - 当前保持寄存器数据: [0, 0, 0, 0, 0, 0, 0, 0, 0, 0]
2025-04-29 17:19:04.836 | INFO     | __main__:request_monitor:184 - 当前保持寄存器数据: [0, 0, 0, 0, 0, 0, 0, 0, 0, 0]
2025-04-29 17:19:05.837 | INFO     | __main__:request_monitor:184 - 当前保持寄存器数据: [0, 0, 0, 0, 0, 0, 0, 0, 0, 0]
2025-04-29 17:19:06.854 | INFO     | __main__:request_monitor:184 - 当前保持寄存器数据: [0, 0, 0, 0, 0, 0, 0, 0, 0, 0]
2025-04-29 17:19:07.861 | INFO     | __main__:request_monitor:184 - 当前保持寄存器数据: [111, 0, 0, 0, 0, 0, 0, 0, 0, 0]
2025-04-29 17:19:07.861 | INFO     | __main__:request_monitor:186 - 切换表情：眨眼
2025-04-29 17:19:07.861 | INFO     | __main__:request_monitor:188 - 保持寄存器读到111
2025-04-29 17:19:07.861 | INFO     | __main__:request_monitor:189 - 当前保持寄存器数据: [111, 0, 0, 0, 0, 0, 0, 0, 0, 0]
2025-04-29 17:19:07.861 | INFO     | __main__:request_monitor:191 - 开始清零
2025-04-29 17:19:07.861 | INFO     | __main__:request_monitor:192 - 当前保持寄存器数据: [111, 0, 0, 0, 0, 0, 0, 0, 0, 0]
2025-04-29 17:19:07.861 | INFO     | __main__:request_monitor:194 - 当前保持寄存器数据: [111, 0, 0, 0, 0, 0, 0, 0, 0, 0]
2025-04-29 17:19:07.861 | INFO     | __main__:request_monitor:195 - 检测到寄存器值为 111，准备退出...
2025-04-29 17:19:07.942 | INFO     | __main__:start_wake_detection:268 - 开始监听唤醒词...
2025-04-29 17:19:09.805 | INFO     | __main__:wake_callback:170 - ==================================================
2025-04-29 17:19:09.805 | INFO     | __main__:wake_callback:171 - >>> 检测到唤醒词！请说出您的指令 <<<
2025-04-29 17:19:13.356 | INFO     | __main__:wake_callback:176 - ==================================================
2025-04-29 17:19:13.365 | INFO     | __main__:start_speech_recognition:295 - 开始语音识别...
2025-04-29 17:19:13.962 | INFO     | __main__:run:523 - * 开始录音...
2025-04-29 17:19:46.677 | INFO     | __main__:on_message:381 - 将绿色方块放了放
2025-04-29 17:19:57.992 | INFO     | __main__:on_message:381 - 。
2025-04-29 17:20:05.456 | INFO     | __main__:on_close:501 - 
### 语音识别结束 ###
2025-04-29 17:20:05.456 | INFO     | __main__:run:556 - * 录音结束
2025-04-29 17:20:05.456 | INFO     | __main__:on_close:503 - 
正在分析关键词...
2025-04-29 17:20:05.852 | INFO     | __main__:match_keywords:495 - 找到匹配关键词: 方块 匹配 方块
2025-04-29 17:20:05.852 | INFO     | __main__:process_text_and_send_signal:471 - 未找到匹配的组合
2025-04-29 17:20:11.052 | INFO     | __main__:process_text_and_send_signal:476 - 发送信号: 406
2025-04-29 17:20:11.056 | INFO     | __main__:process_text_and_send_signal:477 - 切换表情：难过
2025-04-29 17:20:11.058 | INFO     | __main__:main:580 - 继续监听唤醒词...
2025-04-29 17:20:12.110 | INFO     | __main__:start_wake_detection:268 - 开始监听唤醒词...
2025-04-29 17:21:25.341 | INFO     | __main__:wake_callback:170 - ==================================================
2025-04-29 17:21:25.341 | INFO     | __main__:wake_callback:171 - >>> 检测到唤醒词！请说出您的指令 <<<
2025-04-29 17:21:28.833 | INFO     | __main__:wake_callback:176 - ==================================================
2025-04-29 17:21:28.837 | INFO     | __main__:start_speech_recognition:295 - 开始语音识别...
2025-04-29 17:21:29.192 | INFO     | __main__:run:523 - * 开始录音...
2025-04-29 17:22:26.263 | INFO     | __main__:on_message:381 - 将绿色方块
2025-04-29 17:22:34.535 | INFO     | __main__:on_message:381 - 。
2025-04-29 17:23:37.676 | ERROR    | __main__:on_error:388 - WebSocket错误: [WinError 10054] 远程主机强迫关闭了一个现有的连接。
2025-04-29 17:23:37.676 | INFO     | __main__:on_close:501 - 
### 语音识别结束 ###
2025-04-29 17:23:37.676 | INFO     | __main__:on_close:503 - 
正在分析关键词...
2025-04-29 17:23:40.083 | INFO     | __main__:main:580 - 继续监听唤醒词...
2025-04-29 17:23:41.113 | INFO     | __main__:start_wake_detection:268 - 开始监听唤醒词...
2025-04-29 17:25:30.500 | INFO     | __main__:wake_callback:170 - ==================================================
2025-04-29 17:25:30.500 | INFO     | __main__:wake_callback:171 - >>> 检测到唤醒词！请说出您的指令 <<<
2025-04-29 17:25:32.335 | INFO     | __main__:wake_callback:176 - ==================================================
2025-04-29 17:25:32.337 | INFO     | __main__:start_speech_recognition:295 - 开始语音识别...
2025-04-29 17:25:34.187 | INFO     | __main__:run:523 - * 开始录音...
