2025-04-30 10:32:07.390 | INFO     | __main__:load_keywords_dict:162 - 成功加载关键词词典: ./keywords_dicts\keywords_dict.yaml
2025-04-30 10:32:11.419 | INFO     | __main__:_init_expression_server:148 - 表情服务器启动成功
2025-04-30 10:32:11.419 | INFO     | __main__:run_modbus_server:201 - Modbus 从机正在 192.168.1.125:599 上监听...
2025-04-30 10:32:12.436 | INFO     | __main__:request_monitor:184 - 当前保持寄存器数据: [0, 0, 0, 0, 0, 0, 0, 0, 0, 0]
2025-04-30 10:32:13.449 | INFO     | __main__:request_monitor:184 - 当前保持寄存器数据: [0, 0, 0, 0, 0, 0, 0, 0, 0, 0]
2025-04-30 10:32:14.453 | INFO     | __main__:request_monitor:184 - 当前保持寄存器数据: [0, 0, 0, 0, 0, 0, 0, 0, 0, 0]
2025-04-30 10:32:15.442 | INFO     | __main__:request_monitor:184 - 当前保持寄存器数据: [0, 0, 0, 0, 0, 0, 0, 0, 0, 0]
2025-04-30 10:32:16.445 | INFO     | __main__:request_monitor:184 - 当前保持寄存器数据: [0, 0, 0, 0, 0, 0, 0, 0, 0, 0]
2025-04-30 10:32:17.446 | INFO     | __main__:request_monitor:184 - 当前保持寄存器数据: [111, 0, 0, 0, 0, 0, 0, 0, 0, 0]
2025-04-30 10:32:17.446 | INFO     | __main__:request_monitor:186 - 切换表情：眨眼
2025-04-30 10:32:17.447 | INFO     | __main__:request_monitor:188 - 保持寄存器读到111
2025-04-30 10:32:17.447 | INFO     | __main__:request_monitor:189 - 当前保持寄存器数据: [111, 0, 0, 0, 0, 0, 0, 0, 0, 0]
2025-04-30 10:32:17.447 | INFO     | __main__:request_monitor:191 - 开始清零
2025-04-30 10:32:17.447 | INFO     | __main__:request_monitor:192 - 当前保持寄存器数据: [111, 0, 0, 0, 0, 0, 0, 0, 0, 0]
2025-04-30 10:32:17.447 | INFO     | __main__:request_monitor:194 - 当前保持寄存器数据: [111, 0, 0, 0, 0, 0, 0, 0, 0, 0]
2025-04-30 10:32:17.447 | INFO     | __main__:request_monitor:195 - 检测到寄存器值为 111，准备退出...
2025-04-30 10:32:17.513 | INFO     | __main__:start_wake_detection:268 - 开始监听唤醒词...
2025-04-30 10:32:21.631 | INFO     | __main__:wake_callback:170 - ==================================================
2025-04-30 10:32:21.631 | INFO     | __main__:wake_callback:171 - >>> 检测到唤醒词！请说出您的指令 <<<
2025-04-30 10:32:25.116 | INFO     | __main__:wake_callback:176 - ==================================================
2025-04-30 10:32:25.120 | INFO     | __main__:start_speech_recognition:295 - 开始语音识别...
2025-04-30 10:32:25.352 | INFO     | __main__:run:523 - * 开始录音...
2025-04-30 10:32:30.879 | INFO     | __main__:on_message:381 - 将方形放到方形盒子中
2025-04-30 10:32:31.647 | INFO     | __main__:on_close:501 - 
### 语音识别结束 ###
2025-04-30 10:32:31.647 | INFO     | __main__:run:556 - * 录音结束
2025-04-30 10:32:31.647 | INFO     | __main__:on_close:503 - 
正在分析关键词...
2025-04-30 10:32:32.048 | INFO     | __main__:match_keywords:495 - 找到匹配关键词: 方形 匹配 方形
2025-04-30 10:32:32.048 | INFO     | __main__:match_keywords:495 - 找到匹配关键词: 方形 匹配 方形
2025-04-30 10:32:37.334 | INFO     | __main__:process_text_and_send_signal:447 - 发送信号: 401
2025-04-30 10:32:37.334 | INFO     | __main__:process_text_and_send_signal:448 - 切换表情：开心
2025-04-30 10:32:37.334 | INFO     | __main__:main:580 - 继续监听唤醒词...
2025-04-30 10:32:38.358 | INFO     | __main__:start_wake_detection:268 - 开始监听唤醒词...
2025-04-30 10:32:50.660 | INFO     | __main__:wake_callback:170 - ==================================================
2025-04-30 10:32:50.663 | INFO     | __main__:wake_callback:171 - >>> 检测到唤醒词！请说出您的指令 <<<
2025-04-30 10:32:54.104 | INFO     | __main__:wake_callback:176 - ==================================================
2025-04-30 10:32:54.110 | INFO     | __main__:start_speech_recognition:295 - 开始语音识别...
2025-04-30 10:32:54.327 | INFO     | __main__:run:523 - * 开始录音...
2025-04-30 10:32:57.148 | INFO     | __main__:on_message:381 - 让员工放到员工手册里
2025-04-30 10:32:58.480 | INFO     | __main__:on_message:381 - 。
2025-04-30 10:33:00.403 | INFO     | __main__:on_close:501 - 
### 语音识别结束 ###
2025-04-30 10:33:00.403 | INFO     | __main__:on_close:503 - 
正在分析关键词...
2025-04-30 10:33:00.403 | INFO     | __main__:run:556 - * 录音结束
2025-04-30 10:33:00.403 | INFO     | __main__:process_text_and_send_signal:471 - 未找到匹配的组合
2025-04-30 10:33:05.353 | INFO     | __main__:process_text_and_send_signal:476 - 发送信号: 406
2025-04-30 10:33:05.353 | INFO     | __main__:process_text_and_send_signal:477 - 切换表情：难过
2025-04-30 10:33:05.356 | INFO     | __main__:main:580 - 继续监听唤醒词...
2025-04-30 10:33:06.417 | INFO     | __main__:start_wake_detection:268 - 开始监听唤醒词...
2025-04-30 10:33:11.361 | INFO     | __main__:wake_callback:170 - ==================================================
2025-04-30 10:33:11.361 | INFO     | __main__:wake_callback:171 - >>> 检测到唤醒词！请说出您的指令 <<<
2025-04-30 10:33:14.781 | INFO     | __main__:wake_callback:176 - ==================================================
2025-04-30 10:33:14.786 | INFO     | __main__:start_speech_recognition:295 - 开始语音识别...
2025-04-30 10:33:15.042 | INFO     | __main__:run:523 - * 开始录音...
2025-04-30 10:33:18.300 | INFO     | __main__:on_message:381 - 将圆形放到圆形盒子中
2025-04-30 10:33:19.658 | INFO     | __main__:on_message:381 - 。
2025-04-30 10:33:21.111 | INFO     | __main__:on_close:501 - 
### 语音识别结束 ###
2025-04-30 10:33:21.111 | INFO     | __main__:on_close:503 - 
正在分析关键词...
2025-04-30 10:33:21.111 | INFO     | __main__:run:556 - * 录音结束
2025-04-30 10:33:21.111 | INFO     | __main__:match_keywords:495 - 找到匹配关键词: 圆形 匹配 圆形
2025-04-30 10:33:21.111 | INFO     | __main__:match_keywords:495 - 找到匹配关键词: 圆形 匹配 圆形
2025-04-30 10:33:26.484 | INFO     | __main__:process_text_and_send_signal:468 - 发送信号: 404
2025-04-30 10:33:26.484 | INFO     | __main__:process_text_and_send_signal:469 - 切换表情：开心
2025-04-30 10:33:26.484 | INFO     | __main__:main:580 - 继续监听唤醒词...
2025-04-30 10:33:27.546 | INFO     | __main__:start_wake_detection:268 - 开始监听唤醒词...
