2025-05-13 09:49:23.527 | INFO     | __main__:load_keywords_dict:162 - 成功加载关键词词典: ./keywords_dicts\keywords_dict.yaml
2025-05-13 09:49:29.031 | INFO     | __main__:_init_expression_server:148 - 表情服务器启动成功
2025-05-13 09:49:29.032 | INFO     | __main__:run_modbus_server:201 - Modbus 从机正在 192.168.1.125:599 上监听...
2025-05-13 09:49:30.045 | INFO     | __main__:request_monitor:184 - 当前保持寄存器数据: [0, 0, 0, 0, 0, 0, 0, 0, 0, 0]
2025-05-13 09:49:31.047 | INFO     | __main__:request_monitor:184 - 当前保持寄存器数据: [0, 0, 0, 0, 0, 0, 0, 0, 0, 0]
2025-05-13 09:49:32.048 | INFO     | __main__:request_monitor:184 - 当前保持寄存器数据: [0, 0, 0, 0, 0, 0, 0, 0, 0, 0]
2025-05-13 09:49:33.048 | INFO     | __main__:request_monitor:184 - 当前保持寄存器数据: [0, 0, 0, 0, 0, 0, 0, 0, 0, 0]
2025-05-13 09:49:34.053 | INFO     | __main__:request_monitor:184 - 当前保持寄存器数据: [0, 0, 0, 0, 0, 0, 0, 0, 0, 0]
2025-05-13 09:49:35.062 | INFO     | __main__:request_monitor:184 - 当前保持寄存器数据: [0, 0, 0, 0, 0, 0, 0, 0, 0, 0]
2025-05-13 09:49:36.063 | INFO     | __main__:request_monitor:184 - 当前保持寄存器数据: [0, 0, 0, 0, 0, 0, 0, 0, 0, 0]
2025-05-13 09:49:37.080 | INFO     | __main__:request_monitor:184 - 当前保持寄存器数据: [0, 0, 0, 0, 0, 0, 0, 0, 0, 0]
2025-05-13 09:49:38.098 | INFO     | __main__:request_monitor:184 - 当前保持寄存器数据: [0, 0, 0, 0, 0, 0, 0, 0, 0, 0]
2025-05-13 09:49:39.107 | INFO     | __main__:request_monitor:184 - 当前保持寄存器数据: [0, 0, 0, 0, 0, 0, 0, 0, 0, 0]
2025-05-13 09:49:40.115 | INFO     | __main__:request_monitor:184 - 当前保持寄存器数据: [0, 0, 0, 0, 0, 0, 0, 0, 0, 0]
2025-05-13 09:49:41.111 | INFO     | __main__:request_monitor:184 - 当前保持寄存器数据: [0, 0, 0, 0, 0, 0, 0, 0, 0, 0]
2025-05-13 09:49:42.110 | INFO     | __main__:request_monitor:184 - 当前保持寄存器数据: [0, 0, 0, 0, 0, 0, 0, 0, 0, 0]
2025-05-13 09:49:43.113 | INFO     | __main__:request_monitor:184 - 当前保持寄存器数据: [0, 0, 0, 0, 0, 0, 0, 0, 0, 0]
2025-05-13 09:49:44.113 | INFO     | __main__:request_monitor:184 - 当前保持寄存器数据: [0, 0, 0, 0, 0, 0, 0, 0, 0, 0]
2025-05-13 09:49:45.114 | INFO     | __main__:request_monitor:184 - 当前保持寄存器数据: [0, 0, 0, 0, 0, 0, 0, 0, 0, 0]
2025-05-13 09:49:46.122 | INFO     | __main__:request_monitor:184 - 当前保持寄存器数据: [0, 0, 0, 0, 0, 0, 0, 0, 0, 0]
2025-05-13 09:49:47.130 | INFO     | __main__:request_monitor:184 - 当前保持寄存器数据: [0, 0, 0, 0, 0, 0, 0, 0, 0, 0]
2025-05-13 09:49:48.121 | INFO     | __main__:request_monitor:184 - 当前保持寄存器数据: [0, 0, 0, 0, 0, 0, 0, 0, 0, 0]
2025-05-13 09:49:49.136 | INFO     | __main__:request_monitor:184 - 当前保持寄存器数据: [111, 0, 0, 0, 0, 0, 0, 0, 0, 0]
2025-05-13 09:49:49.136 | INFO     | __main__:request_monitor:186 - 切换表情：眨眼
2025-05-13 09:49:49.136 | INFO     | __main__:request_monitor:188 - 保持寄存器读到111
2025-05-13 09:49:49.136 | INFO     | __main__:request_monitor:189 - 当前保持寄存器数据: [111, 0, 0, 0, 0, 0, 0, 0, 0, 0]
2025-05-13 09:49:49.136 | INFO     | __main__:request_monitor:191 - 开始清零
2025-05-13 09:49:49.136 | INFO     | __main__:request_monitor:192 - 当前保持寄存器数据: [111, 0, 0, 0, 0, 0, 0, 0, 0, 0]
2025-05-13 09:49:49.136 | INFO     | __main__:request_monitor:194 - 当前保持寄存器数据: [111, 0, 0, 0, 0, 0, 0, 0, 0, 0]
2025-05-13 09:49:49.136 | INFO     | __main__:request_monitor:195 - 检测到寄存器值为 111，准备退出...
2025-05-13 09:49:49.220 | INFO     | __main__:start_wake_detection:268 - 开始监听唤醒词...
2025-05-13 09:50:02.933 | INFO     | __main__:wake_callback:170 - ==================================================
2025-05-13 09:50:02.933 | INFO     | __main__:wake_callback:171 - >>> 检测到唤醒词！请说出您的指令 <<<
2025-05-13 09:50:07.549 | INFO     | __main__:wake_callback:176 - ==================================================
2025-05-13 09:50:07.559 | INFO     | __main__:start_speech_recognition:295 - 开始语音识别...
2025-05-13 09:50:07.753 | INFO     | __main__:run:523 - * 开始录音...
2025-05-13 09:50:12.229 | INFO     | __main__:on_message:381 - 把绿色方块放到红色盒子里
2025-05-13 09:50:13.253 | INFO     | __main__:on_message:381 - 。
2025-05-13 09:50:13.836 | INFO     | __main__:on_close:501 - 
### 语音识别结束 ###
2025-05-13 09:50:13.836 | INFO     | __main__:on_close:503 - 
正在分析关键词...
2025-05-13 09:50:13.836 | INFO     | __main__:run:556 - * 录音结束
2025-05-13 09:50:14.317 | INFO     | __main__:match_keywords:495 - 找到匹配关键词: 方块 匹配 方块
2025-05-13 09:50:14.317 | INFO     | __main__:match_keywords:495 - 找到匹配关键词: 红色 匹配 红色
2025-05-13 09:50:17.285 | INFO     | __main__:process_text_and_send_signal:447 - 发送信号: 401
2025-05-13 09:50:17.285 | INFO     | __main__:process_text_and_send_signal:448 - 切换表情：开心
2025-05-13 09:50:17.285 | INFO     | __main__:main:580 - 继续监听唤醒词...
2025-05-13 09:50:18.340 | INFO     | __main__:start_wake_detection:268 - 开始监听唤醒词...
2025-05-13 09:53:19.269 | INFO     | __main__:wake_callback:170 - ==================================================
2025-05-13 09:53:19.269 | INFO     | __main__:wake_callback:171 - >>> 检测到唤醒词！请说出您的指令 <<<
2025-05-13 09:53:22.615 | INFO     | __main__:wake_callback:176 - ==================================================
2025-05-13 09:53:22.620 | INFO     | __main__:start_speech_recognition:295 - 开始语音识别...
2025-05-13 09:53:22.834 | INFO     | __main__:run:523 - * 开始录音...
2025-05-13 09:53:26.798 | INFO     | __main__:on_message:381 - 把绿色方块放到圆形盒子里
2025-05-13 09:53:28.347 | INFO     | __main__:on_message:381 - ，目前都还没发生
2025-05-13 09:53:28.864 | INFO     | __main__:on_close:501 - 
### 语音识别结束 ###
2025-05-13 09:53:28.864 | INFO     | __main__:on_close:503 - 
正在分析关键词...
2025-05-13 09:53:28.864 | INFO     | __main__:match_keywords:495 - 找到匹配关键词: 方块 匹配 方块
2025-05-13 09:53:28.864 | INFO     | __main__:match_keywords:495 - 找到匹配关键词: 圆形 匹配 圆形
2025-05-13 09:53:28.902 | INFO     | __main__:run:556 - * 录音结束
2025-05-13 09:53:34.193 | INFO     | __main__:process_text_and_send_signal:454 - 发送信号: 402
2025-05-13 09:53:34.193 | INFO     | __main__:process_text_and_send_signal:455 - 切换表情：开心
2025-05-13 09:53:34.198 | INFO     | __main__:main:580 - 继续监听唤醒词...
2025-05-13 09:53:35.280 | INFO     | __main__:start_wake_detection:268 - 开始监听唤醒词...
2025-05-13 09:54:00.828 | INFO     | __main__:wake_callback:170 - ==================================================
2025-05-13 09:54:00.828 | INFO     | __main__:wake_callback:171 - >>> 检测到唤醒词！请说出您的指令 <<<
2025-05-13 09:54:04.266 | INFO     | __main__:wake_callback:176 - ==================================================
2025-05-13 09:54:04.275 | INFO     | __main__:start_speech_recognition:295 - 开始语音识别...
2025-05-13 09:54:04.451 | INFO     | __main__:run:523 - * 开始录音...
2025-05-13 09:54:08.149 | INFO     | __main__:on_message:381 - 把绿色方块放到圆形盒子里
2025-05-13 09:54:09.508 | INFO     | __main__:on_message:381 - 。
2025-05-13 09:54:10.509 | INFO     | __main__:on_close:501 - 
### 语音识别结束 ###
2025-05-13 09:54:10.509 | INFO     | __main__:on_close:503 - 
正在分析关键词...
2025-05-13 09:54:10.509 | INFO     | __main__:run:556 - * 录音结束
2025-05-13 09:54:10.510 | INFO     | __main__:match_keywords:495 - 找到匹配关键词: 方块 匹配 方块
2025-05-13 09:54:10.511 | INFO     | __main__:match_keywords:495 - 找到匹配关键词: 圆形 匹配 圆形
2025-05-13 09:54:15.798 | INFO     | __main__:process_text_and_send_signal:454 - 发送信号: 402
2025-05-13 09:54:15.802 | INFO     | __main__:process_text_and_send_signal:455 - 切换表情：开心
2025-05-13 09:54:15.804 | INFO     | __main__:main:580 - 继续监听唤醒词...
2025-05-13 09:54:16.849 | INFO     | __main__:start_wake_detection:268 - 开始监听唤醒词...
