2025-04-01 11:59:31.578 | INFO     | __main__:load_keywords_dict:162 - 成功加载关键词词典: ./keywords_dicts\keywords_dict.yaml
2025-04-01 11:59:35.820 | INFO     | __main__:_init_expression_server:148 - 表情服务器启动成功
2025-04-01 11:59:35.820 | INFO     | __main__:run_modbus_server:201 - Modbus 从机正在 192.168.1.125:599 上监听...
2025-04-01 11:59:36.834 | INFO     | __main__:request_monitor:184 - 当前保持寄存器数据: [0, 0, 0, 0, 0, 0, 0, 0, 0, 0]
2025-04-01 11:59:37.842 | INFO     | __main__:request_monitor:184 - 当前保持寄存器数据: [0, 0, 0, 0, 0, 0, 0, 0, 0, 0]
2025-04-01 11:59:38.843 | INFO     | __main__:request_monitor:184 - 当前保持寄存器数据: [0, 0, 0, 0, 0, 0, 0, 0, 0, 0]
2025-04-01 11:59:39.858 | INFO     | __main__:request_monitor:184 - 当前保持寄存器数据: [0, 0, 0, 0, 0, 0, 0, 0, 0, 0]
2025-04-01 11:59:40.876 | INFO     | __main__:request_monitor:184 - 当前保持寄存器数据: [0, 0, 0, 0, 0, 0, 0, 0, 0, 0]
2025-04-01 11:59:41.893 | INFO     | __main__:request_monitor:184 - 当前保持寄存器数据: [0, 0, 0, 0, 0, 0, 0, 0, 0, 0]
2025-04-01 11:59:42.909 | INFO     | __main__:request_monitor:184 - 当前保持寄存器数据: [0, 0, 0, 0, 0, 0, 0, 0, 0, 0]
2025-04-01 11:59:43.908 | INFO     | __main__:request_monitor:184 - 当前保持寄存器数据: [0, 0, 0, 0, 0, 0, 0, 0, 0, 0]
2025-04-01 11:59:44.923 | INFO     | __main__:request_monitor:184 - 当前保持寄存器数据: [111, 0, 0, 0, 0, 0, 0, 0, 0, 0]
2025-04-01 11:59:44.923 | INFO     | __main__:request_monitor:186 - 切换表情：眨眼
2025-04-01 11:59:44.923 | INFO     | __main__:request_monitor:188 - 保持寄存器读到111
2025-04-01 11:59:44.929 | INFO     | __main__:request_monitor:189 - 当前保持寄存器数据: [111, 0, 0, 0, 0, 0, 0, 0, 0, 0]
2025-04-01 11:59:44.939 | INFO     | __main__:request_monitor:191 - 开始清零
2025-04-01 11:59:44.939 | INFO     | __main__:request_monitor:192 - 当前保持寄存器数据: [111, 0, 0, 0, 0, 0, 0, 0, 0, 0]
2025-04-01 11:59:44.939 | INFO     | __main__:request_monitor:194 - 当前保持寄存器数据: [111, 0, 0, 0, 0, 0, 0, 0, 0, 0]
2025-04-01 11:59:44.939 | INFO     | __main__:request_monitor:195 - 检测到寄存器值为 111，准备退出...
2025-04-01 11:59:45.034 | INFO     | __main__:start_wake_detection:268 - 开始监听唤醒词...
2025-04-01 12:00:07.705 | INFO     | __main__:wake_callback:170 - ==================================================
2025-04-01 12:00:07.705 | INFO     | __main__:wake_callback:171 - >>> 检测到唤醒词！请说出您的指令 <<<
2025-04-01 12:00:11.213 | INFO     | __main__:wake_callback:176 - ==================================================
2025-04-01 12:00:11.215 | INFO     | __main__:start_speech_recognition:295 - 开始语音识别...
2025-04-01 12:00:11.403 | INFO     | __main__:run:523 - * 开始录音...
2025-04-01 12:00:15.764 | INFO     | __main__:on_message:381 - 将方形放入红色盒子中
2025-04-01 12:00:17.034 | INFO     | __main__:on_message:381 - 。
2025-04-01 12:00:17.478 | INFO     | __main__:on_close:501 - 
### 语音识别结束 ###
2025-04-01 12:00:17.478 | INFO     | __main__:run:556 - * 录音结束
2025-04-01 12:00:17.486 | INFO     | __main__:on_close:503 - 
正在分析关键词...
2025-04-01 12:00:17.847 | INFO     | __main__:match_keywords:495 - 找到匹配关键词: 方形 匹配 方形
2025-04-01 12:00:17.847 | INFO     | __main__:match_keywords:495 - 找到匹配关键词: 红色 匹配 红色
2025-04-01 12:00:23.237 | INFO     | __main__:process_text_and_send_signal:447 - 发送信号: 401
2025-04-01 12:00:23.238 | INFO     | __main__:process_text_and_send_signal:448 - 切换表情：开心
2025-04-01 12:00:23.242 | INFO     | __main__:main:580 - 继续监听唤醒词...
2025-04-01 12:00:24.336 | INFO     | __main__:start_wake_detection:268 - 开始监听唤醒词...
2025-04-01 12:00:41.754 | INFO     | __main__:wake_callback:170 - ==================================================
2025-04-01 12:00:41.754 | INFO     | __main__:wake_callback:171 - >>> 检测到唤醒词！请说出您的指令 <<<
2025-04-01 12:00:45.515 | INFO     | __main__:wake_callback:176 - ==================================================
2025-04-01 12:00:45.525 | INFO     | __main__:start_speech_recognition:295 - 开始语音识别...
2025-04-01 12:00:45.696 | INFO     | __main__:run:523 - * 开始录音...
2025-04-01 12:00:49.027 | INFO     | __main__:on_message:381 - 将圆形放入方形盒子中
2025-04-01 12:00:50.768 | INFO     | __main__:on_message:381 - 。
2025-04-01 12:00:51.772 | INFO     | __main__:on_close:501 - 
### 语音识别结束 ###
2025-04-01 12:00:51.772 | INFO     | __main__:run:556 - * 录音结束
2025-04-01 12:00:51.772 | INFO     | __main__:on_close:503 - 
正在分析关键词...
2025-04-01 12:00:51.772 | INFO     | __main__:match_keywords:495 - 找到匹配关键词: 圆形 匹配 圆形
2025-04-01 12:00:51.772 | INFO     | __main__:match_keywords:495 - 找到匹配关键词: 方形 匹配 方形
2025-04-01 12:00:57.149 | INFO     | __main__:process_text_and_send_signal:461 - 发送信号: 403
2025-04-01 12:00:57.149 | INFO     | __main__:process_text_and_send_signal:462 - 切换表情：开心
2025-04-01 12:00:57.152 | INFO     | __main__:main:580 - 继续监听唤醒词...
2025-04-01 12:00:58.204 | INFO     | __main__:start_wake_detection:268 - 开始监听唤醒词...
2025-04-01 12:01:19.286 | INFO     | __main__:wake_callback:170 - ==================================================
2025-04-01 12:01:19.286 | INFO     | __main__:wake_callback:171 - >>> 检测到唤醒词！请说出您的指令 <<<
2025-04-01 12:01:22.776 | INFO     | __main__:wake_callback:176 - ==================================================
2025-04-01 12:01:22.781 | INFO     | __main__:start_speech_recognition:295 - 开始语音识别...
2025-04-01 12:01:22.954 | INFO     | __main__:run:523 - * 开始录音...
2025-04-01 12:01:25.966 | INFO     | __main__:on_message:381 - 将方形放到圆形盒子中
2025-04-01 12:01:27.299 | INFO     | __main__:on_message:381 - 。
2025-04-01 12:01:29.006 | INFO     | __main__:on_close:501 - 
### 语音识别结束 ###
2025-04-01 12:01:29.006 | INFO     | __main__:run:556 - * 录音结束
2025-04-01 12:01:29.006 | INFO     | __main__:on_close:503 - 
正在分析关键词...
2025-04-01 12:01:29.022 | INFO     | __main__:match_keywords:495 - 找到匹配关键词: 方形 匹配 方形
2025-04-01 12:01:29.022 | INFO     | __main__:match_keywords:495 - 找到匹配关键词: 圆形 匹配 圆形
2025-04-01 12:01:34.285 | INFO     | __main__:process_text_and_send_signal:454 - 发送信号: 402
2025-04-01 12:01:34.285 | INFO     | __main__:process_text_and_send_signal:455 - 切换表情：开心
2025-04-01 12:01:34.285 | INFO     | __main__:main:580 - 继续监听唤醒词...
2025-04-01 12:01:35.342 | INFO     | __main__:start_wake_detection:268 - 开始监听唤醒词...
2025-04-01 12:01:53.717 | INFO     | __main__:wake_callback:170 - ==================================================
2025-04-01 12:01:53.717 | INFO     | __main__:wake_callback:171 - >>> 检测到唤醒词！请说出您的指令 <<<
2025-04-01 12:01:57.159 | INFO     | __main__:wake_callback:176 - ==================================================
2025-04-01 12:01:57.163 | INFO     | __main__:start_speech_recognition:295 - 开始语音识别...
2025-04-01 12:01:57.353 | INFO     | __main__:run:523 - * 开始录音...
2025-04-01 12:02:00.870 | INFO     | __main__:on_message:381 - 当圆形放到圆形盒子后
2025-04-01 12:02:02.224 | INFO     | __main__:on_message:381 - 。
2025-04-01 12:02:03.425 | INFO     | __main__:on_close:501 - 
### 语音识别结束 ###
2025-04-01 12:02:03.425 | INFO     | __main__:run:556 - * 录音结束
2025-04-01 12:02:03.425 | INFO     | __main__:on_close:503 - 
正在分析关键词...
2025-04-01 12:02:03.439 | INFO     | __main__:match_keywords:495 - 找到匹配关键词: 圆形 匹配 圆形
2025-04-01 12:02:03.439 | INFO     | __main__:match_keywords:495 - 找到匹配关键词: 圆形 匹配 圆形
2025-04-01 12:02:08.788 | INFO     | __main__:process_text_and_send_signal:468 - 发送信号: 404
2025-04-01 12:02:08.788 | INFO     | __main__:process_text_and_send_signal:469 - 切换表情：开心
2025-04-01 12:02:08.794 | INFO     | __main__:main:580 - 继续监听唤醒词...
2025-04-01 12:02:09.856 | INFO     | __main__:start_wake_detection:268 - 开始监听唤醒词...
2025-04-01 13:53:55.030 | INFO     | __main__:wake_callback:170 - ==================================================
2025-04-01 13:53:55.031 | INFO     | __main__:wake_callback:171 - >>> 检测到唤醒词！请说出您的指令 <<<
2025-04-01 13:53:58.488 | INFO     | __main__:wake_callback:176 - ==================================================
2025-04-01 13:53:58.494 | INFO     | __main__:start_speech_recognition:295 - 开始语音识别...
2025-04-01 13:53:58.763 | INFO     | __main__:run:523 - * 开始录音...
2025-04-01 13:54:00.417 | INFO     | __main__:on_message:381 - 规划一下
2025-04-01 13:54:01.793 | INFO     | __main__:on_message:381 - ，优化一下那个
2025-04-01 13:54:03.246 | INFO     | __main__:on_message:381 - 。
2025-04-01 13:54:04.851 | INFO     | __main__:on_close:501 - 
### 语音识别结束 ###
2025-04-01 13:54:04.852 | INFO     | __main__:run:556 - * 录音结束
2025-04-01 13:54:04.852 | INFO     | __main__:on_close:503 - 
正在分析关键词...
2025-04-01 13:54:09.782 | INFO     | __main__:main:580 - 继续监听唤醒词...
2025-04-01 13:54:10.852 | INFO     | __main__:start_wake_detection:268 - 开始监听唤醒词...
2025-04-01 14:06:44.265 | INFO     | __main__:wake_callback:170 - ==================================================
2025-04-01 14:06:44.265 | INFO     | __main__:wake_callback:171 - >>> 检测到唤醒词！请说出您的指令 <<<
2025-04-01 14:06:47.606 | INFO     | __main__:wake_callback:176 - ==================================================
2025-04-01 14:06:47.609 | INFO     | __main__:start_speech_recognition:295 - 开始语音识别...
2025-04-01 14:06:47.801 | INFO     | __main__:run:523 - * 开始录音...
2025-04-01 14:06:51.353 | INFO     | __main__:on_message:381 - 将绿色方块放入圆形设计
2025-04-01 14:06:52.726 | INFO     | __main__:on_message:381 - 。
2025-04-01 14:06:53.876 | INFO     | __main__:on_close:501 - 
### 语音识别结束 ###
2025-04-01 14:06:53.877 | INFO     | __main__:on_close:503 - 
正在分析关键词...
2025-04-01 14:06:53.877 | INFO     | __main__:run:556 - * 录音结束
2025-04-01 14:06:53.878 | INFO     | __main__:match_keywords:495 - 找到匹配关键词: 方块 匹配 方块
2025-04-01 14:06:53.879 | INFO     | __main__:match_keywords:495 - 找到匹配关键词: 圆形 匹配 圆形
2025-04-01 14:06:59.131 | INFO     | __main__:process_text_and_send_signal:454 - 发送信号: 402
2025-04-01 14:06:59.131 | INFO     | __main__:process_text_and_send_signal:455 - 切换表情：开心
2025-04-01 14:06:59.133 | INFO     | __main__:main:580 - 继续监听唤醒词...
2025-04-01 14:07:00.196 | INFO     | __main__:start_wake_detection:268 - 开始监听唤醒词...
2025-04-01 14:08:51.187 | INFO     | __main__:wake_callback:170 - ==================================================
2025-04-01 14:08:51.187 | INFO     | __main__:wake_callback:171 - >>> 检测到唤醒词！请说出您的指令 <<<
2025-04-01 14:08:54.560 | INFO     | __main__:wake_callback:176 - ==================================================
2025-04-01 14:08:54.560 | INFO     | __main__:start_speech_recognition:295 - 开始语音识别...
2025-04-01 14:08:54.731 | INFO     | __main__:run:523 - * 开始录音...
2025-04-01 14:08:56.519 | INFO     | __main__:on_message:381 - 取消
2025-04-01 14:08:57.853 | INFO     | __main__:on_message:381 - 。
2025-04-01 14:09:00.787 | INFO     | __main__:on_close:501 - 
### 语音识别结束 ###
2025-04-01 14:09:00.787 | INFO     | __main__:on_close:503 - 
正在分析关键词...
2025-04-01 14:09:00.787 | INFO     | __main__:run:556 - * 录音结束
2025-04-01 14:09:05.667 | INFO     | __main__:main:580 - 继续监听唤醒词...
2025-04-01 14:09:06.727 | INFO     | __main__:start_wake_detection:268 - 开始监听唤醒词...
