2025-03-27 09:46:24.480 | INFO     | __main__:load_keywords_dict:162 - 成功加载关键词词典: ./keywords_dicts\keywords_dict.yaml
2025-03-27 09:46:27.202 | INFO     | __main__:_init_expression_server:148 - 表情服务器启动成功
2025-03-27 09:46:27.202 | INFO     | __main__:run_modbus_server:201 - Modbus 从机正在 192.168.1.125:599 上监听...
2025-03-27 09:46:28.217 | INFO     | __main__:request_monitor:184 - 当前保持寄存器数据: [0, 0, 0, 0, 0, 0, 0, 0, 0, 0]
2025-03-27 09:46:29.217 | INFO     | __main__:request_monitor:184 - 当前保持寄存器数据: [0, 0, 0, 0, 0, 0, 0, 0, 0, 0]
2025-03-27 09:46:30.233 | INFO     | __main__:request_monitor:184 - 当前保持寄存器数据: [0, 0, 0, 0, 0, 0, 0, 0, 0, 0]
2025-03-27 09:46:31.249 | INFO     | __main__:request_monitor:184 - 当前保持寄存器数据: [0, 0, 0, 0, 0, 0, 0, 0, 0, 0]
2025-03-27 09:46:32.264 | INFO     | __main__:request_monitor:184 - 当前保持寄存器数据: [0, 0, 0, 0, 0, 0, 0, 0, 0, 0]
2025-03-27 09:46:33.280 | INFO     | __main__:run_modbus_server:218 - Modbus服务器任务被取消
2025-03-27 09:46:33.346 | INFO     | __main__:start_wake_detection:268 - 开始监听唤醒词...
2025-03-27 09:47:06.992 | ERROR    | __main__:start_wake_detection:288 - 唤醒检测错误: [Errno -9999] Unanticipated host error
2025-03-27 09:47:06.992 | INFO     | __main__:main:580 - 继续监听唤醒词...
2025-03-27 09:47:08.022 | INFO     | __main__:start_wake_detection:268 - 开始监听唤醒词...
2025-03-27 09:47:15.195 | INFO     | __main__:wake_callback:170 - ==================================================
2025-03-27 09:47:15.210 | INFO     | __main__:wake_callback:171 - >>> 检测到唤醒词！请说出您的指令 <<<
2025-03-27 09:47:18.592 | INFO     | __main__:wake_callback:176 - ==================================================
2025-03-27 09:47:18.596 | INFO     | __main__:start_speech_recognition:295 - 开始语音识别...
2025-03-27 09:47:18.743 | INFO     | __main__:run:523 - * 开始录音...
2025-03-27 09:47:21.427 | INFO     | __main__:on_message:381 - 这根线的原因
2025-03-27 09:47:24.172 | INFO     | __main__:on_message:381 - ，就是上级和那个USB的那一个工程
2025-03-27 09:47:24.816 | INFO     | __main__:on_close:501 - 
### 语音识别结束 ###
2025-03-27 09:47:24.816 | INFO     | __main__:run:556 - * 录音结束
2025-03-27 09:47:24.816 | INFO     | __main__:on_close:503 - 
正在分析关键词...
2025-03-27 09:47:29.550 | INFO     | __main__:main:580 - 继续监听唤醒词...
2025-03-27 09:47:30.596 | INFO     | __main__:start_wake_detection:268 - 开始监听唤醒词...
2025-03-27 09:48:03.376 | INFO     | __main__:wake_callback:170 - ==================================================
2025-03-27 09:48:03.376 | INFO     | __main__:wake_callback:171 - >>> 检测到唤醒词！请说出您的指令 <<<
2025-03-27 09:48:06.919 | INFO     | __main__:wake_callback:176 - ==================================================
2025-03-27 09:48:06.921 | INFO     | __main__:start_speech_recognition:295 - 开始语音识别...
2025-03-27 09:48:07.107 | INFO     | __main__:run:523 - * 开始录音...
2025-03-27 09:48:13.133 | INFO     | __main__:on_message:381 - 
2025-03-27 09:48:13.180 | INFO     | __main__:on_close:501 - 
### 语音识别结束 ###
2025-03-27 09:48:13.180 | INFO     | __main__:run:556 - * 录音结束
2025-03-27 09:48:13.180 | INFO     | __main__:main:580 - 继续监听唤醒词...
2025-03-27 09:48:14.211 | INFO     | __main__:start_wake_detection:268 - 开始监听唤醒词...
2025-03-27 09:48:32.221 | ERROR    | __main__:start_wake_detection:288 - 唤醒检测错误: [Errno -9999] Unanticipated host error
2025-03-27 09:48:32.227 | INFO     | __main__:main:580 - 继续监听唤醒词...
2025-03-27 09:48:33.247 | INFO     | __main__:start_wake_detection:268 - 开始监听唤醒词...
