2025-03-22 17:38:29.303 | INFO     | __main__:load_keywords_dict:162 - 成功加载关键词词典: ./keywords_dicts\keywords_dict.yaml
2025-03-22 17:38:32.667 | INFO     | __main__:_init_expression_server:148 - 表情服务器启动成功
2025-03-22 17:38:32.667 | INFO     | __main__:run_modbus_server:201 - Modbus 从机正在 192.168.1.125:599 上监听...
2025-03-22 17:38:33.674 | INFO     | __main__:request_monitor:184 - 当前保持寄存器数据: [0, 0, 0, 0, 0, 0, 0, 0, 0, 0]
2025-03-22 17:38:34.676 | INFO     | __main__:request_monitor:184 - 当前保持寄存器数据: [0, 0, 0, 0, 0, 0, 0, 0, 0, 0]
2025-03-22 17:38:35.676 | INFO     | __main__:request_monitor:184 - 当前保持寄存器数据: [0, 0, 0, 0, 0, 0, 0, 0, 0, 0]
2025-03-22 17:38:36.677 | INFO     | __main__:request_monitor:184 - 当前保持寄存器数据: [0, 0, 0, 0, 0, 0, 0, 0, 0, 0]
2025-03-22 17:38:37.677 | INFO     | __main__:request_monitor:184 - 当前保持寄存器数据: [0, 0, 0, 0, 0, 0, 0, 0, 0, 0]
2025-03-22 17:38:38.674 | INFO     | __main__:request_monitor:184 - 当前保持寄存器数据: [0, 0, 0, 0, 0, 0, 0, 0, 0, 0]
2025-03-22 17:38:39.677 | INFO     | __main__:request_monitor:184 - 当前保持寄存器数据: [0, 0, 0, 0, 0, 0, 0, 0, 0, 0]
2025-03-22 17:38:40.682 | INFO     | __main__:request_monitor:184 - 当前保持寄存器数据: [0, 0, 0, 0, 0, 0, 0, 0, 0, 0]
2025-03-22 17:38:41.710 | INFO     | __main__:request_monitor:184 - 当前保持寄存器数据: [111, 0, 0, 0, 0, 0, 0, 0, 0, 0]
2025-03-22 17:38:41.710 | INFO     | __main__:request_monitor:186 - 切换表情：眨眼
2025-03-22 17:38:41.710 | INFO     | __main__:request_monitor:188 - 保持寄存器读到111
2025-03-22 17:38:41.710 | INFO     | __main__:request_monitor:189 - 当前保持寄存器数据: [111, 0, 0, 0, 0, 0, 0, 0, 0, 0]
2025-03-22 17:38:41.710 | INFO     | __main__:request_monitor:191 - 开始清零
2025-03-22 17:38:41.710 | INFO     | __main__:request_monitor:192 - 当前保持寄存器数据: [111, 0, 0, 0, 0, 0, 0, 0, 0, 0]
2025-03-22 17:38:41.710 | INFO     | __main__:request_monitor:194 - 当前保持寄存器数据: [111, 0, 0, 0, 0, 0, 0, 0, 0, 0]
2025-03-22 17:38:41.710 | INFO     | __main__:request_monitor:195 - 检测到寄存器值为 111，准备退出...
2025-03-22 17:38:41.788 | INFO     | __main__:start_wake_detection:268 - 开始监听唤醒词...
2025-03-22 17:39:14.370 | INFO     | __main__:wake_callback:170 - ==================================================
2025-03-22 17:39:14.370 | INFO     | __main__:wake_callback:171 - >>> 检测到唤醒词！请说出您的指令 <<<
2025-03-22 17:39:17.934 | INFO     | __main__:wake_callback:176 - ==================================================
2025-03-22 17:39:17.943 | INFO     | __main__:start_speech_recognition:295 - 开始语音识别...
2025-03-22 17:39:18.126 | INFO     | __main__:run:523 - * 开始录音...
2025-03-22 17:39:24.140 | INFO     | __main__:on_message:381 - 
2025-03-22 17:39:24.194 | INFO     | __main__:on_close:501 - 
### 语音识别结束 ###
2025-03-22 17:39:24.194 | INFO     | __main__:run:556 - * 录音结束
2025-03-22 17:39:24.194 | INFO     | __main__:main:580 - 继续监听唤醒词...
2025-03-22 17:39:25.249 | INFO     | __main__:start_wake_detection:268 - 开始监听唤醒词...
2025-03-22 17:39:30.015 | INFO     | __main__:wake_callback:170 - ==================================================
2025-03-22 17:39:30.017 | INFO     | __main__:wake_callback:171 - >>> 检测到唤醒词！请说出您的指令 <<<
2025-03-22 17:39:33.482 | INFO     | __main__:wake_callback:176 - ==================================================
2025-03-22 17:39:33.489 | INFO     | __main__:start_speech_recognition:295 - 开始语音识别...
2025-03-22 17:39:33.668 | INFO     | __main__:run:523 - * 开始录音...
2025-03-22 17:39:39.724 | INFO     | __main__:on_close:501 - 
### 语音识别结束 ###
2025-03-22 17:39:39.728 | INFO     | __main__:main:580 - 继续监听唤醒词...
2025-03-22 17:39:39.745 | INFO     | __main__:run:556 - * 录音结束
2025-03-22 17:39:40.786 | INFO     | __main__:start_wake_detection:268 - 开始监听唤醒词...
