2025-05-14 15:24:16.880 | INFO     | __main__:load_keywords_dict:162 - 成功加载关键词词典: ./keywords_dicts\keywords_dict.yaml
2025-05-14 15:24:21.645 | INFO     | __main__:_init_expression_server:148 - 表情服务器启动成功
2025-05-14 15:24:21.645 | INFO     | __main__:run_modbus_server:201 - Modbus 从机正在 192.168.1.125:599 上监听...
2025-05-14 15:24:22.661 | INFO     | __main__:request_monitor:184 - 当前保持寄存器数据: [0, 0, 0, 0, 0, 0, 0, 0, 0, 0]
2025-05-14 15:24:23.663 | INFO     | __main__:request_monitor:184 - 当前保持寄存器数据: [0, 0, 0, 0, 0, 0, 0, 0, 0, 0]
2025-05-14 15:24:24.664 | INFO     | __main__:request_monitor:184 - 当前保持寄存器数据: [0, 0, 0, 0, 0, 0, 0, 0, 0, 0]
2025-05-14 15:24:25.679 | INFO     | __main__:request_monitor:184 - 当前保持寄存器数据: [0, 0, 0, 0, 0, 0, 0, 0, 0, 0]
2025-05-14 15:24:26.678 | INFO     | __main__:request_monitor:184 - 当前保持寄存器数据: [0, 0, 0, 0, 0, 0, 0, 0, 0, 0]
2025-05-14 15:24:27.687 | INFO     | __main__:request_monitor:184 - 当前保持寄存器数据: [0, 0, 0, 0, 0, 0, 0, 0, 0, 0]
2025-05-14 15:24:28.696 | INFO     | __main__:request_monitor:184 - 当前保持寄存器数据: [0, 0, 0, 0, 0, 0, 0, 0, 0, 0]
2025-05-14 15:24:29.696 | INFO     | __main__:request_monitor:184 - 当前保持寄存器数据: [0, 0, 0, 0, 0, 0, 0, 0, 0, 0]
2025-05-14 15:24:30.701 | INFO     | __main__:request_monitor:184 - 当前保持寄存器数据: [0, 0, 0, 0, 0, 0, 0, 0, 0, 0]
2025-05-14 15:24:31.725 | INFO     | __main__:request_monitor:184 - 当前保持寄存器数据: [0, 0, 0, 0, 0, 0, 0, 0, 0, 0]
2025-05-14 15:24:32.728 | INFO     | __main__:request_monitor:184 - 当前保持寄存器数据: [0, 0, 0, 0, 0, 0, 0, 0, 0, 0]
2025-05-14 15:24:33.730 | INFO     | __main__:request_monitor:184 - 当前保持寄存器数据: [0, 0, 0, 0, 0, 0, 0, 0, 0, 0]
2025-05-14 15:24:34.727 | INFO     | __main__:request_monitor:184 - 当前保持寄存器数据: [111, 0, 0, 0, 0, 0, 0, 0, 0, 0]
2025-05-14 15:24:34.727 | INFO     | __main__:request_monitor:186 - 切换表情：眨眼
2025-05-14 15:24:34.728 | INFO     | __main__:request_monitor:188 - 保持寄存器读到111
2025-05-14 15:24:34.728 | INFO     | __main__:request_monitor:189 - 当前保持寄存器数据: [111, 0, 0, 0, 0, 0, 0, 0, 0, 0]
2025-05-14 15:24:34.728 | INFO     | __main__:request_monitor:191 - 开始清零
2025-05-14 15:24:34.729 | INFO     | __main__:request_monitor:192 - 当前保持寄存器数据: [111, 0, 0, 0, 0, 0, 0, 0, 0, 0]
2025-05-14 15:24:34.729 | INFO     | __main__:request_monitor:194 - 当前保持寄存器数据: [111, 0, 0, 0, 0, 0, 0, 0, 0, 0]
2025-05-14 15:24:34.729 | INFO     | __main__:request_monitor:195 - 检测到寄存器值为 111，准备退出...
2025-05-14 15:24:34.820 | INFO     | __main__:start_wake_detection:268 - 开始监听唤醒词...
2025-05-14 15:24:45.507 | INFO     | __main__:wake_callback:170 - ==================================================
2025-05-14 15:24:45.520 | INFO     | __main__:wake_callback:171 - >>> 检测到唤醒词！请说出您的指令 <<<
2025-05-14 15:24:48.878 | INFO     | __main__:wake_callback:176 - ==================================================
2025-05-14 15:24:48.878 | INFO     | __main__:start_speech_recognition:295 - 开始语音识别...
2025-05-14 15:24:50.146 | INFO     | __main__:run:523 - * 开始录音...
2025-05-14 15:24:53.339 | INFO     | __main__:on_message:381 - 把钢琴
2025-05-14 15:24:55.640 | INFO     | __main__:on_message:381 - 包块放到原生盒子里
2025-05-14 15:24:56.157 | INFO     | __main__:on_message:381 - 。
2025-05-14 15:24:56.220 | INFO     | __main__:on_close:501 - 
### 语音识别结束 ###
2025-05-14 15:24:56.220 | INFO     | __main__:on_close:503 - 
正在分析关键词...
2025-05-14 15:24:56.220 | INFO     | __main__:run:556 - * 录音结束
2025-05-14 15:24:56.705 | INFO     | __main__:process_text_and_send_signal:471 - 未找到匹配的组合
2025-05-14 15:25:01.556 | INFO     | __main__:process_text_and_send_signal:476 - 发送信号: 406
2025-05-14 15:25:01.556 | INFO     | __main__:process_text_and_send_signal:477 - 切换表情：难过
2025-05-14 15:25:01.562 | INFO     | __main__:main:580 - 继续监听唤醒词...
2025-05-14 15:25:02.624 | INFO     | __main__:start_wake_detection:268 - 开始监听唤醒词...
2025-05-14 15:25:07.566 | INFO     | __main__:wake_callback:170 - ==================================================
2025-05-14 15:25:07.566 | INFO     | __main__:wake_callback:171 - >>> 检测到唤醒词！请说出您的指令 <<<
2025-05-14 15:25:11.058 | INFO     | __main__:wake_callback:176 - ==================================================
2025-05-14 15:25:11.059 | INFO     | __main__:start_speech_recognition:295 - 开始语音识别...
2025-05-14 15:25:12.354 | INFO     | __main__:run:523 - * 开始录音...
2025-05-14 15:25:32.426 | ERROR    | __main__:on_error:388 - WebSocket错误: [WinError 10054] 远程主机强迫关闭了一个现有的连接。
2025-05-14 15:25:32.426 | INFO     | __main__:on_close:501 - 
### 语音识别结束 ###
2025-05-14 15:25:32.426 | INFO     | __main__:main:580 - 继续监听唤醒词...
2025-05-14 15:25:33.452 | INFO     | __main__:start_wake_detection:268 - 开始监听唤醒词...
2025-05-14 15:25:37.428 | INFO     | __main__:wake_callback:170 - ==================================================
2025-05-14 15:25:37.428 | INFO     | __main__:wake_callback:171 - >>> 检测到唤醒词！请说出您的指令 <<<
2025-05-14 15:25:40.850 | INFO     | __main__:wake_callback:176 - ==================================================
2025-05-14 15:25:40.860 | INFO     | __main__:start_speech_recognition:295 - 开始语音识别...
2025-05-14 15:25:41.065 | INFO     | __main__:run:523 - * 开始录音...
2025-05-14 15:25:44.068 | INFO     | __main__:on_message:381 - 把绿色方块放到
2025-05-14 15:25:45.231 | INFO     | __main__:on_message:381 - 原刑合同
2025-05-14 15:25:46.636 | INFO     | __main__:on_message:381 - 。
2025-05-14 15:25:47.123 | INFO     | __main__:on_close:501 - 
### 语音识别结束 ###
2025-05-14 15:25:47.123 | INFO     | __main__:run:556 - * 录音结束
2025-05-14 15:25:47.123 | INFO     | __main__:on_close:503 - 
正在分析关键词...
2025-05-14 15:25:47.123 | INFO     | __main__:match_keywords:495 - 找到匹配关键词: 方块 匹配 方块
2025-05-14 15:25:47.123 | INFO     | __main__:process_text_and_send_signal:471 - 未找到匹配的组合
2025-05-14 15:25:52.020 | INFO     | __main__:process_text_and_send_signal:476 - 发送信号: 406
2025-05-14 15:25:52.020 | INFO     | __main__:process_text_and_send_signal:477 - 切换表情：难过
2025-05-14 15:25:52.022 | INFO     | __main__:main:580 - 继续监听唤醒词...
2025-05-14 15:25:53.075 | INFO     | __main__:start_wake_detection:268 - 开始监听唤醒词...
2025-05-14 15:25:54.936 | INFO     | __main__:wake_callback:170 - ==================================================
2025-05-14 15:25:54.936 | INFO     | __main__:wake_callback:171 - >>> 检测到唤醒词！请说出您的指令 <<<
2025-05-14 15:25:58.356 | INFO     | __main__:wake_callback:176 - ==================================================
2025-05-14 15:25:58.356 | INFO     | __main__:start_speech_recognition:295 - 开始语音识别...
2025-05-14 15:25:58.513 | INFO     | __main__:run:523 - * 开始录音...
2025-05-14 15:26:01.762 | INFO     | __main__:on_message:381 - 把方块放到原盒子里
2025-05-14 15:26:03.103 | INFO     | __main__:on_message:381 - 。
2025-05-14 15:26:04.570 | INFO     | __main__:on_close:501 - 
### 语音识别结束 ###
2025-05-14 15:26:04.570 | INFO     | __main__:on_close:503 - 
正在分析关键词...
2025-05-14 15:26:04.570 | INFO     | __main__:run:556 - * 录音结束
2025-05-14 15:26:04.570 | INFO     | __main__:match_keywords:495 - 找到匹配关键词: 方块 匹配 方块
2025-05-14 15:26:04.570 | INFO     | __main__:process_text_and_send_signal:471 - 未找到匹配的组合
2025-05-14 15:26:09.489 | INFO     | __main__:process_text_and_send_signal:476 - 发送信号: 406
2025-05-14 15:26:09.489 | INFO     | __main__:process_text_and_send_signal:477 - 切换表情：难过
2025-05-14 15:26:09.496 | INFO     | __main__:main:580 - 继续监听唤醒词...
2025-05-14 15:26:10.524 | INFO     | __main__:start_wake_detection:268 - 开始监听唤醒词...
2025-05-14 15:26:23.256 | INFO     | __main__:wake_callback:170 - ==================================================
2025-05-14 15:26:23.256 | INFO     | __main__:wake_callback:171 - >>> 检测到唤醒词！请说出您的指令 <<<
2025-05-14 15:26:26.823 | INFO     | __main__:wake_callback:176 - ==================================================
2025-05-14 15:26:26.825 | INFO     | __main__:start_speech_recognition:295 - 开始语音识别...
2025-05-14 15:26:28.055 | INFO     | __main__:run:523 - * 开始录音...
2025-05-14 15:26:31.365 | INFO     | __main__:on_message:381 - 圆形块放到方盒子里
2025-05-14 15:26:32.790 | INFO     | __main__:on_message:381 - 。
2025-05-14 15:26:34.095 | INFO     | __main__:on_close:501 - 
### 语音识别结束 ###
2025-05-14 15:26:34.095 | INFO     | __main__:on_close:503 - 
正在分析关键词...
2025-05-14 15:26:34.095 | INFO     | __main__:run:556 - * 录音结束
2025-05-14 15:26:34.095 | INFO     | __main__:match_keywords:495 - 找到匹配关键词: 圆形 匹配 圆形
2025-05-14 15:26:34.095 | INFO     | __main__:process_text_and_send_signal:471 - 未找到匹配的组合
2025-05-14 15:26:38.990 | INFO     | __main__:process_text_and_send_signal:476 - 发送信号: 406
2025-05-14 15:26:38.990 | INFO     | __main__:process_text_and_send_signal:477 - 切换表情：难过
2025-05-14 15:26:38.993 | INFO     | __main__:main:580 - 继续监听唤醒词...
2025-05-14 15:26:40.024 | INFO     | __main__:start_wake_detection:268 - 开始监听唤醒词...
2025-05-14 15:27:29.116 | INFO     | __main__:wake_callback:170 - ==================================================
2025-05-14 15:27:29.117 | INFO     | __main__:wake_callback:171 - >>> 检测到唤醒词！请说出您的指令 <<<
2025-05-14 15:27:32.498 | INFO     | __main__:wake_callback:176 - ==================================================
2025-05-14 15:27:32.498 | INFO     | __main__:start_speech_recognition:295 - 开始语音识别...
2025-05-14 15:27:32.674 | INFO     | __main__:run:523 - * 开始录音...
2025-05-14 15:27:36.561 | INFO     | __main__:on_message:381 - 把绿色方块放到圆形盒子里
2025-05-14 15:27:38.162 | INFO     | __main__:on_message:381 - 。
2025-05-14 15:27:38.731 | INFO     | __main__:on_close:501 - 
### 语音识别结束 ###
2025-05-14 15:27:38.731 | INFO     | __main__:run:556 - * 录音结束
2025-05-14 15:27:38.731 | INFO     | __main__:on_close:503 - 
正在分析关键词...
2025-05-14 15:27:38.737 | INFO     | __main__:match_keywords:495 - 找到匹配关键词: 方块 匹配 方块
2025-05-14 15:27:38.737 | INFO     | __main__:match_keywords:495 - 找到匹配关键词: 圆形 匹配 圆形
2025-05-14 15:27:44.006 | INFO     | __main__:process_text_and_send_signal:454 - 发送信号: 402
2025-05-14 15:27:44.006 | INFO     | __main__:process_text_and_send_signal:455 - 切换表情：开心
2025-05-14 15:27:44.011 | INFO     | __main__:main:580 - 继续监听唤醒词...
2025-05-14 15:27:45.042 | INFO     | __main__:start_wake_detection:268 - 开始监听唤醒词...
2025-05-14 15:41:07.728 | INFO     | __main__:wake_callback:170 - ==================================================
2025-05-14 15:41:07.728 | INFO     | __main__:wake_callback:171 - >>> 检测到唤醒词！请说出您的指令 <<<
2025-05-14 15:41:11.182 | INFO     | __main__:wake_callback:176 - ==================================================
2025-05-14 15:41:11.185 | INFO     | __main__:start_speech_recognition:295 - 开始语音识别...
2025-05-14 15:41:11.352 | INFO     | __main__:run:523 - * 开始录音...
2025-05-14 15:41:16.649 | INFO     | __main__:on_message:381 - 把红色圆形放入绿色方格中
2025-05-14 15:41:17.354 | INFO     | __main__:on_message:381 - 。
2025-05-14 15:41:17.402 | INFO     | __main__:on_close:501 - 
### 语音识别结束 ###
2025-05-14 15:41:17.417 | INFO     | __main__:run:556 - * 录音结束
2025-05-14 15:41:17.417 | INFO     | __main__:on_close:503 - 
正在分析关键词...
2025-05-14 15:41:17.417 | INFO     | __main__:match_keywords:495 - 找到匹配关键词: 圆形 匹配 圆形
2025-05-14 15:41:17.417 | INFO     | __main__:match_keywords:495 - 找到匹配关键词: 绿色 匹配 绿色
2025-05-14 15:41:22.856 | INFO     | __main__:process_text_and_send_signal:468 - 发送信号: 404
2025-05-14 15:41:22.856 | INFO     | __main__:process_text_and_send_signal:469 - 切换表情：开心
2025-05-14 15:41:22.856 | INFO     | __main__:main:580 - 继续监听唤醒词...
2025-05-14 15:41:23.896 | INFO     | __main__:start_wake_detection:268 - 开始监听唤醒词...
