2025-04-16 15:22:15.817 | INFO     | __main__:load_keywords_dict:162 - 成功加载关键词词典: ./keywords_dicts\keywords_dict.yaml
2025-04-16 15:22:18.938 | INFO     | __main__:_init_expression_server:148 - 表情服务器启动成功
2025-04-16 15:22:18.938 | INFO     | __main__:run_modbus_server:201 - Modbus 从机正在 192.168.1.125:599 上监听...
2025-04-16 15:22:19.942 | INFO     | __main__:request_monitor:184 - 当前保持寄存器数据: [0, 0, 0, 0, 0, 0, 0, 0, 0, 0]
2025-04-16 15:22:20.956 | INFO     | __main__:request_monitor:184 - 当前保持寄存器数据: [0, 0, 0, 0, 0, 0, 0, 0, 0, 0]
2025-04-16 15:22:21.967 | INFO     | __main__:request_monitor:184 - 当前保持寄存器数据: [0, 0, 0, 0, 0, 0, 0, 0, 0, 0]
2025-04-16 15:22:22.982 | INFO     | __main__:request_monitor:184 - 当前保持寄存器数据: [0, 0, 0, 0, 0, 0, 0, 0, 0, 0]
2025-04-16 15:22:23.984 | INFO     | __main__:request_monitor:184 - 当前保持寄存器数据: [0, 0, 0, 0, 0, 0, 0, 0, 0, 0]
2025-04-16 15:22:24.999 | INFO     | __main__:request_monitor:184 - 当前保持寄存器数据: [0, 0, 0, 0, 0, 0, 0, 0, 0, 0]
2025-04-16 15:22:26.016 | INFO     | __main__:request_monitor:184 - 当前保持寄存器数据: [0, 0, 0, 0, 0, 0, 0, 0, 0, 0]
2025-04-16 15:22:27.031 | INFO     | __main__:request_monitor:184 - 当前保持寄存器数据: [0, 0, 0, 0, 0, 0, 0, 0, 0, 0]
2025-04-16 15:22:28.039 | INFO     | __main__:request_monitor:184 - 当前保持寄存器数据: [0, 0, 0, 0, 0, 0, 0, 0, 0, 0]
2025-04-16 15:22:29.049 | INFO     | __main__:request_monitor:184 - 当前保持寄存器数据: [0, 0, 0, 0, 0, 0, 0, 0, 0, 0]
2025-04-16 15:22:30.065 | INFO     | __main__:request_monitor:184 - 当前保持寄存器数据: [0, 0, 0, 0, 0, 0, 0, 0, 0, 0]
2025-04-16 15:22:31.066 | INFO     | __main__:request_monitor:184 - 当前保持寄存器数据: [0, 0, 0, 0, 0, 0, 0, 0, 0, 0]
2025-04-16 15:22:32.070 | INFO     | __main__:request_monitor:184 - 当前保持寄存器数据: [0, 0, 0, 0, 0, 0, 0, 0, 0, 0]
2025-04-16 15:22:33.076 | INFO     | __main__:request_monitor:184 - 当前保持寄存器数据: [0, 0, 0, 0, 0, 0, 0, 0, 0, 0]
2025-04-16 15:22:34.082 | INFO     | __main__:request_monitor:184 - 当前保持寄存器数据: [0, 0, 0, 0, 0, 0, 0, 0, 0, 0]
2025-04-16 15:22:35.082 | INFO     | __main__:request_monitor:184 - 当前保持寄存器数据: [0, 0, 0, 0, 0, 0, 0, 0, 0, 0]
2025-04-16 15:22:36.092 | INFO     | __main__:request_monitor:184 - 当前保持寄存器数据: [0, 0, 0, 0, 0, 0, 0, 0, 0, 0]
2025-04-16 15:22:37.114 | INFO     | __main__:request_monitor:184 - 当前保持寄存器数据: [111, 0, 0, 0, 0, 0, 0, 0, 0, 0]
2025-04-16 15:22:37.114 | INFO     | __main__:request_monitor:186 - 切换表情：眨眼
2025-04-16 15:22:37.114 | INFO     | __main__:request_monitor:188 - 保持寄存器读到111
2025-04-16 15:22:37.114 | INFO     | __main__:request_monitor:189 - 当前保持寄存器数据: [111, 0, 0, 0, 0, 0, 0, 0, 0, 0]
2025-04-16 15:22:37.130 | INFO     | __main__:request_monitor:191 - 开始清零
2025-04-16 15:22:37.130 | INFO     | __main__:request_monitor:192 - 当前保持寄存器数据: [111, 0, 0, 0, 0, 0, 0, 0, 0, 0]
2025-04-16 15:22:37.130 | INFO     | __main__:request_monitor:194 - 当前保持寄存器数据: [111, 0, 0, 0, 0, 0, 0, 0, 0, 0]
2025-04-16 15:22:37.130 | INFO     | __main__:request_monitor:195 - 检测到寄存器值为 111，准备退出...
2025-04-16 15:22:37.287 | INFO     | __main__:start_wake_detection:268 - 开始监听唤醒词...
2025-04-16 15:22:38.856 | INFO     | __main__:wake_callback:170 - ==================================================
2025-04-16 15:22:38.856 | INFO     | __main__:wake_callback:171 - >>> 检测到唤醒词！请说出您的指令 <<<
2025-04-16 15:22:42.390 | INFO     | __main__:wake_callback:176 - ==================================================
2025-04-16 15:22:42.390 | INFO     | __main__:start_speech_recognition:295 - 开始语音识别...
2025-04-16 15:22:42.672 | INFO     | __main__:run:523 - * 开始录音...
2025-04-16 15:22:46.578 | INFO     | __main__:on_message:381 - 将绿色方块放到方形盒子中
2025-04-16 15:22:47.911 | INFO     | __main__:on_message:381 - 。
2025-04-16 15:22:48.742 | INFO     | __main__:on_close:501 - 
### 语音识别结束 ###
2025-04-16 15:22:48.742 | INFO     | __main__:run:556 - * 录音结束
2025-04-16 15:22:48.742 | INFO     | __main__:on_close:503 - 
正在分析关键词...
2025-04-16 15:22:49.672 | INFO     | __main__:match_keywords:495 - 找到匹配关键词: 方块 匹配 方块
2025-04-16 15:22:49.672 | INFO     | __main__:match_keywords:495 - 找到匹配关键词: 方形 匹配 方形
2025-04-16 15:22:55.366 | INFO     | __main__:process_text_and_send_signal:447 - 发送信号: 401
2025-04-16 15:22:55.382 | INFO     | __main__:process_text_and_send_signal:448 - 切换表情：开心
2025-04-16 15:22:55.382 | INFO     | __main__:main:580 - 继续监听唤醒词...
2025-04-16 15:22:56.471 | INFO     | __main__:start_wake_detection:268 - 开始监听唤醒词...
2025-04-16 16:50:51.875 | ERROR    | __main__:start_wake_detection:288 - 唤醒检测错误: [Errno -9999] Unanticipated host error
2025-04-16 16:50:51.920 | INFO     | __main__:main:580 - 继续监听唤醒词...
2025-04-16 16:50:53.325 | ERROR    | __main__:start_wake_detection:288 - 唤醒检测错误: [Errno -9999] Unanticipated host error
2025-04-16 16:50:53.357 | INFO     | __main__:main:580 - 继续监听唤醒词...
2025-04-16 16:50:54.434 | ERROR    | __main__:start_wake_detection:288 - 唤醒检测错误: [Errno -9999] Unanticipated host error
2025-04-16 16:50:54.496 | INFO     | __main__:main:580 - 继续监听唤醒词...
2025-04-16 16:50:55.563 | ERROR    | __main__:start_wake_detection:288 - 唤醒检测错误: [Errno -9999] Unanticipated host error
2025-04-16 16:50:55.594 | INFO     | __main__:main:580 - 继续监听唤醒词...
2025-04-16 16:50:56.670 | ERROR    | __main__:start_wake_detection:288 - 唤醒检测错误: [Errno -9999] Unanticipated host error
2025-04-16 16:50:56.717 | INFO     | __main__:main:580 - 继续监听唤醒词...
2025-04-16 16:50:57.809 | ERROR    | __main__:start_wake_detection:288 - 唤醒检测错误: [Errno -9999] Unanticipated host error
2025-04-16 16:50:57.872 | INFO     | __main__:main:580 - 继续监听唤醒词...
2025-04-16 16:50:58.951 | ERROR    | __main__:start_wake_detection:288 - 唤醒检测错误: [Errno -9999] Unanticipated host error
2025-04-16 16:50:58.982 | INFO     | __main__:main:580 - 继续监听唤醒词...
2025-04-16 16:51:00.053 | ERROR    | __main__:start_wake_detection:288 - 唤醒检测错误: [Errno -9999] Unanticipated host error
2025-04-16 16:51:00.101 | INFO     | __main__:main:580 - 继续监听唤醒词...
2025-04-16 16:51:01.159 | ERROR    | __main__:start_wake_detection:288 - 唤醒检测错误: [Errno -9999] Unanticipated host error
2025-04-16 16:51:01.206 | INFO     | __main__:main:580 - 继续监听唤醒词...
2025-04-16 16:51:02.263 | ERROR    | __main__:start_wake_detection:288 - 唤醒检测错误: [Errno -9999] Unanticipated host error
2025-04-16 16:51:02.295 | INFO     | __main__:main:580 - 继续监听唤醒词...
2025-04-16 16:51:03.361 | ERROR    | __main__:start_wake_detection:288 - 唤醒检测错误: [Errno -9999] Unanticipated host error
2025-04-16 16:51:03.408 | INFO     | __main__:main:580 - 继续监听唤醒词...
2025-04-16 16:51:04.500 | ERROR    | __main__:start_wake_detection:288 - 唤醒检测错误: [Errno -9999] Unanticipated host error
2025-04-16 16:51:04.558 | INFO     | __main__:main:580 - 继续监听唤醒词...
2025-04-16 16:51:05.635 | ERROR    | __main__:start_wake_detection:288 - 唤醒检测错误: [Errno -9999] Unanticipated host error
2025-04-16 16:51:05.686 | INFO     | __main__:main:580 - 继续监听唤醒词...
2025-04-16 16:51:06.793 | ERROR    | __main__:start_wake_detection:288 - 唤醒检测错误: [Errno -9999] Unanticipated host error
2025-04-16 16:51:06.840 | INFO     | __main__:main:580 - 继续监听唤醒词...
2025-04-16 16:51:07.897 | ERROR    | __main__:start_wake_detection:288 - 唤醒检测错误: [Errno -9999] Unanticipated host error
2025-04-16 16:51:07.961 | INFO     | __main__:main:580 - 继续监听唤醒词...
2025-04-16 16:51:09.019 | ERROR    | __main__:start_wake_detection:288 - 唤醒检测错误: [Errno -9999] Unanticipated host error
2025-04-16 16:51:09.086 | INFO     | __main__:main:580 - 继续监听唤醒词...
2025-04-16 16:51:10.160 | ERROR    | __main__:start_wake_detection:288 - 唤醒检测错误: [Errno -9999] Unanticipated host error
2025-04-16 16:51:10.210 | INFO     | __main__:main:580 - 继续监听唤醒词...
2025-04-16 16:51:11.288 | ERROR    | __main__:start_wake_detection:288 - 唤醒检测错误: [Errno -9999] Unanticipated host error
2025-04-16 16:51:11.337 | INFO     | __main__:main:580 - 继续监听唤醒词...
2025-04-16 16:51:12.424 | ERROR    | __main__:start_wake_detection:288 - 唤醒检测错误: [Errno -9999] Unanticipated host error
2025-04-16 16:51:12.473 | INFO     | __main__:main:580 - 继续监听唤醒词...
2025-04-16 16:51:13.547 | ERROR    | __main__:start_wake_detection:288 - 唤醒检测错误: [Errno -9999] Unanticipated host error
2025-04-16 16:51:13.601 | INFO     | __main__:main:580 - 继续监听唤醒词...
2025-04-16 16:51:14.673 | ERROR    | __main__:start_wake_detection:288 - 唤醒检测错误: [Errno -9999] Unanticipated host error
2025-04-16 16:51:14.738 | INFO     | __main__:main:580 - 继续监听唤醒词...
2025-04-16 16:51:15.802 | ERROR    | __main__:start_wake_detection:288 - 唤醒检测错误: [Errno -9999] Unanticipated host error
2025-04-16 16:51:15.879 | INFO     | __main__:main:580 - 继续监听唤醒词...
2025-04-16 16:51:17.007 | ERROR    | __main__:start_wake_detection:288 - 唤醒检测错误: [Errno -9999] Unanticipated host error
2025-04-16 16:51:17.050 | INFO     | __main__:main:580 - 继续监听唤醒词...
2025-04-16 16:51:18.120 | ERROR    | __main__:start_wake_detection:288 - 唤醒检测错误: [Errno -9999] Unanticipated host error
2025-04-16 16:51:18.170 | INFO     | __main__:main:580 - 继续监听唤醒词...
2025-04-16 16:51:19.255 | ERROR    | __main__:start_wake_detection:288 - 唤醒检测错误: [Errno -9999] Unanticipated host error
2025-04-16 16:51:19.320 | INFO     | __main__:main:580 - 继续监听唤醒词...
2025-04-16 16:51:20.382 | ERROR    | __main__:start_wake_detection:288 - 唤醒检测错误: [Errno -9999] Unanticipated host error
2025-04-16 16:51:20.431 | INFO     | __main__:main:580 - 继续监听唤醒词...
2025-04-16 16:51:21.506 | ERROR    | __main__:start_wake_detection:288 - 唤醒检测错误: [Errno -9999] Unanticipated host error
2025-04-16 16:51:21.553 | INFO     | __main__:main:580 - 继续监听唤醒词...
2025-04-16 16:51:22.608 | ERROR    | __main__:start_wake_detection:288 - 唤醒检测错误: [Errno -9999] Unanticipated host error
2025-04-16 16:51:22.664 | INFO     | __main__:main:580 - 继续监听唤醒词...
2025-04-16 16:51:23.737 | ERROR    | __main__:start_wake_detection:288 - 唤醒检测错误: [Errno -9999] Unanticipated host error
2025-04-16 16:51:23.788 | INFO     | __main__:main:580 - 继续监听唤醒词...
2025-04-16 16:51:24.864 | ERROR    | __main__:start_wake_detection:288 - 唤醒检测错误: [Errno -9999] Unanticipated host error
2025-04-16 16:51:24.916 | INFO     | __main__:main:580 - 继续监听唤醒词...
2025-04-16 16:51:25.985 | ERROR    | __main__:start_wake_detection:288 - 唤醒检测错误: [Errno -9999] Unanticipated host error
2025-04-16 16:51:26.034 | INFO     | __main__:main:580 - 继续监听唤醒词...
2025-04-16 16:51:27.100 | ERROR    | __main__:start_wake_detection:288 - 唤醒检测错误: [Errno -9999] Unanticipated host error
2025-04-16 16:51:27.129 | INFO     | __main__:main:580 - 继续监听唤醒词...
2025-04-16 16:51:28.178 | ERROR    | __main__:start_wake_detection:288 - 唤醒检测错误: [Errno -9999] Unanticipated host error
2025-04-16 16:51:28.236 | INFO     | __main__:main:580 - 继续监听唤醒词...
2025-04-16 16:51:29.299 | ERROR    | __main__:start_wake_detection:288 - 唤醒检测错误: [Errno -9999] Unanticipated host error
2025-04-16 16:51:29.385 | INFO     | __main__:main:580 - 继续监听唤醒词...
2025-04-16 16:51:30.425 | ERROR    | __main__:start_wake_detection:288 - 唤醒检测错误: [Errno -9999] Unanticipated host error
2025-04-16 16:51:30.480 | INFO     | __main__:main:580 - 继续监听唤醒词...
2025-04-16 16:51:31.537 | ERROR    | __main__:start_wake_detection:288 - 唤醒检测错误: [Errno -9999] Unanticipated host error
2025-04-16 16:51:31.543 | INFO     | __main__:main:580 - 继续监听唤醒词...
2025-04-16 16:51:32.608 | ERROR    | __main__:start_wake_detection:288 - 唤醒检测错误: [Errno -9999] Unanticipated host error
2025-04-16 16:51:32.636 | INFO     | __main__:main:580 - 继续监听唤醒词...
2025-04-16 16:51:33.711 | ERROR    | __main__:start_wake_detection:288 - 唤醒检测错误: [Errno -9999] Unanticipated host error
2025-04-16 16:51:33.775 | INFO     | __main__:main:580 - 继续监听唤醒词...
2025-04-16 16:51:34.816 | ERROR    | __main__:start_wake_detection:288 - 唤醒检测错误: [Errno -9999] Unanticipated host error
2025-04-16 16:51:34.823 | INFO     | __main__:main:580 - 继续监听唤醒词...
2025-04-16 16:51:35.904 | ERROR    | __main__:start_wake_detection:288 - 唤醒检测错误: [Errno -9999] Unanticipated host error
2025-04-16 16:51:35.909 | INFO     | __main__:main:580 - 继续监听唤醒词...
2025-04-16 16:51:36.945 | ERROR    | __main__:start_wake_detection:288 - 唤醒检测错误: [Errno -9999] Unanticipated host error
2025-04-16 16:51:37.028 | INFO     | __main__:main:580 - 继续监听唤醒词...
2025-04-16 16:51:38.079 | ERROR    | __main__:start_wake_detection:288 - 唤醒检测错误: [Errno -9999] Unanticipated host error
2025-04-16 16:51:38.130 | INFO     | __main__:main:580 - 继续监听唤醒词...
2025-04-16 16:51:39.214 | ERROR    | __main__:start_wake_detection:288 - 唤醒检测错误: [Errno -9999] Unanticipated host error
2025-04-16 16:51:39.262 | INFO     | __main__:main:580 - 继续监听唤醒词...
2025-04-16 16:51:40.316 | ERROR    | __main__:start_wake_detection:288 - 唤醒检测错误: [Errno -9999] Unanticipated host error
2025-04-16 16:51:40.378 | INFO     | __main__:main:580 - 继续监听唤醒词...
2025-04-16 16:51:41.459 | ERROR    | __main__:start_wake_detection:288 - 唤醒检测错误: [Errno -9999] Unanticipated host error
2025-04-16 16:51:41.504 | INFO     | __main__:main:580 - 继续监听唤醒词...
2025-04-16 16:51:42.562 | ERROR    | __main__:start_wake_detection:288 - 唤醒检测错误: [Errno -9999] Unanticipated host error
2025-04-16 16:51:42.606 | INFO     | __main__:main:580 - 继续监听唤醒词...
2025-04-16 16:51:43.650 | ERROR    | __main__:start_wake_detection:288 - 唤醒检测错误: [Errno -9999] Unanticipated host error
2025-04-16 16:51:43.689 | INFO     | __main__:main:580 - 继续监听唤醒词...
2025-04-16 16:51:44.795 | ERROR    | __main__:start_wake_detection:288 - 唤醒检测错误: [Errno -9999] Unanticipated host error
2025-04-16 16:51:44.853 | INFO     | __main__:main:580 - 继续监听唤醒词...
2025-04-16 16:51:45.944 | ERROR    | __main__:start_wake_detection:288 - 唤醒检测错误: [Errno -9999] Unanticipated host error
2025-04-16 16:51:45.992 | INFO     | __main__:main:580 - 继续监听唤醒词...
2025-04-16 16:51:47.083 | ERROR    | __main__:start_wake_detection:288 - 唤醒检测错误: [Errno -9999] Unanticipated host error
2025-04-16 16:51:47.134 | INFO     | __main__:main:580 - 继续监听唤醒词...
2025-04-16 16:51:48.205 | ERROR    | __main__:start_wake_detection:288 - 唤醒检测错误: [Errno -9999] Unanticipated host error
2025-04-16 16:51:48.254 | INFO     | __main__:main:580 - 继续监听唤醒词...
2025-04-16 16:51:49.292 | ERROR    | __main__:start_wake_detection:288 - 唤醒检测错误: [Errno -9999] Unanticipated host error
2025-04-16 16:51:49.374 | INFO     | __main__:main:580 - 继续监听唤醒词...
2025-04-16 16:51:50.414 | ERROR    | __main__:start_wake_detection:288 - 唤醒检测错误: [Errno -9999] Unanticipated host error
2025-04-16 16:51:50.469 | INFO     | __main__:main:580 - 继续监听唤醒词...
2025-04-16 16:51:51.512 | ERROR    | __main__:start_wake_detection:288 - 唤醒检测错误: [Errno -9999] Unanticipated host error
2025-04-16 16:51:51.558 | INFO     | __main__:main:580 - 继续监听唤醒词...
2025-04-16 16:51:52.641 | ERROR    | __main__:start_wake_detection:288 - 唤醒检测错误: [Errno -9999] Unanticipated host error
2025-04-16 16:51:52.648 | INFO     | __main__:main:580 - 继续监听唤醒词...
2025-04-16 16:51:53.718 | ERROR    | __main__:start_wake_detection:288 - 唤醒检测错误: [Errno -9999] Unanticipated host error
2025-04-16 16:51:53.773 | INFO     | __main__:main:580 - 继续监听唤醒词...
2025-04-16 16:51:54.854 | ERROR    | __main__:start_wake_detection:288 - 唤醒检测错误: [Errno -9999] Unanticipated host error
2025-04-16 16:51:54.897 | INFO     | __main__:main:580 - 继续监听唤醒词...
2025-04-16 16:51:55.961 | ERROR    | __main__:start_wake_detection:288 - 唤醒检测错误: [Errno -9999] Unanticipated host error
2025-04-16 16:51:56.009 | INFO     | __main__:main:580 - 继续监听唤醒词...
2025-04-16 16:51:57.051 | ERROR    | __main__:start_wake_detection:288 - 唤醒检测错误: [Errno -9999] Unanticipated host error
2025-04-16 16:51:57.109 | INFO     | __main__:main:580 - 继续监听唤醒词...
2025-04-16 16:51:58.221 | ERROR    | __main__:start_wake_detection:288 - 唤醒检测错误: [Errno -9999] Unanticipated host error
2025-04-16 16:51:58.277 | INFO     | __main__:main:580 - 继续监听唤醒词...
2025-04-16 16:51:59.354 | ERROR    | __main__:start_wake_detection:288 - 唤醒检测错误: [Errno -9999] Unanticipated host error
2025-04-16 16:51:59.417 | INFO     | __main__:main:580 - 继续监听唤醒词...
2025-04-16 16:52:00.454 | ERROR    | __main__:start_wake_detection:288 - 唤醒检测错误: [Errno -9999] Unanticipated host error
2025-04-16 16:52:00.515 | INFO     | __main__:main:580 - 继续监听唤醒词...
2025-04-16 16:52:01.572 | ERROR    | __main__:start_wake_detection:288 - 唤醒检测错误: [Errno -9999] Unanticipated host error
2025-04-16 16:52:01.622 | INFO     | __main__:main:580 - 继续监听唤醒词...
2025-04-16 16:52:02.685 | ERROR    | __main__:start_wake_detection:288 - 唤醒检测错误: [Errno -9999] Unanticipated host error
2025-04-16 16:52:02.728 | INFO     | __main__:main:580 - 继续监听唤醒词...
2025-04-16 16:52:03.897 | INFO     | __main__:start_wake_detection:268 - 开始监听唤醒词...
