2025-03-22 17:44:41.926 | INFO     | __main__:load_keywords_dict:162 - 成功加载关键词词典: ./keywords_dicts\keywords_dict.yaml
2025-03-22 17:44:45.374 | INFO     | __main__:_init_expression_server:148 - 表情服务器启动成功
2025-03-22 17:44:45.374 | INFO     | __main__:run_modbus_server:201 - Modbus 从机正在 192.168.1.125:599 上监听...
2025-03-22 17:44:46.381 | INFO     | __main__:request_monitor:184 - 当前保持寄存器数据: [0, 0, 0, 0, 0, 0, 0, 0, 0, 0]
2025-03-22 17:44:47.391 | INFO     | __main__:request_monitor:184 - 当前保持寄存器数据: [0, 0, 0, 0, 0, 0, 0, 0, 0, 0]
2025-03-22 17:44:48.405 | INFO     | __main__:request_monitor:184 - 当前保持寄存器数据: [0, 0, 0, 0, 0, 0, 0, 0, 0, 0]
2025-03-22 17:44:49.412 | INFO     | __main__:request_monitor:184 - 当前保持寄存器数据: [0, 0, 0, 0, 0, 0, 0, 0, 0, 0]
2025-03-22 17:44:50.022 | INFO     | __main__:run_modbus_server:218 - Modbus服务器任务被取消
2025-03-22 17:44:50.078 | INFO     | __main__:start_wake_detection:268 - 开始监听唤醒词...
2025-03-22 17:45:00.459 | INFO     | __main__:wake_callback:170 - ==================================================
2025-03-22 17:45:00.459 | INFO     | __main__:wake_callback:171 - >>> 检测到唤醒词！请说出您的指令 <<<
2025-03-22 17:45:03.887 | INFO     | __main__:wake_callback:176 - ==================================================
2025-03-22 17:45:03.907 | INFO     | __main__:start_speech_recognition:295 - 开始语音识别...
2025-03-22 17:45:04.111 | INFO     | __main__:run:523 - * 开始录音...
2025-03-22 17:45:07.362 | INFO     | __main__:on_message:381 - 打给三哥
2025-03-22 17:45:08.797 | INFO     | __main__:on_message:381 - 。
2025-03-22 17:45:10.190 | INFO     | __main__:on_close:501 - 
### 语音识别结束 ###
2025-03-22 17:45:10.193 | INFO     | __main__:on_close:503 - 
正在分析关键词...
2025-03-22 17:45:10.194 | INFO     | __main__:run:556 - * 录音结束
