2025-03-05 15:04:59.713 | INFO     | __main__:load_keywords_dict:147 - 成功加载关键词词典: ./keywords_dicts\keywords_dict.yaml
2025-03-05 15:04:59.715 | INFO     | __main__:run_modbus_server:209 - Modbus 从机正在 192.168.1.138:599 上监听...
2025-03-05 15:05:00.730 | INFO     | __main__:request_monitor:194 - 当前保持寄存器数据: [0, 0, 0, 0, 0, 0, 0, 0, 0, 0]
2025-03-05 15:05:01.734 | INFO     | __main__:request_monitor:194 - 当前保持寄存器数据: [0, 0, 0, 0, 0, 0, 0, 0, 0, 0]
2025-03-05 15:05:02.745 | INFO     | __main__:request_monitor:194 - 当前保持寄存器数据: [0, 0, 0, 0, 0, 0, 0, 0, 0, 0]
2025-03-05 15:05:03.751 | INFO     | __main__:request_monitor:194 - 当前保持寄存器数据: [0, 0, 0, 0, 0, 0, 0, 0, 0, 0]
2025-03-05 15:05:04.760 | INFO     | __main__:request_monitor:194 - 当前保持寄存器数据: [0, 0, 0, 0, 0, 0, 0, 0, 0, 0]
2025-03-05 15:05:05.767 | INFO     | __main__:request_monitor:194 - 当前保持寄存器数据: [0, 0, 0, 0, 0, 0, 0, 0, 0, 0]
2025-03-05 15:05:06.771 | INFO     | __main__:request_monitor:194 - 当前保持寄存器数据: [0, 0, 0, 0, 0, 0, 0, 0, 0, 0]
2025-03-05 15:05:07.778 | INFO     | __main__:request_monitor:194 - 当前保持寄存器数据: [0, 0, 0, 0, 0, 0, 0, 0, 0, 0]
2025-03-05 15:05:08.782 | INFO     | __main__:request_monitor:194 - 当前保持寄存器数据: [0, 0, 0, 0, 0, 0, 0, 0, 0, 0]
2025-03-05 15:05:09.788 | INFO     | __main__:request_monitor:194 - 当前保持寄存器数据: [0, 0, 0, 0, 0, 0, 0, 0, 0, 0]
2025-03-05 15:05:10.796 | INFO     | __main__:request_monitor:194 - 当前保持寄存器数据: [0, 0, 0, 0, 0, 0, 0, 0, 0, 0]
2025-03-05 15:05:11.804 | INFO     | __main__:request_monitor:194 - 当前保持寄存器数据: [0, 0, 0, 0, 0, 0, 0, 0, 0, 0]
2025-03-05 15:05:12.808 | INFO     | __main__:request_monitor:194 - 当前保持寄存器数据: [0, 0, 0, 0, 0, 0, 0, 0, 0, 0]
2025-03-05 15:05:13.814 | INFO     | __main__:request_monitor:194 - 当前保持寄存器数据: [0, 0, 0, 0, 0, 0, 0, 0, 0, 0]
2025-03-05 15:05:14.828 | INFO     | __main__:request_monitor:194 - 当前保持寄存器数据: [0, 0, 0, 0, 0, 0, 0, 0, 0, 0]
2025-03-05 15:05:15.838 | INFO     | __main__:request_monitor:194 - 当前保持寄存器数据: [0, 0, 0, 0, 0, 0, 0, 0, 0, 0]
2025-03-05 15:05:16.841 | INFO     | __main__:request_monitor:194 - 当前保持寄存器数据: [0, 0, 0, 0, 0, 0, 0, 0, 0, 0]
2025-03-05 15:05:17.066 | INFO     | __main__:run_modbus_server:226 - Modbus服务器任务被取消
2025-03-05 15:05:17.492 | INFO     | __main__:start_wake_detection:276 - 开始监听唤醒词...
