2025-05-13 17:22:55.811 | INFO     | __main__:load_keywords_dict:162 - 成功加载关键词词典: ./keywords_dicts\keywords_dict.yaml
2025-05-13 17:23:00.051 | INFO     | __main__:_init_expression_server:148 - 表情服务器启动成功
2025-05-13 17:23:00.051 | INFO     | __main__:run_modbus_server:201 - Modbus 从机正在 192.168.1.125:599 上监听...
2025-05-13 17:23:01.054 | INFO     | __main__:request_monitor:184 - 当前保持寄存器数据: [0, 0, 0, 0, 0, 0, 0, 0, 0, 0]
2025-05-13 17:23:02.055 | INFO     | __main__:request_monitor:184 - 当前保持寄存器数据: [0, 0, 0, 0, 0, 0, 0, 0, 0, 0]
2025-05-13 17:23:03.070 | INFO     | __main__:request_monitor:184 - 当前保持寄存器数据: [0, 0, 0, 0, 0, 0, 0, 0, 0, 0]
2025-05-13 17:23:04.083 | INFO     | __main__:request_monitor:184 - 当前保持寄存器数据: [0, 0, 0, 0, 0, 0, 0, 0, 0, 0]
2025-05-13 17:23:05.086 | INFO     | __main__:request_monitor:184 - 当前保持寄存器数据: [0, 0, 0, 0, 0, 0, 0, 0, 0, 0]
2025-05-13 17:23:06.082 | INFO     | __main__:request_monitor:184 - 当前保持寄存器数据: [0, 0, 0, 0, 0, 0, 0, 0, 0, 0]
2025-05-13 17:23:07.085 | INFO     | __main__:request_monitor:184 - 当前保持寄存器数据: [0, 0, 0, 0, 0, 0, 0, 0, 0, 0]
2025-05-13 17:23:08.084 | INFO     | __main__:request_monitor:184 - 当前保持寄存器数据: [0, 0, 0, 0, 0, 0, 0, 0, 0, 0]
2025-05-13 17:23:09.085 | INFO     | __main__:request_monitor:184 - 当前保持寄存器数据: [0, 0, 0, 0, 0, 0, 0, 0, 0, 0]
2025-05-13 17:23:10.088 | INFO     | __main__:request_monitor:184 - 当前保持寄存器数据: [0, 0, 0, 0, 0, 0, 0, 0, 0, 0]
2025-05-13 17:23:11.097 | INFO     | __main__:request_monitor:184 - 当前保持寄存器数据: [111, 0, 0, 0, 0, 0, 0, 0, 0, 0]
2025-05-13 17:23:11.098 | INFO     | __main__:request_monitor:186 - 切换表情：眨眼
2025-05-13 17:23:11.099 | INFO     | __main__:request_monitor:188 - 保持寄存器读到111
2025-05-13 17:23:11.099 | INFO     | __main__:request_monitor:189 - 当前保持寄存器数据: [111, 0, 0, 0, 0, 0, 0, 0, 0, 0]
2025-05-13 17:23:11.099 | INFO     | __main__:request_monitor:191 - 开始清零
2025-05-13 17:23:11.100 | INFO     | __main__:request_monitor:192 - 当前保持寄存器数据: [111, 0, 0, 0, 0, 0, 0, 0, 0, 0]
2025-05-13 17:23:11.100 | INFO     | __main__:request_monitor:194 - 当前保持寄存器数据: [111, 0, 0, 0, 0, 0, 0, 0, 0, 0]
2025-05-13 17:23:11.100 | INFO     | __main__:request_monitor:195 - 检测到寄存器值为 111，准备退出...
2025-05-13 17:23:11.184 | INFO     | __main__:start_wake_detection:268 - 开始监听唤醒词...
2025-05-13 17:23:12.288 | INFO     | __main__:wake_callback:170 - ==================================================
2025-05-13 17:23:12.288 | INFO     | __main__:wake_callback:171 - >>> 检测到唤醒词！请说出您的指令 <<<
2025-05-13 17:23:15.648 | INFO     | __main__:wake_callback:176 - ==================================================
2025-05-13 17:23:15.654 | INFO     | __main__:start_speech_recognition:295 - 开始语音识别...
2025-05-13 17:23:15.908 | INFO     | __main__:run:523 - * 开始录音...
2025-05-13 17:23:19.234 | INFO     | __main__:on_message:381 - 将绿色方块放到方形盒子里
2025-05-13 17:23:20.564 | INFO     | __main__:on_message:381 - 。
2025-05-13 17:23:22.400 | INFO     | __main__:on_close:501 - 
### 语音识别结束 ###
2025-05-13 17:23:22.400 | INFO     | __main__:run:556 - * 录音结束
2025-05-13 17:23:22.400 | INFO     | __main__:on_close:503 - 
正在分析关键词...
2025-05-13 17:23:22.886 | INFO     | __main__:match_keywords:495 - 找到匹配关键词: 方块 匹配 方块
2025-05-13 17:23:22.886 | INFO     | __main__:match_keywords:495 - 找到匹配关键词: 方形 匹配 方形
2025-05-13 17:23:28.101 | INFO     | __main__:process_text_and_send_signal:447 - 发送信号: 401
2025-05-13 17:23:28.101 | INFO     | __main__:process_text_and_send_signal:448 - 切换表情：开心
2025-05-13 17:23:28.104 | INFO     | __main__:main:580 - 继续监听唤醒词...
2025-05-13 17:23:29.148 | INFO     | __main__:start_wake_detection:268 - 开始监听唤醒词...
2025-05-13 17:23:51.362 | INFO     | __main__:wake_callback:170 - ==================================================
2025-05-13 17:23:51.362 | INFO     | __main__:wake_callback:171 - >>> 检测到唤醒词！请说出您的指令 <<<
2025-05-13 17:23:54.692 | INFO     | __main__:wake_callback:176 - ==================================================
2025-05-13 17:23:54.698 | INFO     | __main__:start_speech_recognition:295 - 开始语音识别...
2025-05-13 17:23:54.909 | INFO     | __main__:run:523 - * 开始录音...
2025-05-13 17:23:58.111 | INFO     | __main__:on_message:381 - 将绿色方块放到方形盒子中
2025-05-13 17:23:59.387 | INFO     | __main__:on_message:381 - 。
2025-05-13 17:24:01.001 | INFO     | __main__:on_close:501 - 
### 语音识别结束 ###
2025-05-13 17:24:01.001 | INFO     | __main__:on_close:503 - 
正在分析关键词...
2025-05-13 17:24:01.001 | INFO     | __main__:run:556 - * 录音结束
2025-05-13 17:24:01.001 | INFO     | __main__:match_keywords:495 - 找到匹配关键词: 方块 匹配 方块
2025-05-13 17:24:01.001 | INFO     | __main__:match_keywords:495 - 找到匹配关键词: 方形 匹配 方形
2025-05-13 17:24:06.199 | INFO     | __main__:process_text_and_send_signal:447 - 发送信号: 401
2025-05-13 17:24:06.199 | INFO     | __main__:process_text_and_send_signal:448 - 切换表情：开心
2025-05-13 17:24:06.200 | INFO     | __main__:main:580 - 继续监听唤醒词...
2025-05-13 17:24:07.252 | INFO     | __main__:start_wake_detection:268 - 开始监听唤醒词...
