2025-04-30 10:16:58.616 | INFO     | __main__:load_keywords_dict:162 - 成功加载关键词词典: ./keywords_dicts\keywords_dict.yaml
2025-04-30 10:17:03.811 | INFO     | __main__:_init_expression_server:148 - 表情服务器启动成功
2025-04-30 10:17:03.811 | INFO     | __main__:run_modbus_server:201 - Modbus 从机正在 192.168.1.125:599 上监听...
2025-04-30 10:17:04.821 | INFO     | __main__:request_monitor:184 - 当前保持寄存器数据: [0, 0, 0, 0, 0, 0, 0, 0, 0, 0]
2025-04-30 10:17:05.823 | INFO     | __main__:request_monitor:184 - 当前保持寄存器数据: [0, 0, 0, 0, 0, 0, 0, 0, 0, 0]
2025-04-30 10:17:06.831 | INFO     | __main__:request_monitor:184 - 当前保持寄存器数据: [0, 0, 0, 0, 0, 0, 0, 0, 0, 0]
2025-04-30 10:17:07.839 | INFO     | __main__:request_monitor:184 - 当前保持寄存器数据: [0, 0, 0, 0, 0, 0, 0, 0, 0, 0]
2025-04-30 10:17:08.855 | INFO     | __main__:request_monitor:184 - 当前保持寄存器数据: [0, 0, 0, 0, 0, 0, 0, 0, 0, 0]
2025-04-30 10:17:09.856 | INFO     | __main__:request_monitor:184 - 当前保持寄存器数据: [0, 0, 0, 0, 0, 0, 0, 0, 0, 0]
2025-04-30 10:17:10.860 | INFO     | __main__:request_monitor:184 - 当前保持寄存器数据: [0, 0, 0, 0, 0, 0, 0, 0, 0, 0]
2025-04-30 10:17:11.864 | INFO     | __main__:request_monitor:184 - 当前保持寄存器数据: [0, 0, 0, 0, 0, 0, 0, 0, 0, 0]
2025-04-30 10:17:12.870 | INFO     | __main__:request_monitor:184 - 当前保持寄存器数据: [0, 0, 0, 0, 0, 0, 0, 0, 0, 0]
2025-04-30 10:17:13.873 | INFO     | __main__:request_monitor:184 - 当前保持寄存器数据: [0, 0, 0, 0, 0, 0, 0, 0, 0, 0]
2025-04-30 10:17:14.884 | INFO     | __main__:request_monitor:184 - 当前保持寄存器数据: [0, 0, 0, 0, 0, 0, 0, 0, 0, 0]
2025-04-30 10:17:15.893 | INFO     | __main__:request_monitor:184 - 当前保持寄存器数据: [111, 0, 0, 0, 0, 0, 0, 0, 0, 0]
2025-04-30 10:17:15.893 | INFO     | __main__:request_monitor:186 - 切换表情：眨眼
2025-04-30 10:17:15.894 | INFO     | __main__:request_monitor:188 - 保持寄存器读到111
2025-04-30 10:17:15.894 | INFO     | __main__:request_monitor:189 - 当前保持寄存器数据: [111, 0, 0, 0, 0, 0, 0, 0, 0, 0]
2025-04-30 10:17:15.894 | INFO     | __main__:request_monitor:191 - 开始清零
2025-04-30 10:17:15.894 | INFO     | __main__:request_monitor:192 - 当前保持寄存器数据: [111, 0, 0, 0, 0, 0, 0, 0, 0, 0]
2025-04-30 10:17:15.895 | INFO     | __main__:request_monitor:194 - 当前保持寄存器数据: [111, 0, 0, 0, 0, 0, 0, 0, 0, 0]
2025-04-30 10:17:15.895 | INFO     | __main__:request_monitor:195 - 检测到寄存器值为 111，准备退出...
2025-04-30 10:17:15.959 | INFO     | __main__:start_wake_detection:268 - 开始监听唤醒词...
2025-04-30 10:17:21.677 | INFO     | __main__:wake_callback:170 - ==================================================
2025-04-30 10:17:21.677 | INFO     | __main__:wake_callback:171 - >>> 检测到唤醒词！请说出您的指令 <<<
2025-04-30 10:17:25.144 | INFO     | __main__:wake_callback:176 - ==================================================
2025-04-30 10:17:25.146 | INFO     | __main__:start_speech_recognition:295 - 开始语音识别...
2025-04-30 10:17:25.364 | INFO     | __main__:run:523 - * 开始录音...
2025-04-30 10:17:28.506 | INFO     | __main__:on_message:381 - 将绿色住盒子的
2025-04-30 10:17:29.840 | INFO     | __main__:on_message:381 - 。
2025-04-30 10:17:31.433 | INFO     | __main__:on_close:501 - 
### 语音识别结束 ###
2025-04-30 10:17:31.433 | INFO     | __main__:on_close:503 - 
正在分析关键词...
2025-04-30 10:17:31.433 | INFO     | __main__:run:556 - * 录音结束
2025-04-30 10:17:36.336 | INFO     | __main__:main:580 - 继续监听唤醒词...
2025-04-30 10:17:37.374 | INFO     | __main__:start_wake_detection:268 - 开始监听唤醒词...
2025-04-30 10:17:38.613 | INFO     | __main__:wake_callback:170 - ==================================================
2025-04-30 10:17:38.613 | INFO     | __main__:wake_callback:171 - >>> 检测到唤醒词！请说出您的指令 <<<
2025-04-30 10:17:42.081 | INFO     | __main__:wake_callback:176 - ==================================================
2025-04-30 10:17:42.085 | INFO     | __main__:start_speech_recognition:295 - 开始语音识别...
2025-04-30 10:17:42.278 | INFO     | __main__:run:523 - * 开始录音...
2025-04-30 10:17:46.244 | INFO     | __main__:on_message:381 - 将绿色入盒子中
2025-04-30 10:17:47.588 | INFO     | __main__:on_message:381 - 。
2025-04-30 10:17:48.349 | INFO     | __main__:on_close:501 - 
### 语音识别结束 ###
2025-04-30 10:17:48.349 | INFO     | __main__:on_close:503 - 
正在分析关键词...
2025-04-30 10:17:48.349 | INFO     | __main__:run:556 - * 录音结束
2025-04-30 10:17:48.748 | INFO     | __main__:match_keywords:495 - 找到匹配关键词: 绿色 匹配 绿色
2025-04-30 10:17:48.748 | INFO     | __main__:match_keywords:495 - 找到匹配关键词: 盒子 匹配 盒子
2025-04-30 10:17:54.055 | INFO     | __main__:process_text_and_send_signal:447 - 发送信号: 401
2025-04-30 10:17:54.055 | INFO     | __main__:process_text_and_send_signal:448 - 切换表情：开心
2025-04-30 10:17:54.055 | INFO     | __main__:main:580 - 继续监听唤醒词...
2025-04-30 10:17:55.106 | INFO     | __main__:start_wake_detection:268 - 开始监听唤醒词...
2025-04-30 10:23:59.085 | INFO     | __main__:wake_callback:170 - ==================================================
2025-04-30 10:23:59.085 | INFO     | __main__:wake_callback:171 - >>> 检测到唤醒词！请说出您的指令 <<<
2025-04-30 10:24:02.435 | INFO     | __main__:wake_callback:176 - ==================================================
2025-04-30 10:24:02.435 | INFO     | __main__:start_speech_recognition:295 - 开始语音识别...
2025-04-30 10:24:02.641 | INFO     | __main__:run:523 - * 开始录音...
2025-04-30 10:24:05.145 | INFO     | __main__:on_message:381 - 将绿色放到不良品
2025-04-30 10:24:06.546 | INFO     | __main__:on_message:381 - 。
2025-04-30 10:24:08.726 | INFO     | __main__:on_close:501 - 
### 语音识别结束 ###
2025-04-30 10:24:08.727 | INFO     | __main__:on_close:503 - 
正在分析关键词...
2025-04-30 10:24:08.727 | INFO     | __main__:run:556 - * 录音结束
2025-04-30 10:24:08.727 | INFO     | __main__:match_keywords:495 - 找到匹配关键词: 绿色 匹配 绿色
2025-04-30 10:24:08.727 | INFO     | __main__:match_keywords:495 - 找到匹配关键词: 不良 匹配 不良
2025-04-30 10:24:13.906 | INFO     | __main__:process_text_and_send_signal:447 - 发送信号: 401
2025-04-30 10:24:13.906 | INFO     | __main__:process_text_and_send_signal:448 - 切换表情：开心
2025-04-30 10:24:13.911 | INFO     | __main__:main:580 - 继续监听唤醒词...
2025-04-30 10:24:14.965 | INFO     | __main__:start_wake_detection:268 - 开始监听唤醒词...
2025-04-30 10:24:27.264 | INFO     | __main__:wake_callback:170 - ==================================================
2025-04-30 10:24:27.264 | INFO     | __main__:wake_callback:171 - >>> 检测到唤醒词！请说出您的指令 <<<
2025-04-30 10:24:30.732 | INFO     | __main__:wake_callback:176 - ==================================================
2025-04-30 10:24:30.739 | INFO     | __main__:start_speech_recognition:295 - 开始语音识别...
2025-04-30 10:24:30.938 | INFO     | __main__:run:523 - * 开始录音...
2025-04-30 10:24:35.105 | INFO     | __main__:on_message:381 - 将原型放到原盒中
2025-04-30 10:24:36.507 | INFO     | __main__:on_message:381 - 。
2025-04-30 10:24:37.002 | INFO     | __main__:on_close:501 - 
### 语音识别结束 ###
2025-04-30 10:24:37.002 | INFO     | __main__:on_close:503 - 
正在分析关键词...
2025-04-30 10:24:37.002 | INFO     | __main__:run:556 - * 录音结束
2025-04-30 10:24:37.002 | INFO     | __main__:process_text_and_send_signal:471 - 未找到匹配的组合
2025-04-30 10:24:42.359 | INFO     | __main__:process_text_and_send_signal:476 - 发送信号: 406
2025-04-30 10:24:42.359 | INFO     | __main__:process_text_and_send_signal:477 - 切换表情：难过
2025-04-30 10:24:42.365 | INFO     | __main__:main:580 - 继续监听唤醒词...
2025-04-30 10:24:43.408 | INFO     | __main__:start_wake_detection:268 - 开始监听唤醒词...
2025-04-30 10:24:44.321 | INFO     | __main__:wake_callback:170 - ==================================================
2025-04-30 10:24:44.321 | INFO     | __main__:wake_callback:171 - >>> 检测到唤醒词！请说出您的指令 <<<
2025-04-30 10:24:47.791 | INFO     | __main__:wake_callback:176 - ==================================================
2025-04-30 10:24:47.796 | INFO     | __main__:start_speech_recognition:295 - 开始语音识别...
2025-04-30 10:24:47.984 | INFO     | __main__:run:523 - * 开始录音...
2025-04-30 10:24:50.822 | INFO     | __main__:on_message:381 - 将原形放到
2025-04-30 10:24:52.640 | INFO     | __main__:on_message:381 - 圆形盒子中
2025-04-30 10:24:53.994 | INFO     | __main__:on_message:381 - 。
2025-04-30 10:24:54.058 | INFO     | __main__:on_close:501 - 
### 语音识别结束 ###
2025-04-30 10:24:54.058 | INFO     | __main__:run:556 - * 录音结束
2025-04-30 10:24:54.058 | INFO     | __main__:on_close:503 - 
正在分析关键词...
2025-04-30 10:24:54.062 | INFO     | __main__:match_keywords:495 - 找到匹配关键词: 盒子 匹配 盒子
2025-04-30 10:24:54.063 | INFO     | __main__:process_text_and_send_signal:471 - 未找到匹配的组合
2025-04-30 10:24:59.018 | INFO     | __main__:process_text_and_send_signal:476 - 发送信号: 406
2025-04-30 10:24:59.018 | INFO     | __main__:process_text_and_send_signal:477 - 切换表情：难过
2025-04-30 10:24:59.018 | INFO     | __main__:main:580 - 继续监听唤醒词...
2025-04-30 10:25:00.084 | INFO     | __main__:start_wake_detection:268 - 开始监听唤醒词...
