2025-03-27 09:58:56.495 | INFO     | __main__:load_keywords_dict:162 - 成功加载关键词词典: ./keywords_dicts\keywords_dict.yaml
2025-03-27 09:58:59.380 | INFO     | __main__:_init_expression_server:148 - 表情服务器启动成功
2025-03-27 09:58:59.380 | INFO     | __main__:run_modbus_server:201 - Modbus 从机正在 192.168.1.125:599 上监听...
2025-03-27 09:59:00.392 | INFO     | __main__:request_monitor:184 - 当前保持寄存器数据: [0, 0, 0, 0, 0, 0, 0, 0, 0, 0]
2025-03-27 09:59:01.404 | INFO     | __main__:request_monitor:184 - 当前保持寄存器数据: [0, 0, 0, 0, 0, 0, 0, 0, 0, 0]
2025-03-27 09:59:02.407 | INFO     | __main__:request_monitor:184 - 当前保持寄存器数据: [0, 0, 0, 0, 0, 0, 0, 0, 0, 0]
2025-03-27 09:59:03.406 | INFO     | __main__:request_monitor:184 - 当前保持寄存器数据: [0, 0, 0, 0, 0, 0, 0, 0, 0, 0]
2025-03-27 09:59:04.421 | INFO     | __main__:request_monitor:184 - 当前保持寄存器数据: [0, 0, 0, 0, 0, 0, 0, 0, 0, 0]
2025-03-27 09:59:05.430 | INFO     | __main__:request_monitor:184 - 当前保持寄存器数据: [0, 0, 0, 0, 0, 0, 0, 0, 0, 0]
2025-03-27 09:59:06.431 | INFO     | __main__:request_monitor:184 - 当前保持寄存器数据: [0, 0, 0, 0, 0, 0, 0, 0, 0, 0]
2025-03-27 09:59:07.446 | INFO     | __main__:request_monitor:184 - 当前保持寄存器数据: [0, 0, 0, 0, 0, 0, 0, 0, 0, 0]
2025-03-27 09:59:08.462 | INFO     | __main__:request_monitor:184 - 当前保持寄存器数据: [0, 0, 0, 0, 0, 0, 0, 0, 0, 0]
2025-03-27 09:59:09.477 | INFO     | __main__:request_monitor:184 - 当前保持寄存器数据: [0, 0, 0, 0, 0, 0, 0, 0, 0, 0]
2025-03-27 09:59:10.477 | INFO     | __main__:request_monitor:184 - 当前保持寄存器数据: [0, 0, 0, 0, 0, 0, 0, 0, 0, 0]
2025-03-27 09:59:11.477 | INFO     | __main__:request_monitor:184 - 当前保持寄存器数据: [0, 0, 0, 0, 0, 0, 0, 0, 0, 0]
2025-03-27 09:59:12.492 | INFO     | __main__:request_monitor:184 - 当前保持寄存器数据: [0, 0, 0, 0, 0, 0, 0, 0, 0, 0]
2025-03-27 09:59:13.508 | INFO     | __main__:request_monitor:184 - 当前保持寄存器数据: [0, 0, 0, 0, 0, 0, 0, 0, 0, 0]
2025-03-27 09:59:14.509 | INFO     | __main__:request_monitor:184 - 当前保持寄存器数据: [0, 0, 0, 0, 0, 0, 0, 0, 0, 0]
2025-03-27 09:59:15.509 | INFO     | __main__:request_monitor:184 - 当前保持寄存器数据: [0, 0, 0, 0, 0, 0, 0, 0, 0, 0]
2025-03-27 09:59:16.524 | INFO     | __main__:request_monitor:184 - 当前保持寄存器数据: [0, 0, 0, 0, 0, 0, 0, 0, 0, 0]
2025-03-27 09:59:17.540 | INFO     | __main__:request_monitor:184 - 当前保持寄存器数据: [0, 0, 0, 0, 0, 0, 0, 0, 0, 0]
2025-03-27 09:59:18.540 | INFO     | __main__:request_monitor:184 - 当前保持寄存器数据: [0, 0, 0, 0, 0, 0, 0, 0, 0, 0]
2025-03-27 09:59:19.556 | INFO     | __main__:request_monitor:184 - 当前保持寄存器数据: [0, 0, 0, 0, 0, 0, 0, 0, 0, 0]
2025-03-27 09:59:20.571 | INFO     | __main__:request_monitor:184 - 当前保持寄存器数据: [0, 0, 0, 0, 0, 0, 0, 0, 0, 0]
2025-03-27 09:59:21.587 | INFO     | __main__:request_monitor:184 - 当前保持寄存器数据: [0, 0, 0, 0, 0, 0, 0, 0, 0, 0]
2025-03-27 09:59:22.602 | INFO     | __main__:request_monitor:184 - 当前保持寄存器数据: [0, 0, 0, 0, 0, 0, 0, 0, 0, 0]
2025-03-27 09:59:23.618 | INFO     | __main__:request_monitor:184 - 当前保持寄存器数据: [0, 0, 0, 0, 0, 0, 0, 0, 0, 0]
2025-03-27 09:59:24.618 | INFO     | __main__:request_monitor:184 - 当前保持寄存器数据: [0, 0, 0, 0, 0, 0, 0, 0, 0, 0]
2025-03-27 09:59:25.633 | INFO     | __main__:request_monitor:184 - 当前保持寄存器数据: [0, 0, 0, 0, 0, 0, 0, 0, 0, 0]
2025-03-27 09:59:26.649 | INFO     | __main__:request_monitor:184 - 当前保持寄存器数据: [0, 0, 0, 0, 0, 0, 0, 0, 0, 0]
2025-03-27 09:59:27.652 | INFO     | __main__:request_monitor:184 - 当前保持寄存器数据: [0, 0, 0, 0, 0, 0, 0, 0, 0, 0]
2025-03-27 09:59:28.656 | INFO     | __main__:request_monitor:184 - 当前保持寄存器数据: [0, 0, 0, 0, 0, 0, 0, 0, 0, 0]
2025-03-27 09:59:29.679 | INFO     | __main__:request_monitor:184 - 当前保持寄存器数据: [0, 0, 0, 0, 0, 0, 0, 0, 0, 0]
2025-03-27 09:59:30.672 | INFO     | __main__:request_monitor:184 - 当前保持寄存器数据: [0, 0, 0, 0, 0, 0, 0, 0, 0, 0]
2025-03-27 09:59:31.684 | INFO     | __main__:request_monitor:184 - 当前保持寄存器数据: [0, 0, 0, 0, 0, 0, 0, 0, 0, 0]
2025-03-27 09:59:32.705 | INFO     | __main__:request_monitor:184 - 当前保持寄存器数据: [111, 0, 0, 0, 0, 0, 0, 0, 0, 0]
2025-03-27 09:59:32.706 | INFO     | __main__:request_monitor:186 - 切换表情：眨眼
2025-03-27 09:59:32.710 | INFO     | __main__:request_monitor:188 - 保持寄存器读到111
2025-03-27 09:59:32.711 | INFO     | __main__:request_monitor:189 - 当前保持寄存器数据: [111, 0, 0, 0, 0, 0, 0, 0, 0, 0]
2025-03-27 09:59:32.712 | INFO     | __main__:request_monitor:191 - 开始清零
2025-03-27 09:59:32.713 | INFO     | __main__:request_monitor:192 - 当前保持寄存器数据: [111, 0, 0, 0, 0, 0, 0, 0, 0, 0]
2025-03-27 09:59:32.714 | INFO     | __main__:request_monitor:194 - 当前保持寄存器数据: [111, 0, 0, 0, 0, 0, 0, 0, 0, 0]
2025-03-27 09:59:32.715 | INFO     | __main__:request_monitor:195 - 检测到寄存器值为 111，准备退出...
2025-03-27 09:59:32.789 | INFO     | __main__:start_wake_detection:268 - 开始监听唤醒词...
2025-03-27 10:00:47.759 | ERROR    | __main__:start_wake_detection:288 - 唤醒检测错误: [Errno -9999] Unanticipated host error
2025-03-27 10:00:47.760 | INFO     | __main__:main:580 - 继续监听唤醒词...
2025-03-27 10:00:48.804 | INFO     | __main__:start_wake_detection:268 - 开始监听唤醒词...
2025-03-27 10:00:55.020 | INFO     | __main__:wake_callback:170 - ==================================================
2025-03-27 10:00:55.020 | INFO     | __main__:wake_callback:171 - >>> 检测到唤醒词！请说出您的指令 <<<
2025-03-27 10:00:58.479 | INFO     | __main__:wake_callback:176 - ==================================================
2025-03-27 10:00:58.483 | INFO     | __main__:start_speech_recognition:295 - 开始语音识别...
2025-03-27 10:00:58.680 | INFO     | __main__:run:523 - * 开始录音...
2025-03-27 10:01:04.690 | INFO     | __main__:on_message:381 - 
2025-03-27 10:01:04.746 | INFO     | __main__:on_close:501 - 
### 语音识别结束 ###
2025-03-27 10:01:04.762 | INFO     | __main__:run:556 - * 录音结束
2025-03-27 10:01:04.762 | INFO     | __main__:main:580 - 继续监听唤醒词...
2025-03-27 10:01:05.794 | INFO     | __main__:start_wake_detection:268 - 开始监听唤醒词...
2025-03-27 10:01:36.783 | INFO     | __main__:wake_callback:170 - ==================================================
2025-03-27 10:01:36.783 | INFO     | __main__:wake_callback:171 - >>> 检测到唤醒词！请说出您的指令 <<<
2025-03-27 10:01:40.144 | INFO     | __main__:wake_callback:176 - ==================================================
2025-03-27 10:01:40.148 | INFO     | __main__:start_speech_recognition:295 - 开始语音识别...
2025-03-27 10:01:40.303 | INFO     | __main__:run:523 - * 开始录音...
2025-03-27 10:01:46.324 | INFO     | __main__:on_message:381 - 
2025-03-27 10:01:46.385 | INFO     | __main__:on_close:501 - 
### 语音识别结束 ###
2025-03-27 10:01:46.385 | INFO     | __main__:run:556 - * 录音结束
2025-03-27 10:01:46.385 | INFO     | __main__:main:580 - 继续监听唤醒词...
2025-03-27 10:01:47.425 | INFO     | __main__:start_wake_detection:268 - 开始监听唤醒词...
2025-03-27 10:11:25.254 | ERROR    | __main__:start_wake_detection:288 - 唤醒检测错误: [Errno -9999] Unanticipated host error
2025-03-27 10:11:25.259 | INFO     | __main__:main:580 - 继续监听唤醒词...
2025-03-27 10:11:26.298 | INFO     | __main__:start_wake_detection:268 - 开始监听唤醒词...
2025-03-27 10:11:34.433 | INFO     | __main__:wake_callback:170 - ==================================================
2025-03-27 10:11:34.433 | INFO     | __main__:wake_callback:171 - >>> 检测到唤醒词！请说出您的指令 <<<
2025-03-27 10:11:37.817 | INFO     | __main__:wake_callback:176 - ==================================================
2025-03-27 10:11:37.817 | INFO     | __main__:start_speech_recognition:295 - 开始语音识别...
2025-03-27 10:11:37.999 | INFO     | __main__:run:523 - * 开始录音...
2025-03-27 10:11:44.037 | INFO     | __main__:on_message:381 - 
2025-03-27 10:11:44.092 | INFO     | __main__:on_close:501 - 
### 语音识别结束 ###
2025-03-27 10:11:44.093 | INFO     | __main__:run:556 - * 录音结束
2025-03-27 10:11:44.094 | INFO     | __main__:main:580 - 继续监听唤醒词...
2025-03-27 10:11:45.130 | INFO     | __main__:start_wake_detection:268 - 开始监听唤醒词...
2025-03-27 10:12:05.253 | INFO     | __main__:wake_callback:170 - ==================================================
2025-03-27 10:12:05.256 | INFO     | __main__:wake_callback:171 - >>> 检测到唤醒词！请说出您的指令 <<<
2025-03-27 10:12:08.671 | INFO     | __main__:wake_callback:176 - ==================================================
2025-03-27 10:12:08.676 | INFO     | __main__:start_speech_recognition:295 - 开始语音识别...
2025-03-27 10:12:08.849 | INFO     | __main__:run:523 - * 开始录音...
2025-03-27 10:12:14.290 | INFO     | __main__:on_message:381 - 打红色
2025-03-27 10:12:14.871 | INFO     | __main__:on_message:381 - 。
2025-03-27 10:12:14.921 | INFO     | __main__:on_close:501 - 
### 语音识别结束 ###
2025-03-27 10:12:14.921 | INFO     | __main__:on_close:503 - 
正在分析关键词...
2025-03-27 10:12:14.922 | INFO     | __main__:run:556 - * 录音结束
2025-03-27 10:12:19.661 | INFO     | __main__:main:580 - 继续监听唤醒词...
2025-03-27 10:12:20.701 | INFO     | __main__:start_wake_detection:268 - 开始监听唤醒词...
2025-03-27 10:12:24.822 | INFO     | __main__:wake_callback:170 - ==================================================
2025-03-27 10:12:24.823 | INFO     | __main__:wake_callback:171 - >>> 检测到唤醒词！请说出您的指令 <<<
2025-03-27 10:12:28.170 | INFO     | __main__:wake_callback:176 - ==================================================
2025-03-27 10:12:28.173 | INFO     | __main__:start_speech_recognition:295 - 开始语音识别...
2025-03-27 10:12:28.343 | INFO     | __main__:run:523 - * 开始录音...
2025-03-27 10:12:31.492 | INFO     | __main__:on_message:381 - 将
2025-03-27 10:12:33.980 | INFO     | __main__:on_message:381 - 放块放入方形盒子中
2025-03-27 10:12:34.375 | INFO     | __main__:on_close:501 - 
### 语音识别结束 ###
2025-03-27 10:12:34.375 | INFO     | __main__:on_close:503 - 
正在分析关键词...
2025-03-27 10:12:34.445 | INFO     | __main__:run:556 - * 录音结束
2025-03-27 10:12:34.741 | INFO     | __main__:process_text_and_send_signal:471 - 未找到匹配的组合
2025-03-27 10:12:39.736 | INFO     | __main__:process_text_and_send_signal:476 - 发送信号: 406
2025-03-27 10:12:39.738 | INFO     | __main__:process_text_and_send_signal:477 - 切换表情：难过
2025-03-27 10:12:39.743 | INFO     | __main__:main:580 - 继续监听唤醒词...
2025-03-27 10:12:40.769 | INFO     | __main__:start_wake_detection:268 - 开始监听唤醒词...
2025-03-27 10:12:46.361 | INFO     | __main__:wake_callback:170 - ==================================================
2025-03-27 10:12:46.362 | INFO     | __main__:wake_callback:171 - >>> 检测到唤醒词！请说出您的指令 <<<
2025-03-27 10:12:49.829 | INFO     | __main__:wake_callback:176 - ==================================================
2025-03-27 10:12:49.834 | INFO     | __main__:start_speech_recognition:295 - 开始语音识别...
2025-03-27 10:12:50.010 | INFO     | __main__:run:523 - * 开始录音...
2025-03-27 10:12:53.665 | INFO     | __main__:on_message:381 - 将方块放入方形盒子中
2025-03-27 10:12:54.940 | INFO     | __main__:on_message:381 - 。
2025-03-27 10:12:56.077 | INFO     | __main__:on_close:501 - 
### 语音识别结束 ###
2025-03-27 10:12:56.077 | INFO     | __main__:run:556 - * 录音结束
2025-03-27 10:12:56.078 | INFO     | __main__:on_close:503 - 
正在分析关键词...
2025-03-27 10:12:56.082 | INFO     | __main__:match_keywords:495 - 找到匹配关键词: 方块 匹配 方块
2025-03-27 10:12:56.083 | INFO     | __main__:match_keywords:495 - 找到匹配关键词: 方形 匹配 方形
2025-03-27 10:13:01.370 | INFO     | __main__:process_text_and_send_signal:447 - 发送信号: 401
2025-03-27 10:13:01.371 | INFO     | __main__:process_text_and_send_signal:448 - 切换表情：开心
2025-03-27 10:13:01.377 | INFO     | __main__:main:580 - 继续监听唤醒词...
2025-03-27 10:13:02.428 | INFO     | __main__:start_wake_detection:268 - 开始监听唤醒词...
2025-03-27 10:14:09.785 | INFO     | __main__:wake_callback:170 - ==================================================
2025-03-27 10:14:09.785 | INFO     | __main__:wake_callback:171 - >>> 检测到唤醒词！请说出您的指令 <<<
2025-03-27 10:14:13.171 | INFO     | __main__:wake_callback:176 - ==================================================
2025-03-27 10:14:13.176 | INFO     | __main__:start_speech_recognition:295 - 开始语音识别...
2025-03-27 10:14:13.362 | INFO     | __main__:run:523 - * 开始录音...
2025-03-27 10:14:18.808 | INFO     | __main__:on_message:381 - 将方形放入方形盒子中
2025-03-27 10:14:19.383 | INFO     | __main__:on_message:381 - 。
2025-03-27 10:14:19.443 | INFO     | __main__:on_close:501 - 
### 语音识别结束 ###
2025-03-27 10:14:19.443 | INFO     | __main__:on_close:503 - 
正在分析关键词...
2025-03-27 10:14:19.444 | INFO     | __main__:run:556 - * 录音结束
2025-03-27 10:14:19.446 | INFO     | __main__:match_keywords:495 - 找到匹配关键词: 方形 匹配 方形
2025-03-27 10:14:19.446 | INFO     | __main__:match_keywords:495 - 找到匹配关键词: 方形 匹配 方形
2025-03-27 10:14:24.666 | INFO     | __main__:process_text_and_send_signal:447 - 发送信号: 401
2025-03-27 10:14:24.666 | INFO     | __main__:process_text_and_send_signal:448 - 切换表情：开心
2025-03-27 10:14:24.668 | INFO     | __main__:main:580 - 继续监听唤醒词...
2025-03-27 10:14:25.690 | INFO     | __main__:start_wake_detection:268 - 开始监听唤醒词...
2025-03-27 10:15:01.902 | ERROR    | __main__:start_wake_detection:288 - 唤醒检测错误: [Errno -9999] Unanticipated host error
2025-03-27 10:15:01.906 | INFO     | __main__:main:580 - 继续监听唤醒词...
2025-03-27 10:15:02.932 | INFO     | __main__:start_wake_detection:268 - 开始监听唤醒词...
2025-03-27 10:16:19.362 | INFO     | __main__:wake_callback:170 - ==================================================
2025-03-27 10:16:19.362 | INFO     | __main__:wake_callback:171 - >>> 检测到唤醒词！请说出您的指令 <<<
2025-03-27 10:16:22.885 | INFO     | __main__:wake_callback:176 - ==================================================
2025-03-27 10:16:22.890 | INFO     | __main__:start_speech_recognition:295 - 开始语音识别...
2025-03-27 10:16:23.073 | INFO     | __main__:run:523 - * 开始录音...
2025-03-27 10:16:26.290 | INFO     | __main__:on_message:381 - 把绿色方块放到方形盒子里
2025-03-27 10:16:27.608 | INFO     | __main__:on_message:381 - 。
2025-03-27 10:16:29.163 | INFO     | __main__:on_close:501 - 
### 语音识别结束 ###
2025-03-27 10:16:29.163 | INFO     | __main__:on_close:503 - 
正在分析关键词...
2025-03-27 10:16:29.163 | INFO     | __main__:run:556 - * 录音结束
2025-03-27 10:16:29.163 | INFO     | __main__:match_keywords:495 - 找到匹配关键词: 方块 匹配 方块
2025-03-27 10:16:29.179 | INFO     | __main__:match_keywords:495 - 找到匹配关键词: 方形 匹配 方形
2025-03-27 10:16:34.467 | INFO     | __main__:process_text_and_send_signal:447 - 发送信号: 401
2025-03-27 10:16:34.467 | INFO     | __main__:process_text_and_send_signal:448 - 切换表情：开心
2025-03-27 10:16:34.477 | INFO     | __main__:main:580 - 继续监听唤醒词...
2025-03-27 10:16:35.523 | INFO     | __main__:start_wake_detection:268 - 开始监听唤醒词...
