2025-03-23 10:20:04.937 | INFO     | __main__:load_keywords_dict:162 - 成功加载关键词词典: ./keywords_dicts\keywords_dict.yaml
2025-03-23 10:20:08.219 | INFO     | __main__:_init_expression_server:148 - 表情服务器启动成功
2025-03-23 10:20:08.219 | INFO     | __main__:run_modbus_server:201 - Modbus 从机正在 192.168.1.125:599 上监听...
2025-03-23 10:20:09.228 | INFO     | __main__:request_monitor:184 - 当前保持寄存器数据: [0, 0, 0, 0, 0, 0, 0, 0, 0, 0]
2025-03-23 10:20:10.234 | INFO     | __main__:request_monitor:184 - 当前保持寄存器数据: [0, 0, 0, 0, 0, 0, 0, 0, 0, 0]
2025-03-23 10:20:11.234 | INFO     | __main__:request_monitor:184 - 当前保持寄存器数据: [0, 0, 0, 0, 0, 0, 0, 0, 0, 0]
2025-03-23 10:20:12.250 | INFO     | __main__:request_monitor:184 - 当前保持寄存器数据: [0, 0, 0, 0, 0, 0, 0, 0, 0, 0]
2025-03-23 10:20:13.250 | INFO     | __main__:request_monitor:184 - 当前保持寄存器数据: [0, 0, 0, 0, 0, 0, 0, 0, 0, 0]
2025-03-23 10:20:14.250 | INFO     | __main__:request_monitor:184 - 当前保持寄存器数据: [0, 0, 0, 0, 0, 0, 0, 0, 0, 0]
2025-03-23 10:20:15.272 | INFO     | __main__:request_monitor:184 - 当前保持寄存器数据: [0, 0, 0, 0, 0, 0, 0, 0, 0, 0]
2025-03-23 10:20:16.272 | INFO     | __main__:request_monitor:184 - 当前保持寄存器数据: [0, 0, 0, 0, 0, 0, 0, 0, 0, 0]
2025-03-23 10:20:17.272 | INFO     | __main__:request_monitor:184 - 当前保持寄存器数据: [0, 0, 0, 0, 0, 0, 0, 0, 0, 0]
2025-03-23 10:20:18.276 | INFO     | __main__:request_monitor:184 - 当前保持寄存器数据: [0, 0, 0, 0, 0, 0, 0, 0, 0, 0]
2025-03-23 10:20:19.285 | INFO     | __main__:request_monitor:184 - 当前保持寄存器数据: [0, 0, 0, 0, 0, 0, 0, 0, 0, 0]
2025-03-23 10:20:20.287 | INFO     | __main__:request_monitor:184 - 当前保持寄存器数据: [0, 0, 0, 0, 0, 0, 0, 0, 0, 0]
2025-03-23 10:20:21.288 | INFO     | __main__:request_monitor:184 - 当前保持寄存器数据: [0, 0, 0, 0, 0, 0, 0, 0, 0, 0]
2025-03-23 10:20:22.295 | INFO     | __main__:request_monitor:184 - 当前保持寄存器数据: [0, 0, 0, 0, 0, 0, 0, 0, 0, 0]
2025-03-23 10:20:23.300 | INFO     | __main__:request_monitor:184 - 当前保持寄存器数据: [0, 0, 0, 0, 0, 0, 0, 0, 0, 0]
2025-03-23 10:20:24.300 | INFO     | __main__:request_monitor:184 - 当前保持寄存器数据: [0, 0, 0, 0, 0, 0, 0, 0, 0, 0]
2025-03-23 10:20:25.303 | INFO     | __main__:request_monitor:184 - 当前保持寄存器数据: [0, 0, 0, 0, 0, 0, 0, 0, 0, 0]
2025-03-23 10:20:26.300 | INFO     | __main__:request_monitor:184 - 当前保持寄存器数据: [0, 0, 0, 0, 0, 0, 0, 0, 0, 0]
2025-03-23 10:20:27.302 | INFO     | __main__:request_monitor:184 - 当前保持寄存器数据: [0, 0, 0, 0, 0, 0, 0, 0, 0, 0]
2025-03-23 10:20:28.300 | INFO     | __main__:request_monitor:184 - 当前保持寄存器数据: [0, 0, 0, 0, 0, 0, 0, 0, 0, 0]
2025-03-23 10:20:29.302 | INFO     | __main__:request_monitor:184 - 当前保持寄存器数据: [0, 0, 0, 0, 0, 0, 0, 0, 0, 0]
2025-03-23 10:20:30.300 | INFO     | __main__:request_monitor:184 - 当前保持寄存器数据: [0, 0, 0, 0, 0, 0, 0, 0, 0, 0]
2025-03-23 10:20:31.302 | INFO     | __main__:request_monitor:184 - 当前保持寄存器数据: [0, 0, 0, 0, 0, 0, 0, 0, 0, 0]
2025-03-23 10:20:32.303 | INFO     | __main__:request_monitor:184 - 当前保持寄存器数据: [0, 0, 0, 0, 0, 0, 0, 0, 0, 0]
2025-03-23 10:20:33.303 | INFO     | __main__:request_monitor:184 - 当前保持寄存器数据: [0, 0, 0, 0, 0, 0, 0, 0, 0, 0]
2025-03-23 10:20:34.305 | INFO     | __main__:request_monitor:184 - 当前保持寄存器数据: [111, 0, 0, 0, 0, 0, 0, 0, 0, 0]
2025-03-23 10:20:34.305 | INFO     | __main__:request_monitor:186 - 切换表情：眨眼
2025-03-23 10:20:34.305 | INFO     | __main__:request_monitor:188 - 保持寄存器读到111
2025-03-23 10:20:34.305 | INFO     | __main__:request_monitor:189 - 当前保持寄存器数据: [111, 0, 0, 0, 0, 0, 0, 0, 0, 0]
2025-03-23 10:20:34.305 | INFO     | __main__:request_monitor:191 - 开始清零
2025-03-23 10:20:34.305 | INFO     | __main__:request_monitor:192 - 当前保持寄存器数据: [111, 0, 0, 0, 0, 0, 0, 0, 0, 0]
2025-03-23 10:20:34.320 | INFO     | __main__:request_monitor:194 - 当前保持寄存器数据: [111, 0, 0, 0, 0, 0, 0, 0, 0, 0]
2025-03-23 10:20:34.320 | INFO     | __main__:request_monitor:195 - 检测到寄存器值为 111，准备退出...
2025-03-23 10:20:34.383 | INFO     | __main__:start_wake_detection:268 - 开始监听唤醒词...
2025-03-23 10:20:56.736 | INFO     | __main__:wake_callback:170 - ==================================================
2025-03-23 10:20:56.742 | INFO     | __main__:wake_callback:171 - >>> 检测到唤醒词！请说出您的指令 <<<
2025-03-23 10:21:00.097 | INFO     | __main__:wake_callback:176 - ==================================================
2025-03-23 10:21:00.097 | INFO     | __main__:start_speech_recognition:295 - 开始语音识别...
2025-03-23 10:21:00.287 | INFO     | __main__:run:523 - * 开始录音...
2025-03-23 10:21:06.315 | INFO     | __main__:on_message:381 - 
2025-03-23 10:21:06.372 | INFO     | __main__:on_close:501 - 
### 语音识别结束 ###
2025-03-23 10:21:06.373 | INFO     | __main__:run:556 - * 录音结束
2025-03-23 10:21:06.377 | INFO     | __main__:main:580 - 继续监听唤醒词...
2025-03-23 10:21:07.416 | INFO     | __main__:start_wake_detection:268 - 开始监听唤醒词...
2025-03-23 10:21:16.318 | INFO     | __main__:wake_callback:170 - ==================================================
2025-03-23 10:21:16.335 | INFO     | __main__:wake_callback:171 - >>> 检测到唤醒词！请说出您的指令 <<<
2025-03-23 10:21:19.702 | INFO     | __main__:wake_callback:176 - ==================================================
2025-03-23 10:21:19.708 | INFO     | __main__:start_speech_recognition:295 - 开始语音识别...
2025-03-23 10:21:19.884 | INFO     | __main__:run:523 - * 开始录音...
2025-03-23 10:21:25.949 | INFO     | __main__:on_close:501 - 
### 语音识别结束 ###
2025-03-23 10:21:25.949 | INFO     | __main__:run:556 - * 录音结束
2025-03-23 10:21:25.949 | INFO     | __main__:main:580 - 继续监听唤醒词...
2025-03-23 10:21:26.999 | INFO     | __main__:start_wake_detection:268 - 开始监听唤醒词...
2025-03-23 10:21:36.238 | INFO     | __main__:wake_callback:170 - ==================================================
2025-03-23 10:21:36.256 | INFO     | __main__:wake_callback:171 - >>> 检测到唤醒词！请说出您的指令 <<<
2025-03-23 10:21:39.715 | INFO     | __main__:wake_callback:176 - ==================================================
2025-03-23 10:21:39.726 | INFO     | __main__:start_speech_recognition:295 - 开始语音识别...
2025-03-23 10:21:39.909 | INFO     | __main__:run:523 - * 开始录音...
2025-03-23 10:21:44.251 | INFO     | __main__:on_message:381 - 把红色方块放到红色盒子
2025-03-23 10:21:45.593 | INFO     | __main__:on_message:381 - 。
2025-03-23 10:21:45.965 | INFO     | __main__:on_close:501 - 
### 语音识别结束 ###
2025-03-23 10:21:45.965 | INFO     | __main__:on_close:503 - 
正在分析关键词...
2025-03-23 10:21:45.965 | INFO     | __main__:run:556 - * 录音结束
2025-03-23 10:21:46.335 | INFO     | __main__:match_keywords:495 - 找到匹配关键词: 方块 匹配 方块
2025-03-23 10:21:46.351 | INFO     | __main__:match_keywords:495 - 找到匹配关键词: 红色 匹配 红色
2025-03-23 10:21:51.597 | INFO     | __main__:process_text_and_send_signal:447 - 发送信号: 401
2025-03-23 10:21:51.597 | INFO     | __main__:process_text_and_send_signal:448 - 切换表情：开心
2025-03-23 10:21:51.606 | INFO     | __main__:main:580 - 继续监听唤醒词...
2025-03-23 10:21:52.639 | INFO     | __main__:start_wake_detection:268 - 开始监听唤醒词...
2025-03-23 10:22:22.052 | INFO     | __main__:wake_callback:170 - ==================================================
2025-03-23 10:22:22.052 | INFO     | __main__:wake_callback:171 - >>> 检测到唤醒词！请说出您的指令 <<<
2025-03-23 10:22:25.507 | INFO     | __main__:wake_callback:176 - ==================================================
2025-03-23 10:22:25.524 | INFO     | __main__:start_speech_recognition:295 - 开始语音识别...
2025-03-23 10:22:25.724 | INFO     | __main__:run:523 - * 开始录音...
2025-03-23 10:22:28.269 | INFO     | __main__:on_message:381 - 哈哈哈
2025-03-23 10:22:29.685 | INFO     | __main__:on_message:381 - 。
2025-03-23 10:22:31.790 | INFO     | __main__:on_close:501 - 
### 语音识别结束 ###
2025-03-23 10:22:31.806 | INFO     | __main__:run:556 - * 录音结束
2025-03-23 10:22:31.806 | INFO     | __main__:on_close:503 - 
正在分析关键词...
2025-03-23 10:22:36.582 | INFO     | __main__:main:580 - 继续监听唤醒词...
2025-03-23 10:22:37.631 | INFO     | __main__:start_wake_detection:268 - 开始监听唤醒词...
2025-03-23 10:22:46.419 | INFO     | __main__:wake_callback:170 - ==================================================
2025-03-23 10:22:46.419 | INFO     | __main__:wake_callback:171 - >>> 检测到唤醒词！请说出您的指令 <<<
2025-03-23 10:22:49.807 | INFO     | __main__:wake_callback:176 - ==================================================
2025-03-23 10:22:49.832 | INFO     | __main__:start_speech_recognition:295 - 开始语音识别...
2025-03-23 10:22:50.006 | INFO     | __main__:run:523 - * 开始录音...
2025-03-23 10:22:53.134 | INFO     | __main__:on_message:381 - 把红色放到红色盒子里
2025-03-23 10:22:54.472 | INFO     | __main__:on_message:381 - 。
2025-03-23 10:22:56.078 | INFO     | __main__:on_close:501 - 
### 语音识别结束 ###
2025-03-23 10:22:56.078 | INFO     | __main__:run:556 - * 录音结束
2025-03-23 10:22:56.078 | INFO     | __main__:on_close:503 - 
正在分析关键词...
2025-03-23 10:22:56.097 | INFO     | __main__:match_keywords:495 - 找到匹配关键词: 红色 匹配 红色
2025-03-23 10:22:56.098 | INFO     | __main__:match_keywords:495 - 找到匹配关键词: 红色 匹配 红色
2025-03-23 10:23:01.355 | INFO     | __main__:process_text_and_send_signal:461 - 发送信号: 403
2025-03-23 10:23:01.355 | INFO     | __main__:process_text_and_send_signal:462 - 切换表情：开心
2025-03-23 10:23:01.355 | INFO     | __main__:main:580 - 继续监听唤醒词...
2025-03-23 10:23:02.414 | INFO     | __main__:start_wake_detection:268 - 开始监听唤醒词...
