2025-03-23 10:24:12.319 | INFO     | __main__:load_keywords_dict:162 - 成功加载关键词词典: ./keywords_dicts\keywords_dict.yaml
2025-03-23 10:24:15.850 | INFO     | __main__:_init_expression_server:148 - 表情服务器启动成功
2025-03-23 10:24:15.850 | INFO     | __main__:run_modbus_server:201 - Modbus 从机正在 192.168.1.125:599 上监听...
2025-03-23 10:24:16.860 | INFO     | __main__:request_monitor:184 - 当前保持寄存器数据: [0, 0, 0, 0, 0, 0, 0, 0, 0, 0]
2025-03-23 10:24:17.879 | INFO     | __main__:request_monitor:184 - 当前保持寄存器数据: [0, 0, 0, 0, 0, 0, 0, 0, 0, 0]
2025-03-23 10:24:18.880 | INFO     | __main__:request_monitor:184 - 当前保持寄存器数据: [0, 0, 0, 0, 0, 0, 0, 0, 0, 0]
2025-03-23 10:24:19.881 | INFO     | __main__:request_monitor:184 - 当前保持寄存器数据: [0, 0, 0, 0, 0, 0, 0, 0, 0, 0]
2025-03-23 10:24:20.901 | INFO     | __main__:request_monitor:184 - 当前保持寄存器数据: [0, 0, 0, 0, 0, 0, 0, 0, 0, 0]
2025-03-23 10:24:21.902 | INFO     | __main__:request_monitor:184 - 当前保持寄存器数据: [0, 0, 0, 0, 0, 0, 0, 0, 0, 0]
2025-03-23 10:24:22.916 | INFO     | __main__:request_monitor:184 - 当前保持寄存器数据: [0, 0, 0, 0, 0, 0, 0, 0, 0, 0]
2025-03-23 10:24:23.931 | INFO     | __main__:request_monitor:184 - 当前保持寄存器数据: [0, 0, 0, 0, 0, 0, 0, 0, 0, 0]
2025-03-23 10:24:24.944 | INFO     | __main__:request_monitor:184 - 当前保持寄存器数据: [0, 0, 0, 0, 0, 0, 0, 0, 0, 0]
2025-03-23 10:24:25.951 | INFO     | __main__:request_monitor:184 - 当前保持寄存器数据: [0, 0, 0, 0, 0, 0, 0, 0, 0, 0]
2025-03-23 10:24:26.970 | INFO     | __main__:request_monitor:184 - 当前保持寄存器数据: [0, 0, 0, 0, 0, 0, 0, 0, 0, 0]
2025-03-23 10:24:27.984 | INFO     | __main__:request_monitor:184 - 当前保持寄存器数据: [0, 0, 0, 0, 0, 0, 0, 0, 0, 0]
2025-03-23 10:24:28.992 | INFO     | __main__:request_monitor:184 - 当前保持寄存器数据: [0, 0, 0, 0, 0, 0, 0, 0, 0, 0]
2025-03-23 10:24:30.021 | INFO     | __main__:request_monitor:184 - 当前保持寄存器数据: [0, 0, 0, 0, 0, 0, 0, 0, 0, 0]
2025-03-23 10:24:31.035 | INFO     | __main__:request_monitor:184 - 当前保持寄存器数据: [0, 0, 0, 0, 0, 0, 0, 0, 0, 0]
2025-03-23 10:24:32.032 | INFO     | __main__:request_monitor:184 - 当前保持寄存器数据: [0, 0, 0, 0, 0, 0, 0, 0, 0, 0]
2025-03-23 10:24:33.033 | INFO     | __main__:request_monitor:184 - 当前保持寄存器数据: [0, 0, 0, 0, 0, 0, 0, 0, 0, 0]
2025-03-23 10:24:34.037 | INFO     | __main__:request_monitor:184 - 当前保持寄存器数据: [0, 0, 0, 0, 0, 0, 0, 0, 0, 0]
2025-03-23 10:24:35.040 | INFO     | __main__:request_monitor:184 - 当前保持寄存器数据: [0, 0, 0, 0, 0, 0, 0, 0, 0, 0]
2025-03-23 10:24:36.055 | INFO     | __main__:request_monitor:184 - 当前保持寄存器数据: [0, 0, 0, 0, 0, 0, 0, 0, 0, 0]
2025-03-23 10:24:37.066 | INFO     | __main__:request_monitor:184 - 当前保持寄存器数据: [0, 0, 0, 0, 0, 0, 0, 0, 0, 0]
2025-03-23 10:24:38.069 | INFO     | __main__:request_monitor:184 - 当前保持寄存器数据: [0, 0, 0, 0, 0, 0, 0, 0, 0, 0]
2025-03-23 10:24:39.084 | INFO     | __main__:request_monitor:184 - 当前保持寄存器数据: [0, 0, 0, 0, 0, 0, 0, 0, 0, 0]
2025-03-23 10:24:40.085 | INFO     | __main__:request_monitor:184 - 当前保持寄存器数据: [0, 0, 0, 0, 0, 0, 0, 0, 0, 0]
2025-03-23 10:24:41.100 | INFO     | __main__:request_monitor:184 - 当前保持寄存器数据: [0, 0, 0, 0, 0, 0, 0, 0, 0, 0]
2025-03-23 10:24:42.101 | INFO     | __main__:request_monitor:184 - 当前保持寄存器数据: [0, 0, 0, 0, 0, 0, 0, 0, 0, 0]
2025-03-23 10:24:43.119 | INFO     | __main__:request_monitor:184 - 当前保持寄存器数据: [0, 0, 0, 0, 0, 0, 0, 0, 0, 0]
2025-03-23 10:24:44.133 | INFO     | __main__:request_monitor:184 - 当前保持寄存器数据: [0, 0, 0, 0, 0, 0, 0, 0, 0, 0]
2025-03-23 10:24:45.140 | INFO     | __main__:request_monitor:184 - 当前保持寄存器数据: [0, 0, 0, 0, 0, 0, 0, 0, 0, 0]
2025-03-23 10:24:46.156 | INFO     | __main__:request_monitor:184 - 当前保持寄存器数据: [0, 0, 0, 0, 0, 0, 0, 0, 0, 0]
2025-03-23 10:24:47.167 | INFO     | __main__:request_monitor:184 - 当前保持寄存器数据: [0, 0, 0, 0, 0, 0, 0, 0, 0, 0]
2025-03-23 10:24:48.184 | INFO     | __main__:request_monitor:184 - 当前保持寄存器数据: [0, 0, 0, 0, 0, 0, 0, 0, 0, 0]
2025-03-23 10:24:49.188 | INFO     | __main__:request_monitor:184 - 当前保持寄存器数据: [0, 0, 0, 0, 0, 0, 0, 0, 0, 0]
2025-03-23 10:24:50.209 | INFO     | __main__:request_monitor:184 - 当前保持寄存器数据: [0, 0, 0, 0, 0, 0, 0, 0, 0, 0]
2025-03-23 10:24:51.219 | INFO     | __main__:request_monitor:184 - 当前保持寄存器数据: [0, 0, 0, 0, 0, 0, 0, 0, 0, 0]
2025-03-23 10:24:52.234 | INFO     | __main__:request_monitor:184 - 当前保持寄存器数据: [0, 0, 0, 0, 0, 0, 0, 0, 0, 0]
2025-03-23 10:24:53.237 | INFO     | __main__:request_monitor:184 - 当前保持寄存器数据: [0, 0, 0, 0, 0, 0, 0, 0, 0, 0]
2025-03-23 10:24:54.258 | INFO     | __main__:request_monitor:184 - 当前保持寄存器数据: [111, 0, 0, 0, 0, 0, 0, 0, 0, 0]
2025-03-23 10:24:54.258 | INFO     | __main__:request_monitor:186 - 切换表情：眨眼
2025-03-23 10:24:54.273 | INFO     | __main__:request_monitor:188 - 保持寄存器读到111
2025-03-23 10:24:54.273 | INFO     | __main__:request_monitor:189 - 当前保持寄存器数据: [111, 0, 0, 0, 0, 0, 0, 0, 0, 0]
2025-03-23 10:24:54.273 | INFO     | __main__:request_monitor:191 - 开始清零
2025-03-23 10:24:54.273 | INFO     | __main__:request_monitor:192 - 当前保持寄存器数据: [111, 0, 0, 0, 0, 0, 0, 0, 0, 0]
2025-03-23 10:24:54.273 | INFO     | __main__:request_monitor:194 - 当前保持寄存器数据: [111, 0, 0, 0, 0, 0, 0, 0, 0, 0]
2025-03-23 10:24:54.273 | INFO     | __main__:request_monitor:195 - 检测到寄存器值为 111，准备退出...
2025-03-23 10:24:54.351 | INFO     | __main__:start_wake_detection:268 - 开始监听唤醒词...
2025-03-23 10:25:02.326 | INFO     | __main__:wake_callback:170 - ==================================================
2025-03-23 10:25:02.326 | INFO     | __main__:wake_callback:171 - >>> 检测到唤醒词！请说出您的指令 <<<
2025-03-23 10:25:05.729 | INFO     | __main__:wake_callback:176 - ==================================================
2025-03-23 10:25:05.749 | INFO     | __main__:start_speech_recognition:295 - 开始语音识别...
2025-03-23 10:25:05.955 | INFO     | __main__:run:523 - * 开始录音...
2025-03-23 10:25:07.872 | INFO     | __main__:on_message:381 - 下午才回来啊
2025-03-23 10:25:11.135 | INFO     | __main__:on_message:381 - ，把红色放到方形盒子里
2025-03-23 10:25:11.959 | INFO     | __main__:on_message:381 - 。
2025-03-23 10:25:12.032 | INFO     | __main__:on_close:501 - 
### 语音识别结束 ###
2025-03-23 10:25:12.032 | INFO     | __main__:on_close:503 - 
正在分析关键词...
2025-03-23 10:25:12.032 | INFO     | __main__:run:556 - * 录音结束
2025-03-23 10:25:12.402 | INFO     | __main__:match_keywords:495 - 找到匹配关键词: 红色 匹配 红色
2025-03-23 10:25:12.402 | INFO     | __main__:match_keywords:495 - 找到匹配关键词: 方形 匹配 方形
2025-03-23 10:25:17.692 | INFO     | __main__:process_text_and_send_signal:461 - 发送信号: 403
2025-03-23 10:25:17.692 | INFO     | __main__:process_text_and_send_signal:462 - 切换表情：开心
2025-03-23 10:25:17.696 | INFO     | __main__:main:580 - 继续监听唤醒词...
2025-03-23 10:25:18.750 | INFO     | __main__:start_wake_detection:268 - 开始监听唤醒词...
2025-03-23 10:25:41.444 | INFO     | __main__:wake_callback:170 - ==================================================
2025-03-23 10:25:41.444 | INFO     | __main__:wake_callback:171 - >>> 检测到唤醒词！请说出您的指令 <<<
2025-03-23 10:25:44.907 | INFO     | __main__:wake_callback:176 - ==================================================
2025-03-23 10:25:44.912 | INFO     | __main__:start_speech_recognition:295 - 开始语音识别...
2025-03-23 10:25:45.220 | INFO     | __main__:run:523 - * 开始录音...
2025-03-23 10:25:46.485 | INFO     | __main__:on_message:381 - 啊
2025-03-23 10:25:47.902 | INFO     | __main__:on_message:381 - 。
2025-03-23 10:25:51.288 | INFO     | __main__:on_close:501 - 
### 语音识别结束 ###
2025-03-23 10:25:51.288 | INFO     | __main__:run:556 - * 录音结束
2025-03-23 10:25:51.288 | INFO     | __main__:on_close:503 - 
正在分析关键词...
2025-03-23 10:25:56.092 | INFO     | __main__:main:580 - 继续监听唤醒词...
2025-03-23 10:25:57.128 | INFO     | __main__:start_wake_detection:268 - 开始监听唤醒词...
2025-03-23 12:23:53.426 | INFO     | __main__:wake_callback:170 - ==================================================
2025-03-23 12:23:53.442 | INFO     | __main__:wake_callback:171 - >>> 检测到唤醒词！请说出您的指令 <<<
2025-03-23 12:23:56.916 | INFO     | __main__:wake_callback:176 - ==================================================
2025-03-23 12:23:56.929 | INFO     | __main__:start_speech_recognition:295 - 开始语音识别...
2025-03-23 12:23:57.153 | INFO     | __main__:run:523 - * 开始录音...
2025-03-23 12:23:58.355 | INFO     | __main__:on_message:381 - 嗯
2025-03-23 12:24:00.921 | INFO     | __main__:on_message:381 - ，可以把红色的片片放到
2025-03-23 12:24:03.222 | INFO     | __main__:on_close:501 - 
### 语音识别结束 ###
2025-03-23 12:24:03.222 | INFO     | __main__:on_close:503 - 
正在分析关键词...
2025-03-23 12:24:03.238 | INFO     | __main__:run:556 - * 录音结束
2025-03-23 12:24:03.252 | INFO     | __main__:match_keywords:495 - 找到匹配关键词: 红色 匹配 红色
2025-03-23 12:24:03.256 | INFO     | __main__:process_text_and_send_signal:471 - 未找到匹配的组合
2025-03-23 12:24:08.300 | INFO     | __main__:process_text_and_send_signal:476 - 发送信号: 406
2025-03-23 12:24:08.300 | INFO     | __main__:process_text_and_send_signal:477 - 切换表情：难过
2025-03-23 12:24:08.308 | INFO     | __main__:main:580 - 继续监听唤醒词...
2025-03-23 12:24:09.365 | INFO     | __main__:start_wake_detection:268 - 开始监听唤醒词...
2025-03-23 12:24:11.583 | INFO     | __main__:wake_callback:170 - ==================================================
2025-03-23 12:24:11.583 | INFO     | __main__:wake_callback:171 - >>> 检测到唤醒词！请说出您的指令 <<<
2025-03-23 12:24:15.113 | INFO     | __main__:wake_callback:176 - ==================================================
2025-03-23 12:24:15.124 | INFO     | __main__:start_speech_recognition:295 - 开始语音识别...
2025-03-23 12:24:15.297 | INFO     | __main__:run:523 - * 开始录音...
2025-03-23 12:24:19.256 | INFO     | __main__:on_message:381 - 可以把红色的片片放到绿色的盒子里面吗
2025-03-23 12:24:20.582 | INFO     | __main__:on_message:381 - ？
2025-03-23 12:24:21.377 | INFO     | __main__:on_close:501 - 
### 语音识别结束 ###
2025-03-23 12:24:21.377 | INFO     | __main__:on_close:503 - 
正在分析关键词...
2025-03-23 12:24:21.377 | INFO     | __main__:run:556 - * 录音结束
2025-03-23 12:24:21.407 | INFO     | __main__:match_keywords:495 - 找到匹配关键词: 红色 匹配 红色
2025-03-23 12:24:21.410 | INFO     | __main__:process_text_and_send_signal:471 - 未找到匹配的组合
2025-03-23 12:24:26.378 | INFO     | __main__:process_text_and_send_signal:476 - 发送信号: 406
2025-03-23 12:24:26.378 | INFO     | __main__:process_text_and_send_signal:477 - 切换表情：难过
2025-03-23 12:24:26.386 | INFO     | __main__:main:580 - 继续监听唤醒词...
2025-03-23 12:24:27.459 | INFO     | __main__:start_wake_detection:268 - 开始监听唤醒词...
2025-03-23 12:24:30.820 | INFO     | __main__:wake_callback:170 - ==================================================
2025-03-23 12:24:30.820 | INFO     | __main__:wake_callback:171 - >>> 检测到唤醒词！请说出您的指令 <<<
2025-03-23 12:24:34.334 | INFO     | __main__:wake_callback:176 - ==================================================
2025-03-23 12:24:34.357 | INFO     | __main__:start_speech_recognition:295 - 开始语音识别...
2025-03-23 12:24:34.579 | INFO     | __main__:run:523 - * 开始录音...
2025-03-23 12:24:37.949 | INFO     | __main__:on_message:381 - 把绿色的片片放到红色的盒子里
2025-03-23 12:24:39.316 | INFO     | __main__:on_message:381 - 。
2025-03-23 12:24:40.636 | INFO     | __main__:on_close:501 - 
### 语音识别结束 ###
2025-03-23 12:24:40.636 | INFO     | __main__:run:556 - * 录音结束
2025-03-23 12:24:40.636 | INFO     | __main__:on_close:503 - 
正在分析关键词...
2025-03-23 12:24:40.656 | INFO     | __main__:match_keywords:495 - 找到匹配关键词: 绿色 匹配 绿色
2025-03-23 12:24:40.656 | INFO     | __main__:match_keywords:495 - 找到匹配关键词: 红色 匹配 红色
2025-03-23 12:24:46.027 | INFO     | __main__:process_text_and_send_signal:447 - 发送信号: 401
2025-03-23 12:24:46.027 | INFO     | __main__:process_text_and_send_signal:448 - 切换表情：开心
2025-03-23 12:24:46.037 | INFO     | __main__:main:580 - 继续监听唤醒词...
2025-03-23 12:24:47.096 | INFO     | __main__:start_wake_detection:268 - 开始监听唤醒词...
2025-03-23 12:25:18.283 | INFO     | __main__:wake_callback:170 - ==================================================
2025-03-23 12:25:18.283 | INFO     | __main__:wake_callback:171 - >>> 检测到唤醒词！请说出您的指令 <<<
2025-03-23 12:25:21.755 | INFO     | __main__:wake_callback:176 - ==================================================
2025-03-23 12:25:21.769 | INFO     | __main__:start_speech_recognition:295 - 开始语音识别...
2025-03-23 12:25:21.956 | INFO     | __main__:run:523 - * 开始录音...
2025-03-23 12:25:25.918 | INFO     | __main__:on_message:381 - 把红色的片片放到
2025-03-23 12:25:27.515 | INFO     | __main__:on_message:381 - 红色的盒子
2025-03-23 12:25:27.965 | INFO     | __main__:on_message:381 - 。
2025-03-23 12:25:28.012 | INFO     | __main__:on_close:501 - 
### 语音识别结束 ###
2025-03-23 12:25:28.012 | INFO     | __main__:run:556 - * 录音结束
2025-03-23 12:25:28.012 | INFO     | __main__:on_close:503 - 
正在分析关键词...
2025-03-23 12:25:28.038 | INFO     | __main__:match_keywords:495 - 找到匹配关键词: 红色 匹配 红色
2025-03-23 12:25:28.058 | INFO     | __main__:match_keywords:495 - 找到匹配关键词: 红色 匹配 红色
2025-03-23 12:25:33.457 | INFO     | __main__:process_text_and_send_signal:461 - 发送信号: 403
2025-03-23 12:25:33.457 | INFO     | __main__:process_text_and_send_signal:462 - 切换表情：开心
2025-03-23 12:25:33.467 | INFO     | __main__:main:580 - 继续监听唤醒词...
2025-03-23 12:25:34.490 | INFO     | __main__:start_wake_detection:268 - 开始监听唤醒词...
2025-03-24 09:08:44.318 | INFO     | __main__:wake_callback:170 - ==================================================
2025-03-24 09:08:44.318 | INFO     | __main__:wake_callback:171 - >>> 检测到唤醒词！请说出您的指令 <<<
2025-03-24 09:08:47.816 | INFO     | __main__:wake_callback:176 - ==================================================
2025-03-24 09:08:47.832 | INFO     | __main__:start_speech_recognition:295 - 开始语音识别...
2025-03-24 09:08:48.067 | INFO     | __main__:run:523 - * 开始录音...
2025-03-24 09:08:53.627 | INFO     | __main__:on_message:381 - 将绿色方块放了六方形盒子中
2025-03-24 09:08:54.093 | INFO     | __main__:on_message:381 - 。
2025-03-24 09:08:54.144 | INFO     | __main__:on_close:501 - 
### 语音识别结束 ###
2025-03-24 09:08:54.144 | INFO     | __main__:on_close:503 - 
正在分析关键词...
2025-03-24 09:08:54.144 | INFO     | __main__:run:556 - * 录音结束
2025-03-24 09:08:54.160 | INFO     | __main__:match_keywords:495 - 找到匹配关键词: 方块 匹配 方块
2025-03-24 09:08:54.160 | INFO     | __main__:match_keywords:495 - 找到匹配关键词: 方形 匹配 方形
2025-03-24 09:08:59.366 | INFO     | __main__:process_text_and_send_signal:447 - 发送信号: 401
2025-03-24 09:08:59.366 | INFO     | __main__:process_text_and_send_signal:448 - 切换表情：开心
2025-03-24 09:08:59.366 | INFO     | __main__:main:580 - 继续监听唤醒词...
2025-03-24 09:09:00.425 | INFO     | __main__:start_wake_detection:268 - 开始监听唤醒词...
2025-03-24 09:13:07.093 | INFO     | __main__:wake_callback:170 - ==================================================
2025-03-24 09:13:07.116 | INFO     | __main__:wake_callback:171 - >>> 检测到唤醒词！请说出您的指令 <<<
2025-03-24 09:13:10.628 | INFO     | __main__:wake_callback:176 - ==================================================
2025-03-24 09:13:10.628 | INFO     | __main__:start_speech_recognition:295 - 开始语音识别...
2025-03-24 09:13:10.832 | INFO     | __main__:run:523 - * 开始录音...
2025-03-24 09:13:14.474 | INFO     | __main__:on_message:381 - 将方块放入方形手机上
2025-03-24 09:13:15.886 | INFO     | __main__:on_message:381 - 。
2025-03-24 09:13:16.899 | INFO     | __main__:on_close:501 - 
### 语音识别结束 ###
2025-03-24 09:13:16.899 | INFO     | __main__:run:556 - * 录音结束
2025-03-24 09:13:16.899 | INFO     | __main__:on_close:503 - 
正在分析关键词...
2025-03-24 09:13:16.915 | INFO     | __main__:match_keywords:495 - 找到匹配关键词: 方块 匹配 方块
2025-03-24 09:13:16.915 | INFO     | __main__:match_keywords:495 - 找到匹配关键词: 方形 匹配 方形
2025-03-24 09:13:22.232 | INFO     | __main__:process_text_and_send_signal:447 - 发送信号: 401
2025-03-24 09:13:22.232 | INFO     | __main__:process_text_and_send_signal:448 - 切换表情：开心
2025-03-24 09:13:22.239 | INFO     | __main__:main:580 - 继续监听唤醒词...
2025-03-24 09:13:23.297 | INFO     | __main__:start_wake_detection:268 - 开始监听唤醒词...
2025-03-24 10:49:07.113 | INFO     | __main__:wake_callback:170 - ==================================================
2025-03-24 10:49:07.114 | INFO     | __main__:wake_callback:171 - >>> 检测到唤醒词！请说出您的指令 <<<
2025-03-24 10:49:10.521 | INFO     | __main__:wake_callback:176 - ==================================================
2025-03-24 10:49:10.525 | INFO     | __main__:start_speech_recognition:295 - 开始语音识别...
2025-03-24 10:49:10.762 | INFO     | __main__:run:523 - * 开始录音...
2025-03-24 10:49:14.404 | INFO     | __main__:on_message:381 - 将绿色方块放入方形盒子中
2025-03-24 10:49:15.741 | INFO     | __main__:on_message:381 - 。
2025-03-24 10:49:16.841 | INFO     | __main__:on_close:501 - 
### 语音识别结束 ###
2025-03-24 10:49:16.841 | INFO     | __main__:run:556 - * 录音结束
2025-03-24 10:49:16.842 | INFO     | __main__:on_close:503 - 
正在分析关键词...
2025-03-24 10:49:16.844 | INFO     | __main__:match_keywords:495 - 找到匹配关键词: 方块 匹配 方块
2025-03-24 10:49:16.845 | INFO     | __main__:match_keywords:495 - 找到匹配关键词: 方形 匹配 方形
2025-03-24 10:49:22.083 | INFO     | __main__:process_text_and_send_signal:447 - 发送信号: 401
2025-03-24 10:49:22.083 | INFO     | __main__:process_text_and_send_signal:448 - 切换表情：开心
2025-03-24 10:49:22.086 | INFO     | __main__:main:580 - 继续监听唤醒词...
2025-03-24 10:49:23.109 | INFO     | __main__:start_wake_detection:268 - 开始监听唤醒词...
2025-03-24 14:08:55.725 | INFO     | __main__:wake_callback:170 - ==================================================
2025-03-24 14:08:55.725 | INFO     | __main__:wake_callback:171 - >>> 检测到唤醒词！请说出您的指令 <<<
2025-03-24 14:08:59.194 | INFO     | __main__:wake_callback:176 - ==================================================
2025-03-24 14:08:59.198 | INFO     | __main__:start_speech_recognition:295 - 开始语音识别...
2025-03-24 14:08:59.448 | INFO     | __main__:run:523 - * 开始录音...
2025-03-24 14:09:03.411 | INFO     | __main__:on_message:381 - 将绿色方块放入方形盒子中
2025-03-24 14:09:04.747 | INFO     | __main__:on_message:381 - 。
2025-03-24 14:09:05.520 | INFO     | __main__:on_close:501 - 
### 语音识别结束 ###
2025-03-24 14:09:05.520 | INFO     | __main__:on_close:503 - 
正在分析关键词...
2025-03-24 14:09:05.521 | INFO     | __main__:run:556 - * 录音结束
2025-03-24 14:09:05.523 | INFO     | __main__:match_keywords:495 - 找到匹配关键词: 方块 匹配 方块
2025-03-24 14:09:05.523 | INFO     | __main__:match_keywords:495 - 找到匹配关键词: 方形 匹配 方形
2025-03-24 14:09:10.699 | INFO     | __main__:process_text_and_send_signal:447 - 发送信号: 401
2025-03-24 14:09:10.699 | INFO     | __main__:process_text_and_send_signal:448 - 切换表情：开心
2025-03-24 14:09:10.701 | INFO     | __main__:main:580 - 继续监听唤醒词...
2025-03-24 14:09:11.732 | INFO     | __main__:start_wake_detection:268 - 开始监听唤醒词...
2025-03-24 14:20:55.359 | INFO     | __main__:wake_callback:170 - ==================================================
2025-03-24 14:20:55.360 | INFO     | __main__:wake_callback:171 - >>> 检测到唤醒词！请说出您的指令 <<<
2025-03-24 14:20:58.763 | INFO     | __main__:wake_callback:176 - ==================================================
2025-03-24 14:20:58.766 | INFO     | __main__:start_speech_recognition:295 - 开始语音识别...
2025-03-24 14:20:59.351 | INFO     | __main__:run:523 - * 开始录音...
2025-03-24 14:21:02.292 | INFO     | __main__:on_message:381 - 将方块放入方盒子
2025-03-24 14:21:03.632 | INFO     | __main__:on_message:381 - 。
2025-03-24 14:21:05.422 | INFO     | __main__:on_close:501 - 
### 语音识别结束 ###
2025-03-24 14:21:05.422 | INFO     | __main__:on_close:503 - 
正在分析关键词...
2025-03-24 14:21:05.422 | INFO     | __main__:run:556 - * 录音结束
2025-03-24 14:21:05.423 | INFO     | __main__:match_keywords:495 - 找到匹配关键词: 方块 匹配 方块
2025-03-24 14:21:05.424 | INFO     | __main__:process_text_and_send_signal:471 - 未找到匹配的组合
2025-03-24 14:21:10.224 | INFO     | __main__:process_text_and_send_signal:476 - 发送信号: 406
2025-03-24 14:21:10.224 | INFO     | __main__:process_text_and_send_signal:477 - 切换表情：难过
2025-03-24 14:21:10.226 | INFO     | __main__:main:580 - 继续监听唤醒词...
2025-03-24 14:21:11.275 | INFO     | __main__:start_wake_detection:268 - 开始监听唤醒词...
2025-03-24 14:21:14.932 | INFO     | __main__:wake_callback:170 - ==================================================
2025-03-24 14:21:14.933 | INFO     | __main__:wake_callback:171 - >>> 检测到唤醒词！请说出您的指令 <<<
2025-03-24 14:21:18.278 | INFO     | __main__:wake_callback:176 - ==================================================
2025-03-24 14:21:18.281 | INFO     | __main__:start_speech_recognition:295 - 开始语音识别...
2025-03-24 14:21:18.437 | INFO     | __main__:run:523 - * 开始录音...
2025-03-24 14:21:22.399 | INFO     | __main__:on_message:381 - 将方块放入方盒中
2025-03-24 14:21:23.735 | INFO     | __main__:on_message:381 - 。
2025-03-24 14:21:24.510 | INFO     | __main__:on_close:501 - 
### 语音识别结束 ###
2025-03-24 14:21:24.511 | INFO     | __main__:on_close:503 - 
正在分析关键词...
2025-03-24 14:21:24.511 | INFO     | __main__:run:556 - * 录音结束
2025-03-24 14:21:24.515 | INFO     | __main__:match_keywords:495 - 找到匹配关键词: 方块 匹配 方块
2025-03-24 14:21:24.516 | INFO     | __main__:process_text_and_send_signal:471 - 未找到匹配的组合
2025-03-24 14:21:29.406 | INFO     | __main__:process_text_and_send_signal:476 - 发送信号: 406
2025-03-24 14:21:29.407 | INFO     | __main__:process_text_and_send_signal:477 - 切换表情：难过
2025-03-24 14:21:29.409 | INFO     | __main__:main:580 - 继续监听唤醒词...
2025-03-24 14:21:30.474 | INFO     | __main__:start_wake_detection:268 - 开始监听唤醒词...
2025-03-24 14:21:34.583 | INFO     | __main__:wake_callback:170 - ==================================================
2025-03-24 14:21:34.583 | INFO     | __main__:wake_callback:171 - >>> 检测到唤醒词！请说出您的指令 <<<
2025-03-24 14:21:38.047 | INFO     | __main__:wake_callback:176 - ==================================================
2025-03-24 14:21:38.051 | INFO     | __main__:start_speech_recognition:295 - 开始语音识别...
2025-03-24 14:21:38.239 | INFO     | __main__:run:523 - * 开始录音...
2025-03-24 14:21:42.129 | INFO     | __main__:on_message:381 - 绿色方块放入圆形盒子中
2025-03-24 14:21:43.505 | INFO     | __main__:on_message:381 - 。
2025-03-24 14:21:44.312 | INFO     | __main__:on_close:501 - 
### 语音识别结束 ###
2025-03-24 14:21:44.313 | INFO     | __main__:on_close:503 - 
正在分析关键词...
2025-03-24 14:21:44.315 | INFO     | __main__:run:556 - * 录音结束
2025-03-24 14:21:44.318 | INFO     | __main__:match_keywords:495 - 找到匹配关键词: 方块 匹配 方块
2025-03-24 14:21:44.318 | INFO     | __main__:match_keywords:495 - 找到匹配关键词: 圆形 匹配 圆形
2025-03-24 14:21:49.758 | INFO     | __main__:process_text_and_send_signal:454 - 发送信号: 402
2025-03-24 14:21:49.759 | INFO     | __main__:process_text_and_send_signal:455 - 切换表情：开心
2025-03-24 14:21:49.761 | INFO     | __main__:main:580 - 继续监听唤醒词...
2025-03-24 14:21:50.805 | INFO     | __main__:start_wake_detection:268 - 开始监听唤醒词...
2025-03-24 14:22:40.672 | INFO     | __main__:wake_callback:170 - ==================================================
2025-03-24 14:22:40.672 | INFO     | __main__:wake_callback:171 - >>> 检测到唤醒词！请说出您的指令 <<<
2025-03-24 14:22:44.132 | INFO     | __main__:wake_callback:176 - ==================================================
2025-03-24 14:22:44.135 | INFO     | __main__:start_speech_recognition:295 - 开始语音识别...
2025-03-24 14:22:44.310 | INFO     | __main__:run:523 - * 开始录音...
2025-03-24 14:22:45.716 | INFO     | __main__:on_message:381 -  Deaf, deaf
2025-03-24 14:22:47.131 | INFO     | __main__:on_message:381 - , 那我们
2025-03-24 14:22:50.372 | INFO     | __main__:on_close:501 - 
### 语音识别结束 ###
2025-03-24 14:22:50.373 | INFO     | __main__:run:556 - * 录音结束
2025-03-24 14:22:50.374 | INFO     | __main__:on_close:503 - 
正在分析关键词...
2025-03-24 14:22:55.248 | INFO     | __main__:main:580 - 继续监听唤醒词...
2025-03-24 14:22:56.304 | INFO     | __main__:start_wake_detection:268 - 开始监听唤醒词...
2025-03-24 14:25:19.291 | INFO     | __main__:wake_callback:170 - ==================================================
2025-03-24 14:25:19.291 | INFO     | __main__:wake_callback:171 - >>> 检测到唤醒词！请说出您的指令 <<<
2025-03-24 14:25:22.709 | INFO     | __main__:wake_callback:176 - ==================================================
2025-03-24 14:25:22.713 | INFO     | __main__:start_speech_recognition:295 - 开始语音识别...
2025-03-24 14:25:22.906 | INFO     | __main__:run:523 - * 开始录音...
2025-03-24 14:25:26.569 | INFO     | __main__:on_message:381 - 将方块放入方形盒子中
2025-03-24 14:25:27.891 | INFO     | __main__:on_message:381 - 。
2025-03-24 14:25:28.977 | INFO     | __main__:on_close:501 - 
### 语音识别结束 ###
2025-03-24 14:25:28.978 | INFO     | __main__:on_close:503 - 
正在分析关键词...
2025-03-24 14:25:28.979 | INFO     | __main__:run:556 - * 录音结束
2025-03-24 14:25:28.982 | INFO     | __main__:match_keywords:495 - 找到匹配关键词: 方块 匹配 方块
2025-03-24 14:25:28.983 | INFO     | __main__:match_keywords:495 - 找到匹配关键词: 方形 匹配 方形
2025-03-24 14:25:34.294 | INFO     | __main__:process_text_and_send_signal:447 - 发送信号: 401
2025-03-24 14:25:34.295 | INFO     | __main__:process_text_and_send_signal:448 - 切换表情：开心
2025-03-24 14:25:34.297 | INFO     | __main__:main:580 - 继续监听唤醒词...
2025-03-24 14:25:35.360 | INFO     | __main__:start_wake_detection:268 - 开始监听唤醒词...
2025-03-24 14:25:57.258 | INFO     | __main__:wake_callback:170 - ==================================================
2025-03-24 14:25:57.258 | INFO     | __main__:wake_callback:171 - >>> 检测到唤醒词！请说出您的指令 <<<
2025-03-24 14:26:00.667 | INFO     | __main__:wake_callback:176 - ==================================================
2025-03-24 14:26:00.670 | INFO     | __main__:start_speech_recognition:295 - 开始语音识别...
2025-03-24 14:26:00.916 | INFO     | __main__:run:523 - * 开始录音...
2025-03-24 14:26:04.429 | INFO     | __main__:on_message:381 - 将方块放入方形盒子中
2025-03-24 14:26:05.787 | INFO     | __main__:on_message:381 - 。
2025-03-24 14:26:06.987 | INFO     | __main__:on_close:501 - 
### 语音识别结束 ###
2025-03-24 14:26:06.987 | INFO     | __main__:run:556 - * 录音结束
2025-03-24 14:26:06.988 | INFO     | __main__:on_close:503 - 
正在分析关键词...
2025-03-24 14:26:06.989 | INFO     | __main__:match_keywords:495 - 找到匹配关键词: 方块 匹配 方块
2025-03-24 14:26:06.990 | INFO     | __main__:match_keywords:495 - 找到匹配关键词: 方形 匹配 方形
2025-03-24 14:26:12.239 | INFO     | __main__:process_text_and_send_signal:447 - 发送信号: 401
2025-03-24 14:26:12.239 | INFO     | __main__:process_text_and_send_signal:448 - 切换表情：开心
2025-03-24 14:26:12.242 | INFO     | __main__:main:580 - 继续监听唤醒词...
2025-03-24 14:26:13.290 | INFO     | __main__:start_wake_detection:268 - 开始监听唤醒词...
2025-03-24 14:27:54.549 | INFO     | __main__:wake_callback:170 - ==================================================
2025-03-24 14:27:54.549 | INFO     | __main__:wake_callback:171 - >>> 检测到唤醒词！请说出您的指令 <<<
2025-03-24 14:27:57.992 | INFO     | __main__:wake_callback:176 - ==================================================
2025-03-24 14:27:57.995 | INFO     | __main__:start_speech_recognition:295 - 开始语音识别...
2025-03-24 14:27:58.172 | INFO     | __main__:run:523 - * 开始录音...
2025-03-24 14:27:59.709 | INFO     | __main__:on_message:381 - 应该是
2025-03-24 14:28:01.042 | INFO     | __main__:on_message:381 - 。
2025-03-24 14:28:04.233 | INFO     | __main__:on_close:501 - 
### 语音识别结束 ###
2025-03-24 14:28:04.233 | INFO     | __main__:run:556 - * 录音结束
2025-03-24 14:28:04.233 | INFO     | __main__:on_close:503 - 
正在分析关键词...
2025-03-24 14:28:09.047 | INFO     | __main__:main:580 - 继续监听唤醒词...
2025-03-24 14:28:10.075 | INFO     | __main__:start_wake_detection:268 - 开始监听唤醒词...
2025-03-24 14:28:12.776 | INFO     | __main__:wake_callback:170 - ==================================================
2025-03-24 14:28:12.776 | INFO     | __main__:wake_callback:171 - >>> 检测到唤醒词！请说出您的指令 <<<
2025-03-24 14:28:16.208 | INFO     | __main__:wake_callback:176 - ==================================================
2025-03-24 14:28:16.215 | INFO     | __main__:start_speech_recognition:295 - 开始语音识别...
2025-03-24 14:28:16.410 | INFO     | __main__:run:523 - * 开始录音...
2025-03-24 14:28:20.114 | INFO     | __main__:on_message:381 - 将方块放入方形盒子
2025-03-24 14:28:21.461 | INFO     | __main__:on_message:381 - 。
2025-03-24 14:28:22.484 | INFO     | __main__:on_close:501 - 
### 语音识别结束 ###
2025-03-24 14:28:22.485 | INFO     | __main__:on_close:503 - 
正在分析关键词...
2025-03-24 14:28:22.486 | INFO     | __main__:run:556 - * 录音结束
2025-03-24 14:28:22.488 | INFO     | __main__:match_keywords:495 - 找到匹配关键词: 方块 匹配 方块
2025-03-24 14:28:22.488 | INFO     | __main__:match_keywords:495 - 找到匹配关键词: 方形 匹配 方形
2025-03-24 14:28:27.755 | INFO     | __main__:process_text_and_send_signal:447 - 发送信号: 401
2025-03-24 14:28:27.756 | INFO     | __main__:process_text_and_send_signal:448 - 切换表情：开心
2025-03-24 14:28:27.758 | INFO     | __main__:main:580 - 继续监听唤醒词...
2025-03-24 14:28:28.808 | INFO     | __main__:start_wake_detection:268 - 开始监听唤醒词...
2025-03-24 14:29:44.788 | INFO     | __main__:wake_callback:170 - ==================================================
2025-03-24 14:29:44.789 | INFO     | __main__:wake_callback:171 - >>> 检测到唤醒词！请说出您的指令 <<<
2025-03-24 14:29:48.246 | INFO     | __main__:wake_callback:176 - ==================================================
2025-03-24 14:29:48.249 | INFO     | __main__:start_speech_recognition:295 - 开始语音识别...
2025-03-24 14:29:48.425 | INFO     | __main__:run:523 - * 开始录音...
2025-03-24 14:29:51.836 | INFO     | __main__:on_message:381 - 将方块放入放进盒子
2025-03-24 14:29:53.216 | INFO     | __main__:on_message:381 - 。
2025-03-24 14:29:54.507 | INFO     | __main__:on_close:501 - 
### 语音识别结束 ###
2025-03-24 14:29:54.507 | INFO     | __main__:run:556 - * 录音结束
2025-03-24 14:29:54.507 | INFO     | __main__:on_close:503 - 
正在分析关键词...
2025-03-24 14:29:54.508 | INFO     | __main__:match_keywords:495 - 找到匹配关键词: 方块 匹配 方块
2025-03-24 14:29:54.508 | INFO     | __main__:process_text_and_send_signal:471 - 未找到匹配的组合
2025-03-24 14:29:59.502 | INFO     | __main__:process_text_and_send_signal:476 - 发送信号: 406
2025-03-24 14:29:59.503 | INFO     | __main__:process_text_and_send_signal:477 - 切换表情：难过
2025-03-24 14:29:59.506 | INFO     | __main__:main:580 - 继续监听唤醒词...
2025-03-24 14:30:00.555 | INFO     | __main__:start_wake_detection:268 - 开始监听唤醒词...
2025-03-24 14:30:03.702 | INFO     | __main__:wake_callback:170 - ==================================================
2025-03-24 14:30:03.703 | INFO     | __main__:wake_callback:171 - >>> 检测到唤醒词！请说出您的指令 <<<
2025-03-24 14:30:07.216 | INFO     | __main__:wake_callback:176 - ==================================================
2025-03-24 14:30:07.220 | INFO     | __main__:start_speech_recognition:295 - 开始语音识别...
2025-03-24 14:30:07.405 | INFO     | __main__:run:523 - * 开始录音...
2025-03-24 14:30:10.727 | INFO     | __main__:on_message:381 - 将方块放入方形盒子中
2025-03-24 14:30:12.007 | INFO     | __main__:on_message:381 - 。
2025-03-24 14:30:13.467 | INFO     | __main__:on_close:501 - 
### 语音识别结束 ###
2025-03-24 14:30:13.467 | INFO     | __main__:run:556 - * 录音结束
2025-03-24 14:30:13.468 | INFO     | __main__:on_close:503 - 
正在分析关键词...
2025-03-24 14:30:13.469 | INFO     | __main__:match_keywords:495 - 找到匹配关键词: 方块 匹配 方块
2025-03-24 14:30:13.469 | INFO     | __main__:match_keywords:495 - 找到匹配关键词: 方形 匹配 方形
2025-03-24 14:30:18.804 | INFO     | __main__:process_text_and_send_signal:447 - 发送信号: 401
2025-03-24 14:30:18.804 | INFO     | __main__:process_text_and_send_signal:448 - 切换表情：开心
2025-03-24 14:30:18.808 | INFO     | __main__:main:580 - 继续监听唤醒词...
2025-03-24 14:30:19.838 | INFO     | __main__:start_wake_detection:268 - 开始监听唤醒词...
2025-03-24 14:40:05.385 | INFO     | __main__:wake_callback:170 - ==================================================
2025-03-24 14:40:05.386 | INFO     | __main__:wake_callback:171 - >>> 检测到唤醒词！请说出您的指令 <<<
2025-03-24 14:40:08.812 | INFO     | __main__:wake_callback:176 - ==================================================
2025-03-24 14:40:08.815 | INFO     | __main__:start_speech_recognition:295 - 开始语音识别...
2025-03-24 14:40:09.015 | INFO     | __main__:run:523 - * 开始录音...
2025-03-24 14:40:15.040 | INFO     | __main__:on_close:501 - 
### 语音识别结束 ###
2025-03-24 14:40:15.043 | INFO     | __main__:main:580 - 继续监听唤醒词...
2025-03-24 14:40:15.078 | INFO     | __main__:run:556 - * 录音结束
2025-03-24 14:40:16.077 | INFO     | __main__:start_wake_detection:268 - 开始监听唤醒词...
2025-03-24 14:40:20.505 | INFO     | __main__:wake_callback:170 - ==================================================
2025-03-24 14:40:20.505 | INFO     | __main__:wake_callback:171 - >>> 检测到唤醒词！请说出您的指令 <<<
2025-03-24 14:40:23.972 | INFO     | __main__:wake_callback:176 - ==================================================
2025-03-24 14:40:23.974 | INFO     | __main__:start_speech_recognition:295 - 开始语音识别...
2025-03-24 14:40:24.167 | INFO     | __main__:run:523 - * 开始录音...
2025-03-24 14:40:27.683 | INFO     | __main__:on_message:381 - 将方块放入方形盒子中
2025-03-24 14:40:28.961 | INFO     | __main__:on_message:381 - 。
2025-03-24 14:40:30.241 | INFO     | __main__:on_close:501 - 
### 语音识别结束 ###
2025-03-24 14:40:30.242 | INFO     | __main__:on_close:503 - 
正在分析关键词...
2025-03-24 14:40:30.242 | INFO     | __main__:run:556 - * 录音结束
2025-03-24 14:40:30.243 | INFO     | __main__:match_keywords:495 - 找到匹配关键词: 方块 匹配 方块
2025-03-24 14:40:30.244 | INFO     | __main__:match_keywords:495 - 找到匹配关键词: 方形 匹配 方形
2025-03-24 14:40:35.503 | INFO     | __main__:process_text_and_send_signal:447 - 发送信号: 401
2025-03-24 14:40:35.504 | INFO     | __main__:process_text_and_send_signal:448 - 切换表情：开心
2025-03-24 14:40:35.505 | INFO     | __main__:main:580 - 继续监听唤醒词...
2025-03-24 14:40:36.550 | INFO     | __main__:start_wake_detection:268 - 开始监听唤醒词...
2025-03-24 14:41:00.819 | INFO     | __main__:wake_callback:170 - ==================================================
2025-03-24 14:41:00.820 | INFO     | __main__:wake_callback:171 - >>> 检测到唤醒词！请说出您的指令 <<<
2025-03-24 14:41:04.162 | INFO     | __main__:wake_callback:176 - ==================================================
2025-03-24 14:41:04.165 | INFO     | __main__:start_speech_recognition:295 - 开始语音识别...
2025-03-24 14:41:04.340 | INFO     | __main__:run:523 - * 开始录音...
2025-03-24 14:41:08.304 | INFO     | __main__:on_message:381 - 将原片放入圆形盒子
2025-03-24 14:41:09.639 | INFO     | __main__:on_message:381 - 。
2025-03-24 14:41:10.401 | INFO     | __main__:on_close:501 - 
### 语音识别结束 ###
2025-03-24 14:41:10.402 | INFO     | __main__:on_close:503 - 
正在分析关键词...
2025-03-24 14:41:10.402 | INFO     | __main__:run:556 - * 录音结束
2025-03-24 14:41:10.403 | INFO     | __main__:match_keywords:495 - 找到匹配关键词: 圆形 匹配 圆形
2025-03-24 14:41:10.403 | INFO     | __main__:process_text_and_send_signal:471 - 未找到匹配的组合
2025-03-24 14:41:15.317 | INFO     | __main__:process_text_and_send_signal:476 - 发送信号: 406
2025-03-24 14:41:15.317 | INFO     | __main__:process_text_and_send_signal:477 - 切换表情：难过
2025-03-24 14:41:15.319 | INFO     | __main__:main:580 - 继续监听唤醒词...
2025-03-24 14:41:16.362 | INFO     | __main__:start_wake_detection:268 - 开始监听唤醒词...
2025-03-24 14:41:18.421 | INFO     | __main__:wake_callback:170 - ==================================================
2025-03-24 14:41:18.422 | INFO     | __main__:wake_callback:171 - >>> 检测到唤醒词！请说出您的指令 <<<
2025-03-24 14:41:21.827 | INFO     | __main__:wake_callback:176 - ==================================================
2025-03-24 14:41:21.830 | INFO     | __main__:start_speech_recognition:295 - 开始语音识别...
2025-03-24 14:41:22.010 | INFO     | __main__:run:523 - * 开始录音...
2025-03-24 14:41:25.147 | INFO     | __main__:on_message:381 - 将圆形放入圆形盒子
2025-03-24 14:41:26.491 | INFO     | __main__:on_message:381 - 。
2025-03-24 14:41:28.166 | INFO     | __main__:on_close:501 - 
### 语音识别结束 ###
2025-03-24 14:41:28.166 | INFO     | __main__:on_close:503 - 
正在分析关键词...
2025-03-24 14:41:28.166 | INFO     | __main__:run:556 - * 录音结束
2025-03-24 14:41:28.168 | INFO     | __main__:match_keywords:495 - 找到匹配关键词: 圆形 匹配 圆形
2025-03-24 14:41:28.169 | INFO     | __main__:match_keywords:495 - 找到匹配关键词: 圆形 匹配 圆形
2025-03-24 14:41:33.551 | INFO     | __main__:process_text_and_send_signal:468 - 发送信号: 404
2025-03-24 14:41:33.552 | INFO     | __main__:process_text_and_send_signal:469 - 切换表情：开心
2025-03-24 14:41:33.553 | INFO     | __main__:main:580 - 继续监听唤醒词...
2025-03-24 14:41:34.609 | INFO     | __main__:start_wake_detection:268 - 开始监听唤醒词...
2025-03-24 14:43:32.826 | INFO     | __main__:wake_callback:170 - ==================================================
2025-03-24 14:43:32.826 | INFO     | __main__:wake_callback:171 - >>> 检测到唤醒词！请说出您的指令 <<<
2025-03-24 14:43:36.156 | INFO     | __main__:wake_callback:176 - ==================================================
2025-03-24 14:43:36.159 | INFO     | __main__:start_speech_recognition:295 - 开始语音识别...
2025-03-24 14:43:36.367 | INFO     | __main__:run:523 - * 开始录音...
2025-03-24 14:43:39.702 | INFO     | __main__:on_message:381 - 将圆形放入圆形盒子
2025-03-24 14:43:40.976 | INFO     | __main__:on_message:381 - 。
2025-03-24 14:43:42.441 | INFO     | __main__:on_close:501 - 
### 语音识别结束 ###
2025-03-24 14:43:42.441 | INFO     | __main__:run:556 - * 录音结束
2025-03-24 14:43:42.442 | INFO     | __main__:on_close:503 - 
正在分析关键词...
2025-03-24 14:43:42.443 | INFO     | __main__:match_keywords:495 - 找到匹配关键词: 圆形 匹配 圆形
2025-03-24 14:43:42.443 | INFO     | __main__:match_keywords:495 - 找到匹配关键词: 圆形 匹配 圆形
2025-03-24 14:43:47.755 | INFO     | __main__:process_text_and_send_signal:468 - 发送信号: 404
2025-03-24 14:43:47.756 | INFO     | __main__:process_text_and_send_signal:469 - 切换表情：开心
2025-03-24 14:43:47.758 | INFO     | __main__:main:580 - 继续监听唤醒词...
2025-03-24 14:43:48.778 | INFO     | __main__:start_wake_detection:268 - 开始监听唤醒词...
2025-03-24 14:45:58.325 | INFO     | __main__:wake_callback:170 - ==================================================
2025-03-24 14:45:58.325 | INFO     | __main__:wake_callback:171 - >>> 检测到唤醒词！请说出您的指令 <<<
2025-03-24 14:46:01.810 | INFO     | __main__:wake_callback:176 - ==================================================
2025-03-24 14:46:01.813 | INFO     | __main__:start_speech_recognition:295 - 开始语音识别...
2025-03-24 14:46:01.981 | INFO     | __main__:run:523 - * 开始录音...
2025-03-24 14:46:06.401 | INFO     | __main__:on_message:381 - 将圆形放入圆形盒子中
2025-03-24 14:46:07.673 | INFO     | __main__:on_message:381 - 。
2025-03-24 14:46:08.043 | INFO     | __main__:on_close:501 - 
### 语音识别结束 ###
2025-03-24 14:46:08.043 | INFO     | __main__:on_close:503 - 
正在分析关键词...
2025-03-24 14:46:08.044 | INFO     | __main__:run:556 - * 录音结束
2025-03-24 14:46:08.045 | INFO     | __main__:match_keywords:495 - 找到匹配关键词: 圆形 匹配 圆形
2025-03-24 14:46:08.045 | INFO     | __main__:match_keywords:495 - 找到匹配关键词: 圆形 匹配 圆形
2025-03-24 14:46:13.413 | INFO     | __main__:process_text_and_send_signal:468 - 发送信号: 404
2025-03-24 14:46:13.414 | INFO     | __main__:process_text_and_send_signal:469 - 切换表情：开心
2025-03-24 14:46:13.415 | INFO     | __main__:main:580 - 继续监听唤醒词...
2025-03-24 14:46:14.466 | INFO     | __main__:start_wake_detection:268 - 开始监听唤醒词...
2025-03-24 14:50:32.653 | INFO     | __main__:wake_callback:170 - ==================================================
2025-03-24 14:50:32.653 | INFO     | __main__:wake_callback:171 - >>> 检测到唤醒词！请说出您的指令 <<<
2025-03-24 14:50:35.994 | INFO     | __main__:wake_callback:176 - ==================================================
2025-03-24 14:50:35.998 | INFO     | __main__:start_speech_recognition:295 - 开始语音识别...
2025-03-24 14:50:36.182 | INFO     | __main__:run:523 - * 开始录音...
2025-03-24 14:50:39.974 | INFO     | __main__:on_message:381 - 将圆形放入圆形盒子中
2025-03-24 14:50:41.359 | INFO     | __main__:on_message:381 - 。
2025-03-24 14:50:42.247 | INFO     | __main__:on_close:501 - 
### 语音识别结束 ###
2025-03-24 14:50:42.248 | INFO     | __main__:on_close:503 - 
正在分析关键词...
2025-03-24 14:50:42.249 | INFO     | __main__:run:556 - * 录音结束
2025-03-24 14:50:42.252 | INFO     | __main__:match_keywords:495 - 找到匹配关键词: 圆形 匹配 圆形
2025-03-24 14:50:42.252 | INFO     | __main__:match_keywords:495 - 找到匹配关键词: 圆形 匹配 圆形
2025-03-24 14:50:47.549 | INFO     | __main__:process_text_and_send_signal:468 - 发送信号: 404
2025-03-24 14:50:47.550 | INFO     | __main__:process_text_and_send_signal:469 - 切换表情：开心
2025-03-24 14:50:47.552 | INFO     | __main__:main:580 - 继续监听唤醒词...
2025-03-24 14:50:48.599 | INFO     | __main__:start_wake_detection:268 - 开始监听唤醒词...
2025-03-24 15:00:23.906 | INFO     | __main__:wake_callback:170 - ==================================================
2025-03-24 15:00:23.906 | INFO     | __main__:wake_callback:171 - >>> 检测到唤醒词！请说出您的指令 <<<
2025-03-24 15:00:27.370 | INFO     | __main__:wake_callback:176 - ==================================================
2025-03-24 15:00:27.373 | INFO     | __main__:start_speech_recognition:295 - 开始语音识别...
2025-03-24 15:00:27.565 | INFO     | __main__:run:523 - * 开始录音...
2025-03-24 15:00:31.462 | INFO     | __main__:on_message:381 - 将圆形放入圆形盒子中
2025-03-24 15:00:32.811 | INFO     | __main__:on_message:381 - 。
2025-03-24 15:00:33.645 | INFO     | __main__:on_close:501 - 
### 语音识别结束 ###
2025-03-24 15:00:33.646 | INFO     | __main__:run:556 - * 录音结束
2025-03-24 15:00:33.646 | INFO     | __main__:on_close:503 - 
正在分析关键词...
2025-03-24 15:00:33.648 | INFO     | __main__:match_keywords:495 - 找到匹配关键词: 圆形 匹配 圆形
2025-03-24 15:00:33.648 | INFO     | __main__:match_keywords:495 - 找到匹配关键词: 圆形 匹配 圆形
2025-03-24 15:00:39.013 | INFO     | __main__:process_text_and_send_signal:468 - 发送信号: 404
2025-03-24 15:00:39.014 | INFO     | __main__:process_text_and_send_signal:469 - 切换表情：开心
2025-03-24 15:00:39.015 | INFO     | __main__:main:580 - 继续监听唤醒词...
2025-03-24 15:00:40.059 | INFO     | __main__:start_wake_detection:268 - 开始监听唤醒词...
2025-03-24 15:01:26.597 | INFO     | __main__:wake_callback:170 - ==================================================
2025-03-24 15:01:26.598 | INFO     | __main__:wake_callback:171 - >>> 检测到唤醒词！请说出您的指令 <<<
2025-03-24 15:01:30.197 | INFO     | __main__:wake_callback:176 - ==================================================
2025-03-24 15:01:30.200 | INFO     | __main__:start_speech_recognition:295 - 开始语音识别...
2025-03-24 15:01:30.384 | INFO     | __main__:run:523 - * 开始录音...
2025-03-24 15:01:36.398 | INFO     | __main__:on_message:381 - 
2025-03-24 15:01:36.457 | INFO     | __main__:run:556 - * 录音结束
2025-03-24 15:01:36.457 | INFO     | __main__:on_close:501 - 
### 语音识别结束 ###
2025-03-24 15:01:36.459 | INFO     | __main__:main:580 - 继续监听唤醒词...
2025-03-24 15:01:37.506 | INFO     | __main__:start_wake_detection:268 - 开始监听唤醒词...
2025-03-24 15:03:59.854 | INFO     | __main__:wake_callback:170 - ==================================================
2025-03-24 15:03:59.854 | INFO     | __main__:wake_callback:171 - >>> 检测到唤醒词！请说出您的指令 <<<
2025-03-24 15:04:03.430 | INFO     | __main__:wake_callback:176 - ==================================================
2025-03-24 15:04:03.436 | INFO     | __main__:start_speech_recognition:295 - 开始语音识别...
2025-03-24 15:04:03.642 | INFO     | __main__:run:523 - * 开始录音...
2025-03-24 15:04:06.834 | INFO     | __main__:on_message:381 - 将圆形放入放进盒子里
2025-03-24 15:04:08.171 | INFO     | __main__:on_message:381 - 。
2025-03-24 15:04:09.701 | INFO     | __main__:run:556 - * 录音结束
2025-03-24 15:04:09.701 | INFO     | __main__:on_close:501 - 
### 语音识别结束 ###
2025-03-24 15:04:09.702 | INFO     | __main__:on_close:503 - 
正在分析关键词...
2025-03-24 15:04:09.703 | INFO     | __main__:match_keywords:495 - 找到匹配关键词: 圆形 匹配 圆形
2025-03-24 15:04:09.703 | INFO     | __main__:process_text_and_send_signal:471 - 未找到匹配的组合
2025-03-24 15:04:14.647 | INFO     | __main__:process_text_and_send_signal:476 - 发送信号: 406
2025-03-24 15:04:14.647 | INFO     | __main__:process_text_and_send_signal:477 - 切换表情：难过
2025-03-24 15:04:14.649 | INFO     | __main__:main:580 - 继续监听唤醒词...
2025-03-24 15:04:15.698 | INFO     | __main__:start_wake_detection:268 - 开始监听唤醒词...
2025-03-24 15:04:22.045 | INFO     | __main__:wake_callback:170 - ==================================================
2025-03-24 15:04:22.046 | INFO     | __main__:wake_callback:171 - >>> 检测到唤醒词！请说出您的指令 <<<
2025-03-24 15:04:25.508 | INFO     | __main__:wake_callback:176 - ==================================================
2025-03-24 15:04:25.511 | INFO     | __main__:start_speech_recognition:295 - 开始语音识别...
2025-03-24 15:04:25.696 | INFO     | __main__:run:523 - * 开始录音...
2025-03-24 15:04:28.760 | INFO     | __main__:on_message:381 - 将原先放入放心盒子
2025-03-24 15:04:30.117 | INFO     | __main__:on_message:381 - 。
2025-03-24 15:04:31.762 | INFO     | __main__:on_close:501 - 
### 语音识别结束 ###
2025-03-24 15:04:31.762 | INFO     | __main__:on_close:503 - 
正在分析关键词...
2025-03-24 15:04:31.763 | INFO     | __main__:run:556 - * 录音结束
2025-03-24 15:04:31.764 | INFO     | __main__:process_text_and_send_signal:471 - 未找到匹配的组合
2025-03-24 15:04:36.688 | INFO     | __main__:process_text_and_send_signal:476 - 发送信号: 406
2025-03-24 15:04:36.688 | INFO     | __main__:process_text_and_send_signal:477 - 切换表情：难过
2025-03-24 15:04:36.690 | INFO     | __main__:main:580 - 继续监听唤醒词...
2025-03-24 15:04:37.744 | INFO     | __main__:start_wake_detection:268 - 开始监听唤醒词...
2025-03-24 15:04:42.173 | INFO     | __main__:wake_callback:170 - ==================================================
2025-03-24 15:04:42.173 | INFO     | __main__:wake_callback:171 - >>> 检测到唤醒词！请说出您的指令 <<<
2025-03-24 15:04:45.576 | INFO     | __main__:wake_callback:176 - ==================================================
2025-03-24 15:04:45.579 | INFO     | __main__:start_speech_recognition:295 - 开始语音识别...
2025-03-24 15:04:45.843 | INFO     | __main__:run:523 - * 开始录音...
2025-03-24 15:04:49.177 | INFO     | __main__:on_message:381 - 将圆形放入方形盒子
2025-03-24 15:04:50.598 | INFO     | __main__:on_message:381 - 。
2025-03-24 15:04:51.920 | INFO     | __main__:on_close:501 - 
### 语音识别结束 ###
2025-03-24 15:04:51.921 | INFO     | __main__:run:556 - * 录音结束
2025-03-24 15:04:51.921 | INFO     | __main__:on_close:503 - 
正在分析关键词...
2025-03-24 15:04:51.922 | INFO     | __main__:match_keywords:495 - 找到匹配关键词: 圆形 匹配 圆形
2025-03-24 15:04:51.922 | INFO     | __main__:match_keywords:495 - 找到匹配关键词: 方形 匹配 方形
2025-03-24 15:04:57.255 | INFO     | __main__:process_text_and_send_signal:461 - 发送信号: 403
2025-03-24 15:04:57.255 | INFO     | __main__:process_text_and_send_signal:462 - 切换表情：开心
2025-03-24 15:04:57.261 | INFO     | __main__:main:580 - 继续监听唤醒词...
2025-03-24 15:04:58.293 | INFO     | __main__:start_wake_detection:268 - 开始监听唤醒词...
2025-03-24 15:05:28.830 | INFO     | __main__:wake_callback:170 - ==================================================
2025-03-24 15:05:28.831 | INFO     | __main__:wake_callback:171 - >>> 检测到唤醒词！请说出您的指令 <<<
2025-03-24 15:05:32.336 | INFO     | __main__:wake_callback:176 - ==================================================
2025-03-24 15:05:32.339 | INFO     | __main__:start_speech_recognition:295 - 开始语音识别...
2025-03-24 15:05:32.514 | INFO     | __main__:run:523 - * 开始录音...
2025-03-24 15:05:36.733 | INFO     | __main__:on_message:381 - 将方形放入方形盒子里
2025-03-24 15:05:38.077 | INFO     | __main__:on_message:381 - 。
2025-03-24 15:05:38.582 | INFO     | __main__:on_close:501 - 
### 语音识别结束 ###
2025-03-24 15:05:38.582 | INFO     | __main__:on_close:503 - 
正在分析关键词...
2025-03-24 15:05:38.582 | INFO     | __main__:run:556 - * 录音结束
2025-03-24 15:05:38.584 | INFO     | __main__:match_keywords:495 - 找到匹配关键词: 方形 匹配 方形
2025-03-24 15:05:38.584 | INFO     | __main__:match_keywords:495 - 找到匹配关键词: 方形 匹配 方形
2025-03-24 15:05:43.820 | INFO     | __main__:process_text_and_send_signal:447 - 发送信号: 401
2025-03-24 15:05:43.820 | INFO     | __main__:process_text_and_send_signal:448 - 切换表情：开心
2025-03-24 15:05:43.822 | INFO     | __main__:main:580 - 继续监听唤醒词...
2025-03-24 15:05:44.871 | INFO     | __main__:start_wake_detection:268 - 开始监听唤醒词...
2025-03-24 15:08:25.139 | INFO     | __main__:wake_callback:170 - ==================================================
2025-03-24 15:08:25.139 | INFO     | __main__:wake_callback:171 - >>> 检测到唤醒词！请说出您的指令 <<<
2025-03-24 15:08:28.557 | INFO     | __main__:wake_callback:176 - ==================================================
2025-03-24 15:08:28.560 | INFO     | __main__:start_speech_recognition:295 - 开始语音识别...
2025-03-24 15:08:28.735 | INFO     | __main__:run:523 - * 开始录音...
2025-03-24 15:08:33.528 | INFO     | __main__:on_message:381 - 将圆形放入圆形盒子中
2025-03-24 15:08:34.749 | INFO     | __main__:on_message:381 - 。
2025-03-24 15:08:34.795 | INFO     | __main__:on_close:501 - 
### 语音识别结束 ###
2025-03-24 15:08:34.795 | INFO     | __main__:on_close:503 - 
正在分析关键词...
2025-03-24 15:08:34.796 | INFO     | __main__:run:556 - * 录音结束
2025-03-24 15:08:34.797 | INFO     | __main__:match_keywords:495 - 找到匹配关键词: 圆形 匹配 圆形
2025-03-24 15:08:34.797 | INFO     | __main__:match_keywords:495 - 找到匹配关键词: 圆形 匹配 圆形
2025-03-24 15:08:40.101 | INFO     | __main__:process_text_and_send_signal:468 - 发送信号: 404
2025-03-24 15:08:40.101 | INFO     | __main__:process_text_and_send_signal:469 - 切换表情：开心
2025-03-24 15:08:40.103 | INFO     | __main__:main:580 - 继续监听唤醒词...
2025-03-24 15:08:41.151 | INFO     | __main__:start_wake_detection:268 - 开始监听唤醒词...
2025-03-24 15:33:53.128 | INFO     | __main__:wake_callback:170 - ==================================================
2025-03-24 15:33:53.129 | INFO     | __main__:wake_callback:171 - >>> 检测到唤醒词！请说出您的指令 <<<
2025-03-24 15:33:56.558 | INFO     | __main__:wake_callback:176 - ==================================================
2025-03-24 15:33:56.561 | INFO     | __main__:start_speech_recognition:295 - 开始语音识别...
2025-03-24 15:33:56.737 | INFO     | __main__:run:523 - * 开始录音...
2025-03-24 15:34:02.757 | INFO     | __main__:on_close:501 - 
### 语音识别结束 ###
2025-03-24 15:34:02.759 | INFO     | __main__:main:580 - 继续监听唤醒词...
2025-03-24 15:34:02.809 | INFO     | __main__:run:556 - * 录音结束
2025-03-24 15:34:03.804 | INFO     | __main__:start_wake_detection:268 - 开始监听唤醒词...
2025-03-24 15:34:29.671 | INFO     | __main__:wake_callback:170 - ==================================================
2025-03-24 15:34:29.672 | INFO     | __main__:wake_callback:171 - >>> 检测到唤醒词！请说出您的指令 <<<
2025-03-24 15:34:33.169 | INFO     | __main__:wake_callback:176 - ==================================================
2025-03-24 15:34:33.172 | INFO     | __main__:start_speech_recognition:295 - 开始语音识别...
2025-03-24 15:34:33.338 | INFO     | __main__:run:523 - * 开始录音...
2025-03-24 15:34:37.054 | INFO     | __main__:on_message:381 - 将方形放入圆形盒子
2025-03-24 15:34:38.257 | INFO     | __main__:on_message:381 - 。
2025-03-24 15:34:39.406 | INFO     | __main__:on_close:501 - 
### 语音识别结束 ###
2025-03-24 15:34:39.406 | INFO     | __main__:run:556 - * 录音结束
2025-03-24 15:34:39.406 | INFO     | __main__:on_close:503 - 
正在分析关键词...
2025-03-24 15:34:39.407 | INFO     | __main__:match_keywords:495 - 找到匹配关键词: 方形 匹配 方形
2025-03-24 15:34:39.408 | INFO     | __main__:match_keywords:495 - 找到匹配关键词: 圆形 匹配 圆形
2025-03-24 15:34:44.728 | INFO     | __main__:process_text_and_send_signal:454 - 发送信号: 402
2025-03-24 15:34:44.728 | INFO     | __main__:process_text_and_send_signal:455 - 切换表情：开心
2025-03-24 15:34:44.730 | INFO     | __main__:main:580 - 继续监听唤醒词...
2025-03-24 15:34:45.758 | INFO     | __main__:start_wake_detection:268 - 开始监听唤醒词...
2025-03-24 15:35:07.465 | INFO     | __main__:wake_callback:170 - ==================================================
2025-03-24 15:35:07.465 | INFO     | __main__:wake_callback:171 - >>> 检测到唤醒词！请说出您的指令 <<<
2025-03-24 15:35:11.123 | INFO     | __main__:wake_callback:176 - ==================================================
2025-03-24 15:35:11.126 | INFO     | __main__:start_speech_recognition:295 - 开始语音识别...
2025-03-24 15:35:11.329 | INFO     | __main__:run:523 - * 开始录音...
2025-03-24 15:35:14.667 | INFO     | __main__:on_message:381 - 将圆形放入方形盒子中
2025-03-24 15:35:16.060 | INFO     | __main__:on_message:381 - 。
2025-03-24 15:35:17.396 | INFO     | __main__:on_close:501 - 
### 语音识别结束 ###
2025-03-24 15:35:17.397 | INFO     | __main__:on_close:503 - 
正在分析关键词...
2025-03-24 15:35:17.397 | INFO     | __main__:run:556 - * 录音结束
2025-03-24 15:35:17.398 | INFO     | __main__:match_keywords:495 - 找到匹配关键词: 圆形 匹配 圆形
2025-03-24 15:35:17.399 | INFO     | __main__:match_keywords:495 - 找到匹配关键词: 方形 匹配 方形
2025-03-24 15:35:20.642 | INFO     | __main__:process_text_and_send_signal:461 - 发送信号: 403
2025-03-24 15:35:20.642 | INFO     | __main__:process_text_and_send_signal:462 - 切换表情：开心
2025-03-24 15:35:20.644 | INFO     | __main__:main:580 - 继续监听唤醒词...
2025-03-24 15:35:21.702 | INFO     | __main__:start_wake_detection:268 - 开始监听唤醒词...
2025-03-24 15:35:55.439 | INFO     | __main__:wake_callback:170 - ==================================================
2025-03-24 15:35:55.440 | INFO     | __main__:wake_callback:171 - >>> 检测到唤醒词！请说出您的指令 <<<
2025-03-24 15:35:58.912 | INFO     | __main__:wake_callback:176 - ==================================================
2025-03-24 15:35:58.916 | INFO     | __main__:start_speech_recognition:295 - 开始语音识别...
2025-03-24 15:35:59.110 | INFO     | __main__:run:523 - * 开始录音...
2025-03-24 15:36:02.621 | INFO     | __main__:on_message:381 - 将圆形放入圆形盒子中
2025-03-24 15:36:03.961 | INFO     | __main__:on_message:381 - 。
2025-03-24 15:36:05.177 | INFO     | __main__:on_close:501 - 
### 语音识别结束 ###
2025-03-24 15:36:05.177 | INFO     | __main__:on_close:503 - 
正在分析关键词...
2025-03-24 15:36:05.178 | INFO     | __main__:run:556 - * 录音结束
2025-03-24 15:36:05.179 | INFO     | __main__:match_keywords:495 - 找到匹配关键词: 圆形 匹配 圆形
2025-03-24 15:36:05.179 | INFO     | __main__:match_keywords:495 - 找到匹配关键词: 圆形 匹配 圆形
2025-03-24 15:36:10.416 | INFO     | __main__:process_text_and_send_signal:468 - 发送信号: 404
2025-03-24 15:36:10.416 | INFO     | __main__:process_text_and_send_signal:469 - 切换表情：开心
2025-03-24 15:36:10.418 | INFO     | __main__:main:580 - 继续监听唤醒词...
2025-03-24 15:36:11.465 | INFO     | __main__:start_wake_detection:268 - 开始监听唤醒词...
