2025-03-25 15:16:58.874 | INFO     | __main__:load_keywords_dict:162 - 成功加载关键词词典: ./keywords_dicts\keywords_dict.yaml
2025-03-25 15:17:03.966 | INFO     | __main__:_init_expression_server:148 - 表情服务器启动成功
2025-03-25 15:17:03.966 | INFO     | __main__:run_modbus_server:201 - Modbus 从机正在 192.168.1.125:599 上监听...
2025-03-25 15:17:04.975 | INFO     | __main__:request_monitor:184 - 当前保持寄存器数据: [0, 0, 0, 0, 0, 0, 0, 0, 0, 0]
2025-03-25 15:17:05.994 | INFO     | __main__:request_monitor:184 - 当前保持寄存器数据: [0, 0, 0, 0, 0, 0, 0, 0, 0, 0]
2025-03-25 15:17:07.006 | INFO     | __main__:request_monitor:184 - 当前保持寄存器数据: [0, 0, 0, 0, 0, 0, 0, 0, 0, 0]
2025-03-25 15:17:08.004 | INFO     | __main__:request_monitor:184 - 当前保持寄存器数据: [0, 0, 0, 0, 0, 0, 0, 0, 0, 0]
2025-03-25 15:17:09.015 | INFO     | __main__:request_monitor:184 - 当前保持寄存器数据: [0, 0, 0, 0, 0, 0, 0, 0, 0, 0]
2025-03-25 15:17:10.027 | INFO     | __main__:request_monitor:184 - 当前保持寄存器数据: [0, 0, 0, 0, 0, 0, 0, 0, 0, 0]
2025-03-25 15:17:11.035 | INFO     | __main__:request_monitor:184 - 当前保持寄存器数据: [0, 0, 0, 0, 0, 0, 0, 0, 0, 0]
2025-03-25 15:17:12.040 | INFO     | __main__:request_monitor:184 - 当前保持寄存器数据: [0, 0, 0, 0, 0, 0, 0, 0, 0, 0]
2025-03-25 15:17:13.040 | INFO     | __main__:request_monitor:184 - 当前保持寄存器数据: [0, 0, 0, 0, 0, 0, 0, 0, 0, 0]
2025-03-25 15:17:14.047 | INFO     | __main__:request_monitor:184 - 当前保持寄存器数据: [0, 0, 0, 0, 0, 0, 0, 0, 0, 0]
2025-03-25 15:17:15.054 | INFO     | __main__:request_monitor:184 - 当前保持寄存器数据: [0, 0, 0, 0, 0, 0, 0, 0, 0, 0]
2025-03-25 15:17:16.060 | INFO     | __main__:request_monitor:184 - 当前保持寄存器数据: [0, 0, 0, 0, 0, 0, 0, 0, 0, 0]
2025-03-25 15:17:17.066 | INFO     | __main__:request_monitor:184 - 当前保持寄存器数据: [0, 0, 0, 0, 0, 0, 0, 0, 0, 0]
2025-03-25 15:17:18.071 | INFO     | __main__:request_monitor:184 - 当前保持寄存器数据: [0, 0, 0, 0, 0, 0, 0, 0, 0, 0]
2025-03-25 15:17:19.080 | INFO     | __main__:request_monitor:184 - 当前保持寄存器数据: [0, 0, 0, 0, 0, 0, 0, 0, 0, 0]
2025-03-25 15:17:20.097 | INFO     | __main__:request_monitor:184 - 当前保持寄存器数据: [0, 0, 0, 0, 0, 0, 0, 0, 0, 0]
2025-03-25 15:17:21.109 | INFO     | __main__:request_monitor:184 - 当前保持寄存器数据: [111, 0, 0, 0, 0, 0, 0, 0, 0, 0]
2025-03-25 15:17:21.109 | INFO     | __main__:request_monitor:186 - 切换表情：眨眼
2025-03-25 15:17:21.110 | INFO     | __main__:request_monitor:188 - 保持寄存器读到111
2025-03-25 15:17:21.110 | INFO     | __main__:request_monitor:189 - 当前保持寄存器数据: [111, 0, 0, 0, 0, 0, 0, 0, 0, 0]
2025-03-25 15:17:21.110 | INFO     | __main__:request_monitor:191 - 开始清零
2025-03-25 15:17:21.110 | INFO     | __main__:request_monitor:192 - 当前保持寄存器数据: [111, 0, 0, 0, 0, 0, 0, 0, 0, 0]
2025-03-25 15:17:21.111 | INFO     | __main__:request_monitor:194 - 当前保持寄存器数据: [111, 0, 0, 0, 0, 0, 0, 0, 0, 0]
2025-03-25 15:17:21.111 | INFO     | __main__:request_monitor:195 - 检测到寄存器值为 111，准备退出...
2025-03-25 15:17:21.185 | INFO     | __main__:start_wake_detection:268 - 开始监听唤醒词...
2025-03-25 15:17:33.514 | INFO     | __main__:wake_callback:170 - ==================================================
2025-03-25 15:17:33.514 | INFO     | __main__:wake_callback:171 - >>> 检测到唤醒词！请说出您的指令 <<<
2025-03-25 15:17:44.861 | INFO     | __main__:wake_callback:176 - ==================================================
2025-03-25 15:17:44.865 | INFO     | __main__:start_speech_recognition:295 - 开始语音识别...
2025-03-25 15:17:45.138 | INFO     | __main__:run:523 - * 开始录音...
2025-03-25 15:17:48.207 | INFO     | __main__:on_message:381 - 嗯嗯，那那不能重新开始
2025-03-25 15:17:49.237 | INFO     | __main__:on_message:381 - ，噢，对对对
2025-03-25 15:17:50.655 | INFO     | __main__:on_message:381 - 。
2025-03-25 15:17:51.206 | INFO     | __main__:on_close:501 - 
### 语音识别结束 ###
2025-03-25 15:17:51.206 | INFO     | __main__:on_close:503 - 
正在分析关键词...
2025-03-25 15:17:51.207 | INFO     | __main__:run:556 - * 录音结束
2025-03-25 15:17:55.968 | INFO     | __main__:main:580 - 继续监听唤醒词...
2025-03-25 15:17:57.022 | INFO     | __main__:start_wake_detection:268 - 开始监听唤醒词...
