2025-04-01 14:09:30.421 | INFO     | __main__:load_keywords_dict:162 - 成功加载关键词词典: ./keywords_dicts\keywords_dict.yaml
2025-04-01 14:09:35.705 | INFO     | __main__:_init_expression_server:148 - 表情服务器启动成功
2025-04-01 14:09:35.706 | INFO     | __main__:run_modbus_server:201 - Modbus 从机正在 192.168.1.125:599 上监听...
2025-04-01 14:09:36.718 | INFO     | __main__:request_monitor:184 - 当前保持寄存器数据: [0, 0, 0, 0, 0, 0, 0, 0, 0, 0]
2025-04-01 14:09:37.712 | INFO     | __main__:request_monitor:184 - 当前保持寄存器数据: [0, 0, 0, 0, 0, 0, 0, 0, 0, 0]
2025-04-01 14:09:38.727 | INFO     | __main__:request_monitor:184 - 当前保持寄存器数据: [0, 0, 0, 0, 0, 0, 0, 0, 0, 0]
2025-04-01 14:09:39.741 | INFO     | __main__:request_monitor:184 - 当前保持寄存器数据: [0, 0, 0, 0, 0, 0, 0, 0, 0, 0]
2025-04-01 14:09:40.748 | INFO     | __main__:request_monitor:184 - 当前保持寄存器数据: [0, 0, 0, 0, 0, 0, 0, 0, 0, 0]
2025-04-01 14:09:41.757 | INFO     | __main__:request_monitor:184 - 当前保持寄存器数据: [0, 0, 0, 0, 0, 0, 0, 0, 0, 0]
2025-04-01 14:09:42.756 | INFO     | __main__:request_monitor:184 - 当前保持寄存器数据: [0, 0, 0, 0, 0, 0, 0, 0, 0, 0]
2025-04-01 14:09:43.741 | INFO     | __main__:request_monitor:184 - 当前保持寄存器数据: [0, 0, 0, 0, 0, 0, 0, 0, 0, 0]
2025-04-01 14:09:44.761 | INFO     | __main__:request_monitor:184 - 当前保持寄存器数据: [111, 0, 0, 0, 0, 0, 0, 0, 0, 0]
2025-04-01 14:09:44.761 | INFO     | __main__:request_monitor:186 - 切换表情：眨眼
2025-04-01 14:09:44.761 | INFO     | __main__:request_monitor:188 - 保持寄存器读到111
2025-04-01 14:09:44.761 | INFO     | __main__:request_monitor:189 - 当前保持寄存器数据: [111, 0, 0, 0, 0, 0, 0, 0, 0, 0]
2025-04-01 14:09:44.761 | INFO     | __main__:request_monitor:191 - 开始清零
2025-04-01 14:09:44.761 | INFO     | __main__:request_monitor:192 - 当前保持寄存器数据: [111, 0, 0, 0, 0, 0, 0, 0, 0, 0]
2025-04-01 14:09:44.761 | INFO     | __main__:request_monitor:194 - 当前保持寄存器数据: [111, 0, 0, 0, 0, 0, 0, 0, 0, 0]
2025-04-01 14:09:44.761 | INFO     | __main__:request_monitor:195 - 检测到寄存器值为 111，准备退出...
2025-04-01 14:09:44.839 | INFO     | __main__:start_wake_detection:268 - 开始监听唤醒词...
2025-04-01 14:09:48.829 | INFO     | __main__:wake_callback:170 - ==================================================
2025-04-01 14:09:48.829 | INFO     | __main__:wake_callback:171 - >>> 检测到唤醒词！请说出您的指令 <<<
2025-04-01 14:09:52.349 | INFO     | __main__:wake_callback:176 - ==================================================
2025-04-01 14:09:52.359 | INFO     | __main__:start_speech_recognition:295 - 开始语音识别...
2025-04-01 14:09:52.546 | INFO     | __main__:run:523 - * 开始录音...
2025-04-01 14:09:55.955 | INFO     | __main__:on_message:381 - 将绿色方块放入方形盒子中
2025-04-01 14:09:57.284 | INFO     | __main__:on_message:381 - 。
2025-04-01 14:09:58.619 | INFO     | __main__:on_close:501 - 
### 语音识别结束 ###
2025-04-01 14:09:58.619 | INFO     | __main__:run:556 - * 录音结束
2025-04-01 14:09:58.619 | INFO     | __main__:on_close:503 - 
正在分析关键词...
2025-04-01 14:09:58.996 | INFO     | __main__:match_keywords:495 - 找到匹配关键词: 方块 匹配 方块
2025-04-01 14:09:58.996 | INFO     | __main__:match_keywords:495 - 找到匹配关键词: 方形 匹配 方形
2025-04-01 14:10:04.342 | INFO     | __main__:process_text_and_send_signal:447 - 发送信号: 401
2025-04-01 14:10:04.342 | INFO     | __main__:process_text_and_send_signal:448 - 切换表情：开心
2025-04-01 14:10:04.342 | INFO     | __main__:main:580 - 继续监听唤醒词...
2025-04-01 14:10:05.383 | INFO     | __main__:start_wake_detection:268 - 开始监听唤醒词...
2025-04-01 14:21:07.940 | INFO     | __main__:wake_callback:170 - ==================================================
2025-04-01 14:21:07.940 | INFO     | __main__:wake_callback:171 - >>> 检测到唤醒词！请说出您的指令 <<<
2025-04-01 14:21:11.298 | INFO     | __main__:wake_callback:176 - ==================================================
2025-04-01 14:21:11.301 | INFO     | __main__:start_speech_recognition:295 - 开始语音识别...
2025-04-01 14:21:11.479 | INFO     | __main__:run:523 - * 开始录音...
2025-04-01 14:21:17.232 | INFO     | __main__:on_message:381 - 把绿色方块
2025-04-01 14:21:17.489 | INFO     | __main__:on_message:381 - 。
2025-04-01 14:21:17.568 | INFO     | __main__:on_close:501 - 
### 语音识别结束 ###
2025-04-01 14:21:17.568 | INFO     | __main__:on_close:503 - 
正在分析关键词...
2025-04-01 14:21:17.569 | INFO     | __main__:run:556 - * 录音结束
2025-04-01 14:21:22.422 | INFO     | __main__:main:580 - 继续监听唤醒词...
2025-04-01 14:21:23.474 | INFO     | __main__:start_wake_detection:268 - 开始监听唤醒词...
2025-04-01 14:21:28.093 | INFO     | __main__:wake_callback:170 - ==================================================
2025-04-01 14:21:28.093 | INFO     | __main__:wake_callback:171 - >>> 检测到唤醒词！请说出您的指令 <<<
2025-04-01 14:21:31.506 | INFO     | __main__:wake_callback:176 - ==================================================
2025-04-01 14:21:31.509 | INFO     | __main__:start_speech_recognition:295 - 开始语音识别...
2025-04-01 14:21:31.717 | INFO     | __main__:run:523 - * 开始录音...
2025-04-01 14:21:35.440 | INFO     | __main__:on_message:381 - 这物料放入不良盒子里
2025-04-01 14:21:36.831 | INFO     | __main__:on_message:381 - 。
2025-04-01 14:21:37.788 | INFO     | __main__:on_close:501 - 
### 语音识别结束 ###
2025-04-01 14:21:37.788 | INFO     | __main__:on_close:503 - 
正在分析关键词...
2025-04-01 14:21:37.788 | INFO     | __main__:run:556 - * 录音结束
2025-04-01 14:21:37.804 | INFO     | __main__:match_keywords:495 - 找到匹配关键词: 不良 匹配 不良
2025-04-01 14:21:37.804 | INFO     | __main__:process_text_and_send_signal:471 - 未找到匹配的组合
2025-04-01 14:21:42.714 | INFO     | __main__:process_text_and_send_signal:476 - 发送信号: 406
2025-04-01 14:21:42.714 | INFO     | __main__:process_text_and_send_signal:477 - 切换表情：难过
2025-04-01 14:21:42.718 | INFO     | __main__:main:580 - 继续监听唤醒词...
2025-04-01 14:21:43.773 | INFO     | __main__:start_wake_detection:268 - 开始监听唤醒词...
2025-04-01 14:21:47.246 | INFO     | __main__:wake_callback:170 - ==================================================
2025-04-01 14:21:47.246 | INFO     | __main__:wake_callback:171 - >>> 检测到唤醒词！请说出您的指令 <<<
2025-04-01 14:21:50.758 | INFO     | __main__:wake_callback:176 - ==================================================
2025-04-01 14:21:50.765 | INFO     | __main__:start_speech_recognition:295 - 开始语音识别...
2025-04-01 14:21:50.983 | INFO     | __main__:run:523 - * 开始录音...
2025-04-01 14:21:56.278 | INFO     | __main__:on_message:381 - 把绿色物料放入圆形盒子里
2025-04-01 14:21:56.994 | INFO     | __main__:on_message:381 - 。
2025-04-01 14:21:57.053 | INFO     | __main__:on_close:501 - 
### 语音识别结束 ###
2025-04-01 14:21:57.054 | INFO     | __main__:on_close:503 - 
正在分析关键词...
2025-04-01 14:21:57.054 | INFO     | __main__:run:556 - * 录音结束
2025-04-01 14:21:57.055 | INFO     | __main__:match_keywords:495 - 找到匹配关键词: 绿色 匹配 绿色
2025-04-01 14:21:57.055 | INFO     | __main__:match_keywords:495 - 找到匹配关键词: 圆形 匹配 圆形
2025-04-01 14:22:02.384 | INFO     | __main__:process_text_and_send_signal:454 - 发送信号: 402
2025-04-01 14:22:02.385 | INFO     | __main__:process_text_and_send_signal:455 - 切换表情：开心
2025-04-01 14:22:02.387 | INFO     | __main__:main:580 - 继续监听唤醒词...
2025-04-01 14:22:03.440 | INFO     | __main__:start_wake_detection:268 - 开始监听唤醒词...
2025-04-01 14:22:19.261 | INFO     | __main__:wake_callback:170 - ==================================================
2025-04-01 14:22:19.261 | INFO     | __main__:wake_callback:171 - >>> 检测到唤醒词！请说出您的指令 <<<
2025-04-01 14:22:22.790 | INFO     | __main__:wake_callback:176 - ==================================================
2025-04-01 14:22:22.795 | INFO     | __main__:start_speech_recognition:295 - 开始语音识别...
2025-04-01 14:22:23.029 | INFO     | __main__:run:523 - * 开始录音...
2025-04-01 14:22:27.006 | INFO     | __main__:on_message:381 - 把红色物料放入
2025-04-01 14:22:28.282 | INFO     | __main__:on_message:381 - 红色盒子里
2025-04-01 14:22:29.042 | INFO     | __main__:on_message:381 - 。
2025-04-01 14:22:29.098 | INFO     | __main__:on_close:501 - 
### 语音识别结束 ###
2025-04-01 14:22:29.098 | INFO     | __main__:on_close:503 - 
正在分析关键词...
2025-04-01 14:22:29.098 | INFO     | __main__:run:556 - * 录音结束
2025-04-01 14:22:29.099 | INFO     | __main__:match_keywords:495 - 找到匹配关键词: 红色 匹配 红色
2025-04-01 14:22:29.100 | INFO     | __main__:match_keywords:495 - 找到匹配关键词: 红色 匹配 红色
2025-04-01 14:22:34.812 | INFO     | __main__:process_text_and_send_signal:461 - 发送信号: 403
2025-04-01 14:22:34.812 | INFO     | __main__:process_text_and_send_signal:462 - 切换表情：开心
2025-04-01 14:22:34.814 | INFO     | __main__:main:580 - 继续监听唤醒词...
2025-04-01 14:22:35.876 | INFO     | __main__:start_wake_detection:268 - 开始监听唤醒词...
2025-04-01 14:22:47.345 | INFO     | __main__:wake_callback:170 - ==================================================
2025-04-01 14:22:47.346 | INFO     | __main__:wake_callback:171 - >>> 检测到唤醒词！请说出您的指令 <<<
2025-04-01 14:22:50.897 | INFO     | __main__:wake_callback:176 - ==================================================
2025-04-01 14:22:50.901 | INFO     | __main__:start_speech_recognition:295 - 开始语音识别...
2025-04-01 14:22:51.097 | INFO     | __main__:run:523 - * 开始录音...
2025-04-01 14:22:57.171 | INFO     | __main__:on_close:501 - 
### 语音识别结束 ###
2025-04-01 14:22:57.172 | INFO     | __main__:run:556 - * 录音结束
2025-04-01 14:22:57.174 | INFO     | __main__:main:580 - 继续监听唤醒词...
2025-04-01 14:22:58.234 | INFO     | __main__:start_wake_detection:268 - 开始监听唤醒词...
2025-04-01 14:23:02.992 | INFO     | __main__:wake_callback:170 - ==================================================
2025-04-01 14:23:02.993 | INFO     | __main__:wake_callback:171 - >>> 检测到唤醒词！请说出您的指令 <<<
2025-04-01 14:23:06.451 | INFO     | __main__:wake_callback:176 - ==================================================
2025-04-01 14:23:06.455 | INFO     | __main__:start_speech_recognition:295 - 开始语音识别...
2025-04-01 14:23:06.643 | INFO     | __main__:run:523 - * 开始录音...
2025-04-01 14:23:09.830 | INFO     | __main__:on_message:381 - 红色物料放入红色海外热点
2025-04-01 14:23:12.400 | INFO     | __main__:on_message:381 - ，唉，这这么垃圾吗
2025-04-01 14:23:12.657 | INFO     | __main__:on_message:381 - ？
2025-04-01 14:23:12.701 | INFO     | __main__:on_close:501 - 
### 语音识别结束 ###
2025-04-01 14:23:12.701 | INFO     | __main__:on_close:503 - 
正在分析关键词...
2025-04-01 14:23:12.701 | INFO     | __main__:run:556 - * 录音结束
2025-04-01 14:23:12.703 | INFO     | __main__:match_keywords:495 - 找到匹配关键词: 红色 匹配 红色
2025-04-01 14:23:12.703 | INFO     | __main__:match_keywords:495 - 找到匹配关键词: 红色 匹配 红色
2025-04-01 14:23:18.113 | INFO     | __main__:process_text_and_send_signal:461 - 发送信号: 403
2025-04-01 14:23:18.113 | INFO     | __main__:process_text_and_send_signal:462 - 切换表情：开心
2025-04-01 14:23:18.115 | INFO     | __main__:main:580 - 继续监听唤醒词...
2025-04-01 14:23:19.188 | INFO     | __main__:start_wake_detection:268 - 开始监听唤醒词...
2025-04-01 14:23:38.527 | INFO     | __main__:wake_callback:170 - ==================================================
2025-04-01 14:23:38.528 | INFO     | __main__:wake_callback:171 - >>> 检测到唤醒词！请说出您的指令 <<<
2025-04-01 14:23:42.115 | INFO     | __main__:wake_callback:176 - ==================================================
2025-04-01 14:23:42.120 | INFO     | __main__:start_speech_recognition:295 - 开始语音识别...
2025-04-01 14:23:42.457 | INFO     | __main__:run:523 - * 开始录音...
2025-04-01 14:23:45.200 | INFO     | __main__:on_message:381 - 绿色物料放入绿色盒子里
2025-04-01 14:23:46.480 | INFO     | __main__:on_message:381 - 。
2025-04-01 14:23:48.538 | INFO     | __main__:on_close:501 - 
### 语音识别结束 ###
2025-04-01 14:23:48.539 | INFO     | __main__:run:556 - * 录音结束
2025-04-01 14:23:48.541 | INFO     | __main__:on_close:503 - 
正在分析关键词...
2025-04-01 14:23:48.545 | INFO     | __main__:match_keywords:495 - 找到匹配关键词: 绿色 匹配 绿色
2025-04-01 14:23:48.546 | INFO     | __main__:process_text_and_send_signal:471 - 未找到匹配的组合
2025-04-01 14:23:53.415 | INFO     | __main__:process_text_and_send_signal:476 - 发送信号: 406
2025-04-01 14:23:53.416 | INFO     | __main__:process_text_and_send_signal:477 - 切换表情：难过
2025-04-01 14:23:53.420 | INFO     | __main__:main:580 - 继续监听唤醒词...
2025-04-01 14:23:54.474 | INFO     | __main__:start_wake_detection:268 - 开始监听唤醒词...
2025-04-01 14:23:57.492 | INFO     | __main__:wake_callback:170 - ==================================================
2025-04-01 14:23:57.493 | INFO     | __main__:wake_callback:171 - >>> 检测到唤醒词！请说出您的指令 <<<
2025-04-01 14:24:01.264 | INFO     | __main__:wake_callback:176 - ==================================================
2025-04-01 14:24:01.268 | INFO     | __main__:start_speech_recognition:295 - 开始语音识别...
2025-04-01 14:24:01.471 | INFO     | __main__:run:523 - * 开始录音...
2025-04-01 14:24:04.478 | INFO     | __main__:on_message:381 - 把绿色物料放入绿色盒子里
2025-04-01 14:24:05.769 | INFO     | __main__:on_message:381 - 。
2025-04-01 14:24:07.543 | INFO     | __main__:on_close:501 - 
### 语音识别结束 ###
2025-04-01 14:24:07.543 | INFO     | __main__:run:556 - * 录音结束
2025-04-01 14:24:07.543 | INFO     | __main__:on_close:503 - 
正在分析关键词...
2025-04-01 14:24:07.551 | INFO     | __main__:match_keywords:495 - 找到匹配关键词: 绿色 匹配 绿色
2025-04-01 14:24:07.552 | INFO     | __main__:process_text_and_send_signal:471 - 未找到匹配的组合
2025-04-01 14:24:12.582 | INFO     | __main__:process_text_and_send_signal:476 - 发送信号: 406
2025-04-01 14:24:12.583 | INFO     | __main__:process_text_and_send_signal:477 - 切换表情：难过
2025-04-01 14:24:12.586 | INFO     | __main__:main:580 - 继续监听唤醒词...
2025-04-01 14:24:13.656 | INFO     | __main__:start_wake_detection:268 - 开始监听唤醒词...
2025-04-01 14:24:21.154 | INFO     | __main__:wake_callback:170 - ==================================================
2025-04-01 14:24:21.154 | INFO     | __main__:wake_callback:171 - >>> 检测到唤醒词！请说出您的指令 <<<
2025-04-01 14:24:24.662 | INFO     | __main__:wake_callback:176 - ==================================================
2025-04-01 14:24:24.666 | INFO     | __main__:start_speech_recognition:295 - 开始语音识别...
2025-04-01 14:24:24.882 | INFO     | __main__:run:523 - * 开始录音...
2025-04-01 14:24:29.354 | INFO     | __main__:on_message:381 - 做方形放入绿色盒子里
2025-04-01 14:24:30.484 | INFO     | __main__:on_message:381 - 。
2025-04-01 14:24:31.050 | INFO     | __main__:on_close:501 - 
### 语音识别结束 ###
2025-04-01 14:24:31.050 | INFO     | __main__:on_close:503 - 
正在分析关键词...
2025-04-01 14:24:31.051 | INFO     | __main__:run:556 - * 录音结束
2025-04-01 14:24:31.051 | INFO     | __main__:match_keywords:495 - 找到匹配关键词: 方形 匹配 方形
2025-04-01 14:24:31.052 | INFO     | __main__:process_text_and_send_signal:471 - 未找到匹配的组合
2025-04-01 14:24:36.153 | INFO     | __main__:process_text_and_send_signal:476 - 发送信号: 406
2025-04-01 14:24:36.153 | INFO     | __main__:process_text_and_send_signal:477 - 切换表情：难过
2025-04-01 14:24:36.156 | INFO     | __main__:main:580 - 继续监听唤醒词...
2025-04-01 14:24:37.218 | INFO     | __main__:start_wake_detection:268 - 开始监听唤醒词...
2025-04-01 14:28:56.365 | INFO     | __main__:wake_callback:170 - ==================================================
2025-04-01 14:28:56.365 | INFO     | __main__:wake_callback:171 - >>> 检测到唤醒词！请说出您的指令 <<<
2025-04-01 14:28:59.813 | INFO     | __main__:wake_callback:176 - ==================================================
2025-04-01 14:28:59.817 | INFO     | __main__:start_speech_recognition:295 - 开始语音识别...
2025-04-01 14:29:00.045 | INFO     | __main__:run:523 - * 开始录音...
2025-04-01 14:29:06.122 | INFO     | __main__:on_close:501 - 
### 语音识别结束 ###
2025-04-01 14:29:06.122 | INFO     | __main__:run:556 - * 录音结束
2025-04-01 14:29:06.124 | INFO     | __main__:main:580 - 继续监听唤醒词...
2025-04-01 14:29:07.175 | INFO     | __main__:start_wake_detection:268 - 开始监听唤醒词...
2025-04-01 14:29:23.314 | INFO     | __main__:wake_callback:170 - ==================================================
2025-04-01 14:29:23.314 | INFO     | __main__:wake_callback:171 - >>> 检测到唤醒词！请说出您的指令 <<<
2025-04-01 14:29:26.746 | INFO     | __main__:wake_callback:176 - ==================================================
2025-04-01 14:29:26.751 | INFO     | __main__:start_speech_recognition:295 - 开始语音识别...
2025-04-01 14:29:26.971 | INFO     | __main__:run:523 - * 开始录音...
2025-04-01 14:29:28.695 | INFO     | __main__:on_message:381 - 这盒子
2025-04-01 14:29:30.678 | INFO     | __main__:on_message:381 - 。
2025-04-01 14:29:33.067 | INFO     | __main__:on_close:501 - 
### 语音识别结束 ###
2025-04-01 14:29:33.068 | INFO     | __main__:on_close:503 - 
正在分析关键词...
2025-04-01 14:29:33.068 | INFO     | __main__:run:556 - * 录音结束
2025-04-01 14:29:37.890 | INFO     | __main__:main:580 - 继续监听唤醒词...
2025-04-01 14:29:38.947 | INFO     | __main__:start_wake_detection:268 - 开始监听唤醒词...
2025-04-01 14:29:43.055 | INFO     | __main__:wake_callback:170 - ==================================================
2025-04-01 14:29:43.056 | INFO     | __main__:wake_callback:171 - >>> 检测到唤醒词！请说出您的指令 <<<
2025-04-01 14:29:46.524 | INFO     | __main__:wake_callback:176 - ==================================================
2025-04-01 14:29:46.528 | INFO     | __main__:start_speech_recognition:295 - 开始语音识别...
2025-04-01 14:29:46.744 | INFO     | __main__:run:523 - * 开始录音...
2025-04-01 14:29:50.635 | INFO     | __main__:on_message:381 - 把绿色物料放入绿色盒子里
2025-04-01 14:29:51.985 | INFO     | __main__:on_message:381 - 。
2025-04-01 14:29:52.854 | INFO     | __main__:on_close:501 - 
### 语音识别结束 ###
2025-04-01 14:29:52.854 | INFO     | __main__:run:556 - * 录音结束
2025-04-01 14:29:52.854 | INFO     | __main__:on_close:503 - 
正在分析关键词...
2025-04-01 14:29:52.854 | INFO     | __main__:match_keywords:495 - 找到匹配关键词: 绿色 匹配 绿色
2025-04-01 14:29:52.854 | INFO     | __main__:process_text_and_send_signal:471 - 未找到匹配的组合
2025-04-01 14:29:57.857 | INFO     | __main__:process_text_and_send_signal:476 - 发送信号: 406
2025-04-01 14:29:57.857 | INFO     | __main__:process_text_and_send_signal:477 - 切换表情：难过
2025-04-01 14:29:57.857 | INFO     | __main__:main:580 - 继续监听唤醒词...
2025-04-01 14:29:58.885 | INFO     | __main__:start_wake_detection:268 - 开始监听唤醒词...
2025-04-01 14:32:08.961 | INFO     | __main__:wake_callback:170 - ==================================================
2025-04-01 14:32:08.962 | INFO     | __main__:wake_callback:171 - >>> 检测到唤醒词！请说出您的指令 <<<
2025-04-01 14:32:11.806 | INFO     | __main__:wake_callback:176 - ==================================================
2025-04-01 14:32:11.813 | INFO     | __main__:start_speech_recognition:295 - 开始语音识别...
2025-04-01 14:32:12.026 | INFO     | __main__:run:523 - * 开始录音...
2025-04-01 14:32:18.041 | INFO     | __main__:on_message:381 - 
2025-04-01 14:32:18.099 | INFO     | __main__:on_close:501 - 
### 语音识别结束 ###
2025-04-01 14:32:18.099 | INFO     | __main__:run:556 - * 录音结束
2025-04-01 14:32:18.102 | INFO     | __main__:main:580 - 继续监听唤醒词...
2025-04-01 14:32:19.177 | INFO     | __main__:start_wake_detection:268 - 开始监听唤醒词...
2025-04-01 14:32:21.874 | INFO     | __main__:wake_callback:170 - ==================================================
2025-04-01 14:32:21.874 | INFO     | __main__:wake_callback:171 - >>> 检测到唤醒词！请说出您的指令 <<<
2025-04-01 14:32:25.502 | INFO     | __main__:wake_callback:176 - ==================================================
2025-04-01 14:32:25.506 | INFO     | __main__:start_speech_recognition:295 - 开始语音识别...
2025-04-01 14:32:25.701 | INFO     | __main__:run:523 - * 开始录音...
2025-04-01 14:32:29.090 | INFO     | __main__:on_message:381 - 告诉你
2025-04-01 14:32:31.772 | INFO     | __main__:on_close:501 - 
### 语音识别结束 ###
2025-04-01 14:32:31.773 | INFO     | __main__:run:556 - * 录音结束
2025-04-01 14:32:31.780 | INFO     | __main__:on_close:503 - 
正在分析关键词...
2025-04-01 14:32:35.467 | INFO     | __main__:main:580 - 继续监听唤醒词...
2025-04-01 14:32:36.507 | INFO     | __main__:start_wake_detection:268 - 开始监听唤醒词...
2025-04-01 14:33:00.783 | INFO     | __main__:wake_callback:170 - ==================================================
2025-04-01 14:33:00.784 | INFO     | __main__:wake_callback:171 - >>> 检测到唤醒词！请说出您的指令 <<<
2025-04-01 14:33:04.252 | INFO     | __main__:wake_callback:176 - ==================================================
2025-04-01 14:33:04.258 | INFO     | __main__:start_speech_recognition:295 - 开始语音识别...
2025-04-01 14:33:04.484 | INFO     | __main__:run:523 - * 开始录音...
2025-04-01 14:33:07.555 | INFO     | __main__:on_message:381 - 绿色物料放到绿色车间
2025-04-01 14:33:08.891 | INFO     | __main__:on_message:381 - 。
2025-04-01 14:33:10.548 | INFO     | __main__:on_close:501 - 
### 语音识别结束 ###
2025-04-01 14:33:10.548 | INFO     | __main__:run:556 - * 录音结束
2025-04-01 14:33:10.548 | INFO     | __main__:on_close:503 - 
正在分析关键词...
2025-04-01 14:33:10.550 | INFO     | __main__:match_keywords:495 - 找到匹配关键词: 绿色 匹配 绿色
2025-04-01 14:33:10.550 | INFO     | __main__:process_text_and_send_signal:471 - 未找到匹配的组合
2025-04-01 14:33:15.459 | INFO     | __main__:process_text_and_send_signal:476 - 发送信号: 406
2025-04-01 14:33:15.459 | INFO     | __main__:process_text_and_send_signal:477 - 切换表情：难过
2025-04-01 14:33:15.470 | INFO     | __main__:main:580 - 继续监听唤醒词...
2025-04-01 14:33:16.551 | INFO     | __main__:start_wake_detection:268 - 开始监听唤醒词...
2025-04-01 14:34:25.621 | INFO     | __main__:wake_callback:170 - ==================================================
2025-04-01 14:34:25.622 | INFO     | __main__:wake_callback:171 - >>> 检测到唤醒词！请说出您的指令 <<<
2025-04-01 14:34:29.112 | INFO     | __main__:wake_callback:176 - ==================================================
2025-04-01 14:34:29.117 | INFO     | __main__:start_speech_recognition:295 - 开始语音识别...
2025-04-01 14:34:29.326 | INFO     | __main__:run:523 - * 开始录音...
2025-04-01 14:34:33.537 | INFO     | __main__:on_message:381 - 将绿色物料放到
2025-04-01 14:34:35.211 | INFO     | __main__:on_message:381 - 绿色盒子里
2025-04-01 14:34:35.338 | INFO     | __main__:on_message:381 - 。
2025-04-01 14:34:35.398 | INFO     | __main__:on_close:501 - 
### 语音识别结束 ###
2025-04-01 14:34:35.399 | INFO     | __main__:run:556 - * 录音结束
2025-04-01 14:34:35.408 | INFO     | __main__:on_close:503 - 
正在分析关键词...
2025-04-01 14:34:35.413 | INFO     | __main__:match_keywords:495 - 找到匹配关键词: 绿色 匹配 绿色
2025-04-01 14:34:35.415 | INFO     | __main__:process_text_and_send_signal:471 - 未找到匹配的组合
2025-04-01 14:34:40.305 | INFO     | __main__:process_text_and_send_signal:476 - 发送信号: 406
2025-04-01 14:34:40.306 | INFO     | __main__:process_text_and_send_signal:477 - 切换表情：难过
2025-04-01 14:34:40.309 | INFO     | __main__:main:580 - 继续监听唤醒词...
2025-04-01 14:34:41.356 | INFO     | __main__:start_wake_detection:268 - 开始监听唤醒词...
2025-04-01 14:34:45.020 | INFO     | __main__:wake_callback:170 - ==================================================
2025-04-01 14:34:45.021 | INFO     | __main__:wake_callback:171 - >>> 检测到唤醒词！请说出您的指令 <<<
2025-04-01 14:34:48.580 | INFO     | __main__:wake_callback:176 - ==================================================
2025-04-01 14:34:48.584 | INFO     | __main__:start_speech_recognition:295 - 开始语音识别...
2025-04-01 14:34:48.801 | INFO     | __main__:run:523 - * 开始录音...
2025-04-01 14:34:52.909 | INFO     | __main__:on_message:381 - 将绿色物料放到绿色杯子里
2025-04-01 14:34:54.238 | INFO     | __main__:on_message:381 - 。
2025-04-01 14:34:54.892 | INFO     | __main__:on_close:501 - 
### 语音识别结束 ###
2025-04-01 14:34:54.893 | INFO     | __main__:on_close:503 - 
正在分析关键词...
2025-04-01 14:34:54.894 | INFO     | __main__:run:556 - * 录音结束
2025-04-01 14:34:54.898 | INFO     | __main__:match_keywords:495 - 找到匹配关键词: 绿色 匹配 绿色
2025-04-01 14:34:54.899 | INFO     | __main__:process_text_and_send_signal:471 - 未找到匹配的组合
2025-04-01 14:34:59.909 | INFO     | __main__:process_text_and_send_signal:476 - 发送信号: 406
2025-04-01 14:34:59.909 | INFO     | __main__:process_text_and_send_signal:477 - 切换表情：难过
2025-04-01 14:34:59.912 | INFO     | __main__:main:580 - 继续监听唤醒词...
2025-04-01 14:35:00.973 | INFO     | __main__:start_wake_detection:268 - 开始监听唤醒词...
