2025-05-08 09:12:04.682 | INFO     | __main__:load_keywords_dict:162 - 成功加载关键词词典: ./keywords_dicts\keywords_dict.yaml
2025-05-08 09:12:09.604 | INFO     | __main__:_init_expression_server:148 - 表情服务器启动成功
2025-05-08 09:12:09.604 | INFO     | __main__:run_modbus_server:201 - Modbus 从机正在 192.168.1.125:599 上监听...
2025-05-08 09:12:10.608 | INFO     | __main__:request_monitor:184 - 当前保持寄存器数据: [0, 0, 0, 0, 0, 0, 0, 0, 0, 0]
2025-05-08 09:12:11.624 | INFO     | __main__:request_monitor:184 - 当前保持寄存器数据: [0, 0, 0, 0, 0, 0, 0, 0, 0, 0]
2025-05-08 09:12:12.634 | INFO     | __main__:request_monitor:184 - 当前保持寄存器数据: [0, 0, 0, 0, 0, 0, 0, 0, 0, 0]
2025-05-08 09:12:13.645 | INFO     | __main__:request_monitor:184 - 当前保持寄存器数据: [0, 0, 0, 0, 0, 0, 0, 0, 0, 0]
2025-05-08 09:12:14.654 | INFO     | __main__:request_monitor:184 - 当前保持寄存器数据: [0, 0, 0, 0, 0, 0, 0, 0, 0, 0]
2025-05-08 09:12:15.662 | INFO     | __main__:request_monitor:184 - 当前保持寄存器数据: [0, 0, 0, 0, 0, 0, 0, 0, 0, 0]
2025-05-08 09:12:16.659 | INFO     | __main__:request_monitor:184 - 当前保持寄存器数据: [0, 0, 0, 0, 0, 0, 0, 0, 0, 0]
2025-05-08 09:12:17.670 | INFO     | __main__:request_monitor:184 - 当前保持寄存器数据: [0, 0, 0, 0, 0, 0, 0, 0, 0, 0]
2025-05-08 09:12:18.680 | INFO     | __main__:request_monitor:184 - 当前保持寄存器数据: [0, 0, 0, 0, 0, 0, 0, 0, 0, 0]
2025-05-08 09:12:19.705 | INFO     | __main__:request_monitor:184 - 当前保持寄存器数据: [0, 0, 0, 0, 0, 0, 0, 0, 0, 0]
2025-05-08 09:12:20.710 | INFO     | __main__:request_monitor:184 - 当前保持寄存器数据: [0, 0, 0, 0, 0, 0, 0, 0, 0, 0]
2025-05-08 09:12:21.712 | INFO     | __main__:request_monitor:184 - 当前保持寄存器数据: [0, 0, 0, 0, 0, 0, 0, 0, 0, 0]
2025-05-08 09:12:22.725 | INFO     | __main__:request_monitor:184 - 当前保持寄存器数据: [0, 0, 0, 0, 0, 0, 0, 0, 0, 0]
2025-05-08 09:12:23.720 | INFO     | __main__:request_monitor:184 - 当前保持寄存器数据: [0, 0, 0, 0, 0, 0, 0, 0, 0, 0]
2025-05-08 09:12:24.726 | INFO     | __main__:request_monitor:184 - 当前保持寄存器数据: [0, 0, 0, 0, 0, 0, 0, 0, 0, 0]
2025-05-08 09:12:25.730 | INFO     | __main__:request_monitor:184 - 当前保持寄存器数据: [0, 0, 0, 0, 0, 0, 0, 0, 0, 0]
2025-05-08 09:12:26.742 | INFO     | __main__:request_monitor:184 - 当前保持寄存器数据: [0, 0, 0, 0, 0, 0, 0, 0, 0, 0]
2025-05-08 09:12:27.764 | INFO     | __main__:request_monitor:184 - 当前保持寄存器数据: [0, 0, 0, 0, 0, 0, 0, 0, 0, 0]
2025-05-08 09:12:28.773 | INFO     | __main__:request_monitor:184 - 当前保持寄存器数据: [111, 0, 0, 0, 0, 0, 0, 0, 0, 0]
2025-05-08 09:12:28.773 | INFO     | __main__:request_monitor:186 - 切换表情：眨眼
2025-05-08 09:12:28.773 | INFO     | __main__:request_monitor:188 - 保持寄存器读到111
2025-05-08 09:12:28.773 | INFO     | __main__:request_monitor:189 - 当前保持寄存器数据: [111, 0, 0, 0, 0, 0, 0, 0, 0, 0]
2025-05-08 09:12:28.773 | INFO     | __main__:request_monitor:191 - 开始清零
2025-05-08 09:12:28.773 | INFO     | __main__:request_monitor:192 - 当前保持寄存器数据: [111, 0, 0, 0, 0, 0, 0, 0, 0, 0]
2025-05-08 09:12:28.773 | INFO     | __main__:request_monitor:194 - 当前保持寄存器数据: [111, 0, 0, 0, 0, 0, 0, 0, 0, 0]
2025-05-08 09:12:28.773 | INFO     | __main__:request_monitor:195 - 检测到寄存器值为 111，准备退出...
2025-05-08 09:12:28.836 | INFO     | __main__:start_wake_detection:268 - 开始监听唤醒词...
2025-05-09 10:13:50.504 | INFO     | __main__:wake_callback:170 - ==================================================
2025-05-09 10:13:50.504 | INFO     | __main__:wake_callback:171 - >>> 检测到唤醒词！请说出您的指令 <<<
2025-05-09 10:13:54.030 | INFO     | __main__:wake_callback:176 - ==================================================
2025-05-09 10:13:54.030 | INFO     | __main__:start_speech_recognition:295 - 开始语音识别...
2025-05-09 10:13:54.213 | INFO     | __main__:run:523 - * 开始录音...
2025-05-09 10:13:57.256 | INFO     | __main__:on_message:381 - 将绿色方块放到方形盒子里
2025-05-09 10:13:58.518 | INFO     | __main__:on_message:381 - 。
2025-05-09 10:14:00.287 | INFO     | __main__:on_close:501 - 
### 语音识别结束 ###
2025-05-09 10:14:00.287 | INFO     | __main__:on_close:503 - 
正在分析关键词...
2025-05-09 10:14:00.287 | INFO     | __main__:run:556 - * 录音结束
2025-05-09 10:14:00.676 | INFO     | __main__:match_keywords:495 - 找到匹配关键词: 方块 匹配 方块
2025-05-09 10:14:00.676 | INFO     | __main__:match_keywords:495 - 找到匹配关键词: 方形 匹配 方形
2025-05-09 10:14:05.985 | INFO     | __main__:process_text_and_send_signal:447 - 发送信号: 401
2025-05-09 10:14:05.985 | INFO     | __main__:process_text_and_send_signal:448 - 切换表情：开心
2025-05-09 10:14:05.990 | INFO     | __main__:main:580 - 继续监听唤醒词...
2025-05-09 10:14:07.021 | INFO     | __main__:start_wake_detection:268 - 开始监听唤醒词...
2025-05-09 10:14:33.202 | INFO     | __main__:wake_callback:170 - ==================================================
2025-05-09 10:14:33.202 | INFO     | __main__:wake_callback:171 - >>> 检测到唤醒词！请说出您的指令 <<<
2025-05-09 10:14:36.713 | INFO     | __main__:wake_callback:176 - ==================================================
2025-05-09 10:14:36.713 | INFO     | __main__:start_speech_recognition:295 - 开始语音识别...
2025-05-09 10:14:36.903 | INFO     | __main__:run:523 - * 开始录音...
2025-05-09 10:14:38.423 | INFO     | __main__:on_message:381 - 江口
2025-05-09 10:14:57.798 | ERROR    | __main__:on_error:388 - WebSocket错误: [WinError 10054] 远程主机强迫关闭了一个现有的连接。
2025-05-09 10:14:57.798 | INFO     | __main__:on_close:501 - 
### 语音识别结束 ###
2025-05-09 10:14:57.798 | INFO     | __main__:on_close:503 - 
正在分析关键词...
2025-05-09 10:15:02.665 | INFO     | __main__:main:580 - 继续监听唤醒词...
2025-05-09 10:15:03.685 | INFO     | __main__:start_wake_detection:268 - 开始监听唤醒词...
2025-05-09 10:15:21.223 | INFO     | __main__:wake_callback:170 - ==================================================
2025-05-09 10:15:21.223 | INFO     | __main__:wake_callback:171 - >>> 检测到唤醒词！请说出您的指令 <<<
2025-05-09 10:15:24.580 | INFO     | __main__:wake_callback:176 - ==================================================
2025-05-09 10:15:24.580 | INFO     | __main__:start_speech_recognition:295 - 开始语音识别...
2025-05-09 10:15:24.726 | INFO     | __main__:run:523 - * 开始录音...
2025-05-09 10:15:27.261 | INFO     | __main__:on_message:381 - 把左边的
2025-05-09 10:15:30.515 | INFO     | __main__:on_message:381 - 绿色产品放到方形盒子里
2025-05-09 10:15:30.725 | INFO     | __main__:on_message:381 - 。
2025-05-09 10:15:30.775 | INFO     | __main__:on_close:501 - 
### 语音识别结束 ###
2025-05-09 10:15:30.775 | INFO     | __main__:on_close:503 - 
正在分析关键词...
2025-05-09 10:15:30.775 | INFO     | __main__:run:556 - * 录音结束
2025-05-09 10:15:30.775 | INFO     | __main__:match_keywords:495 - 找到匹配关键词: 绿色 匹配 绿色
2025-05-09 10:15:30.775 | INFO     | __main__:match_keywords:495 - 找到匹配关键词: 方形 匹配 方形
2025-05-09 10:15:36.067 | INFO     | __main__:process_text_and_send_signal:447 - 发送信号: 401
2025-05-09 10:15:36.067 | INFO     | __main__:process_text_and_send_signal:448 - 切换表情：开心
2025-05-09 10:15:36.067 | INFO     | __main__:main:580 - 继续监听唤醒词...
2025-05-09 10:15:37.072 | INFO     | __main__:start_wake_detection:268 - 开始监听唤醒词...
2025-05-09 10:16:40.554 | INFO     | __main__:wake_callback:170 - ==================================================
2025-05-09 10:16:40.561 | INFO     | __main__:wake_callback:171 - >>> 检测到唤醒词！请说出您的指令 <<<
2025-05-09 10:16:43.982 | INFO     | __main__:wake_callback:176 - ==================================================
2025-05-09 10:16:43.982 | INFO     | __main__:start_speech_recognition:295 - 开始语音识别...
2025-05-09 10:16:44.150 | INFO     | __main__:run:523 - * 开始录音...
2025-05-09 10:16:47.588 | INFO     | __main__:on_message:381 - 左边的红色物体一道
2025-05-09 10:16:48.747 | INFO     | __main__:on_message:381 - 方形盒子里
2025-05-09 10:16:50.092 | INFO     | __main__:on_message:381 - 。
2025-05-09 10:16:50.210 | INFO     | __main__:on_close:501 - 
### 语音识别结束 ###
2025-05-09 10:16:50.210 | INFO     | __main__:run:556 - * 录音结束
2025-05-09 10:16:50.210 | INFO     | __main__:on_close:503 - 
正在分析关键词...
2025-05-09 10:16:54.917 | INFO     | __main__:main:580 - 继续监听唤醒词...
2025-05-09 10:16:55.927 | INFO     | __main__:start_wake_detection:268 - 开始监听唤醒词...
2025-05-09 10:16:59.713 | INFO     | __main__:wake_callback:170 - ==================================================
2025-05-09 10:16:59.713 | INFO     | __main__:wake_callback:171 - >>> 检测到唤醒词！请说出您的指令 <<<
2025-05-09 10:17:03.231 | INFO     | __main__:wake_callback:176 - ==================================================
2025-05-09 10:17:03.231 | INFO     | __main__:start_speech_recognition:295 - 开始语音识别...
2025-05-09 10:17:03.396 | INFO     | __main__:run:523 - * 开始录音...
2025-05-09 10:17:07.986 | INFO     | __main__:on_message:381 - 把左边的红色物体放到方形盒子里
2025-05-09 10:17:09.281 | INFO     | __main__:on_message:381 - 。
2025-05-09 10:17:09.447 | INFO     | __main__:on_close:501 - 
### 语音识别结束 ###
2025-05-09 10:17:09.447 | INFO     | __main__:run:556 - * 录音结束
2025-05-09 10:17:09.447 | INFO     | __main__:on_close:503 - 
正在分析关键词...
2025-05-09 10:17:09.447 | INFO     | __main__:match_keywords:495 - 找到匹配关键词: 红色 匹配 红色
2025-05-09 10:17:09.447 | INFO     | __main__:match_keywords:495 - 找到匹配关键词: 方形 匹配 方形
2025-05-09 10:17:14.829 | INFO     | __main__:process_text_and_send_signal:461 - 发送信号: 403
2025-05-09 10:17:14.829 | INFO     | __main__:process_text_and_send_signal:462 - 切换表情：开心
2025-05-09 10:17:14.831 | INFO     | __main__:main:580 - 继续监听唤醒词...
2025-05-09 10:17:15.880 | INFO     | __main__:start_wake_detection:268 - 开始监听唤醒词...
