2025-03-29 13:42:54.661 | INFO     | __main__:load_keywords_dict:162 - 成功加载关键词词典: ./keywords_dicts\keywords_dict.yaml
2025-03-29 13:42:58.116 | INFO     | __main__:_init_expression_server:148 - 表情服务器启动成功
2025-03-29 13:42:58.116 | INFO     | __main__:run_modbus_server:201 - Modbus 从机正在 192.168.1.125:599 上监听...
2025-03-29 13:42:59.126 | INFO     | __main__:request_monitor:184 - 当前保持寄存器数据: [0, 0, 0, 0, 0, 0, 0, 0, 0, 0]
2025-03-29 13:43:00.142 | INFO     | __main__:request_monitor:184 - 当前保持寄存器数据: [0, 0, 0, 0, 0, 0, 0, 0, 0, 0]
2025-03-29 13:43:01.158 | INFO     | __main__:request_monitor:184 - 当前保持寄存器数据: [0, 0, 0, 0, 0, 0, 0, 0, 0, 0]
2025-03-29 13:43:02.174 | INFO     | __main__:request_monitor:184 - 当前保持寄存器数据: [0, 0, 0, 0, 0, 0, 0, 0, 0, 0]
2025-03-29 13:43:03.177 | INFO     | __main__:request_monitor:184 - 当前保持寄存器数据: [0, 0, 0, 0, 0, 0, 0, 0, 0, 0]
2025-03-29 13:43:04.186 | INFO     | __main__:request_monitor:184 - 当前保持寄存器数据: [0, 0, 0, 0, 0, 0, 0, 0, 0, 0]
2025-03-29 13:43:05.213 | INFO     | __main__:request_monitor:184 - 当前保持寄存器数据: [0, 0, 0, 0, 0, 0, 0, 0, 0, 0]
2025-03-29 13:43:06.217 | INFO     | __main__:request_monitor:184 - 当前保持寄存器数据: [0, 0, 0, 0, 0, 0, 0, 0, 0, 0]
2025-03-29 13:43:07.224 | INFO     | __main__:request_monitor:184 - 当前保持寄存器数据: [0, 0, 0, 0, 0, 0, 0, 0, 0, 0]
2025-03-29 13:43:08.242 | INFO     | __main__:request_monitor:184 - 当前保持寄存器数据: [0, 0, 0, 0, 0, 0, 0, 0, 0, 0]
2025-03-29 13:43:09.243 | INFO     | __main__:request_monitor:184 - 当前保持寄存器数据: [0, 0, 0, 0, 0, 0, 0, 0, 0, 0]
2025-03-29 13:43:10.240 | INFO     | __main__:request_monitor:184 - 当前保持寄存器数据: [0, 0, 0, 0, 0, 0, 0, 0, 0, 0]
2025-03-29 13:43:11.236 | INFO     | __main__:request_monitor:184 - 当前保持寄存器数据: [0, 0, 0, 0, 0, 0, 0, 0, 0, 0]
2025-03-29 13:43:12.242 | INFO     | __main__:request_monitor:184 - 当前保持寄存器数据: [0, 0, 0, 0, 0, 0, 0, 0, 0, 0]
2025-03-29 13:43:13.242 | INFO     | __main__:request_monitor:184 - 当前保持寄存器数据: [0, 0, 0, 0, 0, 0, 0, 0, 0, 0]
2025-03-29 13:43:14.243 | INFO     | __main__:request_monitor:184 - 当前保持寄存器数据: [0, 0, 0, 0, 0, 0, 0, 0, 0, 0]
2025-03-29 13:43:15.258 | INFO     | __main__:request_monitor:184 - 当前保持寄存器数据: [0, 0, 0, 0, 0, 0, 0, 0, 0, 0]
2025-03-29 13:43:16.258 | INFO     | __main__:request_monitor:184 - 当前保持寄存器数据: [0, 0, 0, 0, 0, 0, 0, 0, 0, 0]
2025-03-29 13:43:17.260 | INFO     | __main__:request_monitor:184 - 当前保持寄存器数据: [0, 0, 0, 0, 0, 0, 0, 0, 0, 0]
2025-03-29 13:43:18.278 | INFO     | __main__:request_monitor:184 - 当前保持寄存器数据: [0, 0, 0, 0, 0, 0, 0, 0, 0, 0]
2025-03-29 13:43:19.289 | INFO     | __main__:request_monitor:184 - 当前保持寄存器数据: [0, 0, 0, 0, 0, 0, 0, 0, 0, 0]
2025-03-29 13:43:20.291 | INFO     | __main__:request_monitor:184 - 当前保持寄存器数据: [0, 0, 0, 0, 0, 0, 0, 0, 0, 0]
2025-03-29 13:43:21.293 | INFO     | __main__:request_monitor:184 - 当前保持寄存器数据: [0, 0, 0, 0, 0, 0, 0, 0, 0, 0]
2025-03-29 13:43:22.311 | INFO     | __main__:request_monitor:184 - 当前保持寄存器数据: [0, 0, 0, 0, 0, 0, 0, 0, 0, 0]
2025-03-29 13:43:23.325 | INFO     | __main__:request_monitor:184 - 当前保持寄存器数据: [0, 0, 0, 0, 0, 0, 0, 0, 0, 0]
2025-03-29 13:43:24.327 | INFO     | __main__:request_monitor:184 - 当前保持寄存器数据: [0, 0, 0, 0, 0, 0, 0, 0, 0, 0]
2025-03-29 13:43:25.343 | INFO     | __main__:request_monitor:184 - 当前保持寄存器数据: [0, 0, 0, 0, 0, 0, 0, 0, 0, 0]
2025-03-29 13:43:26.344 | INFO     | __main__:request_monitor:184 - 当前保持寄存器数据: [0, 0, 0, 0, 0, 0, 0, 0, 0, 0]
2025-03-29 13:43:27.348 | INFO     | __main__:request_monitor:184 - 当前保持寄存器数据: [0, 0, 0, 0, 0, 0, 0, 0, 0, 0]
2025-03-29 13:43:28.360 | INFO     | __main__:request_monitor:184 - 当前保持寄存器数据: [111, 0, 0, 0, 0, 0, 0, 0, 0, 0]
2025-03-29 13:43:28.361 | INFO     | __main__:request_monitor:186 - 切换表情：眨眼
2025-03-29 13:43:28.365 | INFO     | __main__:request_monitor:188 - 保持寄存器读到111
2025-03-29 13:43:28.366 | INFO     | __main__:request_monitor:189 - 当前保持寄存器数据: [111, 0, 0, 0, 0, 0, 0, 0, 0, 0]
2025-03-29 13:43:28.366 | INFO     | __main__:request_monitor:191 - 开始清零
2025-03-29 13:43:28.367 | INFO     | __main__:request_monitor:192 - 当前保持寄存器数据: [111, 0, 0, 0, 0, 0, 0, 0, 0, 0]
2025-03-29 13:43:28.367 | INFO     | __main__:request_monitor:194 - 当前保持寄存器数据: [111, 0, 0, 0, 0, 0, 0, 0, 0, 0]
2025-03-29 13:43:28.368 | INFO     | __main__:request_monitor:195 - 检测到寄存器值为 111，准备退出...
2025-03-29 13:43:28.459 | INFO     | __main__:start_wake_detection:268 - 开始监听唤醒词...
2025-03-29 13:44:04.250 | INFO     | __main__:wake_callback:170 - ==================================================
2025-03-29 13:44:04.252 | INFO     | __main__:wake_callback:171 - >>> 检测到唤醒词！请说出您的指令 <<<
2025-03-29 13:44:07.676 | INFO     | __main__:wake_callback:176 - ==================================================
2025-03-29 13:44:07.680 | INFO     | __main__:start_speech_recognition:295 - 开始语音识别...
2025-03-29 13:44:08.019 | INFO     | __main__:run:523 - * 开始录音...
2025-03-29 13:44:11.902 | INFO     | __main__:on_message:381 - 将方块放入方形盒子中
2025-03-29 13:44:13.272 | INFO     | __main__:on_message:381 - 。
2025-03-29 13:44:14.069 | INFO     | __main__:on_close:501 - 
### 语音识别结束 ###
2025-03-29 13:44:14.069 | INFO     | __main__:run:556 - * 录音结束
2025-03-29 13:44:14.069 | INFO     | __main__:on_close:503 - 
正在分析关键词...
2025-03-29 13:44:14.456 | INFO     | __main__:match_keywords:495 - 找到匹配关键词: 方块 匹配 方块
2025-03-29 13:44:14.456 | INFO     | __main__:match_keywords:495 - 找到匹配关键词: 方形 匹配 方形
2025-03-29 13:44:19.637 | INFO     | __main__:process_text_and_send_signal:447 - 发送信号: 401
2025-03-29 13:44:19.637 | INFO     | __main__:process_text_and_send_signal:448 - 切换表情：开心
2025-03-29 13:44:19.642 | INFO     | __main__:main:580 - 继续监听唤醒词...
2025-03-29 13:44:20.690 | INFO     | __main__:start_wake_detection:268 - 开始监听唤醒词...
2025-03-29 14:11:02.107 | INFO     | __main__:wake_callback:170 - ==================================================
2025-03-29 14:11:02.107 | INFO     | __main__:wake_callback:171 - >>> 检测到唤醒词！请说出您的指令 <<<
2025-03-29 14:11:05.569 | INFO     | __main__:wake_callback:176 - ==================================================
2025-03-29 14:11:05.577 | INFO     | __main__:start_speech_recognition:295 - 开始语音识别...
2025-03-29 14:11:05.770 | INFO     | __main__:run:523 - * 开始录音...
2025-03-29 14:11:09.336 | INFO     | __main__:on_message:381 - 将绿色方块放入方形
2025-03-29 14:11:10.679 | INFO     | __main__:on_message:381 - 。
2025-03-29 14:11:11.839 | INFO     | __main__:on_close:501 - 
### 语音识别结束 ###
2025-03-29 14:11:11.839 | INFO     | __main__:run:556 - * 录音结束
2025-03-29 14:11:11.839 | INFO     | __main__:on_close:503 - 
正在分析关键词...
2025-03-29 14:11:11.851 | INFO     | __main__:match_keywords:495 - 找到匹配关键词: 方块 匹配 方块
2025-03-29 14:11:11.852 | INFO     | __main__:match_keywords:495 - 找到匹配关键词: 方形 匹配 方形
2025-03-29 14:11:17.140 | INFO     | __main__:process_text_and_send_signal:447 - 发送信号: 401
2025-03-29 14:11:17.140 | INFO     | __main__:process_text_and_send_signal:448 - 切换表情：开心
2025-03-29 14:11:17.140 | INFO     | __main__:main:580 - 继续监听唤醒词...
2025-03-29 14:11:18.199 | INFO     | __main__:start_wake_detection:268 - 开始监听唤醒词...
2025-03-29 14:13:28.395 | INFO     | __main__:wake_callback:170 - ==================================================
2025-03-29 14:13:28.396 | INFO     | __main__:wake_callback:171 - >>> 检测到唤醒词！请说出您的指令 <<<
2025-03-29 14:13:31.838 | INFO     | __main__:wake_callback:176 - ==================================================
2025-03-29 14:13:31.849 | INFO     | __main__:start_speech_recognition:295 - 开始语音识别...
2025-03-29 14:13:32.037 | INFO     | __main__:run:523 - * 开始录音...
2025-03-29 14:13:35.411 | INFO     | __main__:on_message:381 - 将绿色方块放入方形盒子中
2025-03-29 14:13:36.772 | INFO     | __main__:on_message:381 - 。
2025-03-29 14:13:38.105 | INFO     | __main__:on_close:501 - 
### 语音识别结束 ###
2025-03-29 14:13:38.106 | INFO     | __main__:run:556 - * 录音结束
2025-03-29 14:13:38.106 | INFO     | __main__:on_close:503 - 
正在分析关键词...
2025-03-29 14:13:38.113 | INFO     | __main__:match_keywords:495 - 找到匹配关键词: 方块 匹配 方块
2025-03-29 14:13:38.114 | INFO     | __main__:match_keywords:495 - 找到匹配关键词: 方形 匹配 方形
2025-03-29 14:13:43.380 | INFO     | __main__:process_text_and_send_signal:447 - 发送信号: 401
2025-03-29 14:13:43.380 | INFO     | __main__:process_text_and_send_signal:448 - 切换表情：开心
2025-03-29 14:13:43.382 | INFO     | __main__:main:580 - 继续监听唤醒词...
2025-03-29 14:13:44.444 | INFO     | __main__:start_wake_detection:268 - 开始监听唤醒词...
2025-03-29 14:16:44.091 | INFO     | __main__:wake_callback:170 - ==================================================
2025-03-29 14:16:44.091 | INFO     | __main__:wake_callback:171 - >>> 检测到唤醒词！请说出您的指令 <<<
2025-03-29 14:16:47.459 | INFO     | __main__:wake_callback:176 - ==================================================
2025-03-29 14:16:47.462 | INFO     | __main__:start_speech_recognition:295 - 开始语音识别...
2025-03-29 14:16:47.632 | INFO     | __main__:run:523 - * 开始录音...
2025-03-29 14:16:51.723 | INFO     | __main__:on_message:381 - 将绿色方块放入圆形盒子中
2025-03-29 14:16:53.063 | INFO     | __main__:on_message:381 - 。
2025-03-29 14:16:53.702 | INFO     | __main__:on_close:501 - 
### 语音识别结束 ###
2025-03-29 14:16:53.702 | INFO     | __main__:on_close:503 - 
正在分析关键词...
2025-03-29 14:16:53.712 | INFO     | __main__:run:556 - * 录音结束
2025-03-29 14:16:53.712 | INFO     | __main__:match_keywords:495 - 找到匹配关键词: 方块 匹配 方块
2025-03-29 14:16:53.712 | INFO     | __main__:match_keywords:495 - 找到匹配关键词: 圆形 匹配 圆形
2025-03-29 14:16:58.931 | INFO     | __main__:process_text_and_send_signal:454 - 发送信号: 402
2025-03-29 14:16:58.931 | INFO     | __main__:process_text_and_send_signal:455 - 切换表情：开心
2025-03-29 14:16:58.931 | INFO     | __main__:main:580 - 继续监听唤醒词...
2025-03-29 14:16:59.985 | INFO     | __main__:start_wake_detection:268 - 开始监听唤醒词...
2025-03-29 14:29:19.008 | INFO     | __main__:wake_callback:170 - ==================================================
2025-03-29 14:29:19.008 | INFO     | __main__:wake_callback:171 - >>> 检测到唤醒词！请说出您的指令 <<<
2025-03-29 14:29:22.473 | INFO     | __main__:wake_callback:176 - ==================================================
2025-03-29 14:29:22.476 | INFO     | __main__:start_speech_recognition:295 - 开始语音识别...
2025-03-29 14:29:22.642 | INFO     | __main__:run:523 - * 开始录音...
2025-03-29 14:29:26.983 | INFO     | __main__:on_message:381 - 将绿色方块放入放心科技
2025-03-29 14:29:28.331 | INFO     | __main__:on_message:381 - 。
2025-03-29 14:29:28.708 | INFO     | __main__:on_close:501 - 
### 语音识别结束 ###
2025-03-29 14:29:28.709 | INFO     | __main__:run:556 - * 录音结束
2025-03-29 14:29:28.709 | INFO     | __main__:on_close:503 - 
正在分析关键词...
2025-03-29 14:29:28.709 | INFO     | __main__:match_keywords:495 - 找到匹配关键词: 方块 匹配 方块
2025-03-29 14:29:28.709 | INFO     | __main__:process_text_and_send_signal:471 - 未找到匹配的组合
2025-03-29 14:29:33.676 | INFO     | __main__:process_text_and_send_signal:476 - 发送信号: 406
2025-03-29 14:29:33.676 | INFO     | __main__:process_text_and_send_signal:477 - 切换表情：难过
2025-03-29 14:29:33.680 | INFO     | __main__:main:580 - 继续监听唤醒词...
2025-03-29 14:29:34.732 | INFO     | __main__:start_wake_detection:268 - 开始监听唤醒词...
2025-03-29 14:29:39.994 | INFO     | __main__:wake_callback:170 - ==================================================
2025-03-29 14:29:39.994 | INFO     | __main__:wake_callback:171 - >>> 检测到唤醒词！请说出您的指令 <<<
2025-03-29 14:29:43.431 | INFO     | __main__:wake_callback:176 - ==================================================
2025-03-29 14:29:43.433 | INFO     | __main__:start_speech_recognition:295 - 开始语音识别...
2025-03-29 14:29:43.611 | INFO     | __main__:run:523 - * 开始录音...
2025-03-29 14:29:47.236 | INFO     | __main__:on_message:381 - 将绿色方块放入方形盒子中
2025-03-29 14:29:48.573 | INFO     | __main__:on_message:381 - 。
2025-03-29 14:29:49.659 | INFO     | __main__:on_close:501 - 
### 语音识别结束 ###
2025-03-29 14:29:49.675 | INFO     | __main__:run:556 - * 录音结束
2025-03-29 14:29:49.675 | INFO     | __main__:on_close:503 - 
正在分析关键词...
2025-03-29 14:29:49.675 | INFO     | __main__:match_keywords:495 - 找到匹配关键词: 方块 匹配 方块
2025-03-29 14:29:49.675 | INFO     | __main__:match_keywords:495 - 找到匹配关键词: 方形 匹配 方形
2025-03-29 14:29:54.846 | INFO     | __main__:process_text_and_send_signal:447 - 发送信号: 401
2025-03-29 14:29:54.846 | INFO     | __main__:process_text_and_send_signal:448 - 切换表情：开心
2025-03-29 14:29:54.851 | INFO     | __main__:main:580 - 继续监听唤醒词...
2025-03-29 14:29:55.901 | INFO     | __main__:start_wake_detection:268 - 开始监听唤醒词...
2025-03-29 14:34:28.061 | INFO     | __main__:wake_callback:170 - ==================================================
2025-03-29 14:34:28.061 | INFO     | __main__:wake_callback:171 - >>> 检测到唤醒词！请说出您的指令 <<<
2025-03-29 14:34:31.491 | INFO     | __main__:wake_callback:176 - ==================================================
2025-03-29 14:34:31.491 | INFO     | __main__:start_speech_recognition:295 - 开始语音识别...
2025-03-29 14:34:31.670 | INFO     | __main__:run:523 - * 开始录音...
2025-03-29 14:34:35.330 | INFO     | __main__:on_message:381 - 将圆形放入圆形盒子中
2025-03-29 14:34:36.413 | INFO     | __main__:on_message:381 - 。
2025-03-29 14:34:37.757 | INFO     | __main__:on_close:501 - 
### 语音识别结束 ###
2025-03-29 14:34:37.757 | INFO     | __main__:on_close:503 - 
正在分析关键词...
2025-03-29 14:34:37.757 | INFO     | __main__:run:556 - * 录音结束
2025-03-29 14:34:37.757 | INFO     | __main__:match_keywords:495 - 找到匹配关键词: 圆形 匹配 圆形
2025-03-29 14:34:37.757 | INFO     | __main__:match_keywords:495 - 找到匹配关键词: 圆形 匹配 圆形
2025-03-29 14:34:43.058 | INFO     | __main__:process_text_and_send_signal:468 - 发送信号: 404
2025-03-29 14:34:43.058 | INFO     | __main__:process_text_and_send_signal:469 - 切换表情：开心
2025-03-29 14:34:43.058 | INFO     | __main__:main:580 - 继续监听唤醒词...
2025-03-29 14:34:44.120 | INFO     | __main__:start_wake_detection:268 - 开始监听唤醒词...
2025-03-29 14:42:52.076 | INFO     | __main__:wake_callback:170 - ==================================================
2025-03-29 14:42:52.077 | INFO     | __main__:wake_callback:171 - >>> 检测到唤醒词！请说出您的指令 <<<
2025-03-29 14:42:55.489 | INFO     | __main__:wake_callback:176 - ==================================================
2025-03-29 14:42:55.493 | INFO     | __main__:start_speech_recognition:295 - 开始语音识别...
2025-03-29 14:42:55.705 | INFO     | __main__:run:523 - * 开始录音...
2025-03-29 14:42:59.089 | INFO     | __main__:on_message:381 - 将绿色方块放入方形盒子中
2025-03-29 14:43:00.440 | INFO     | __main__:on_message:381 - 。
2025-03-29 14:43:01.772 | INFO     | __main__:on_close:501 - 
### 语音识别结束 ###
2025-03-29 14:43:01.772 | INFO     | __main__:on_close:503 - 
正在分析关键词...
2025-03-29 14:43:01.772 | INFO     | __main__:run:556 - * 录音结束
2025-03-29 14:43:01.774 | INFO     | __main__:match_keywords:495 - 找到匹配关键词: 方块 匹配 方块
2025-03-29 14:43:01.776 | INFO     | __main__:match_keywords:495 - 找到匹配关键词: 方形 匹配 方形
2025-03-29 14:43:06.956 | INFO     | __main__:process_text_and_send_signal:447 - 发送信号: 401
2025-03-29 14:43:06.957 | INFO     | __main__:process_text_and_send_signal:448 - 切换表情：开心
2025-03-29 14:43:06.960 | INFO     | __main__:main:580 - 继续监听唤醒词...
2025-03-29 14:43:07.990 | INFO     | __main__:start_wake_detection:268 - 开始监听唤醒词...
2025-03-29 14:44:18.977 | INFO     | __main__:wake_callback:170 - ==================================================
2025-03-29 14:44:18.977 | INFO     | __main__:wake_callback:171 - >>> 检测到唤醒词！请说出您的指令 <<<
2025-03-29 14:44:22.478 | INFO     | __main__:wake_callback:176 - ==================================================
2025-03-29 14:44:22.483 | INFO     | __main__:start_speech_recognition:295 - 开始语音识别...
2025-03-29 14:44:22.684 | INFO     | __main__:run:523 - * 开始录音...
2025-03-29 14:44:26.200 | INFO     | __main__:on_message:381 - 将圆形放入圆形盒子中
2025-03-29 14:44:27.546 | INFO     | __main__:on_message:381 - 。
2025-03-29 14:44:28.752 | INFO     | __main__:on_close:501 - 
### 语音识别结束 ###
2025-03-29 14:44:28.752 | INFO     | __main__:run:556 - * 录音结束
2025-03-29 14:44:28.752 | INFO     | __main__:on_close:503 - 
正在分析关键词...
2025-03-29 14:44:28.754 | INFO     | __main__:match_keywords:495 - 找到匹配关键词: 圆形 匹配 圆形
2025-03-29 14:44:28.754 | INFO     | __main__:match_keywords:495 - 找到匹配关键词: 圆形 匹配 圆形
2025-03-29 14:44:34.150 | INFO     | __main__:process_text_and_send_signal:468 - 发送信号: 404
2025-03-29 14:44:34.150 | INFO     | __main__:process_text_and_send_signal:469 - 切换表情：开心
2025-03-29 14:44:34.152 | INFO     | __main__:main:580 - 继续监听唤醒词...
2025-03-29 14:44:35.221 | INFO     | __main__:start_wake_detection:268 - 开始监听唤醒词...
2025-03-29 14:45:27.200 | INFO     | __main__:wake_callback:170 - ==================================================
2025-03-29 14:45:27.200 | INFO     | __main__:wake_callback:171 - >>> 检测到唤醒词！请说出您的指令 <<<
2025-03-29 14:45:30.680 | INFO     | __main__:wake_callback:176 - ==================================================
2025-03-29 14:45:30.685 | INFO     | __main__:start_speech_recognition:295 - 开始语音识别...
2025-03-29 14:45:30.876 | INFO     | __main__:run:523 - * 开始录音...
2025-03-29 14:45:34.122 | INFO     | __main__:on_message:381 - 将方形放入方形盒子中
2025-03-29 14:45:35.473 | INFO     | __main__:on_message:381 - 。
2025-03-29 14:45:36.936 | INFO     | __main__:on_close:501 - 
### 语音识别结束 ###
2025-03-29 14:45:36.937 | INFO     | __main__:on_close:503 - 
正在分析关键词...
2025-03-29 14:45:36.938 | INFO     | __main__:run:556 - * 录音结束
2025-03-29 14:45:36.939 | INFO     | __main__:match_keywords:495 - 找到匹配关键词: 方形 匹配 方形
2025-03-29 14:45:36.939 | INFO     | __main__:match_keywords:495 - 找到匹配关键词: 方形 匹配 方形
2025-03-29 14:45:42.126 | INFO     | __main__:process_text_and_send_signal:447 - 发送信号: 401
2025-03-29 14:45:42.126 | INFO     | __main__:process_text_and_send_signal:448 - 切换表情：开心
2025-03-29 14:45:42.129 | INFO     | __main__:main:580 - 继续监听唤醒词...
2025-03-29 14:45:43.195 | INFO     | __main__:start_wake_detection:268 - 开始监听唤醒词...
2025-03-29 14:46:15.463 | INFO     | __main__:wake_callback:170 - ==================================================
2025-03-29 14:46:15.463 | INFO     | __main__:wake_callback:171 - >>> 检测到唤醒词！请说出您的指令 <<<
2025-03-29 14:46:18.793 | INFO     | __main__:wake_callback:176 - ==================================================
2025-03-29 14:46:18.798 | INFO     | __main__:start_speech_recognition:295 - 开始语音识别...
2025-03-29 14:46:18.984 | INFO     | __main__:run:523 - * 开始录音...
2025-03-29 14:46:22.814 | INFO     | __main__:on_message:381 - 将方块放入圆形盒子中
2025-03-29 14:46:24.154 | INFO     | __main__:on_message:381 - 。
2025-03-29 14:46:25.057 | INFO     | __main__:on_close:501 - 
### 语音识别结束 ###
2025-03-29 14:46:25.057 | INFO     | __main__:on_close:503 - 
正在分析关键词...
2025-03-29 14:46:25.057 | INFO     | __main__:run:556 - * 录音结束
2025-03-29 14:46:25.058 | INFO     | __main__:match_keywords:495 - 找到匹配关键词: 方块 匹配 方块
2025-03-29 14:46:25.059 | INFO     | __main__:match_keywords:495 - 找到匹配关键词: 圆形 匹配 圆形
2025-03-29 14:46:30.304 | INFO     | __main__:process_text_and_send_signal:454 - 发送信号: 402
2025-03-29 14:46:30.304 | INFO     | __main__:process_text_and_send_signal:455 - 切换表情：开心
2025-03-29 14:46:30.305 | INFO     | __main__:main:580 - 继续监听唤醒词...
2025-03-29 14:46:31.369 | INFO     | __main__:start_wake_detection:268 - 开始监听唤醒词...
2025-03-29 14:47:09.064 | INFO     | __main__:wake_callback:170 - ==================================================
2025-03-29 14:47:09.064 | INFO     | __main__:wake_callback:171 - >>> 检测到唤醒词！请说出您的指令 <<<
2025-03-29 14:47:12.397 | INFO     | __main__:wake_callback:176 - ==================================================
2025-03-29 14:47:12.404 | INFO     | __main__:start_speech_recognition:295 - 开始语音识别...
2025-03-29 14:47:12.602 | INFO     | __main__:run:523 - * 开始录音...
2025-03-29 14:47:15.793 | INFO     | __main__:on_message:381 - 将绿色方块放入圆形的
2025-03-29 14:47:17.080 | INFO     | __main__:on_message:381 - 。
2025-03-29 14:47:18.667 | INFO     | __main__:on_close:501 - 
### 语音识别结束 ###
2025-03-29 14:47:18.668 | INFO     | __main__:run:556 - * 录音结束
2025-03-29 14:47:18.668 | INFO     | __main__:on_close:503 - 
正在分析关键词...
2025-03-29 14:47:18.669 | INFO     | __main__:match_keywords:495 - 找到匹配关键词: 方块 匹配 方块
2025-03-29 14:47:18.671 | INFO     | __main__:match_keywords:495 - 找到匹配关键词: 圆形 匹配 圆形
2025-03-29 14:47:24.050 | INFO     | __main__:process_text_and_send_signal:454 - 发送信号: 402
2025-03-29 14:47:24.051 | INFO     | __main__:process_text_and_send_signal:455 - 切换表情：开心
2025-03-29 14:47:24.053 | INFO     | __main__:main:580 - 继续监听唤醒词...
2025-03-29 14:47:25.115 | INFO     | __main__:start_wake_detection:268 - 开始监听唤醒词...
2025-03-29 14:48:30.653 | INFO     | __main__:wake_callback:170 - ==================================================
2025-03-29 14:48:30.653 | INFO     | __main__:wake_callback:171 - >>> 检测到唤醒词！请说出您的指令 <<<
2025-03-29 14:48:34.114 | INFO     | __main__:wake_callback:176 - ==================================================
2025-03-29 14:48:34.114 | INFO     | __main__:start_speech_recognition:295 - 开始语音识别...
2025-03-29 14:48:34.299 | INFO     | __main__:run:523 - * 开始录音...
2025-03-29 14:48:37.745 | INFO     | __main__:on_message:381 - 将绿色方块放入方形桌子上
2025-03-29 14:48:39.023 | INFO     | __main__:on_message:381 - 。
2025-03-29 14:48:40.363 | INFO     | __main__:on_close:501 - 
### 语音识别结束 ###
2025-03-29 14:48:40.363 | INFO     | __main__:on_close:503 - 
正在分析关键词...
2025-03-29 14:48:40.363 | INFO     | __main__:run:556 - * 录音结束
2025-03-29 14:48:40.363 | INFO     | __main__:match_keywords:495 - 找到匹配关键词: 方块 匹配 方块
2025-03-29 14:48:40.363 | INFO     | __main__:match_keywords:495 - 找到匹配关键词: 方形 匹配 方形
2025-03-29 14:48:45.606 | INFO     | __main__:process_text_and_send_signal:447 - 发送信号: 401
2025-03-29 14:48:45.606 | INFO     | __main__:process_text_and_send_signal:448 - 切换表情：开心
2025-03-29 14:48:45.611 | INFO     | __main__:main:580 - 继续监听唤醒词...
2025-03-29 14:48:46.667 | INFO     | __main__:start_wake_detection:268 - 开始监听唤醒词...
2025-03-29 15:01:48.051 | INFO     | __main__:wake_callback:170 - ==================================================
2025-03-29 15:01:48.051 | INFO     | __main__:wake_callback:171 - >>> 检测到唤醒词！请说出您的指令 <<<
2025-03-29 15:01:51.553 | INFO     | __main__:wake_callback:176 - ==================================================
2025-03-29 15:01:51.559 | INFO     | __main__:start_speech_recognition:295 - 开始语音识别...
2025-03-29 15:01:51.757 | INFO     | __main__:run:523 - * 开始录音...
2025-03-29 15:01:54.958 | INFO     | __main__:on_message:381 - 将圆形放入方形盒子中
2025-03-29 15:01:56.291 | INFO     | __main__:on_message:381 - 。
2025-03-29 15:01:57.833 | INFO     | __main__:on_close:501 - 
### 语音识别结束 ###
2025-03-29 15:01:57.833 | INFO     | __main__:run:556 - * 录音结束
2025-03-29 15:01:57.833 | INFO     | __main__:on_close:503 - 
正在分析关键词...
2025-03-29 15:01:57.848 | INFO     | __main__:match_keywords:495 - 找到匹配关键词: 圆形 匹配 圆形
2025-03-29 15:01:57.848 | INFO     | __main__:match_keywords:495 - 找到匹配关键词: 方形 匹配 方形
2025-03-29 15:02:03.260 | INFO     | __main__:process_text_and_send_signal:461 - 发送信号: 403
2025-03-29 15:02:03.260 | INFO     | __main__:process_text_and_send_signal:462 - 切换表情：开心
2025-03-29 15:02:03.266 | INFO     | __main__:main:580 - 继续监听唤醒词...
2025-03-29 15:02:04.334 | INFO     | __main__:start_wake_detection:268 - 开始监听唤醒词...
2025-03-29 15:05:19.024 | INFO     | __main__:wake_callback:170 - ==================================================
2025-03-29 15:05:19.024 | INFO     | __main__:wake_callback:171 - >>> 检测到唤醒词！请说出您的指令 <<<
2025-03-29 15:05:22.520 | INFO     | __main__:wake_callback:176 - ==================================================
2025-03-29 15:05:22.521 | INFO     | __main__:start_speech_recognition:295 - 开始语音识别...
2025-03-29 15:05:22.701 | INFO     | __main__:run:523 - * 开始录音...
2025-03-29 15:05:25.886 | INFO     | __main__:on_message:381 - 当圆形暴露，放进盒子里
2025-03-29 15:05:27.168 | INFO     | __main__:on_message:381 - 。
2025-03-29 15:05:28.771 | INFO     | __main__:on_close:501 - 
### 语音识别结束 ###
2025-03-29 15:05:28.771 | INFO     | __main__:run:556 - * 录音结束
2025-03-29 15:05:28.771 | INFO     | __main__:on_close:503 - 
正在分析关键词...
2025-03-29 15:05:28.771 | INFO     | __main__:match_keywords:495 - 找到匹配关键词: 圆形 匹配 圆形
2025-03-29 15:05:28.771 | INFO     | __main__:process_text_and_send_signal:471 - 未找到匹配的组合
2025-03-29 15:05:33.724 | INFO     | __main__:process_text_and_send_signal:476 - 发送信号: 406
2025-03-29 15:05:33.724 | INFO     | __main__:process_text_and_send_signal:477 - 切换表情：难过
2025-03-29 15:05:33.724 | INFO     | __main__:main:580 - 继续监听唤醒词...
2025-03-29 15:05:34.776 | INFO     | __main__:start_wake_detection:268 - 开始监听唤醒词...
2025-03-29 15:05:41.636 | INFO     | __main__:wake_callback:170 - ==================================================
2025-03-29 15:05:41.636 | INFO     | __main__:wake_callback:171 - >>> 检测到唤醒词！请说出您的指令 <<<
2025-03-29 15:05:45.106 | INFO     | __main__:wake_callback:176 - ==================================================
2025-03-29 15:05:45.111 | INFO     | __main__:start_speech_recognition:295 - 开始语音识别...
2025-03-29 15:05:45.281 | INFO     | __main__:run:523 - * 开始录音...
2025-03-29 15:05:48.659 | INFO     | __main__:on_message:381 - 将圆形放入方形盒子中
2025-03-29 15:05:50.011 | INFO     | __main__:on_message:381 - 。
2025-03-29 15:05:51.331 | INFO     | __main__:on_close:501 - 
### 语音识别结束 ###
2025-03-29 15:05:51.331 | INFO     | __main__:run:556 - * 录音结束
2025-03-29 15:05:51.331 | INFO     | __main__:on_close:503 - 
正在分析关键词...
2025-03-29 15:05:51.331 | INFO     | __main__:match_keywords:495 - 找到匹配关键词: 圆形 匹配 圆形
2025-03-29 15:05:51.331 | INFO     | __main__:match_keywords:495 - 找到匹配关键词: 方形 匹配 方形
2025-03-29 15:05:56.627 | INFO     | __main__:process_text_and_send_signal:461 - 发送信号: 403
2025-03-29 15:05:56.627 | INFO     | __main__:process_text_and_send_signal:462 - 切换表情：开心
2025-03-29 15:05:56.632 | INFO     | __main__:main:580 - 继续监听唤醒词...
2025-03-29 15:05:57.687 | INFO     | __main__:start_wake_detection:268 - 开始监听唤醒词...
2025-03-29 16:34:10.111 | INFO     | __main__:wake_callback:170 - ==================================================
2025-03-29 16:34:10.111 | INFO     | __main__:wake_callback:171 - >>> 检测到唤醒词！请说出您的指令 <<<
2025-03-29 16:34:13.536 | INFO     | __main__:wake_callback:176 - ==================================================
2025-03-29 16:34:13.539 | INFO     | __main__:start_speech_recognition:295 - 开始语音识别...
2025-03-29 16:34:13.717 | INFO     | __main__:run:523 - * 开始录音...
2025-03-29 16:34:19.003 | INFO     | __main__:on_message:381 - 将绿色方块放入方形盒子中
2025-03-29 16:34:19.725 | INFO     | __main__:on_message:381 - 。
2025-03-29 16:34:19.772 | INFO     | __main__:on_close:501 - 
### 语音识别结束 ###
2025-03-29 16:34:19.772 | INFO     | __main__:run:556 - * 录音结束
2025-03-29 16:34:19.772 | INFO     | __main__:on_close:503 - 
正在分析关键词...
2025-03-29 16:34:19.772 | INFO     | __main__:match_keywords:495 - 找到匹配关键词: 方块 匹配 方块
2025-03-29 16:34:19.772 | INFO     | __main__:match_keywords:495 - 找到匹配关键词: 方形 匹配 方形
2025-03-29 16:34:24.979 | INFO     | __main__:process_text_and_send_signal:447 - 发送信号: 401
2025-03-29 16:34:24.980 | INFO     | __main__:process_text_and_send_signal:448 - 切换表情：开心
2025-03-29 16:34:24.984 | INFO     | __main__:main:580 - 继续监听唤醒词...
2025-03-29 16:34:26.061 | INFO     | __main__:start_wake_detection:268 - 开始监听唤醒词...
2025-03-29 16:35:32.424 | INFO     | __main__:wake_callback:170 - ==================================================
2025-03-29 16:35:32.424 | INFO     | __main__:wake_callback:171 - >>> 检测到唤醒词！请说出您的指令 <<<
2025-03-29 16:35:35.914 | INFO     | __main__:wake_callback:176 - ==================================================
2025-03-29 16:35:35.920 | INFO     | __main__:start_speech_recognition:295 - 开始语音识别...
2025-03-29 16:35:36.134 | INFO     | __main__:run:523 - * 开始录音...
2025-03-29 16:35:40.797 | INFO     | __main__:on_message:381 - 将绿色方块放入方形盒子中
2025-03-29 16:35:42.150 | INFO     | __main__:on_message:381 - 。
2025-03-29 16:35:42.213 | INFO     | __main__:on_close:501 - 
### 语音识别结束 ###
2025-03-29 16:35:42.213 | INFO     | __main__:run:556 - * 录音结束
2025-03-29 16:35:42.213 | INFO     | __main__:on_close:503 - 
正在分析关键词...
2025-03-29 16:35:42.213 | INFO     | __main__:match_keywords:495 - 找到匹配关键词: 方块 匹配 方块
2025-03-29 16:35:42.213 | INFO     | __main__:match_keywords:495 - 找到匹配关键词: 方形 匹配 方形
2025-03-29 16:35:47.538 | INFO     | __main__:process_text_and_send_signal:447 - 发送信号: 401
2025-03-29 16:35:47.538 | INFO     | __main__:process_text_and_send_signal:448 - 切换表情：开心
2025-03-29 16:35:47.539 | INFO     | __main__:main:580 - 继续监听唤醒词...
2025-03-29 16:35:48.567 | INFO     | __main__:start_wake_detection:268 - 开始监听唤醒词...
2025-03-29 16:57:10.620 | INFO     | __main__:wake_callback:170 - ==================================================
2025-03-29 16:57:10.620 | INFO     | __main__:wake_callback:171 - >>> 检测到唤醒词！请说出您的指令 <<<
2025-03-29 16:57:14.054 | INFO     | __main__:wake_callback:176 - ==================================================
2025-03-29 16:57:14.062 | INFO     | __main__:start_speech_recognition:295 - 开始语音识别...
2025-03-29 16:57:14.242 | INFO     | __main__:run:523 - * 开始录音...
2025-03-29 16:57:17.630 | INFO     | __main__:on_message:381 - 将方形放入方形盒子中
2025-03-29 16:57:18.980 | INFO     | __main__:on_message:381 - 。
2025-03-29 16:57:20.312 | INFO     | __main__:on_close:501 - 
### 语音识别结束 ###
2025-03-29 16:57:20.312 | INFO     | __main__:run:556 - * 录音结束
2025-03-29 16:57:20.312 | INFO     | __main__:on_close:503 - 
正在分析关键词...
2025-03-29 16:57:20.312 | INFO     | __main__:match_keywords:495 - 找到匹配关键词: 方形 匹配 方形
2025-03-29 16:57:20.312 | INFO     | __main__:match_keywords:495 - 找到匹配关键词: 方形 匹配 方形
2025-03-29 16:57:25.588 | INFO     | __main__:process_text_and_send_signal:447 - 发送信号: 401
2025-03-29 16:57:25.588 | INFO     | __main__:process_text_and_send_signal:448 - 切换表情：开心
2025-03-29 16:57:25.588 | INFO     | __main__:main:580 - 继续监听唤醒词...
2025-03-29 16:57:26.652 | INFO     | __main__:start_wake_detection:268 - 开始监听唤醒词...
2025-03-29 17:37:12.070 | INFO     | __main__:wake_callback:170 - ==================================================
2025-03-29 17:37:12.070 | INFO     | __main__:wake_callback:171 - >>> 检测到唤醒词！请说出您的指令 <<<
2025-03-29 17:37:15.602 | INFO     | __main__:wake_callback:176 - ==================================================
2025-03-29 17:37:15.602 | INFO     | __main__:start_speech_recognition:295 - 开始语音识别...
2025-03-29 17:37:15.790 | INFO     | __main__:run:523 - * 开始录音...
2025-03-29 17:37:17.502 | INFO     | __main__:on_message:381 -  Where are you
2025-03-29 17:37:20.958 | INFO     | __main__:on_message:381 - ? 我也想5:30下班，8:00到不了了
2025-03-29 17:37:21.792 | INFO     | __main__:on_message:381 - 。
2025-03-29 17:37:21.839 | INFO     | __main__:on_close:501 - 
### 语音识别结束 ###
2025-03-29 17:37:21.839 | INFO     | __main__:run:556 - * 录音结束
2025-03-29 17:37:21.855 | INFO     | __main__:on_close:503 - 
正在分析关键词...
2025-03-29 17:37:26.676 | INFO     | __main__:main:580 - 继续监听唤醒词...
2025-03-29 17:37:27.719 | INFO     | __main__:start_wake_detection:268 - 开始监听唤醒词...
2025-03-29 17:47:47.500 | INFO     | __main__:wake_callback:170 - ==================================================
2025-03-29 17:47:47.515 | INFO     | __main__:wake_callback:171 - >>> 检测到唤醒词！请说出您的指令 <<<
2025-03-29 17:47:50.975 | INFO     | __main__:wake_callback:176 - ==================================================
2025-03-29 17:47:50.982 | INFO     | __main__:start_speech_recognition:295 - 开始语音识别...
2025-03-29 17:47:51.179 | INFO     | __main__:run:523 - * 开始录音...
2025-03-29 17:47:56.625 | INFO     | __main__:on_message:381 - 下班了
2025-03-29 17:47:57.198 | INFO     | __main__:on_message:381 - 。
2025-03-29 17:47:57.263 | INFO     | __main__:on_close:501 - 
### 语音识别结束 ###
2025-03-29 17:47:57.263 | INFO     | __main__:run:556 - * 录音结束
2025-03-29 17:47:57.263 | INFO     | __main__:on_close:503 - 
正在分析关键词...
2025-03-29 17:48:02.090 | INFO     | __main__:main:580 - 继续监听唤醒词...
2025-03-29 17:48:03.142 | INFO     | __main__:start_wake_detection:268 - 开始监听唤醒词...
2025-03-29 18:02:07.127 | INFO     | __main__:wake_callback:170 - ==================================================
2025-03-29 18:02:07.127 | INFO     | __main__:wake_callback:171 - >>> 检测到唤醒词！请说出您的指令 <<<
2025-03-29 18:02:10.543 | INFO     | __main__:wake_callback:176 - ==================================================
2025-03-29 18:02:10.547 | INFO     | __main__:start_speech_recognition:295 - 开始语音识别...
2025-03-29 18:02:10.736 | INFO     | __main__:run:523 - * 开始录音...
2025-03-29 18:02:14.118 | INFO     | __main__:on_message:381 - 要
2025-03-29 18:02:16.612 | INFO     | __main__:on_message:381 - 为什么这个病毒误判率那么大
2025-03-29 18:02:16.738 | INFO     | __main__:on_message:381 - ？
2025-03-29 18:02:16.816 | INFO     | __main__:on_close:501 - 
### 语音识别结束 ###
2025-03-29 18:02:16.816 | INFO     | __main__:run:556 - * 录音结束
2025-03-29 18:02:16.816 | INFO     | __main__:on_close:503 - 
正在分析关键词...
2025-03-29 18:02:21.672 | INFO     | __main__:main:580 - 继续监听唤醒词...
2025-03-29 18:02:22.734 | INFO     | __main__:start_wake_detection:268 - 开始监听唤醒词...
2025-03-29 18:02:23.843 | INFO     | __main__:wake_callback:170 - ==================================================
2025-03-29 18:02:23.843 | INFO     | __main__:wake_callback:171 - >>> 检测到唤醒词！请说出您的指令 <<<
2025-03-29 18:02:27.300 | INFO     | __main__:wake_callback:176 - ==================================================
2025-03-29 18:02:27.304 | INFO     | __main__:start_speech_recognition:295 - 开始语音识别...
2025-03-29 18:02:27.500 | INFO     | __main__:run:523 - * 开始录音...
2025-03-29 18:02:32.296 | INFO     | __main__:on_message:381 - 把绿色方块放到方形盒子
2025-03-29 18:02:33.519 | INFO     | __main__:on_message:381 - 。
2025-03-29 18:02:33.519 | INFO     | __main__:on_close:501 - 
### 语音识别结束 ###
2025-03-29 18:02:33.519 | INFO     | __main__:on_close:503 - 
正在分析关键词...
2025-03-29 18:02:33.522 | INFO     | __main__:match_keywords:495 - 找到匹配关键词: 方块 匹配 方块
2025-03-29 18:02:33.522 | INFO     | __main__:match_keywords:495 - 找到匹配关键词: 方形 匹配 方形
2025-03-29 18:02:33.566 | INFO     | __main__:run:556 - * 录音结束
2025-03-29 18:02:38.685 | INFO     | __main__:process_text_and_send_signal:447 - 发送信号: 401
2025-03-29 18:02:38.685 | INFO     | __main__:process_text_and_send_signal:448 - 切换表情：开心
2025-03-29 18:02:38.685 | INFO     | __main__:main:580 - 继续监听唤醒词...
2025-03-29 18:02:39.748 | INFO     | __main__:start_wake_detection:268 - 开始监听唤醒词...
2025-03-29 18:05:14.436 | INFO     | __main__:wake_callback:170 - ==================================================
2025-03-29 18:05:14.436 | INFO     | __main__:wake_callback:171 - >>> 检测到唤醒词！请说出您的指令 <<<
2025-03-29 18:05:17.772 | INFO     | __main__:wake_callback:176 - ==================================================
2025-03-29 18:05:17.781 | INFO     | __main__:start_speech_recognition:295 - 开始语音识别...
2025-03-29 18:05:17.976 | INFO     | __main__:run:523 - * 开始录音...
2025-03-29 18:05:19.378 | INFO     | __main__:on_message:381 - 好好好
2025-03-29 18:05:21.940 | INFO     | __main__:on_message:381 - ，鸡你太美
2025-03-29 18:05:23.338 | INFO     | __main__:on_message:381 - 。
2025-03-29 18:05:24.039 | INFO     | __main__:on_close:501 - 
### 语音识别结束 ###
2025-03-29 18:05:24.039 | INFO     | __main__:on_close:503 - 
正在分析关键词...
2025-03-29 18:05:24.039 | INFO     | __main__:run:556 - * 录音结束
2025-03-29 18:05:28.772 | INFO     | __main__:main:580 - 继续监听唤醒词...
2025-03-29 18:05:29.828 | INFO     | __main__:start_wake_detection:268 - 开始监听唤醒词...
