2025-03-27 15:07:52.805 | INFO     | __main__:load_keywords_dict:162 - 成功加载关键词词典: ./keywords_dicts\keywords_dict.yaml
2025-03-27 15:07:56.839 | INFO     | __main__:_init_expression_server:148 - 表情服务器启动成功
2025-03-27 15:07:56.849 | INFO     | __main__:run_modbus_server:201 - Modbus 从机正在 192.168.1.125:599 上监听...
2025-03-27 15:07:57.857 | INFO     | __main__:request_monitor:184 - 当前保持寄存器数据: [0, 0, 0, 0, 0, 0, 0, 0, 0, 0]
2025-03-27 15:07:58.857 | INFO     | __main__:request_monitor:184 - 当前保持寄存器数据: [0, 0, 0, 0, 0, 0, 0, 0, 0, 0]
2025-03-27 15:07:59.862 | INFO     | __main__:request_monitor:184 - 当前保持寄存器数据: [0, 0, 0, 0, 0, 0, 0, 0, 0, 0]
2025-03-27 15:08:00.866 | INFO     | __main__:request_monitor:184 - 当前保持寄存器数据: [0, 0, 0, 0, 0, 0, 0, 0, 0, 0]
2025-03-27 15:08:01.879 | INFO     | __main__:request_monitor:184 - 当前保持寄存器数据: [111, 0, 0, 0, 0, 0, 0, 0, 0, 0]
2025-03-27 15:08:01.879 | INFO     | __main__:request_monitor:186 - 切换表情：眨眼
2025-03-27 15:08:01.879 | INFO     | __main__:request_monitor:188 - 保持寄存器读到111
2025-03-27 15:08:01.879 | INFO     | __main__:request_monitor:189 - 当前保持寄存器数据: [111, 0, 0, 0, 0, 0, 0, 0, 0, 0]
2025-03-27 15:08:01.879 | INFO     | __main__:request_monitor:191 - 开始清零
2025-03-27 15:08:01.879 | INFO     | __main__:request_monitor:192 - 当前保持寄存器数据: [111, 0, 0, 0, 0, 0, 0, 0, 0, 0]
2025-03-27 15:08:01.879 | INFO     | __main__:request_monitor:194 - 当前保持寄存器数据: [111, 0, 0, 0, 0, 0, 0, 0, 0, 0]
2025-03-27 15:08:01.879 | INFO     | __main__:request_monitor:195 - 检测到寄存器值为 111，准备退出...
2025-03-27 15:08:02.171 | INFO     | __main__:start_wake_detection:268 - 开始监听唤醒词...
2025-03-27 15:08:07.441 | INFO     | __main__:wake_callback:170 - ==================================================
2025-03-27 15:08:07.441 | INFO     | __main__:wake_callback:171 - >>> 检测到唤醒词！请说出您的指令 <<<
2025-03-27 15:08:10.938 | INFO     | __main__:wake_callback:176 - ==================================================
2025-03-27 15:08:10.938 | INFO     | __main__:start_speech_recognition:295 - 开始语音识别...
2025-03-27 15:08:11.108 | INFO     | __main__:run:523 - * 开始录音...
2025-03-27 15:08:14.942 | INFO     | __main__:on_message:381 - 两个绿色方块放入房间
2025-03-27 15:08:16.282 | INFO     | __main__:on_message:381 - 。
2025-03-27 15:08:17.177 | INFO     | __main__:on_close:501 - 
### 语音识别结束 ###
2025-03-27 15:08:17.177 | INFO     | __main__:on_close:503 - 
正在分析关键词...
2025-03-27 15:08:17.177 | INFO     | __main__:run:556 - * 录音结束
2025-03-27 15:08:17.555 | INFO     | __main__:match_keywords:495 - 找到匹配关键词: 方块 匹配 方块
2025-03-27 15:08:17.555 | INFO     | __main__:process_text_and_send_signal:471 - 未找到匹配的组合
2025-03-27 15:08:22.470 | INFO     | __main__:process_text_and_send_signal:476 - 发送信号: 406
2025-03-27 15:08:22.470 | INFO     | __main__:process_text_and_send_signal:477 - 切换表情：难过
2025-03-27 15:08:22.470 | INFO     | __main__:main:580 - 继续监听唤醒词...
2025-03-27 15:08:23.520 | INFO     | __main__:start_wake_detection:268 - 开始监听唤醒词...
2025-03-27 15:08:25.583 | INFO     | __main__:wake_callback:170 - ==================================================
2025-03-27 15:08:25.583 | INFO     | __main__:wake_callback:171 - >>> 检测到唤醒词！请说出您的指令 <<<
2025-03-27 15:08:49.528 | INFO     | __main__:wake_callback:176 - ==================================================
2025-03-27 15:08:49.528 | INFO     | __main__:start_speech_recognition:295 - 开始语音识别...
2025-03-27 15:08:49.730 | INFO     | __main__:run:523 - * 开始录音...
2025-03-27 15:08:53.379 | INFO     | __main__:on_message:381 - 交吧，交吧
2025-03-27 15:08:54.785 | INFO     | __main__:on_message:381 - 。
2025-03-27 15:08:55.804 | INFO     | __main__:on_close:501 - 
### 语音识别结束 ###
2025-03-27 15:08:55.804 | INFO     | __main__:run:556 - * 录音结束
2025-03-27 15:08:55.804 | INFO     | __main__:on_close:503 - 
正在分析关键词...
2025-03-27 15:09:00.555 | INFO     | __main__:main:580 - 继续监听唤醒词...
2025-03-27 15:09:01.607 | INFO     | __main__:start_wake_detection:268 - 开始监听唤醒词...
2025-03-27 15:09:07.185 | INFO     | __main__:wake_callback:170 - ==================================================
2025-03-27 15:09:07.186 | INFO     | __main__:wake_callback:171 - >>> 检测到唤醒词！请说出您的指令 <<<
2025-03-27 15:09:10.658 | INFO     | __main__:wake_callback:176 - ==================================================
2025-03-27 15:09:10.658 | INFO     | __main__:start_speech_recognition:295 - 开始语音识别...
2025-03-27 15:09:10.824 | INFO     | __main__:run:523 - * 开始录音...
2025-03-27 15:09:14.794 | INFO     | __main__:on_message:381 - 将绿色方块放入方形盒子中
2025-03-27 15:09:16.139 | INFO     | __main__:on_message:381 - 。
2025-03-27 15:09:16.903 | INFO     | __main__:on_close:501 - 
### 语音识别结束 ###
2025-03-27 15:09:16.903 | INFO     | __main__:run:556 - * 录音结束
2025-03-27 15:09:16.903 | INFO     | __main__:on_close:503 - 
正在分析关键词...
2025-03-27 15:09:16.903 | INFO     | __main__:match_keywords:495 - 找到匹配关键词: 方块 匹配 方块
2025-03-27 15:09:16.903 | INFO     | __main__:match_keywords:495 - 找到匹配关键词: 方形 匹配 方形
2025-03-27 15:09:22.080 | INFO     | __main__:process_text_and_send_signal:447 - 发送信号: 401
2025-03-27 15:09:22.080 | INFO     | __main__:process_text_and_send_signal:448 - 切换表情：开心
2025-03-27 15:09:22.080 | INFO     | __main__:main:580 - 继续监听唤醒词...
2025-03-27 15:09:23.126 | INFO     | __main__:start_wake_detection:268 - 开始监听唤醒词...
2025-03-27 15:10:26.002 | INFO     | __main__:wake_callback:170 - ==================================================
2025-03-27 15:10:26.002 | INFO     | __main__:wake_callback:171 - >>> 检测到唤醒词！请说出您的指令 <<<
2025-03-27 15:10:29.470 | INFO     | __main__:wake_callback:176 - ==================================================
2025-03-27 15:10:29.470 | INFO     | __main__:start_speech_recognition:295 - 开始语音识别...
2025-03-27 15:10:29.643 | INFO     | __main__:run:523 - * 开始录音...
2025-03-27 15:10:33.286 | INFO     | __main__:on_message:381 - 把绿色方块放入圆形盒子中
2025-03-27 15:10:34.641 | INFO     | __main__:on_message:381 - 。
2025-03-27 15:10:35.759 | INFO     | __main__:on_close:501 - 
### 语音识别结束 ###
2025-03-27 15:10:35.759 | INFO     | __main__:run:556 - * 录音结束
2025-03-27 15:10:35.759 | INFO     | __main__:on_close:503 - 
正在分析关键词...
2025-03-27 15:10:35.759 | INFO     | __main__:match_keywords:495 - 找到匹配关键词: 方块 匹配 方块
2025-03-27 15:10:35.759 | INFO     | __main__:match_keywords:495 - 找到匹配关键词: 圆形 匹配 圆形
2025-03-27 15:10:41.124 | INFO     | __main__:process_text_and_send_signal:454 - 发送信号: 402
2025-03-27 15:12:52.383 | INFO     | __main__:process_text_and_send_signal:455 - 切换表情：开心
2025-03-27 15:12:52.383 | INFO     | __main__:main:580 - 继续监听唤醒词...
2025-03-27 15:12:53.422 | INFO     | __main__:start_wake_detection:268 - 开始监听唤醒词...
2025-03-27 15:12:54.520 | INFO     | __main__:wake_callback:170 - ==================================================
2025-03-27 15:12:54.520 | INFO     | __main__:wake_callback:171 - >>> 检测到唤醒词！请说出您的指令 <<<
2025-03-27 15:12:57.930 | INFO     | __main__:wake_callback:176 - ==================================================
2025-03-27 15:12:57.937 | INFO     | __main__:start_speech_recognition:295 - 开始语音识别...
2025-03-27 15:12:58.103 | INFO     | __main__:run:523 - * 开始录音...
2025-03-27 15:13:01.743 | INFO     | __main__:on_message:381 - 直接把红色的
2025-03-27 15:13:03.282 | INFO     | __main__:on_message:381 - 。
2025-03-27 15:13:04.196 | INFO     | __main__:on_close:501 - 
### 语音识别结束 ###
2025-03-27 15:13:04.196 | INFO     | __main__:run:556 - * 录音结束
2025-03-27 15:13:04.196 | INFO     | __main__:on_close:503 - 
正在分析关键词...
2025-03-27 15:13:09.022 | INFO     | __main__:main:580 - 继续监听唤醒词...
2025-03-27 15:13:10.093 | INFO     | __main__:start_wake_detection:268 - 开始监听唤醒词...
2025-03-27 15:13:14.382 | INFO     | __main__:wake_callback:170 - ==================================================
2025-03-27 15:13:14.382 | INFO     | __main__:wake_callback:171 - >>> 检测到唤醒词！请说出您的指令 <<<
2025-03-27 15:13:17.838 | INFO     | __main__:wake_callback:176 - ==================================================
2025-03-27 15:13:17.838 | INFO     | __main__:start_speech_recognition:295 - 开始语音识别...
2025-03-27 15:13:18.061 | INFO     | __main__:run:523 - * 开始录音...
2025-03-27 15:13:22.912 | INFO     | __main__:on_message:381 - 把红色圆片放入方形盒子中
2025-03-27 15:13:24.126 | INFO     | __main__:on_close:501 - 
### 语音识别结束 ###
2025-03-27 15:13:24.126 | INFO     | __main__:on_close:503 - 
正在分析关键词...
2025-03-27 15:13:24.126 | INFO     | __main__:run:556 - * 录音结束
2025-03-27 15:13:24.126 | INFO     | __main__:match_keywords:495 - 找到匹配关键词: 红色 匹配 红色
2025-03-27 15:13:24.126 | INFO     | __main__:match_keywords:495 - 找到匹配关键词: 方形 匹配 方形
2025-03-27 15:13:29.523 | INFO     | __main__:process_text_and_send_signal:461 - 发送信号: 403
2025-03-27 15:13:29.523 | INFO     | __main__:process_text_and_send_signal:462 - 切换表情：开心
2025-03-27 15:13:29.523 | INFO     | __main__:main:580 - 继续监听唤醒词...
2025-03-27 15:13:30.562 | INFO     | __main__:start_wake_detection:268 - 开始监听唤醒词...
2025-03-27 15:13:57.585 | INFO     | __main__:wake_callback:170 - ==================================================
2025-03-27 15:13:57.601 | INFO     | __main__:wake_callback:171 - >>> 检测到唤醒词！请说出您的指令 <<<
2025-03-27 15:14:00.961 | INFO     | __main__:wake_callback:176 - ==================================================
2025-03-27 15:14:00.970 | INFO     | __main__:start_speech_recognition:295 - 开始语音识别...
2025-03-27 15:14:01.159 | INFO     | __main__:run:523 - * 开始录音...
2025-03-27 15:14:02.810 | INFO     | __main__:on_message:381 - 把
2025-03-27 15:14:04.262 | INFO     | __main__:on_message:381 - 。
2025-03-27 15:14:07.231 | INFO     | __main__:on_close:501 - 
### 语音识别结束 ###
2025-03-27 15:14:07.231 | INFO     | __main__:run:556 - * 录音结束
2025-03-27 15:14:07.231 | INFO     | __main__:on_close:503 - 
正在分析关键词...
2025-03-27 15:14:12.013 | INFO     | __main__:main:580 - 继续监听唤醒词...
2025-03-27 15:14:13.074 | INFO     | __main__:start_wake_detection:268 - 开始监听唤醒词...
2025-03-27 15:18:16.544 | INFO     | __main__:wake_callback:170 - ==================================================
2025-03-27 15:18:16.544 | INFO     | __main__:wake_callback:171 - >>> 检测到唤醒词！请说出您的指令 <<<
2025-03-27 15:18:19.992 | INFO     | __main__:wake_callback:176 - ==================================================
2025-03-27 15:18:19.995 | INFO     | __main__:start_speech_recognition:295 - 开始语音识别...
2025-03-27 15:18:20.176 | INFO     | __main__:run:523 - * 开始录音...
2025-03-27 15:18:24.213 | INFO     | __main__:on_message:381 - 将方块放入方形盒子中
2025-03-27 15:18:25.560 | INFO     | __main__:on_message:381 - 。
2025-03-27 15:18:26.250 | INFO     | __main__:on_close:501 - 
### 语音识别结束 ###
2025-03-27 15:18:26.250 | INFO     | __main__:run:556 - * 录音结束
2025-03-27 15:18:26.251 | INFO     | __main__:on_close:503 - 
正在分析关键词...
2025-03-27 15:18:26.260 | INFO     | __main__:match_keywords:495 - 找到匹配关键词: 方块 匹配 方块
2025-03-27 15:18:26.261 | INFO     | __main__:match_keywords:495 - 找到匹配关键词: 方形 匹配 方形
2025-03-27 15:18:31.562 | INFO     | __main__:process_text_and_send_signal:447 - 发送信号: 401
2025-03-27 15:18:31.562 | INFO     | __main__:process_text_and_send_signal:448 - 切换表情：开心
2025-03-27 15:18:31.562 | INFO     | __main__:main:580 - 继续监听唤醒词...
2025-03-27 15:18:32.637 | INFO     | __main__:start_wake_detection:268 - 开始监听唤醒词...
2025-03-27 15:18:52.422 | INFO     | __main__:wake_callback:170 - ==================================================
2025-03-27 15:18:52.422 | INFO     | __main__:wake_callback:171 - >>> 检测到唤醒词！请说出您的指令 <<<
2025-03-27 15:18:55.838 | INFO     | __main__:wake_callback:176 - ==================================================
2025-03-27 15:18:55.845 | INFO     | __main__:start_speech_recognition:295 - 开始语音识别...
2025-03-27 15:18:56.073 | INFO     | __main__:run:523 - * 开始录音...
2025-03-27 15:18:59.457 | INFO     | __main__:on_message:381 - 对你就猜出来他更好，就是因为他
2025-03-27 15:19:01.313 | INFO     | __main__:on_message:381 - 。
2025-03-27 15:19:02.132 | INFO     | __main__:on_close:501 - 
### 语音识别结束 ###
2025-03-27 15:19:02.132 | INFO     | __main__:on_close:503 - 
正在分析关键词...
2025-03-27 15:19:02.132 | INFO     | __main__:run:556 - * 录音结束
2025-03-27 15:19:06.943 | INFO     | __main__:main:580 - 继续监听唤醒词...
2025-03-27 15:19:07.975 | INFO     | __main__:start_wake_detection:268 - 开始监听唤醒词...
2025-03-27 15:19:18.033 | INFO     | __main__:wake_callback:170 - ==================================================
2025-03-27 15:19:18.033 | INFO     | __main__:wake_callback:171 - >>> 检测到唤醒词！请说出您的指令 <<<
2025-03-27 15:19:21.443 | INFO     | __main__:wake_callback:176 - ==================================================
2025-03-27 15:19:21.443 | INFO     | __main__:start_speech_recognition:295 - 开始语音识别...
2025-03-27 15:19:21.618 | INFO     | __main__:run:523 - * 开始录音...
2025-03-27 15:19:25.448 | INFO     | __main__:on_message:381 - 将圆形放入方形盒子中
2025-03-27 15:19:26.790 | INFO     | __main__:on_message:381 - 。
2025-03-27 15:19:27.681 | INFO     | __main__:on_close:501 - 
### 语音识别结束 ###
2025-03-27 15:19:27.681 | INFO     | __main__:run:556 - * 录音结束
2025-03-27 15:19:27.681 | INFO     | __main__:on_close:503 - 
正在分析关键词...
2025-03-27 15:19:27.681 | INFO     | __main__:match_keywords:495 - 找到匹配关键词: 圆形 匹配 圆形
2025-03-27 15:19:27.681 | INFO     | __main__:match_keywords:495 - 找到匹配关键词: 方形 匹配 方形
2025-03-27 15:19:33.139 | INFO     | __main__:process_text_and_send_signal:461 - 发送信号: 403
2025-03-27 15:19:33.139 | INFO     | __main__:process_text_and_send_signal:462 - 切换表情：开心
2025-03-27 15:19:33.139 | INFO     | __main__:main:580 - 继续监听唤醒词...
2025-03-27 15:19:34.214 | INFO     | __main__:start_wake_detection:268 - 开始监听唤醒词...
2025-03-27 15:19:55.787 | INFO     | __main__:wake_callback:170 - ==================================================
2025-03-27 15:19:55.787 | INFO     | __main__:wake_callback:171 - >>> 检测到唤醒词！请说出您的指令 <<<
2025-03-27 15:19:59.131 | INFO     | __main__:wake_callback:176 - ==================================================
2025-03-27 15:19:59.138 | INFO     | __main__:start_speech_recognition:295 - 开始语音识别...
2025-03-27 15:19:59.309 | INFO     | __main__:run:523 - * 开始录音...
2025-03-27 15:20:03.148 | INFO     | __main__:on_message:381 - 将方形放入方形盒子中
2025-03-27 15:20:04.427 | INFO     | __main__:on_message:381 - 。
2025-03-27 15:20:05.365 | INFO     | __main__:on_close:501 - 
### 语音识别结束 ###
2025-03-27 15:20:05.365 | INFO     | __main__:run:556 - * 录音结束
2025-03-27 15:20:05.365 | INFO     | __main__:on_close:503 - 
正在分析关键词...
2025-03-27 15:20:05.380 | INFO     | __main__:match_keywords:495 - 找到匹配关键词: 方形 匹配 方形
2025-03-27 15:20:05.380 | INFO     | __main__:match_keywords:495 - 找到匹配关键词: 方形 匹配 方形
2025-03-27 15:20:10.540 | INFO     | __main__:process_text_and_send_signal:447 - 发送信号: 401
2025-03-27 15:20:10.540 | INFO     | __main__:process_text_and_send_signal:448 - 切换表情：开心
2025-03-27 15:20:10.540 | INFO     | __main__:main:580 - 继续监听唤醒词...
2025-03-27 15:20:11.595 | INFO     | __main__:start_wake_detection:268 - 开始监听唤醒词...
2025-03-27 15:20:31.705 | INFO     | __main__:wake_callback:170 - ==================================================
2025-03-27 15:20:31.705 | INFO     | __main__:wake_callback:171 - >>> 检测到唤醒词！请说出您的指令 <<<
2025-03-27 15:20:35.109 | INFO     | __main__:wake_callback:176 - ==================================================
2025-03-27 15:20:35.114 | INFO     | __main__:start_speech_recognition:295 - 开始语音识别...
2025-03-27 15:20:35.302 | INFO     | __main__:run:523 - * 开始录音...
2025-03-27 15:20:39.395 | INFO     | __main__:on_message:381 - 没有啊，对他们来说感谢感谢
2025-03-27 15:20:40.668 | INFO     | __main__:on_message:381 - 。
2025-03-27 15:20:41.369 | INFO     | __main__:on_close:501 - 
### 语音识别结束 ###
2025-03-27 15:20:41.369 | INFO     | __main__:run:556 - * 录音结束
2025-03-27 15:20:41.369 | INFO     | __main__:on_close:503 - 
正在分析关键词...
2025-03-27 15:20:46.142 | INFO     | __main__:main:580 - 继续监听唤醒词...
2025-03-27 15:20:47.181 | INFO     | __main__:start_wake_detection:268 - 开始监听唤醒词...
2025-03-27 15:24:19.925 | INFO     | __main__:wake_callback:170 - ==================================================
2025-03-27 15:24:19.925 | INFO     | __main__:wake_callback:171 - >>> 检测到唤醒词！请说出您的指令 <<<
2025-03-27 15:24:23.385 | INFO     | __main__:wake_callback:176 - ==================================================
2025-03-27 15:24:23.385 | INFO     | __main__:start_speech_recognition:295 - 开始语音识别...
2025-03-27 15:24:23.560 | INFO     | __main__:run:523 - * 开始录音...
2025-03-27 15:24:25.422 | INFO     | __main__:on_message:381 - 你好
2025-03-27 15:24:26.942 | INFO     | __main__:on_message:381 - 。
2025-03-27 15:24:29.618 | INFO     | __main__:on_close:501 - 
### 语音识别结束 ###
2025-03-27 15:24:29.618 | INFO     | __main__:run:556 - * 录音结束
2025-03-27 15:24:29.633 | INFO     | __main__:on_close:503 - 
正在分析关键词...
2025-03-27 15:24:34.488 | INFO     | __main__:main:580 - 继续监听唤醒词...
2025-03-27 15:24:35.551 | INFO     | __main__:start_wake_detection:268 - 开始监听唤醒词...
2025-03-27 15:24:39.195 | INFO     | __main__:wake_callback:170 - ==================================================
2025-03-27 15:24:39.195 | INFO     | __main__:wake_callback:171 - >>> 检测到唤醒词！请说出您的指令 <<<
2025-03-27 15:24:42.672 | INFO     | __main__:wake_callback:176 - ==================================================
2025-03-27 15:24:42.672 | INFO     | __main__:start_speech_recognition:295 - 开始语音识别...
2025-03-27 15:24:42.859 | INFO     | __main__:run:523 - * 开始录音...
2025-03-27 15:24:46.823 | INFO     | __main__:on_message:381 - 把红色方块放入方形盒子中
2025-03-27 15:24:48.117 | INFO     | __main__:on_message:381 - 。
2025-03-27 15:24:48.943 | INFO     | __main__:on_close:501 - 
### 语音识别结束 ###
2025-03-27 15:24:48.943 | INFO     | __main__:on_close:503 - 
正在分析关键词...
2025-03-27 15:24:48.943 | INFO     | __main__:run:556 - * 录音结束
2025-03-27 15:24:48.943 | INFO     | __main__:match_keywords:495 - 找到匹配关键词: 方块 匹配 方块
2025-03-27 15:24:48.943 | INFO     | __main__:match_keywords:495 - 找到匹配关键词: 方形 匹配 方形
2025-03-27 15:24:54.128 | INFO     | __main__:process_text_and_send_signal:447 - 发送信号: 401
2025-03-27 15:24:54.128 | INFO     | __main__:process_text_and_send_signal:448 - 切换表情：开心
2025-03-27 15:24:54.128 | INFO     | __main__:main:580 - 继续监听唤醒词...
2025-03-27 15:24:55.189 | INFO     | __main__:start_wake_detection:268 - 开始监听唤醒词...
2025-03-27 15:25:15.486 | INFO     | __main__:wake_callback:170 - ==================================================
2025-03-27 15:25:15.486 | INFO     | __main__:wake_callback:171 - >>> 检测到唤醒词！请说出您的指令 <<<
2025-03-27 15:25:18.874 | INFO     | __main__:wake_callback:176 - ==================================================
2025-03-27 15:25:18.874 | INFO     | __main__:start_speech_recognition:295 - 开始语音识别...
2025-03-27 15:25:19.058 | INFO     | __main__:run:523 - * 开始录音...
2025-03-27 15:25:24.042 | INFO     | __main__:on_message:381 - 把红色圆形放入圆形盒子中
2025-03-27 15:25:25.079 | INFO     | __main__:on_message:381 - 。
2025-03-27 15:25:25.131 | INFO     | __main__:on_close:501 - 
### 语音识别结束 ###
2025-03-27 15:25:25.131 | INFO     | __main__:on_close:503 - 
正在分析关键词...
2025-03-27 15:25:25.132 | INFO     | __main__:run:556 - * 录音结束
2025-03-27 15:25:25.133 | INFO     | __main__:match_keywords:495 - 找到匹配关键词: 圆形 匹配 圆形
2025-03-27 15:25:25.133 | INFO     | __main__:match_keywords:495 - 找到匹配关键词: 圆形 匹配 圆形
2025-03-27 15:25:30.356 | INFO     | __main__:process_text_and_send_signal:468 - 发送信号: 404
2025-03-27 15:25:30.356 | INFO     | __main__:process_text_and_send_signal:469 - 切换表情：开心
2025-03-27 15:25:30.356 | INFO     | __main__:main:580 - 继续监听唤醒词...
2025-03-27 15:25:31.386 | INFO     | __main__:start_wake_detection:268 - 开始监听唤醒词...
2025-03-27 16:34:21.721 | INFO     | __main__:wake_callback:170 - ==================================================
2025-03-27 16:34:21.723 | INFO     | __main__:wake_callback:171 - >>> 检测到唤醒词！请说出您的指令 <<<
2025-03-27 16:34:25.167 | INFO     | __main__:wake_callback:176 - ==================================================
2025-03-27 16:34:25.175 | INFO     | __main__:start_speech_recognition:295 - 开始语音识别...
2025-03-27 16:34:25.374 | INFO     | __main__:run:523 - * 开始录音...
2025-03-27 16:34:29.012 | INFO     | __main__:on_message:381 - 呃
2025-03-27 16:34:30.813 | INFO     | __main__:on_message:381 - ，加一个
2025-03-27 16:34:31.437 | INFO     | __main__:on_close:501 - 
### 语音识别结束 ###
2025-03-27 16:34:31.438 | INFO     | __main__:on_close:503 - 
正在分析关键词...
2025-03-27 16:34:31.444 | INFO     | __main__:run:556 - * 录音结束
2025-03-27 16:34:36.343 | INFO     | __main__:main:580 - 继续监听唤醒词...
2025-03-27 16:34:37.397 | INFO     | __main__:start_wake_detection:268 - 开始监听唤醒词...
2025-03-27 16:34:49.696 | INFO     | __main__:wake_callback:170 - ==================================================
2025-03-27 16:34:49.696 | INFO     | __main__:wake_callback:171 - >>> 检测到唤醒词！请说出您的指令 <<<
2025-03-27 16:34:53.051 | INFO     | __main__:wake_callback:176 - ==================================================
2025-03-27 16:34:53.055 | INFO     | __main__:start_speech_recognition:295 - 开始语音识别...
2025-03-27 16:34:53.267 | INFO     | __main__:run:523 - * 开始录音...
2025-03-27 16:34:59.285 | INFO     | __main__:on_message:381 - 
2025-03-27 16:34:59.337 | INFO     | __main__:on_close:501 - 
### 语音识别结束 ###
2025-03-27 16:34:59.338 | INFO     | __main__:run:556 - * 录音结束
2025-03-27 16:34:59.341 | INFO     | __main__:main:580 - 继续监听唤醒词...
2025-03-27 16:35:00.409 | INFO     | __main__:start_wake_detection:268 - 开始监听唤醒词...
2025-03-27 16:35:09.193 | INFO     | __main__:wake_callback:170 - ==================================================
2025-03-27 16:35:09.193 | INFO     | __main__:wake_callback:171 - >>> 检测到唤醒词！请说出您的指令 <<<
2025-03-27 16:35:20.051 | INFO     | __main__:wake_callback:176 - ==================================================
2025-03-27 16:35:20.055 | INFO     | __main__:start_speech_recognition:295 - 开始语音识别...
2025-03-27 16:35:20.256 | INFO     | __main__:run:523 - * 开始录音...
2025-03-27 16:35:26.308 | INFO     | __main__:on_close:501 - 
### 语音识别结束 ###
2025-03-27 16:35:26.308 | INFO     | __main__:main:580 - 继续监听唤醒词...
2025-03-27 16:35:26.327 | INFO     | __main__:run:556 - * 录音结束
2025-03-27 16:35:27.346 | INFO     | __main__:start_wake_detection:268 - 开始监听唤醒词...
2025-03-27 16:35:30.043 | INFO     | __main__:wake_callback:170 - ==================================================
2025-03-27 16:35:30.058 | INFO     | __main__:wake_callback:171 - >>> 检测到唤醒词！请说出您的指令 <<<
2025-03-27 16:35:33.505 | INFO     | __main__:wake_callback:176 - ==================================================
2025-03-27 16:35:33.511 | INFO     | __main__:start_speech_recognition:295 - 开始语音识别...
2025-03-27 16:35:33.683 | INFO     | __main__:run:523 - * 开始录音...
2025-03-27 16:35:37.640 | INFO     | __main__:on_message:381 - 把绿色方块放入圆形盒子
2025-03-27 16:35:38.933 | INFO     | __main__:on_message:381 - 。
2025-03-27 16:35:39.769 | INFO     | __main__:on_close:501 - 
### 语音识别结束 ###
2025-03-27 16:35:39.772 | INFO     | __main__:on_close:503 - 
正在分析关键词...
2025-03-27 16:35:39.772 | INFO     | __main__:run:556 - * 录音结束
2025-03-27 16:35:39.772 | INFO     | __main__:match_keywords:495 - 找到匹配关键词: 方块 匹配 方块
2025-03-27 16:35:39.772 | INFO     | __main__:match_keywords:495 - 找到匹配关键词: 圆形 匹配 圆形
2025-03-27 16:35:45.035 | INFO     | __main__:process_text_and_send_signal:454 - 发送信号: 402
2025-03-27 16:35:45.035 | INFO     | __main__:process_text_and_send_signal:455 - 切换表情：开心
2025-03-27 16:35:45.035 | INFO     | __main__:main:580 - 继续监听唤醒词...
2025-03-27 16:35:46.091 | INFO     | __main__:start_wake_detection:268 - 开始监听唤醒词...
2025-03-27 16:37:03.035 | INFO     | __main__:wake_callback:170 - ==================================================
2025-03-27 16:37:03.036 | INFO     | __main__:wake_callback:171 - >>> 检测到唤醒词！请说出您的指令 <<<
2025-03-27 16:37:06.384 | INFO     | __main__:wake_callback:176 - ==================================================
2025-03-27 16:37:06.388 | INFO     | __main__:start_speech_recognition:295 - 开始语音识别...
2025-03-27 16:37:06.656 | INFO     | __main__:run:523 - * 开始录音...
2025-03-27 16:37:10.500 | INFO     | __main__:on_message:381 - 把绿色方块放入圆形盒子
2025-03-27 16:37:11.905 | INFO     | __main__:on_message:381 - 。
2025-03-27 16:37:12.726 | INFO     | __main__:on_close:501 - 
### 语音识别结束 ###
2025-03-27 16:37:12.727 | INFO     | __main__:run:556 - * 录音结束
2025-03-27 16:37:12.728 | INFO     | __main__:on_close:503 - 
正在分析关键词...
2025-03-27 16:37:12.730 | INFO     | __main__:match_keywords:495 - 找到匹配关键词: 方块 匹配 方块
2025-03-27 16:37:12.731 | INFO     | __main__:match_keywords:495 - 找到匹配关键词: 圆形 匹配 圆形
2025-03-27 16:37:17.972 | INFO     | __main__:process_text_and_send_signal:454 - 发送信号: 402
2025-03-27 16:37:17.972 | INFO     | __main__:process_text_and_send_signal:455 - 切换表情：开心
2025-03-27 16:37:17.974 | INFO     | __main__:main:580 - 继续监听唤醒词...
2025-03-27 16:37:19.024 | INFO     | __main__:start_wake_detection:268 - 开始监听唤醒词...
2025-03-27 16:38:56.130 | INFO     | __main__:wake_callback:170 - ==================================================
2025-03-27 16:38:56.131 | INFO     | __main__:wake_callback:171 - >>> 检测到唤醒词！请说出您的指令 <<<
2025-03-27 16:38:59.555 | INFO     | __main__:wake_callback:176 - ==================================================
2025-03-27 16:38:59.560 | INFO     | __main__:start_speech_recognition:295 - 开始语音识别...
2025-03-27 16:38:59.748 | INFO     | __main__:run:523 - * 开始录音...
2025-03-27 16:39:04.355 | INFO     | __main__:on_message:381 - 把绿色方块放入圆形盒子
2025-03-27 16:39:05.689 | INFO     | __main__:on_message:381 - 。
2025-03-27 16:39:05.814 | INFO     | __main__:on_close:501 - 
### 语音识别结束 ###
2025-03-27 16:39:05.815 | INFO     | __main__:run:556 - * 录音结束
2025-03-27 16:39:05.815 | INFO     | __main__:on_close:503 - 
正在分析关键词...
2025-03-27 16:39:05.819 | INFO     | __main__:match_keywords:495 - 找到匹配关键词: 方块 匹配 方块
2025-03-27 16:39:05.820 | INFO     | __main__:match_keywords:495 - 找到匹配关键词: 圆形 匹配 圆形
2025-03-27 16:39:11.132 | INFO     | __main__:process_text_and_send_signal:454 - 发送信号: 402
2025-03-27 16:39:11.133 | INFO     | __main__:process_text_and_send_signal:455 - 切换表情：开心
2025-03-27 16:39:11.138 | INFO     | __main__:main:580 - 继续监听唤醒词...
2025-03-27 16:39:12.189 | INFO     | __main__:start_wake_detection:268 - 开始监听唤醒词...
2025-03-27 16:40:10.383 | INFO     | __main__:wake_callback:170 - ==================================================
2025-03-27 16:40:10.383 | INFO     | __main__:wake_callback:171 - >>> 检测到唤醒词！请说出您的指令 <<<
2025-03-27 16:40:13.721 | INFO     | __main__:wake_callback:176 - ==================================================
2025-03-27 16:40:13.726 | INFO     | __main__:start_speech_recognition:295 - 开始语音识别...
2025-03-27 16:40:14.044 | INFO     | __main__:run:523 - * 开始录音...
2025-03-27 16:40:20.054 | INFO     | __main__:on_message:381 - 
2025-03-27 16:40:20.110 | INFO     | __main__:on_close:501 - 
### 语音识别结束 ###
2025-03-27 16:40:20.110 | INFO     | __main__:run:556 - * 录音结束
2025-03-27 16:40:20.110 | INFO     | __main__:main:580 - 继续监听唤醒词...
2025-03-27 16:40:21.158 | INFO     | __main__:start_wake_detection:268 - 开始监听唤醒词...
2025-03-27 18:31:30.773 | INFO     | __main__:wake_callback:170 - ==================================================
2025-03-27 18:31:30.773 | INFO     | __main__:wake_callback:171 - >>> 检测到唤醒词！请说出您的指令 <<<
2025-03-27 18:31:34.277 | INFO     | __main__:wake_callback:176 - ==================================================
2025-03-27 18:31:34.277 | INFO     | __main__:start_speech_recognition:295 - 开始语音识别...
2025-03-27 18:31:34.465 | INFO     | __main__:run:523 - * 开始录音...
2025-03-27 18:31:36.837 | INFO     | __main__:on_message:381 - 后面还想买，想买了
2025-03-27 18:31:38.247 | INFO     | __main__:on_message:381 - 。
2025-03-27 18:31:40.566 | INFO     | __main__:on_close:501 - 
### 语音识别结束 ###
2025-03-27 18:31:40.566 | INFO     | __main__:run:556 - * 录音结束
2025-03-27 18:31:40.566 | INFO     | __main__:on_close:503 - 
正在分析关键词...
2025-03-27 18:31:45.394 | INFO     | __main__:main:580 - 继续监听唤醒词...
2025-03-27 18:31:46.451 | INFO     | __main__:start_wake_detection:268 - 开始监听唤醒词...
2025-03-28 11:49:48.595 | INFO     | __main__:wake_callback:170 - ==================================================
2025-03-28 11:49:48.595 | INFO     | __main__:wake_callback:171 - >>> 检测到唤醒词！请说出您的指令 <<<
2025-03-28 11:49:52.137 | INFO     | __main__:wake_callback:176 - ==================================================
2025-03-28 11:49:52.147 | INFO     | __main__:start_speech_recognition:295 - 开始语音识别...
2025-03-28 11:49:52.357 | INFO     | __main__:run:523 - * 开始录音...
2025-03-28 11:49:56.046 | INFO     | __main__:on_message:381 - 我大概就是用4点标定
2025-03-28 11:49:58.416 | INFO     | __main__:on_close:501 - 
### 语音识别结束 ###
2025-03-28 11:49:58.416 | INFO     | __main__:on_close:503 - 
正在分析关键词...
2025-03-28 11:49:58.416 | INFO     | __main__:run:556 - * 录音结束
2025-03-28 11:50:03.257 | INFO     | __main__:main:580 - 继续监听唤醒词...
2025-03-28 11:50:04.319 | INFO     | __main__:start_wake_detection:268 - 开始监听唤醒词...
2025-03-28 15:31:39.097 | INFO     | __main__:wake_callback:170 - ==================================================
2025-03-28 15:31:39.097 | INFO     | __main__:wake_callback:171 - >>> 检测到唤醒词！请说出您的指令 <<<
2025-03-28 15:31:42.459 | INFO     | __main__:wake_callback:176 - ==================================================
2025-03-28 15:31:42.469 | INFO     | __main__:start_speech_recognition:295 - 开始语音识别...
2025-03-28 15:31:42.673 | INFO     | __main__:run:523 - * 开始录音...
2025-03-28 15:31:43.929 | INFO     | __main__:on_message:381 - 谢谢
2025-03-28 15:31:45.860 | INFO     | __main__:on_message:381 - ！
2025-03-28 15:31:48.736 | INFO     | __main__:on_close:501 - 
### 语音识别结束 ###
2025-03-28 15:31:48.736 | INFO     | __main__:on_close:503 - 
正在分析关键词...
2025-03-28 15:31:48.736 | INFO     | __main__:run:556 - * 录音结束
2025-03-28 15:31:53.499 | INFO     | __main__:main:580 - 继续监听唤醒词...
2025-03-28 15:31:54.555 | INFO     | __main__:start_wake_detection:268 - 开始监听唤醒词...
2025-03-28 15:32:52.748 | INFO     | __main__:wake_callback:170 - ==================================================
2025-03-28 15:32:52.748 | INFO     | __main__:wake_callback:171 - >>> 检测到唤醒词！请说出您的指令 <<<
2025-03-28 15:32:56.220 | INFO     | __main__:wake_callback:176 - ==================================================
2025-03-28 15:32:56.220 | INFO     | __main__:start_speech_recognition:295 - 开始语音识别...
2025-03-28 15:32:56.436 | INFO     | __main__:run:523 - * 开始录音...
2025-03-28 15:32:58.162 | INFO     | __main__:on_message:381 - 你告诉我
2025-03-28 15:32:59.576 | INFO     | __main__:on_message:381 - 。
2025-03-28 15:33:02.497 | INFO     | __main__:on_close:501 - 
### 语音识别结束 ###
2025-03-28 15:33:02.497 | INFO     | __main__:on_close:503 - 
正在分析关键词...
2025-03-28 15:33:02.497 | INFO     | __main__:run:556 - * 录音结束
2025-03-28 15:33:07.322 | INFO     | __main__:main:580 - 继续监听唤醒词...
2025-03-28 15:33:08.380 | INFO     | __main__:start_wake_detection:268 - 开始监听唤醒词...
2025-03-28 15:35:17.804 | INFO     | __main__:wake_callback:170 - ==================================================
2025-03-28 15:35:17.804 | INFO     | __main__:wake_callback:171 - >>> 检测到唤醒词！请说出您的指令 <<<
2025-03-28 15:35:21.306 | INFO     | __main__:wake_callback:176 - ==================================================
2025-03-28 15:35:21.309 | INFO     | __main__:start_speech_recognition:295 - 开始语音识别...
2025-03-28 15:35:21.505 | INFO     | __main__:run:523 - * 开始录音...
2025-03-28 15:35:24.704 | INFO     | __main__:on_message:381 - 把红色东西放到红色的盒子里
2025-03-28 15:35:26.049 | INFO     | __main__:on_message:381 - 。
2025-03-28 15:35:27.568 | INFO     | __main__:on_close:501 - 
### 语音识别结束 ###
2025-03-28 15:35:27.568 | INFO     | __main__:on_close:503 - 
正在分析关键词...
2025-03-28 15:35:27.568 | INFO     | __main__:run:556 - * 录音结束
2025-03-28 15:35:27.568 | INFO     | __main__:match_keywords:495 - 找到匹配关键词: 红色 匹配 红色
2025-03-28 15:35:27.568 | INFO     | __main__:match_keywords:495 - 找到匹配关键词: 红色 匹配 红色
2025-03-28 15:35:32.960 | INFO     | __main__:process_text_and_send_signal:461 - 发送信号: 403
2025-03-28 15:35:32.960 | INFO     | __main__:process_text_and_send_signal:462 - 切换表情：开心
2025-03-28 15:35:32.960 | INFO     | __main__:main:580 - 继续监听唤醒词...
2025-03-28 15:35:34.015 | INFO     | __main__:start_wake_detection:268 - 开始监听唤醒词...
2025-03-28 15:38:16.211 | INFO     | __main__:wake_callback:170 - ==================================================
2025-03-28 15:38:16.211 | INFO     | __main__:wake_callback:171 - >>> 检测到唤醒词！请说出您的指令 <<<
2025-03-28 15:38:19.645 | INFO     | __main__:wake_callback:176 - ==================================================
2025-03-28 15:38:19.655 | INFO     | __main__:start_speech_recognition:295 - 开始语音识别...
2025-03-28 15:38:19.843 | INFO     | __main__:run:523 - * 开始录音...
2025-03-28 15:38:25.229 | INFO     | __main__:on_message:381 - 然后我看
2025-03-28 15:38:25.856 | INFO     | __main__:on_message:381 - 。
2025-03-28 15:38:25.919 | INFO     | __main__:on_close:501 - 
### 语音识别结束 ###
2025-03-28 15:38:25.919 | INFO     | __main__:run:556 - * 录音结束
2025-03-28 15:38:25.919 | INFO     | __main__:on_close:503 - 
正在分析关键词...
2025-03-28 15:38:30.763 | INFO     | __main__:main:580 - 继续监听唤醒词...
2025-03-28 15:38:31.826 | INFO     | __main__:start_wake_detection:268 - 开始监听唤醒词...
2025-03-28 15:44:58.742 | ERROR    | __main__:start_wake_detection:288 - 唤醒检测错误: [Errno -9999] Unanticipated host error
2025-03-28 15:44:58.747 | INFO     | __main__:main:580 - 继续监听唤醒词...
2025-03-28 15:44:59.794 | INFO     | __main__:start_wake_detection:268 - 开始监听唤醒词...
2025-03-28 15:45:00.144 | ERROR    | __main__:start_wake_detection:288 - 唤醒检测错误: [Errno -9999] Unanticipated host error
2025-03-28 15:45:00.189 | INFO     | __main__:main:580 - 继续监听唤醒词...
2025-03-28 15:45:01.242 | ERROR    | __main__:start_wake_detection:288 - 唤醒检测错误: [Errno -9999] Unanticipated host error
2025-03-28 15:45:01.305 | INFO     | __main__:main:580 - 继续监听唤醒词...
2025-03-28 15:45:02.335 | ERROR    | __main__:start_wake_detection:288 - 唤醒检测错误: [Errno -9999] Unanticipated host error
2025-03-28 15:45:02.366 | INFO     | __main__:main:580 - 继续监听唤醒词...
2025-03-28 15:45:03.438 | ERROR    | __main__:start_wake_detection:288 - 唤醒检测错误: [Errno -9999] Unanticipated host error
2025-03-28 15:45:03.485 | INFO     | __main__:main:580 - 继续监听唤醒词...
2025-03-28 15:45:04.534 | ERROR    | __main__:start_wake_detection:288 - 唤醒检测错误: [Errno -9999] Unanticipated host error
2025-03-28 15:45:04.581 | INFO     | __main__:main:580 - 继续监听唤醒词...
2025-03-28 15:45:05.635 | ERROR    | __main__:start_wake_detection:288 - 唤醒检测错误: [Errno -9999] Unanticipated host error
2025-03-28 15:45:05.683 | INFO     | __main__:main:580 - 继续监听唤醒词...
2025-03-28 15:45:06.722 | ERROR    | __main__:start_wake_detection:288 - 唤醒检测错误: [Errno -9999] Unanticipated host error
2025-03-28 15:45:06.768 | INFO     | __main__:main:580 - 继续监听唤醒词...
2025-03-28 15:45:07.839 | ERROR    | __main__:start_wake_detection:288 - 唤醒检测错误: [Errno -9999] Unanticipated host error
2025-03-28 15:45:07.887 | INFO     | __main__:main:580 - 继续监听唤醒词...
2025-03-28 15:45:08.934 | ERROR    | __main__:start_wake_detection:288 - 唤醒检测错误: [Errno -9999] Unanticipated host error
2025-03-28 15:45:08.987 | INFO     | __main__:main:580 - 继续监听唤醒词...
2025-03-28 15:45:10.052 | ERROR    | __main__:start_wake_detection:288 - 唤醒检测错误: [Errno -9999] Unanticipated host error
2025-03-28 15:45:10.084 | INFO     | __main__:main:580 - 继续监听唤醒词...
2025-03-28 15:45:11.143 | ERROR    | __main__:start_wake_detection:288 - 唤醒检测错误: [Errno -9999] Unanticipated host error
2025-03-28 15:45:11.190 | INFO     | __main__:main:580 - 继续监听唤醒词...
2025-03-28 15:45:12.257 | ERROR    | __main__:start_wake_detection:288 - 唤醒检测错误: [Errno -9999] Unanticipated host error
2025-03-28 15:45:12.289 | INFO     | __main__:main:580 - 继续监听唤醒词...
2025-03-28 15:45:13.364 | ERROR    | __main__:start_wake_detection:288 - 唤醒检测错误: [Errno -9999] Unanticipated host error
2025-03-28 15:45:13.396 | INFO     | __main__:main:580 - 继续监听唤醒词...
2025-03-28 15:45:14.462 | ERROR    | __main__:start_wake_detection:288 - 唤醒检测错误: [Errno -9999] Unanticipated host error
2025-03-28 15:45:14.509 | INFO     | __main__:main:580 - 继续监听唤醒词...
2025-03-28 15:45:15.581 | ERROR    | __main__:start_wake_detection:288 - 唤醒检测错误: [Errno -9999] Unanticipated host error
2025-03-28 15:45:15.628 | INFO     | __main__:main:580 - 继续监听唤醒词...
2025-03-28 15:45:16.665 | ERROR    | __main__:start_wake_detection:288 - 唤醒检测错误: [Errno -9999] Unanticipated host error
2025-03-28 15:45:16.674 | INFO     | __main__:main:580 - 继续监听唤醒词...
2025-03-28 15:45:17.706 | ERROR    | __main__:start_wake_detection:288 - 唤醒检测错误: [Errno -9999] Unanticipated host error
2025-03-28 15:45:17.722 | INFO     | __main__:main:580 - 继续监听唤醒词...
2025-03-28 15:45:18.750 | ERROR    | __main__:start_wake_detection:288 - 唤醒检测错误: [Errno -9999] Unanticipated host error
2025-03-28 15:45:18.750 | INFO     | __main__:main:580 - 继续监听唤醒词...
2025-03-28 15:45:19.785 | ERROR    | __main__:start_wake_detection:288 - 唤醒检测错误: [Errno -9999] Unanticipated host error
2025-03-28 15:45:19.832 | INFO     | __main__:main:580 - 继续监听唤醒词...
2025-03-28 15:45:20.894 | ERROR    | __main__:start_wake_detection:288 - 唤醒检测错误: [Errno -9999] Unanticipated host error
2025-03-28 15:45:20.925 | INFO     | __main__:main:580 - 继续监听唤醒词...
2025-03-28 15:45:22.003 | ERROR    | __main__:start_wake_detection:288 - 唤醒检测错误: [Errno -9999] Unanticipated host error
2025-03-28 15:45:22.050 | INFO     | __main__:main:580 - 继续监听唤醒词...
2025-03-28 15:45:23.097 | ERROR    | __main__:start_wake_detection:288 - 唤醒检测错误: [Errno -9999] Unanticipated host error
2025-03-28 15:45:23.128 | INFO     | __main__:main:580 - 继续监听唤醒词...
2025-03-28 15:45:24.191 | ERROR    | __main__:start_wake_detection:288 - 唤醒检测错误: [Errno -9999] Unanticipated host error
2025-03-28 15:45:24.237 | INFO     | __main__:main:580 - 继续监听唤醒词...
2025-03-28 15:45:25.300 | ERROR    | __main__:start_wake_detection:288 - 唤醒检测错误: [Errno -9999] Unanticipated host error
2025-03-28 15:45:25.347 | INFO     | __main__:main:580 - 继续监听唤醒词...
2025-03-28 15:45:26.409 | ERROR    | __main__:start_wake_detection:288 - 唤醒检测错误: [Errno -9999] Unanticipated host error
2025-03-28 15:45:26.440 | INFO     | __main__:main:580 - 继续监听唤醒词...
2025-03-28 15:45:27.518 | ERROR    | __main__:start_wake_detection:288 - 唤醒检测错误: [Errno -9999] Unanticipated host error
2025-03-28 15:45:27.581 | INFO     | __main__:main:580 - 继续监听唤醒词...
2025-03-28 15:45:28.628 | ERROR    | __main__:start_wake_detection:288 - 唤醒检测错误: [Errno -9999] Unanticipated host error
2025-03-28 15:45:28.674 | INFO     | __main__:main:580 - 继续监听唤醒词...
2025-03-28 15:45:29.707 | ERROR    | __main__:start_wake_detection:288 - 唤醒检测错误: [Errno -9999] Unanticipated host error
2025-03-28 15:45:29.785 | INFO     | __main__:main:580 - 继续监听唤醒词...
2025-03-28 15:45:30.816 | ERROR    | __main__:start_wake_detection:288 - 唤醒检测错误: [Errno -9999] Unanticipated host error
2025-03-28 15:45:30.863 | INFO     | __main__:main:580 - 继续监听唤醒词...
2025-03-28 15:45:31.925 | ERROR    | __main__:start_wake_detection:288 - 唤醒检测错误: [Errno -9999] Unanticipated host error
2025-03-28 15:45:31.972 | INFO     | __main__:main:580 - 继续监听唤醒词...
2025-03-28 15:45:33.019 | ERROR    | __main__:start_wake_detection:288 - 唤醒检测错误: [Errno -9999] Unanticipated host error
2025-03-28 15:45:33.050 | INFO     | __main__:main:580 - 继续监听唤醒词...
2025-03-28 15:45:34.081 | ERROR    | __main__:start_wake_detection:288 - 唤醒检测错误: [Errno -9999] Unanticipated host error
2025-03-28 15:45:34.144 | INFO     | __main__:main:580 - 继续监听唤醒词...
2025-03-28 15:45:35.190 | ERROR    | __main__:start_wake_detection:288 - 唤醒检测错误: [Errno -9999] Unanticipated host error
2025-03-28 15:45:35.237 | INFO     | __main__:main:580 - 继续监听唤醒词...
2025-03-28 15:45:36.300 | ERROR    | __main__:start_wake_detection:288 - 唤醒检测错误: [Errno -9999] Unanticipated host error
2025-03-28 15:45:36.346 | INFO     | __main__:main:580 - 继续监听唤醒词...
2025-03-28 15:45:37.409 | ERROR    | __main__:start_wake_detection:288 - 唤醒检测错误: [Errno -9999] Unanticipated host error
2025-03-28 15:45:37.456 | INFO     | __main__:main:580 - 继续监听唤醒词...
2025-03-28 15:45:38.534 | ERROR    | __main__:start_wake_detection:288 - 唤醒检测错误: [Errno -9999] Unanticipated host error
2025-03-28 15:45:38.581 | INFO     | __main__:main:580 - 继续监听唤醒词...
2025-03-28 15:45:39.659 | ERROR    | __main__:start_wake_detection:288 - 唤醒检测错误: [Errno -9999] Unanticipated host error
2025-03-28 15:45:39.690 | INFO     | __main__:main:580 - 继续监听唤醒词...
2025-03-28 15:45:40.768 | ERROR    | __main__:start_wake_detection:288 - 唤醒检测错误: [Errno -9999] Unanticipated host error
2025-03-28 15:45:40.799 | INFO     | __main__:main:580 - 继续监听唤醒词...
2025-03-28 15:45:41.830 | ERROR    | __main__:start_wake_detection:288 - 唤醒检测错误: [Errno -9999] Unanticipated host error
2025-03-28 15:45:41.877 | INFO     | __main__:main:580 - 继续监听唤醒词...
2025-03-28 15:45:42.908 | ERROR    | __main__:start_wake_detection:288 - 唤醒检测错误: [Errno -9999] Unanticipated host error
2025-03-28 15:45:42.955 | INFO     | __main__:main:580 - 继续监听唤醒词...
2025-03-28 15:45:44.017 | ERROR    | __main__:start_wake_detection:288 - 唤醒检测错误: [Errno -9999] Unanticipated host error
2025-03-28 15:45:44.049 | INFO     | __main__:main:580 - 继续监听唤醒词...
2025-03-28 15:45:45.096 | ERROR    | __main__:start_wake_detection:288 - 唤醒检测错误: [Errno -9999] Unanticipated host error
2025-03-28 15:45:45.142 | INFO     | __main__:main:580 - 继续监听唤醒词...
2025-03-28 15:45:46.205 | ERROR    | __main__:start_wake_detection:288 - 唤醒检测错误: [Errno -9999] Unanticipated host error
2025-03-28 15:45:46.252 | INFO     | __main__:main:580 - 继续监听唤醒词...
2025-03-28 15:45:47.314 | ERROR    | __main__:start_wake_detection:288 - 唤醒检测错误: [Errno -9999] Unanticipated host error
2025-03-28 15:45:47.361 | INFO     | __main__:main:580 - 继续监听唤醒词...
2025-03-28 15:45:48.408 | ERROR    | __main__:start_wake_detection:288 - 唤醒检测错误: [Errno -9999] Unanticipated host error
2025-03-28 15:45:48.439 | INFO     | __main__:main:580 - 继续监听唤醒词...
2025-03-28 15:45:49.486 | ERROR    | __main__:start_wake_detection:288 - 唤醒检测错误: [Errno -9999] Unanticipated host error
2025-03-28 15:45:49.548 | INFO     | __main__:main:580 - 继续监听唤醒词...
2025-03-28 15:45:50.580 | ERROR    | __main__:start_wake_detection:288 - 唤醒检测错误: [Errno -9999] Unanticipated host error
2025-03-28 15:45:50.626 | INFO     | __main__:main:580 - 继续监听唤醒词...
2025-03-28 15:45:51.674 | ERROR    | __main__:start_wake_detection:288 - 唤醒检测错误: [Errno -9999] Unanticipated host error
2025-03-28 15:45:51.705 | INFO     | __main__:main:580 - 继续监听唤醒词...
2025-03-28 15:45:52.752 | ERROR    | __main__:start_wake_detection:288 - 唤醒检测错误: [Errno -9999] Unanticipated host error
2025-03-28 15:45:52.767 | INFO     | __main__:main:580 - 继续监听唤醒词...
2025-03-28 15:45:53.830 | ERROR    | __main__:start_wake_detection:288 - 唤醒检测错误: [Errno -9999] Unanticipated host error
2025-03-28 15:45:53.876 | INFO     | __main__:main:580 - 继续监听唤醒词...
2025-03-28 15:45:54.924 | ERROR    | __main__:start_wake_detection:288 - 唤醒检测错误: [Errno -9999] Unanticipated host error
2025-03-28 15:45:54.970 | INFO     | __main__:main:580 - 继续监听唤醒词...
2025-03-28 15:45:56.018 | ERROR    | __main__:start_wake_detection:288 - 唤醒检测错误: [Errno -9999] Unanticipated host error
2025-03-28 15:45:56.065 | INFO     | __main__:main:580 - 继续监听唤醒词...
2025-03-28 15:45:57.096 | ERROR    | __main__:start_wake_detection:288 - 唤醒检测错误: [Errno -9999] Unanticipated host error
2025-03-28 15:45:57.143 | INFO     | __main__:main:580 - 继续监听唤醒词...
2025-03-28 15:45:58.191 | ERROR    | __main__:start_wake_detection:288 - 唤醒检测错误: [Errno -9999] Unanticipated host error
2025-03-28 15:45:58.234 | INFO     | __main__:main:580 - 继续监听唤醒词...
2025-03-28 15:45:59.248 | ERROR    | __main__:start_wake_detection:288 - 唤醒检测错误: [Errno -9999] Unanticipated host error
2025-03-28 15:45:59.342 | INFO     | __main__:main:580 - 继续监听唤醒词...
2025-03-28 15:46:00.378 | ERROR    | __main__:start_wake_detection:288 - 唤醒检测错误: [Errno -9999] Unanticipated host error
2025-03-28 15:46:00.409 | INFO     | __main__:main:580 - 继续监听唤醒词...
2025-03-28 15:46:01.447 | ERROR    | __main__:start_wake_detection:288 - 唤醒检测错误: [Errno -9999] Unanticipated host error
2025-03-28 15:46:01.518 | INFO     | __main__:main:580 - 继续监听唤醒词...
2025-03-28 15:46:02.701 | ERROR    | __main__:start_wake_detection:288 - 唤醒检测错误: [Errno -9999] Unanticipated host error
2025-03-28 15:46:02.742 | INFO     | __main__:main:580 - 继续监听唤醒词...
2025-03-28 15:46:03.781 | ERROR    | __main__:start_wake_detection:288 - 唤醒检测错误: [Errno -9999] Unanticipated host error
2025-03-28 15:46:03.860 | INFO     | __main__:main:580 - 继续监听唤醒词...
2025-03-28 15:46:04.880 | ERROR    | __main__:start_wake_detection:288 - 唤醒检测错误: [Errno -9999] Unanticipated host error
2025-03-28 15:46:04.911 | INFO     | __main__:main:580 - 继续监听唤醒词...
2025-03-28 15:46:05.962 | ERROR    | __main__:start_wake_detection:288 - 唤醒检测错误: [Errno -9999] Unanticipated host error
2025-03-28 15:46:06.000 | INFO     | __main__:main:580 - 继续监听唤醒词...
2025-03-28 15:46:07.045 | ERROR    | __main__:start_wake_detection:288 - 唤醒检测错误: [Errno -9999] Unanticipated host error
2025-03-28 15:46:07.092 | INFO     | __main__:main:580 - 继续监听唤醒词...
2025-03-28 15:46:08.158 | ERROR    | __main__:start_wake_detection:288 - 唤醒检测错误: [Errno -9999] Unanticipated host error
2025-03-28 15:46:08.206 | INFO     | __main__:main:580 - 继续监听唤醒词...
2025-03-28 15:46:09.257 | ERROR    | __main__:start_wake_detection:288 - 唤醒检测错误: [Errno -9999] Unanticipated host error
2025-03-28 15:46:09.307 | INFO     | __main__:main:580 - 继续监听唤醒词...
2025-03-28 15:46:10.370 | ERROR    | __main__:start_wake_detection:288 - 唤醒检测错误: [Errno -9999] Unanticipated host error
2025-03-28 15:46:10.417 | INFO     | __main__:main:580 - 继续监听唤醒词...
2025-03-28 15:46:11.452 | ERROR    | __main__:start_wake_detection:288 - 唤醒检测错误: [Errno -9999] Unanticipated host error
2025-03-28 15:46:11.499 | INFO     | __main__:main:580 - 继续监听唤醒词...
2025-03-28 15:46:12.550 | ERROR    | __main__:start_wake_detection:288 - 唤醒检测错误: [Errno -9999] Unanticipated host error
2025-03-28 15:46:12.597 | INFO     | __main__:main:580 - 继续监听唤醒词...
2025-03-28 15:46:13.649 | ERROR    | __main__:start_wake_detection:288 - 唤醒检测错误: [Errno -9999] Unanticipated host error
2025-03-28 15:46:13.696 | INFO     | __main__:main:580 - 继续监听唤醒词...
2025-03-28 15:46:14.719 | ERROR    | __main__:start_wake_detection:288 - 唤醒检测错误: [Errno -9999] Unanticipated host error
2025-03-28 15:46:14.795 | INFO     | __main__:main:580 - 继续监听唤醒词...
2025-03-28 15:46:15.822 | ERROR    | __main__:start_wake_detection:288 - 唤醒检测错误: [Errno -9999] Unanticipated host error
2025-03-28 15:46:15.877 | INFO     | __main__:main:580 - 继续监听唤醒词...
2025-03-28 15:46:16.897 | ERROR    | __main__:start_wake_detection:288 - 唤醒检测错误: [Errno -9999] Unanticipated host error
2025-03-28 15:46:16.944 | INFO     | __main__:main:580 - 继续监听唤醒词...
2025-03-28 15:46:17.994 | ERROR    | __main__:start_wake_detection:288 - 唤醒检测错误: [Errno -9999] Unanticipated host error
2025-03-28 15:46:17.994 | INFO     | __main__:main:580 - 继续监听唤醒词...
2025-03-28 15:46:19.009 | ERROR    | __main__:start_wake_detection:288 - 唤醒检测错误: [Errno -9999] Unanticipated host error
2025-03-28 15:46:19.072 | INFO     | __main__:main:580 - 继续监听唤醒词...
2025-03-28 15:46:20.103 | ERROR    | __main__:start_wake_detection:288 - 唤醒检测错误: [Errno -9999] Unanticipated host error
2025-03-28 15:46:20.150 | INFO     | __main__:main:580 - 继续监听唤醒词...
2025-03-28 15:46:21.181 | ERROR    | __main__:start_wake_detection:288 - 唤醒检测错误: [Errno -9999] Unanticipated host error
2025-03-28 15:46:21.228 | INFO     | __main__:main:580 - 继续监听唤醒词...
2025-03-28 15:46:22.306 | ERROR    | __main__:start_wake_detection:288 - 唤醒检测错误: [Errno -9999] Unanticipated host error
2025-03-28 15:46:22.352 | INFO     | __main__:main:580 - 继续监听唤醒词...
2025-03-28 15:46:23.415 | ERROR    | __main__:start_wake_detection:288 - 唤醒检测错误: [Errno -9999] Unanticipated host error
2025-03-28 15:46:23.446 | INFO     | __main__:main:580 - 继续监听唤醒词...
2025-03-28 15:46:24.524 | ERROR    | __main__:start_wake_detection:288 - 唤醒检测错误: [Errno -9999] Unanticipated host error
2025-03-28 15:46:24.571 | INFO     | __main__:main:580 - 继续监听唤醒词...
2025-03-28 15:46:25.633 | ERROR    | __main__:start_wake_detection:288 - 唤醒检测错误: [Errno -9999] Unanticipated host error
2025-03-28 15:46:25.665 | INFO     | __main__:main:580 - 继续监听唤醒词...
2025-03-28 15:46:26.711 | ERROR    | __main__:start_wake_detection:288 - 唤醒检测错误: [Errno -9999] Unanticipated host error
2025-03-28 15:46:26.758 | INFO     | __main__:main:580 - 继续监听唤醒词...
2025-03-28 15:46:27.805 | ERROR    | __main__:start_wake_detection:288 - 唤醒检测错误: [Errno -9999] Unanticipated host error
2025-03-28 15:46:27.836 | INFO     | __main__:main:580 - 继续监听唤醒词...
2025-03-28 15:46:28.852 | ERROR    | __main__:start_wake_detection:288 - 唤醒检测错误: [Errno -9999] Unanticipated host error
2025-03-28 15:46:28.945 | INFO     | __main__:main:580 - 继续监听唤醒词...
2025-03-28 15:46:29.992 | ERROR    | __main__:start_wake_detection:288 - 唤醒检测错误: [Errno -9999] Unanticipated host error
2025-03-28 15:46:30.023 | INFO     | __main__:main:580 - 继续监听唤醒词...
2025-03-28 15:46:31.070 | ERROR    | __main__:start_wake_detection:288 - 唤醒检测错误: [Errno -9999] Unanticipated host error
2025-03-28 15:46:31.117 | INFO     | __main__:main:580 - 继续监听唤醒词...
2025-03-28 15:46:32.148 | ERROR    | __main__:start_wake_detection:288 - 唤醒检测错误: [Errno -9999] Unanticipated host error
2025-03-28 15:46:32.211 | INFO     | __main__:main:580 - 继续监听唤醒词...
2025-03-28 15:46:33.244 | ERROR    | __main__:start_wake_detection:288 - 唤醒检测错误: [Errno -9999] Unanticipated host error
2025-03-28 15:46:33.287 | INFO     | __main__:main:580 - 继续监听唤醒词...
2025-03-28 15:46:34.428 | INFO     | __main__:start_wake_detection:268 - 开始监听唤醒词...
2025-03-28 15:46:57.286 | INFO     | __main__:wake_callback:170 - ==================================================
2025-03-28 15:46:57.286 | INFO     | __main__:wake_callback:171 - >>> 检测到唤醒词！请说出您的指令 <<<
2025-03-28 15:47:00.769 | INFO     | __main__:wake_callback:176 - ==================================================
2025-03-28 15:47:00.780 | INFO     | __main__:start_speech_recognition:295 - 开始语音识别...
2025-03-28 15:47:00.937 | INFO     | __main__:run:523 - * 开始录音...
2025-03-28 15:47:06.949 | INFO     | __main__:on_message:381 - 
2025-03-28 15:47:06.995 | INFO     | __main__:on_close:501 - 
### 语音识别结束 ###
2025-03-28 15:47:06.995 | INFO     | __main__:run:556 - * 录音结束
2025-03-28 15:47:06.995 | INFO     | __main__:main:580 - 继续监听唤醒词...
2025-03-28 15:47:08.027 | INFO     | __main__:start_wake_detection:268 - 开始监听唤醒词...
2025-03-28 15:49:22.559 | INFO     | __main__:wake_callback:170 - ==================================================
2025-03-28 15:49:22.559 | INFO     | __main__:wake_callback:171 - >>> 检测到唤醒词！请说出您的指令 <<<
2025-03-28 15:49:25.907 | INFO     | __main__:wake_callback:176 - ==================================================
2025-03-28 15:49:25.907 | INFO     | __main__:start_speech_recognition:295 - 开始语音识别...
2025-03-28 15:49:26.078 | INFO     | __main__:run:523 - * 开始录音...
2025-03-28 15:49:32.093 | INFO     | __main__:on_message:381 - 
2025-03-28 15:49:32.150 | INFO     | __main__:on_close:501 - 
### 语音识别结束 ###
2025-03-28 15:49:32.150 | INFO     | __main__:run:556 - * 录音结束
2025-03-28 15:49:32.150 | INFO     | __main__:main:580 - 继续监听唤醒词...
2025-03-28 15:49:33.183 | INFO     | __main__:start_wake_detection:268 - 开始监听唤醒词...
2025-03-28 15:49:35.065 | INFO     | __main__:wake_callback:170 - ==================================================
2025-03-28 15:49:35.065 | INFO     | __main__:wake_callback:171 - >>> 检测到唤醒词！请说出您的指令 <<<
2025-03-28 15:49:38.502 | INFO     | __main__:wake_callback:176 - ==================================================
2025-03-28 15:49:38.502 | INFO     | __main__:start_speech_recognition:295 - 开始语音识别...
2025-03-28 15:49:38.650 | INFO     | __main__:run:523 - * 开始录音...
2025-03-28 15:49:40.565 | INFO     | __main__:on_message:381 - 要一下我看一下
2025-03-28 15:49:41.898 | INFO     | __main__:on_message:381 - 。
2025-03-28 15:49:44.708 | INFO     | __main__:on_close:501 - 
### 语音识别结束 ###
2025-03-28 15:49:44.708 | INFO     | __main__:on_close:503 - 
正在分析关键词...
2025-03-28 15:49:44.723 | INFO     | __main__:run:556 - * 录音结束
2025-03-28 15:49:49.516 | INFO     | __main__:main:580 - 继续监听唤醒词...
2025-03-28 15:49:50.579 | INFO     | __main__:start_wake_detection:268 - 开始监听唤醒词...
2025-03-28 15:49:51.693 | INFO     | __main__:wake_callback:170 - ==================================================
2025-03-28 15:49:51.693 | INFO     | __main__:wake_callback:171 - >>> 检测到唤醒词！请说出您的指令 <<<
2025-03-28 15:49:55.114 | INFO     | __main__:wake_callback:176 - ==================================================
2025-03-28 15:49:55.122 | INFO     | __main__:start_speech_recognition:295 - 开始语音识别...
2025-03-28 15:49:55.278 | INFO     | __main__:run:523 - * 开始录音...
2025-03-28 15:49:57.648 | INFO     | __main__:on_message:381 - 唉，从现在到现在终于到了
2025-03-28 15:49:59.045 | INFO     | __main__:on_message:381 - 。
2025-03-28 15:50:01.351 | INFO     | __main__:run:556 - * 录音结束
2025-03-28 15:50:01.351 | INFO     | __main__:on_close:501 - 
### 语音识别结束 ###
2025-03-28 15:50:01.351 | INFO     | __main__:on_close:503 - 
正在分析关键词...
2025-03-28 15:50:06.235 | INFO     | __main__:main:580 - 继续监听唤醒词...
2025-03-28 15:50:07.278 | INFO     | __main__:start_wake_detection:268 - 开始监听唤醒词...
2025-03-28 15:50:11.594 | INFO     | __main__:wake_callback:170 - ==================================================
2025-03-28 15:50:11.594 | INFO     | __main__:wake_callback:171 - >>> 检测到唤醒词！请说出您的指令 <<<
2025-03-28 15:50:15.077 | INFO     | __main__:wake_callback:176 - ==================================================
2025-03-28 15:50:15.084 | INFO     | __main__:start_speech_recognition:295 - 开始语音识别...
2025-03-28 15:50:15.232 | INFO     | __main__:run:523 - * 开始录音...
2025-03-28 15:50:17.083 | INFO     | __main__:on_message:381 - 谁呢
2025-03-28 15:50:19.658 | INFO     | __main__:on_message:381 - ？这个我不要了，他不就动了吗
2025-03-28 15:50:21.290 | INFO     | __main__:on_close:501 - 
### 语音识别结束 ###
2025-03-28 15:50:21.305 | INFO     | __main__:on_close:503 - 
正在分析关键词...
2025-03-28 15:50:21.305 | INFO     | __main__:run:556 - * 录音结束
2025-03-28 15:50:26.175 | INFO     | __main__:main:580 - 继续监听唤醒词...
2025-03-28 15:50:27.223 | INFO     | __main__:start_wake_detection:268 - 开始监听唤醒词...
2025-03-28 15:50:30.581 | INFO     | __main__:wake_callback:170 - ==================================================
2025-03-28 15:50:30.581 | INFO     | __main__:wake_callback:171 - >>> 检测到唤醒词！请说出您的指令 <<<
2025-03-28 15:50:33.918 | INFO     | __main__:wake_callback:176 - ==================================================
2025-03-28 15:50:33.918 | INFO     | __main__:start_speech_recognition:295 - 开始语音识别...
2025-03-28 15:50:34.067 | INFO     | __main__:run:523 - * 开始录音...
2025-03-28 15:50:35.463 | INFO     | __main__:on_message:381 - 我们
2025-03-28 15:50:36.881 | INFO     | __main__:on_message:381 - 。
2025-03-28 15:50:40.140 | INFO     | __main__:on_close:501 - 
### 语音识别结束 ###
2025-03-28 15:50:40.140 | INFO     | __main__:run:556 - * 录音结束
2025-03-28 15:50:40.140 | INFO     | __main__:on_close:503 - 
正在分析关键词...
2025-03-28 15:50:45.016 | INFO     | __main__:main:580 - 继续监听唤醒词...
2025-03-28 15:50:46.063 | INFO     | __main__:start_wake_detection:268 - 开始监听唤醒词...
2025-03-28 15:50:50.488 | INFO     | __main__:wake_callback:170 - ==================================================
2025-03-28 15:50:50.488 | INFO     | __main__:wake_callback:171 - >>> 检测到唤醒词！请说出您的指令 <<<
2025-03-28 15:50:53.953 | INFO     | __main__:wake_callback:176 - ==================================================
2025-03-28 15:50:53.960 | INFO     | __main__:start_speech_recognition:295 - 开始语音识别...
2025-03-28 15:50:54.148 | INFO     | __main__:run:523 - * 开始录音...
2025-03-28 15:50:58.559 | INFO     | __main__:on_message:381 - 请把绿色方块放入方形盒中
2025-03-28 15:50:59.893 | INFO     | __main__:on_message:381 - 。
2025-03-28 15:51:00.207 | INFO     | __main__:on_close:501 - 
### 语音识别结束 ###
2025-03-28 15:51:00.222 | INFO     | __main__:on_close:503 - 
正在分析关键词...
2025-03-28 15:51:00.222 | INFO     | __main__:run:556 - * 录音结束
2025-03-28 15:51:00.222 | INFO     | __main__:match_keywords:495 - 找到匹配关键词: 方块 匹配 方块
2025-03-28 15:51:00.222 | INFO     | __main__:match_keywords:495 - 找到匹配关键词: 方形 匹配 方形
2025-03-28 15:51:05.515 | INFO     | __main__:process_text_and_send_signal:447 - 发送信号: 401
2025-03-28 15:51:05.515 | INFO     | __main__:process_text_and_send_signal:448 - 切换表情：开心
2025-03-28 15:51:05.523 | INFO     | __main__:main:580 - 继续监听唤醒词...
2025-03-28 15:51:06.577 | INFO     | __main__:start_wake_detection:268 - 开始监听唤醒词...
2025-03-28 15:54:30.376 | INFO     | __main__:wake_callback:170 - ==================================================
2025-03-28 15:54:30.376 | INFO     | __main__:wake_callback:171 - >>> 检测到唤醒词！请说出您的指令 <<<
2025-03-28 15:54:33.859 | INFO     | __main__:wake_callback:176 - ==================================================
2025-03-28 15:54:33.883 | INFO     | __main__:start_speech_recognition:295 - 开始语音识别...
2025-03-28 15:54:34.055 | INFO     | __main__:run:523 - * 开始录音...
2025-03-28 15:54:40.135 | INFO     | __main__:on_close:501 - 
### 语音识别结束 ###
2025-03-28 15:54:40.135 | INFO     | __main__:run:556 - * 录音结束
2025-03-28 15:54:40.135 | INFO     | __main__:main:580 - 继续监听唤醒词...
2025-03-28 15:54:41.165 | INFO     | __main__:start_wake_detection:268 - 开始监听唤醒词...
2025-03-28 16:00:51.558 | INFO     | __main__:wake_callback:170 - ==================================================
2025-03-28 16:00:51.558 | INFO     | __main__:wake_callback:171 - >>> 检测到唤醒词！请说出您的指令 <<<
2025-03-28 16:00:55.064 | INFO     | __main__:wake_callback:176 - ==================================================
2025-03-28 16:00:55.074 | INFO     | __main__:start_speech_recognition:295 - 开始语音识别...
2025-03-28 16:00:55.232 | INFO     | __main__:run:523 - * 开始录音...
2025-03-28 16:00:59.784 | INFO     | __main__:on_message:381 - 把红色的东西放到红色的盒子里
2025-03-28 16:01:01.313 | INFO     | __main__:on_close:501 - 
### 语音识别结束 ###
2025-03-28 16:01:01.313 | INFO     | __main__:run:556 - * 录音结束
2025-03-28 16:01:01.313 | INFO     | __main__:on_close:503 - 
正在分析关键词...
2025-03-28 16:01:01.313 | INFO     | __main__:match_keywords:495 - 找到匹配关键词: 红色 匹配 红色
2025-03-28 16:01:01.313 | INFO     | __main__:match_keywords:495 - 找到匹配关键词: 红色 匹配 红色
2025-03-28 16:01:06.684 | INFO     | __main__:process_text_and_send_signal:461 - 发送信号: 403
2025-03-28 16:01:06.684 | INFO     | __main__:process_text_and_send_signal:462 - 切换表情：开心
2025-03-28 16:01:06.684 | INFO     | __main__:main:580 - 继续监听唤醒词...
2025-03-28 16:01:07.729 | INFO     | __main__:start_wake_detection:268 - 开始监听唤醒词...
2025-03-28 16:01:31.876 | INFO     | __main__:wake_callback:170 - ==================================================
2025-03-28 16:01:31.876 | INFO     | __main__:wake_callback:171 - >>> 检测到唤醒词！请说出您的指令 <<<
2025-03-28 16:01:35.334 | INFO     | __main__:wake_callback:176 - ==================================================
2025-03-28 16:01:35.335 | INFO     | __main__:start_speech_recognition:295 - 开始语音识别...
2025-03-28 16:01:35.549 | INFO     | __main__:run:523 - * 开始录音...
2025-03-28 16:01:38.494 | INFO     | __main__:on_message:381 - 红色的东西放到红色方块里
2025-03-28 16:01:39.837 | INFO     | __main__:on_message:381 - 。
2025-03-28 16:01:41.632 | INFO     | __main__:on_close:501 - 
### 语音识别结束 ###
2025-03-28 16:01:41.632 | INFO     | __main__:run:556 - * 录音结束
2025-03-28 16:01:41.632 | INFO     | __main__:on_close:503 - 
正在分析关键词...
2025-03-28 16:01:41.647 | INFO     | __main__:match_keywords:495 - 找到匹配关键词: 红色 匹配 红色
2025-03-28 16:01:41.647 | INFO     | __main__:match_keywords:495 - 找到匹配关键词: 方块 匹配 方块
2025-03-28 16:01:46.989 | INFO     | __main__:process_text_and_send_signal:461 - 发送信号: 403
2025-03-28 16:01:46.990 | INFO     | __main__:process_text_and_send_signal:462 - 切换表情：开心
2025-03-28 16:01:46.996 | INFO     | __main__:main:580 - 继续监听唤醒词...
2025-03-28 16:01:48.031 | INFO     | __main__:start_wake_detection:268 - 开始监听唤醒词...
2025-03-28 16:02:10.705 | INFO     | __main__:wake_callback:170 - ==================================================
2025-03-28 16:02:10.705 | INFO     | __main__:wake_callback:171 - >>> 检测到唤醒词！请说出您的指令 <<<
2025-03-28 16:02:14.175 | INFO     | __main__:wake_callback:176 - ==================================================
2025-03-28 16:02:14.175 | INFO     | __main__:start_speech_recognition:295 - 开始语音识别...
2025-03-28 16:02:14.315 | INFO     | __main__:run:523 - * 开始录音...
2025-03-28 16:02:17.413 | INFO     | __main__:on_message:381 - 红色的东西放到红色盒子里
2025-03-28 16:02:18.523 | INFO     | __main__:on_message:381 - 。
2025-03-28 16:02:20.399 | INFO     | __main__:on_close:501 - 
### 语音识别结束 ###
2025-03-28 16:02:20.399 | INFO     | __main__:run:556 - * 录音结束
2025-03-28 16:02:20.399 | INFO     | __main__:on_close:503 - 
正在分析关键词...
2025-03-28 16:02:20.415 | INFO     | __main__:match_keywords:495 - 找到匹配关键词: 红色 匹配 红色
2025-03-28 16:02:20.415 | INFO     | __main__:match_keywords:495 - 找到匹配关键词: 红色 匹配 红色
2025-03-28 16:02:25.668 | INFO     | __main__:process_text_and_send_signal:461 - 发送信号: 403
2025-03-28 16:02:25.668 | INFO     | __main__:process_text_and_send_signal:462 - 切换表情：开心
2025-03-28 16:02:25.668 | INFO     | __main__:main:580 - 继续监听唤醒词...
2025-03-28 16:02:26.705 | INFO     | __main__:start_wake_detection:268 - 开始监听唤醒词...
2025-03-28 16:02:42.850 | INFO     | __main__:wake_callback:170 - ==================================================
2025-03-28 16:02:42.850 | INFO     | __main__:wake_callback:171 - >>> 检测到唤醒词！请说出您的指令 <<<
2025-03-28 16:02:46.191 | INFO     | __main__:wake_callback:176 - ==================================================
2025-03-28 16:02:46.194 | INFO     | __main__:start_speech_recognition:295 - 开始语音识别...
2025-03-28 16:02:46.348 | INFO     | __main__:run:523 - * 开始录音...
2025-03-28 16:02:49.732 | INFO     | __main__:on_message:381 - 把红色的东西放到红色盒子里
2025-03-28 16:02:50.880 | INFO     | __main__:on_message:381 - 。
2025-03-28 16:02:52.406 | INFO     | __main__:on_close:501 - 
### 语音识别结束 ###
2025-03-28 16:02:52.406 | INFO     | __main__:run:556 - * 录音结束
2025-03-28 16:02:52.406 | INFO     | __main__:on_close:503 - 
正在分析关键词...
2025-03-28 16:02:52.406 | INFO     | __main__:match_keywords:495 - 找到匹配关键词: 红色 匹配 红色
2025-03-28 16:02:52.406 | INFO     | __main__:match_keywords:495 - 找到匹配关键词: 红色 匹配 红色
2025-03-28 16:02:57.848 | INFO     | __main__:process_text_and_send_signal:461 - 发送信号: 403
2025-03-28 16:02:57.848 | INFO     | __main__:process_text_and_send_signal:462 - 切换表情：开心
2025-03-28 16:02:57.861 | INFO     | __main__:main:580 - 继续监听唤醒词...
2025-03-28 16:02:58.877 | INFO     | __main__:start_wake_detection:268 - 开始监听唤醒词...
2025-03-28 16:03:13.878 | INFO     | __main__:wake_callback:170 - ==================================================
2025-03-28 16:03:13.878 | INFO     | __main__:wake_callback:171 - >>> 检测到唤醒词！请说出您的指令 <<<
2025-03-28 16:03:17.350 | INFO     | __main__:wake_callback:176 - ==================================================
2025-03-28 16:03:17.350 | INFO     | __main__:start_speech_recognition:295 - 开始语音识别...
2025-03-28 16:03:17.516 | INFO     | __main__:run:523 - * 开始录音...
2025-03-28 16:03:20.348 | INFO     | __main__:on_message:381 - 红色东西放到红色盒子里
2025-03-28 16:03:21.681 | INFO     | __main__:on_message:381 - 。
2025-03-28 16:03:23.614 | INFO     | __main__:on_close:501 - 
### 语音识别结束 ###
2025-03-28 16:03:23.615 | INFO     | __main__:run:556 - * 录音结束
2025-03-28 16:03:23.616 | INFO     | __main__:on_close:503 - 
正在分析关键词...
2025-03-28 16:03:23.621 | INFO     | __main__:match_keywords:495 - 找到匹配关键词: 红色 匹配 红色
2025-03-28 16:03:23.623 | INFO     | __main__:match_keywords:495 - 找到匹配关键词: 红色 匹配 红色
2025-03-28 16:03:29.016 | INFO     | __main__:process_text_and_send_signal:461 - 发送信号: 403
2025-03-28 16:03:29.016 | INFO     | __main__:process_text_and_send_signal:462 - 切换表情：开心
2025-03-28 16:03:29.026 | INFO     | __main__:main:580 - 继续监听唤醒词...
2025-03-28 16:03:30.078 | INFO     | __main__:start_wake_detection:268 - 开始监听唤醒词...
2025-03-28 16:03:54.033 | INFO     | __main__:wake_callback:170 - ==================================================
2025-03-28 16:03:54.033 | INFO     | __main__:wake_callback:171 - >>> 检测到唤醒词！请说出您的指令 <<<
2025-03-28 16:03:57.471 | INFO     | __main__:wake_callback:176 - ==================================================
2025-03-28 16:03:57.476 | INFO     | __main__:start_speech_recognition:295 - 开始语音识别...
2025-03-28 16:03:57.733 | INFO     | __main__:run:523 - * 开始录音...
2025-03-28 16:04:00.483 | INFO     | __main__:on_message:381 - 红色东西放到红色盒子里
2025-03-28 16:04:01.767 | INFO     | __main__:on_message:381 - 。
2025-03-28 16:04:03.799 | INFO     | __main__:on_close:501 - 
### 语音识别结束 ###
2025-03-28 16:04:03.799 | INFO     | __main__:run:556 - * 录音结束
2025-03-28 16:04:03.799 | INFO     | __main__:on_close:503 - 
正在分析关键词...
2025-03-28 16:04:03.799 | INFO     | __main__:match_keywords:495 - 找到匹配关键词: 红色 匹配 红色
2025-03-28 16:04:03.799 | INFO     | __main__:match_keywords:495 - 找到匹配关键词: 红色 匹配 红色
2025-03-28 16:04:09.182 | INFO     | __main__:process_text_and_send_signal:461 - 发送信号: 403
2025-03-28 16:04:09.182 | INFO     | __main__:process_text_and_send_signal:462 - 切换表情：开心
2025-03-28 16:04:09.183 | INFO     | __main__:main:580 - 继续监听唤醒词...
2025-03-28 16:04:10.231 | INFO     | __main__:start_wake_detection:268 - 开始监听唤醒词...
2025-03-28 16:04:34.051 | INFO     | __main__:wake_callback:170 - ==================================================
2025-03-28 16:04:34.051 | INFO     | __main__:wake_callback:171 - >>> 检测到唤醒词！请说出您的指令 <<<
2025-03-28 16:04:37.477 | INFO     | __main__:wake_callback:176 - ==================================================
2025-03-28 16:04:37.481 | INFO     | __main__:start_speech_recognition:295 - 开始语音识别...
2025-03-28 16:04:37.633 | INFO     | __main__:run:523 - * 开始录音...
2025-03-28 16:04:41.031 | INFO     | __main__:on_message:381 - 这个东西放到装饰盒子里
2025-03-28 16:04:42.379 | INFO     | __main__:on_message:381 - 。
2025-03-28 16:04:43.727 | INFO     | __main__:on_close:501 - 
### 语音识别结束 ###
2025-03-28 16:04:43.728 | INFO     | __main__:run:556 - * 录音结束
2025-03-28 16:04:43.728 | INFO     | __main__:on_close:503 - 
正在分析关键词...
2025-03-28 16:04:43.735 | INFO     | __main__:process_text_and_send_signal:471 - 未找到匹配的组合
2025-03-28 16:04:48.679 | INFO     | __main__:process_text_and_send_signal:476 - 发送信号: 406
2025-03-28 16:04:48.679 | INFO     | __main__:process_text_and_send_signal:477 - 切换表情：难过
2025-03-28 16:04:48.685 | INFO     | __main__:main:580 - 继续监听唤醒词...
2025-03-28 16:04:49.725 | INFO     | __main__:start_wake_detection:268 - 开始监听唤醒词...
2025-03-28 16:04:51.282 | INFO     | __main__:wake_callback:170 - ==================================================
2025-03-28 16:04:51.282 | INFO     | __main__:wake_callback:171 - >>> 检测到唤醒词！请说出您的指令 <<<
2025-03-28 16:04:54.787 | INFO     | __main__:wake_callback:176 - ==================================================
2025-03-28 16:04:54.787 | INFO     | __main__:start_speech_recognition:295 - 开始语音识别...
2025-03-28 16:04:54.949 | INFO     | __main__:run:523 - * 开始录音...
2025-03-28 16:05:00.005 | INFO     | __main__:on_message:381 - 把红色的东西放到红色盒子里，嗯，337元
2025-03-28 16:05:00.962 | INFO     | __main__:on_message:381 - 。
2025-03-28 16:05:01.009 | INFO     | __main__:on_close:501 - 
### 语音识别结束 ###
2025-03-28 16:05:01.009 | INFO     | __main__:on_close:503 - 
正在分析关键词...
2025-03-28 16:05:01.009 | INFO     | __main__:run:556 - * 录音结束
2025-03-28 16:05:01.009 | INFO     | __main__:match_keywords:495 - 找到匹配关键词: 红色 匹配 红色
2025-03-28 16:05:01.009 | INFO     | __main__:match_keywords:495 - 找到匹配关键词: 红色 匹配 红色
2025-03-28 16:05:06.384 | INFO     | __main__:process_text_and_send_signal:461 - 发送信号: 403
2025-03-28 16:05:06.384 | INFO     | __main__:process_text_and_send_signal:462 - 切换表情：开心
2025-03-28 16:05:06.395 | INFO     | __main__:main:580 - 继续监听唤醒词...
2025-03-28 16:05:07.458 | INFO     | __main__:start_wake_detection:268 - 开始监听唤醒词...
2025-03-28 16:05:31.733 | INFO     | __main__:wake_callback:170 - ==================================================
2025-03-28 16:05:31.734 | INFO     | __main__:wake_callback:171 - >>> 检测到唤醒词！请说出您的指令 <<<
2025-03-28 16:05:35.252 | INFO     | __main__:wake_callback:176 - ==================================================
2025-03-28 16:05:35.260 | INFO     | __main__:start_speech_recognition:295 - 开始语音识别...
2025-03-28 16:05:35.425 | INFO     | __main__:run:523 - * 开始录音...
2025-03-28 16:05:38.360 | INFO     | __main__:on_message:381 - 红色东西放到黄色盒子里
2025-03-28 16:05:39.709 | INFO     | __main__:on_message:381 - 。
2025-03-28 16:05:41.484 | INFO     | __main__:on_close:501 - 
### 语音识别结束 ###
2025-03-28 16:05:41.485 | INFO     | __main__:on_close:503 - 
正在分析关键词...
2025-03-28 16:05:41.485 | INFO     | __main__:run:556 - * 录音结束
2025-03-28 16:05:41.489 | INFO     | __main__:match_keywords:495 - 找到匹配关键词: 红色 匹配 红色
2025-03-28 16:05:41.490 | INFO     | __main__:process_text_and_send_signal:471 - 未找到匹配的组合
2025-03-28 16:05:46.379 | INFO     | __main__:process_text_and_send_signal:476 - 发送信号: 406
2025-03-28 16:05:46.380 | INFO     | __main__:process_text_and_send_signal:477 - 切换表情：难过
2025-03-28 16:05:46.383 | INFO     | __main__:main:580 - 继续监听唤醒词...
2025-03-28 16:05:47.416 | INFO     | __main__:start_wake_detection:268 - 开始监听唤醒词...
2025-03-28 16:05:56.004 | INFO     | __main__:wake_callback:170 - ==================================================
2025-03-28 16:05:56.005 | INFO     | __main__:wake_callback:171 - >>> 检测到唤醒词！请说出您的指令 <<<
2025-03-28 16:05:59.415 | INFO     | __main__:wake_callback:176 - ==================================================
2025-03-28 16:05:59.420 | INFO     | __main__:start_speech_recognition:295 - 开始语音识别...
2025-03-28 16:05:59.585 | INFO     | __main__:run:523 - * 开始录音...
2025-03-28 16:06:02.523 | INFO     | __main__:on_message:381 - 红色的东西放到红色盒子里
2025-03-28 16:06:03.866 | INFO     | __main__:on_message:381 - 。
2025-03-28 16:06:05.655 | INFO     | __main__:on_close:501 - 
### 语音识别结束 ###
2025-03-28 16:06:05.656 | INFO     | __main__:run:556 - * 录音结束
2025-03-28 16:06:05.657 | INFO     | __main__:on_close:503 - 
正在分析关键词...
2025-03-28 16:06:05.667 | INFO     | __main__:match_keywords:495 - 找到匹配关键词: 红色 匹配 红色
2025-03-28 16:06:05.675 | INFO     | __main__:match_keywords:495 - 找到匹配关键词: 红色 匹配 红色
2025-03-28 16:06:11.022 | INFO     | __main__:process_text_and_send_signal:461 - 发送信号: 403
2025-03-28 16:06:11.022 | INFO     | __main__:process_text_and_send_signal:462 - 切换表情：开心
2025-03-28 16:06:11.024 | INFO     | __main__:main:580 - 继续监听唤醒词...
2025-03-28 16:06:12.050 | INFO     | __main__:start_wake_detection:268 - 开始监听唤醒词...
2025-03-28 16:06:42.079 | INFO     | __main__:wake_callback:170 - ==================================================
2025-03-28 16:06:42.079 | INFO     | __main__:wake_callback:171 - >>> 检测到唤醒词！请说出您的指令 <<<
2025-03-28 16:06:45.547 | INFO     | __main__:wake_callback:176 - ==================================================
2025-03-28 16:06:45.551 | INFO     | __main__:start_speech_recognition:295 - 开始语音识别...
2025-03-28 16:06:45.700 | INFO     | __main__:run:523 - * 开始录音...
2025-03-28 16:06:48.647 | INFO     | __main__:on_message:381 - 红色的东西放到红色盒子里
2025-03-28 16:06:49.981 | INFO     | __main__:on_message:381 - 。
2025-03-28 16:06:51.758 | INFO     | __main__:on_close:501 - 
### 语音识别结束 ###
2025-03-28 16:06:51.758 | INFO     | __main__:on_close:503 - 
正在分析关键词...
2025-03-28 16:06:51.762 | INFO     | __main__:run:556 - * 录音结束
2025-03-28 16:06:51.762 | INFO     | __main__:match_keywords:495 - 找到匹配关键词: 红色 匹配 红色
2025-03-28 16:06:51.764 | INFO     | __main__:match_keywords:495 - 找到匹配关键词: 红色 匹配 红色
2025-03-28 16:06:57.147 | INFO     | __main__:process_text_and_send_signal:461 - 发送信号: 403
2025-03-28 16:06:57.147 | INFO     | __main__:process_text_and_send_signal:462 - 切换表情：开心
2025-03-28 16:06:57.153 | INFO     | __main__:main:580 - 继续监听唤醒词...
2025-03-28 16:06:58.176 | INFO     | __main__:start_wake_detection:268 - 开始监听唤醒词...
2025-03-28 16:07:23.417 | INFO     | __main__:wake_callback:170 - ==================================================
2025-03-28 16:07:23.417 | INFO     | __main__:wake_callback:171 - >>> 检测到唤醒词！请说出您的指令 <<<
2025-03-28 16:07:26.887 | INFO     | __main__:wake_callback:176 - ==================================================
2025-03-28 16:07:26.890 | INFO     | __main__:start_speech_recognition:295 - 开始语音识别...
2025-03-28 16:07:27.060 | INFO     | __main__:run:523 - * 开始录音...
2025-03-28 16:07:31.018 | INFO     | __main__:on_message:381 - 把红色的东西放到红色盒子里
2025-03-28 16:07:32.352 | INFO     | __main__:on_message:381 - 。
2025-03-28 16:07:33.130 | INFO     | __main__:on_close:501 - 
### 语音识别结束 ###
2025-03-28 16:07:33.131 | INFO     | __main__:on_close:503 - 
正在分析关键词...
2025-03-28 16:07:33.131 | INFO     | __main__:run:556 - * 录音结束
2025-03-28 16:07:33.134 | INFO     | __main__:match_keywords:495 - 找到匹配关键词: 红色 匹配 红色
2025-03-28 16:07:33.135 | INFO     | __main__:match_keywords:495 - 找到匹配关键词: 红色 匹配 红色
2025-03-28 16:07:38.373 | INFO     | __main__:process_text_and_send_signal:461 - 发送信号: 403
2025-03-28 16:07:38.373 | INFO     | __main__:process_text_and_send_signal:462 - 切换表情：开心
2025-03-28 16:07:38.373 | INFO     | __main__:main:580 - 继续监听唤醒词...
2025-03-28 16:07:39.400 | INFO     | __main__:start_wake_detection:268 - 开始监听唤醒词...
2025-03-28 16:07:58.229 | INFO     | __main__:wake_callback:170 - ==================================================
2025-03-28 16:07:58.229 | INFO     | __main__:wake_callback:171 - >>> 检测到唤醒词！请说出您的指令 <<<
2025-03-28 16:08:01.693 | INFO     | __main__:wake_callback:176 - ==================================================
2025-03-28 16:08:01.694 | INFO     | __main__:start_speech_recognition:295 - 开始语音识别...
2025-03-28 16:08:01.850 | INFO     | __main__:run:523 - * 开始录音...
2025-03-28 16:08:05.364 | INFO     | __main__:on_message:381 - 把红色的东西放到红色盒子里
2025-03-28 16:08:06.698 | INFO     | __main__:on_message:381 - 。
2025-03-28 16:08:07.898 | INFO     | __main__:on_close:501 - 
### 语音识别结束 ###
2025-03-28 16:08:07.898 | INFO     | __main__:on_close:503 - 
正在分析关键词...
2025-03-28 16:08:07.898 | INFO     | __main__:run:556 - * 录音结束
2025-03-28 16:08:07.913 | INFO     | __main__:match_keywords:495 - 找到匹配关键词: 红色 匹配 红色
2025-03-28 16:08:07.914 | INFO     | __main__:match_keywords:495 - 找到匹配关键词: 红色 匹配 红色
2025-03-28 16:08:13.280 | INFO     | __main__:process_text_and_send_signal:461 - 发送信号: 403
2025-03-28 16:08:13.283 | INFO     | __main__:process_text_and_send_signal:462 - 切换表情：开心
2025-03-28 16:08:13.285 | INFO     | __main__:main:580 - 继续监听唤醒词...
2025-03-28 16:08:14.318 | INFO     | __main__:start_wake_detection:268 - 开始监听唤醒词...
2025-03-28 16:09:51.102 | INFO     | __main__:wake_callback:170 - ==================================================
2025-03-28 16:09:51.102 | INFO     | __main__:wake_callback:171 - >>> 检测到唤醒词！请说出您的指令 <<<
2025-03-28 16:09:54.559 | INFO     | __main__:wake_callback:176 - ==================================================
2025-03-28 16:09:54.566 | INFO     | __main__:start_speech_recognition:295 - 开始语音识别...
2025-03-28 16:09:54.731 | INFO     | __main__:run:523 - * 开始录音...
2025-03-28 16:09:57.864 | INFO     | __main__:on_message:381 - 将圆形放入N聚合中
2025-03-28 16:09:59.202 | INFO     | __main__:on_message:381 - 。
2025-03-28 16:10:00.794 | INFO     | __main__:on_close:501 - 
### 语音识别结束 ###
2025-03-28 16:10:00.794 | INFO     | __main__:run:556 - * 录音结束
2025-03-28 16:10:00.794 | INFO     | __main__:on_close:503 - 
正在分析关键词...
2025-03-28 16:10:00.799 | INFO     | __main__:match_keywords:495 - 找到匹配关键词: 圆形 匹配 圆形
2025-03-28 16:10:00.799 | INFO     | __main__:process_text_and_send_signal:471 - 未找到匹配的组合
2025-03-28 16:10:05.737 | INFO     | __main__:process_text_and_send_signal:476 - 发送信号: 406
2025-03-28 16:10:05.737 | INFO     | __main__:process_text_and_send_signal:477 - 切换表情：难过
2025-03-28 16:10:05.739 | INFO     | __main__:main:580 - 继续监听唤醒词...
2025-03-28 16:10:06.779 | INFO     | __main__:start_wake_detection:268 - 开始监听唤醒词...
2025-03-28 16:10:11.076 | INFO     | __main__:wake_callback:170 - ==================================================
2025-03-28 16:10:11.076 | INFO     | __main__:wake_callback:171 - >>> 检测到唤醒词！请说出您的指令 <<<
2025-03-28 16:10:14.427 | INFO     | __main__:wake_callback:176 - ==================================================
2025-03-28 16:10:14.435 | INFO     | __main__:start_speech_recognition:295 - 开始语音识别...
2025-03-28 16:10:14.611 | INFO     | __main__:run:523 - * 开始录音...
2025-03-28 16:10:17.998 | INFO     | __main__:on_message:381 - 将圆形放入不良品盒中
2025-03-28 16:10:19.365 | INFO     | __main__:on_message:381 - 。
2025-03-28 16:10:20.689 | INFO     | __main__:on_close:501 - 
### 语音识别结束 ###
2025-03-28 16:10:20.689 | INFO     | __main__:run:556 - * 录音结束
2025-03-28 16:10:20.689 | INFO     | __main__:on_close:503 - 
正在分析关键词...
2025-03-28 16:10:20.693 | INFO     | __main__:match_keywords:495 - 找到匹配关键词: 圆形 匹配 圆形
2025-03-28 16:10:20.694 | INFO     | __main__:match_keywords:495 - 找到匹配关键词: 不良 匹配 不良
2025-03-28 16:10:25.922 | INFO     | __main__:process_text_and_send_signal:461 - 发送信号: 403
2025-03-28 16:10:25.922 | INFO     | __main__:process_text_and_send_signal:462 - 切换表情：开心
2025-03-28 16:10:25.924 | INFO     | __main__:main:580 - 继续监听唤醒词...
2025-03-28 16:10:26.948 | INFO     | __main__:start_wake_detection:268 - 开始监听唤醒词...
2025-03-28 16:12:49.802 | INFO     | __main__:wake_callback:170 - ==================================================
2025-03-28 16:12:49.802 | INFO     | __main__:wake_callback:171 - >>> 检测到唤醒词！请说出您的指令 <<<
2025-03-28 16:12:53.145 | INFO     | __main__:wake_callback:176 - ==================================================
2025-03-28 16:12:53.152 | INFO     | __main__:start_speech_recognition:295 - 开始语音识别...
2025-03-28 16:12:53.313 | INFO     | __main__:run:523 - * 开始录音...
2025-03-28 16:12:55.677 | INFO     | __main__:on_message:381 - 请把方形
2025-03-28 16:12:59.383 | INFO     | __main__:on_close:501 - 
### 语音识别结束 ###
2025-03-28 16:12:59.383 | INFO     | __main__:run:556 - * 录音结束
2025-03-28 16:12:59.383 | INFO     | __main__:on_close:503 - 
正在分析关键词...
2025-03-28 16:13:04.092 | INFO     | __main__:main:580 - 继续监听唤醒词...
2025-03-28 16:13:05.121 | INFO     | __main__:start_wake_detection:268 - 开始监听唤醒词...
2025-03-28 16:13:06.665 | INFO     | __main__:wake_callback:170 - ==================================================
2025-03-28 16:13:06.665 | INFO     | __main__:wake_callback:171 - >>> 检测到唤醒词！请说出您的指令 <<<
2025-03-28 16:13:10.008 | INFO     | __main__:wake_callback:176 - ==================================================
2025-03-28 16:13:10.012 | INFO     | __main__:start_speech_recognition:295 - 开始语音识别...
2025-03-28 16:13:10.164 | INFO     | __main__:run:523 - * 开始录音...
2025-03-28 16:13:15.148 | INFO     | __main__:on_message:381 - 请把方形物品放入红色盒子
2025-03-28 16:13:16.176 | INFO     | __main__:on_message:381 - 。
2025-03-28 16:13:16.226 | INFO     | __main__:on_close:501 - 
### 语音识别结束 ###
2025-03-28 16:13:16.226 | INFO     | __main__:on_close:503 - 
正在分析关键词...
2025-03-28 16:13:16.226 | INFO     | __main__:run:556 - * 录音结束
2025-03-28 16:13:16.232 | INFO     | __main__:match_keywords:495 - 找到匹配关键词: 方形 匹配 方形
2025-03-28 16:13:16.233 | INFO     | __main__:match_keywords:495 - 找到匹配关键词: 红色 匹配 红色
2025-03-28 16:13:21.522 | INFO     | __main__:process_text_and_send_signal:447 - 发送信号: 401
2025-03-28 16:13:21.522 | INFO     | __main__:process_text_and_send_signal:448 - 切换表情：开心
2025-03-28 16:13:21.522 | INFO     | __main__:main:580 - 继续监听唤醒词...
2025-03-28 16:13:22.571 | INFO     | __main__:start_wake_detection:268 - 开始监听唤醒词...
2025-03-28 16:14:03.988 | INFO     | __main__:wake_callback:170 - ==================================================
2025-03-28 16:14:03.988 | INFO     | __main__:wake_callback:171 - >>> 检测到唤醒词！请说出您的指令 <<<
2025-03-28 16:14:07.447 | INFO     | __main__:wake_callback:176 - ==================================================
2025-03-28 16:14:07.453 | INFO     | __main__:start_speech_recognition:295 - 开始语音识别...
2025-03-28 16:14:07.615 | INFO     | __main__:run:523 - * 开始录音...
2025-03-28 16:14:12.848 | INFO     | __main__:on_message:381 - 请把红色物品放入方形盒中
2025-03-28 16:14:13.678 | INFO     | __main__:on_close:501 - 
### 语音识别结束 ###
2025-03-28 16:14:13.678 | INFO     | __main__:run:556 - * 录音结束
2025-03-28 16:14:13.678 | INFO     | __main__:on_close:503 - 
正在分析关键词...
2025-03-28 16:14:13.681 | INFO     | __main__:match_keywords:495 - 找到匹配关键词: 红色 匹配 红色
2025-03-28 16:14:13.681 | INFO     | __main__:match_keywords:495 - 找到匹配关键词: 方形 匹配 方形
2025-03-28 16:14:19.005 | INFO     | __main__:process_text_and_send_signal:461 - 发送信号: 403
2025-03-28 16:14:19.005 | INFO     | __main__:process_text_and_send_signal:462 - 切换表情：开心
2025-03-28 16:14:19.005 | INFO     | __main__:main:580 - 继续监听唤醒词...
2025-03-28 16:14:20.041 | INFO     | __main__:start_wake_detection:268 - 开始监听唤醒词...
2025-03-28 16:59:50.426 | INFO     | __main__:wake_callback:170 - ==================================================
2025-03-28 16:59:50.427 | INFO     | __main__:wake_callback:171 - >>> 检测到唤醒词！请说出您的指令 <<<
2025-03-28 16:59:53.889 | INFO     | __main__:wake_callback:176 - ==================================================
2025-03-28 16:59:53.894 | INFO     | __main__:start_speech_recognition:295 - 开始语音识别...
2025-03-28 16:59:54.037 | INFO     | __main__:run:523 - * 开始录音...
2025-03-28 16:59:57.913 | INFO     | __main__:on_message:381 - 把红色的片片放到红色的盒子里
2025-03-28 16:59:59.263 | INFO     | __main__:on_message:381 - 。
2025-03-28 17:00:00.092 | INFO     | __main__:on_close:501 - 
### 语音识别结束 ###
2025-03-28 17:00:00.092 | INFO     | __main__:on_close:503 - 
正在分析关键词...
2025-03-28 17:00:00.092 | INFO     | __main__:run:556 - * 录音结束
2025-03-28 17:00:00.104 | INFO     | __main__:match_keywords:495 - 找到匹配关键词: 红色 匹配 红色
2025-03-28 17:00:00.105 | INFO     | __main__:match_keywords:495 - 找到匹配关键词: 红色 匹配 红色
2025-03-28 17:00:05.468 | INFO     | __main__:process_text_and_send_signal:461 - 发送信号: 403
2025-03-28 17:00:05.472 | INFO     | __main__:process_text_and_send_signal:462 - 切换表情：开心
2025-03-28 17:00:05.473 | INFO     | __main__:main:580 - 继续监听唤醒词...
2025-03-28 17:00:06.499 | INFO     | __main__:start_wake_detection:268 - 开始监听唤醒词...
2025-03-28 17:01:08.526 | INFO     | __main__:wake_callback:170 - ==================================================
2025-03-28 17:01:08.526 | INFO     | __main__:wake_callback:171 - >>> 检测到唤醒词！请说出您的指令 <<<
2025-03-28 17:01:11.987 | INFO     | __main__:wake_callback:176 - ==================================================
2025-03-28 17:01:11.991 | INFO     | __main__:start_speech_recognition:295 - 开始语音识别...
2025-03-28 17:01:12.225 | INFO     | __main__:run:523 - * 开始录音...
2025-03-28 17:01:15.480 | INFO     | __main__:on_message:381 - 把红色的东西放到红色盒子里
2025-03-28 17:01:16.762 | INFO     | __main__:on_message:381 - 。
2025-03-28 17:01:18.289 | INFO     | __main__:on_close:501 - 
### 语音识别结束 ###
2025-03-28 17:01:18.289 | INFO     | __main__:on_close:503 - 
正在分析关键词...
2025-03-28 17:01:18.289 | INFO     | __main__:run:556 - * 录音结束
2025-03-28 17:01:18.289 | INFO     | __main__:match_keywords:495 - 找到匹配关键词: 红色 匹配 红色
2025-03-28 17:01:18.303 | INFO     | __main__:match_keywords:495 - 找到匹配关键词: 红色 匹配 红色
2025-03-28 17:01:23.671 | INFO     | __main__:process_text_and_send_signal:461 - 发送信号: 403
2025-03-28 17:01:23.671 | INFO     | __main__:process_text_and_send_signal:462 - 切换表情：开心
2025-03-28 17:01:23.671 | INFO     | __main__:main:580 - 继续监听唤醒词...
2025-03-28 17:01:24.691 | INFO     | __main__:start_wake_detection:268 - 开始监听唤醒词...
