2025-05-14 10:33:57.103 | INFO     | __main__:load_keywords_dict:162 - 成功加载关键词词典: ./keywords_dicts\keywords_dict.yaml
2025-05-14 10:34:02.160 | INFO     | __main__:_init_expression_server:148 - 表情服务器启动成功
2025-05-14 10:34:02.160 | INFO     | __main__:run_modbus_server:201 - Modbus 从机正在 192.168.1.125:599 上监听...
2025-05-14 10:34:03.178 | INFO     | __main__:request_monitor:184 - 当前保持寄存器数据: [0, 0, 0, 0, 0, 0, 0, 0, 0, 0]
2025-05-14 10:34:04.193 | INFO     | __main__:request_monitor:184 - 当前保持寄存器数据: [0, 0, 0, 0, 0, 0, 0, 0, 0, 0]
2025-05-14 10:34:05.193 | INFO     | __main__:request_monitor:184 - 当前保持寄存器数据: [0, 0, 0, 0, 0, 0, 0, 0, 0, 0]
2025-05-14 10:34:06.194 | INFO     | __main__:request_monitor:184 - 当前保持寄存器数据: [0, 0, 0, 0, 0, 0, 0, 0, 0, 0]
2025-05-14 10:34:07.207 | INFO     | __main__:request_monitor:184 - 当前保持寄存器数据: [0, 0, 0, 0, 0, 0, 0, 0, 0, 0]
2025-05-14 10:34:08.214 | INFO     | __main__:request_monitor:184 - 当前保持寄存器数据: [0, 0, 0, 0, 0, 0, 0, 0, 0, 0]
2025-05-14 10:34:09.213 | INFO     | __main__:request_monitor:184 - 当前保持寄存器数据: [0, 0, 0, 0, 0, 0, 0, 0, 0, 0]
2025-05-14 10:34:10.212 | INFO     | __main__:request_monitor:184 - 当前保持寄存器数据: [0, 0, 0, 0, 0, 0, 0, 0, 0, 0]
2025-05-14 10:34:11.213 | INFO     | __main__:request_monitor:184 - 当前保持寄存器数据: [0, 0, 0, 0, 0, 0, 0, 0, 0, 0]
2025-05-14 10:34:12.211 | INFO     | __main__:request_monitor:184 - 当前保持寄存器数据: [0, 0, 0, 0, 0, 0, 0, 0, 0, 0]
2025-05-14 10:34:13.231 | INFO     | __main__:request_monitor:184 - 当前保持寄存器数据: [0, 0, 0, 0, 0, 0, 0, 0, 0, 0]
2025-05-14 10:34:14.231 | INFO     | __main__:request_monitor:184 - 当前保持寄存器数据: [0, 0, 0, 0, 0, 0, 0, 0, 0, 0]
2025-05-14 10:34:15.228 | INFO     | __main__:request_monitor:184 - 当前保持寄存器数据: [0, 0, 0, 0, 0, 0, 0, 0, 0, 0]
2025-05-14 10:34:16.228 | INFO     | __main__:request_monitor:184 - 当前保持寄存器数据: [0, 0, 0, 0, 0, 0, 0, 0, 0, 0]
2025-05-14 10:34:17.220 | INFO     | __main__:request_monitor:184 - 当前保持寄存器数据: [0, 0, 0, 0, 0, 0, 0, 0, 0, 0]
2025-05-14 10:34:18.238 | INFO     | __main__:request_monitor:184 - 当前保持寄存器数据: [0, 0, 0, 0, 0, 0, 0, 0, 0, 0]
2025-05-14 10:34:19.258 | INFO     | __main__:request_monitor:184 - 当前保持寄存器数据: [0, 0, 0, 0, 0, 0, 0, 0, 0, 0]
2025-05-14 10:34:20.260 | INFO     | __main__:request_monitor:184 - 当前保持寄存器数据: [0, 0, 0, 0, 0, 0, 0, 0, 0, 0]
2025-05-14 10:34:21.264 | INFO     | __main__:request_monitor:184 - 当前保持寄存器数据: [0, 0, 0, 0, 0, 0, 0, 0, 0, 0]
2025-05-14 10:34:22.279 | INFO     | __main__:request_monitor:184 - 当前保持寄存器数据: [0, 0, 0, 0, 0, 0, 0, 0, 0, 0]
2025-05-14 10:34:23.295 | INFO     | __main__:request_monitor:184 - 当前保持寄存器数据: [0, 0, 0, 0, 0, 0, 0, 0, 0, 0]
2025-05-14 10:34:24.315 | INFO     | __main__:request_monitor:184 - 当前保持寄存器数据: [0, 0, 0, 0, 0, 0, 0, 0, 0, 0]
2025-05-14 10:34:25.328 | INFO     | __main__:request_monitor:184 - 当前保持寄存器数据: [0, 0, 0, 0, 0, 0, 0, 0, 0, 0]
2025-05-14 10:34:26.345 | INFO     | __main__:request_monitor:184 - 当前保持寄存器数据: [111, 0, 0, 0, 0, 0, 0, 0, 0, 0]
2025-05-14 10:34:26.345 | INFO     | __main__:request_monitor:186 - 切换表情：眨眼
2025-05-14 10:34:26.346 | INFO     | __main__:request_monitor:188 - 保持寄存器读到111
2025-05-14 10:34:26.346 | INFO     | __main__:request_monitor:189 - 当前保持寄存器数据: [111, 0, 0, 0, 0, 0, 0, 0, 0, 0]
2025-05-14 10:34:26.346 | INFO     | __main__:request_monitor:191 - 开始清零
2025-05-14 10:34:26.346 | INFO     | __main__:request_monitor:192 - 当前保持寄存器数据: [111, 0, 0, 0, 0, 0, 0, 0, 0, 0]
2025-05-14 10:34:26.347 | INFO     | __main__:request_monitor:194 - 当前保持寄存器数据: [111, 0, 0, 0, 0, 0, 0, 0, 0, 0]
2025-05-14 10:34:26.347 | INFO     | __main__:request_monitor:195 - 检测到寄存器值为 111，准备退出...
2025-05-14 10:34:26.450 | INFO     | __main__:start_wake_detection:268 - 开始监听唤醒词...
2025-05-14 10:34:44.948 | INFO     | __main__:wake_callback:170 - ==================================================
2025-05-14 10:34:44.948 | INFO     | __main__:wake_callback:171 - >>> 检测到唤醒词！请说出您的指令 <<<
2025-05-14 10:34:48.415 | INFO     | __main__:wake_callback:176 - ==================================================
2025-05-14 10:34:48.415 | INFO     | __main__:start_speech_recognition:295 - 开始语音识别...
2025-05-14 10:34:48.618 | INFO     | __main__:run:523 - * 开始录音...
2025-05-14 10:34:51.681 | INFO     | __main__:on_message:381 - 绿色方块放到红色盒子里
2025-05-14 10:34:53.043 | INFO     | __main__:on_message:381 - 。
2025-05-14 10:34:54.687 | INFO     | __main__:on_close:501 - 
### 语音识别结束 ###
2025-05-14 10:34:54.687 | INFO     | __main__:on_close:503 - 
正在分析关键词...
2025-05-14 10:34:54.687 | INFO     | __main__:run:556 - * 录音结束
2025-05-14 10:34:55.211 | INFO     | __main__:match_keywords:495 - 找到匹配关键词: 方块 匹配 方块
2025-05-14 10:34:55.211 | INFO     | __main__:match_keywords:495 - 找到匹配关键词: 红色 匹配 红色
2025-05-14 10:35:00.533 | INFO     | __main__:process_text_and_send_signal:447 - 发送信号: 401
2025-05-14 10:35:00.533 | INFO     | __main__:process_text_and_send_signal:448 - 切换表情：开心
2025-05-14 10:35:00.535 | INFO     | __main__:main:580 - 继续监听唤醒词...
2025-05-14 10:35:01.602 | INFO     | __main__:start_wake_detection:268 - 开始监听唤醒词...
