2025-04-15 10:43:39.209 | INFO     | __main__:load_keywords_dict:162 - 成功加载关键词词典: ./keywords_dicts\keywords_dict.yaml
2025-04-15 10:43:41.064 | INFO     | __main__:_init_expression_server:148 - 表情服务器启动成功
2025-04-15 10:43:41.064 | INFO     | __main__:run_modbus_server:201 - Modbus 从机正在 192.168.1.125:599 上监听...
2025-04-15 10:43:42.076 | INFO     | __main__:request_monitor:184 - 当前保持寄存器数据: [0, 0, 0, 0, 0, 0, 0, 0, 0, 0]
2025-04-15 10:43:43.080 | INFO     | __main__:request_monitor:184 - 当前保持寄存器数据: [0, 0, 0, 0, 0, 0, 0, 0, 0, 0]
2025-04-15 10:43:44.089 | INFO     | __main__:request_monitor:184 - 当前保持寄存器数据: [0, 0, 0, 0, 0, 0, 0, 0, 0, 0]
2025-04-15 10:43:45.095 | INFO     | __main__:request_monitor:184 - 当前保持寄存器数据: [0, 0, 0, 0, 0, 0, 0, 0, 0, 0]
2025-04-15 10:43:46.111 | INFO     | __main__:request_monitor:184 - 当前保持寄存器数据: [0, 0, 0, 0, 0, 0, 0, 0, 0, 0]
2025-04-15 10:43:47.127 | INFO     | __main__:request_monitor:184 - 当前保持寄存器数据: [0, 0, 0, 0, 0, 0, 0, 0, 0, 0]
2025-04-15 10:43:48.140 | INFO     | __main__:run_modbus_server:218 - Modbus服务器任务被取消
2025-04-15 10:43:48.235 | ERROR    | __main__:start_wake_detection:288 - 唤醒检测错误: [Errno -9996] Invalid input device (no default output device)
2025-04-15 10:43:48.252 | INFO     | __main__:main:580 - 继续监听唤醒词...
2025-04-15 10:43:49.288 | ERROR    | __main__:start_wake_detection:288 - 唤醒检测错误: [Errno -9996] Invalid input device (no default output device)
2025-04-15 10:43:49.367 | INFO     | __main__:main:580 - 继续监听唤醒词...
2025-04-15 10:43:50.439 | ERROR    | __main__:start_wake_detection:288 - 唤醒检测错误: [Errno -9996] Invalid input device (no default output device)
2025-04-15 10:43:50.471 | INFO     | __main__:main:580 - 继续监听唤醒词...
2025-04-15 10:43:51.529 | ERROR    | __main__:start_wake_detection:288 - 唤醒检测错误: [Errno -9996] Invalid input device (no default output device)
2025-04-15 10:43:51.609 | INFO     | __main__:main:580 - 继续监听唤醒词...
2025-04-15 10:43:52.674 | ERROR    | __main__:start_wake_detection:288 - 唤醒检测错误: [Errno -9996] Invalid input device (no default output device)
2025-04-15 10:43:52.720 | INFO     | __main__:main:580 - 继续监听唤醒词...
2025-04-15 10:43:53.768 | ERROR    | __main__:start_wake_detection:288 - 唤醒检测错误: [Errno -9996] Invalid input device (no default output device)
2025-04-15 10:43:53.816 | INFO     | __main__:main:580 - 继续监听唤醒词...
2025-04-15 10:43:54.860 | ERROR    | __main__:start_wake_detection:288 - 唤醒检测错误: [Errno -9996] Invalid input device (no default output device)
2025-04-15 10:43:54.908 | INFO     | __main__:main:580 - 继续监听唤醒词...
2025-04-15 10:43:55.986 | ERROR    | __main__:start_wake_detection:288 - 唤醒检测错误: [Errno -9996] Invalid input device (no default output device)
2025-04-15 10:43:56.033 | INFO     | __main__:main:580 - 继续监听唤醒词...
2025-04-15 10:43:57.111 | ERROR    | __main__:start_wake_detection:288 - 唤醒检测错误: [Errno -9996] Invalid input device (no default output device)
2025-04-15 10:43:57.160 | INFO     | __main__:main:580 - 继续监听唤醒词...
2025-04-15 10:43:58.220 | ERROR    | __main__:start_wake_detection:288 - 唤醒检测错误: [Errno -9996] Invalid input device (no default output device)
2025-04-15 10:43:58.267 | INFO     | __main__:main:580 - 继续监听唤醒词...
2025-04-15 10:43:59.347 | ERROR    | __main__:start_wake_detection:288 - 唤醒检测错误: [Errno -9996] Invalid input device (no default output device)
2025-04-15 10:43:59.409 | INFO     | __main__:main:580 - 继续监听唤醒词...
2025-04-15 10:44:00.452 | ERROR    | __main__:start_wake_detection:288 - 唤醒检测错误: [Errno -9996] Invalid input device (no default output device)
2025-04-15 10:44:00.533 | INFO     | __main__:main:580 - 继续监听唤醒词...
2025-04-15 10:44:01.564 | ERROR    | __main__:start_wake_detection:288 - 唤醒检测错误: [Errno -9996] Invalid input device (no default output device)
2025-04-15 10:44:01.659 | INFO     | __main__:main:580 - 继续监听唤醒词...
2025-04-15 10:44:02.701 | ERROR    | __main__:start_wake_detection:288 - 唤醒检测错误: [Errno -9996] Invalid input device (no default output device)
2025-04-15 10:44:02.752 | INFO     | __main__:main:580 - 继续监听唤醒词...
2025-04-15 10:44:03.787 | ERROR    | __main__:start_wake_detection:288 - 唤醒检测错误: [Errno -9996] Invalid input device (no default output device)
2025-04-15 10:44:03.818 | INFO     | __main__:main:580 - 继续监听唤醒词...
2025-04-15 10:44:04.877 | ERROR    | __main__:start_wake_detection:288 - 唤醒检测错误: [Errno -9996] Invalid input device (no default output device)
2025-04-15 10:44:04.923 | INFO     | __main__:main:580 - 继续监听唤醒词...
2025-04-15 10:44:05.986 | ERROR    | __main__:start_wake_detection:288 - 唤醒检测错误: [Errno -9996] Invalid input device (no default output device)
2025-04-15 10:44:06.017 | INFO     | __main__:main:580 - 继续监听唤醒词...
2025-04-15 10:44:07.080 | ERROR    | __main__:start_wake_detection:288 - 唤醒检测错误: [Errno -9996] Invalid input device (no default output device)
2025-04-15 10:44:07.127 | INFO     | __main__:main:580 - 继续监听唤醒词...
2025-04-15 10:44:08.158 | ERROR    | __main__:start_wake_detection:288 - 唤醒检测错误: [Errno -9996] Invalid input device (no default output device)
2025-04-15 10:44:08.266 | INFO     | __main__:main:580 - 继续监听唤醒词...
2025-04-15 10:44:09.330 | ERROR    | __main__:start_wake_detection:288 - 唤醒检测错误: [Errno -9996] Invalid input device (no default output device)
2025-04-15 10:44:09.361 | INFO     | __main__:main:580 - 继续监听唤醒词...
2025-04-15 10:44:10.408 | ERROR    | __main__:start_wake_detection:288 - 唤醒检测错误: [Errno -9996] Invalid input device (no default output device)
2025-04-15 10:44:10.470 | INFO     | __main__:main:580 - 继续监听唤醒词...
2025-04-15 10:44:11.517 | ERROR    | __main__:start_wake_detection:288 - 唤醒检测错误: [Errno -9996] Invalid input device (no default output device)
2025-04-15 10:44:11.533 | INFO     | __main__:main:580 - 继续监听唤醒词...
2025-04-15 10:44:12.585 | ERROR    | __main__:start_wake_detection:288 - 唤醒检测错误: [Errno -9996] Invalid input device (no default output device)
2025-04-15 10:44:12.632 | INFO     | __main__:main:580 - 继续监听唤醒词...
2025-04-15 10:44:13.705 | ERROR    | __main__:start_wake_detection:288 - 唤醒检测错误: [Errno -9996] Invalid input device (no default output device)
2025-04-15 10:44:13.767 | INFO     | __main__:main:580 - 继续监听唤醒词...
2025-04-15 10:44:14.814 | ERROR    | __main__:start_wake_detection:288 - 唤醒检测错误: [Errno -9996] Invalid input device (no default output device)
2025-04-15 10:44:14.861 | INFO     | __main__:main:580 - 继续监听唤醒词...
2025-04-15 10:44:15.927 | ERROR    | __main__:start_wake_detection:288 - 唤醒检测错误: [Errno -9996] Invalid input device (no default output device)
2025-04-15 10:44:15.975 | INFO     | __main__:main:580 - 继续监听唤醒词...
2025-04-15 10:44:17.018 | ERROR    | __main__:start_wake_detection:288 - 唤醒检测错误: [Errno -9996] Invalid input device (no default output device)
2025-04-15 10:44:17.082 | INFO     | __main__:main:580 - 继续监听唤醒词...
2025-04-15 10:44:18.127 | ERROR    | __main__:start_wake_detection:288 - 唤醒检测错误: [Errno -9996] Invalid input device (no default output device)
2025-04-15 10:44:18.142 | INFO     | __main__:main:580 - 继续监听唤醒词...
2025-04-15 10:44:19.215 | ERROR    | __main__:start_wake_detection:288 - 唤醒检测错误: [Errno -9996] Invalid input device (no default output device)
2025-04-15 10:44:19.263 | INFO     | __main__:main:580 - 继续监听唤醒词...
2025-04-15 10:44:20.299 | ERROR    | __main__:start_wake_detection:288 - 唤醒检测错误: [Errno -9996] Invalid input device (no default output device)
2025-04-15 10:44:20.361 | INFO     | __main__:main:580 - 继续监听唤醒词...
2025-04-15 10:44:21.425 | ERROR    | __main__:start_wake_detection:288 - 唤醒检测错误: [Errno -9996] Invalid input device (no default output device)
2025-04-15 10:44:21.473 | INFO     | __main__:main:580 - 继续监听唤醒词...
2025-04-15 10:44:22.548 | ERROR    | __main__:start_wake_detection:288 - 唤醒检测错误: [Errno -9996] Invalid input device (no default output device)
2025-04-15 10:44:22.595 | INFO     | __main__:main:580 - 继续监听唤醒词...
2025-04-15 10:44:23.627 | ERROR    | __main__:start_wake_detection:288 - 唤醒检测错误: [Errno -9996] Invalid input device (no default output device)
2025-04-15 10:44:23.642 | INFO     | __main__:main:580 - 继续监听唤醒词...
2025-04-15 10:44:24.677 | ERROR    | __main__:start_wake_detection:288 - 唤醒检测错误: [Errno -9996] Invalid input device (no default output device)
2025-04-15 10:44:24.725 | INFO     | __main__:main:580 - 继续监听唤醒词...
2025-04-15 10:44:25.800 | ERROR    | __main__:start_wake_detection:288 - 唤醒检测错误: [Errno -9996] Invalid input device (no default output device)
2025-04-15 10:44:25.831 | INFO     | __main__:main:580 - 继续监听唤醒词...
2025-04-15 10:44:26.877 | ERROR    | __main__:start_wake_detection:288 - 唤醒检测错误: [Errno -9996] Invalid input device (no default output device)
2025-04-15 10:44:26.923 | INFO     | __main__:main:580 - 继续监听唤醒词...
2025-04-15 10:44:28.017 | ERROR    | __main__:start_wake_detection:288 - 唤醒检测错误: [Errno -9996] Invalid input device (no default output device)
2025-04-15 10:44:28.080 | INFO     | __main__:main:580 - 继续监听唤醒词...
2025-04-15 10:44:29.127 | ERROR    | __main__:start_wake_detection:288 - 唤醒检测错误: [Errno -9996] Invalid input device (no default output device)
2025-04-15 10:44:29.189 | INFO     | __main__:main:580 - 继续监听唤醒词...
2025-04-15 10:44:30.235 | ERROR    | __main__:start_wake_detection:288 - 唤醒检测错误: [Errno -9996] Invalid input device (no default output device)
2025-04-15 10:44:30.330 | INFO     | __main__:main:580 - 继续监听唤醒词...
2025-04-15 10:44:31.362 | ERROR    | __main__:start_wake_detection:288 - 唤醒检测错误: [Errno -9996] Invalid input device (no default output device)
2025-04-15 10:44:31.409 | INFO     | __main__:main:580 - 继续监听唤醒词...
2025-04-15 10:44:32.486 | ERROR    | __main__:start_wake_detection:288 - 唤醒检测错误: [Errno -9996] Invalid input device (no default output device)
2025-04-15 10:44:32.533 | INFO     | __main__:main:580 - 继续监听唤醒词...
2025-04-15 10:44:33.565 | ERROR    | __main__:start_wake_detection:288 - 唤醒检测错误: [Errno -9996] Invalid input device (no default output device)
2025-04-15 10:44:33.612 | INFO     | __main__:main:580 - 继续监听唤醒词...
2025-04-15 10:44:34.689 | ERROR    | __main__:start_wake_detection:288 - 唤醒检测错误: [Errno -9996] Invalid input device (no default output device)
2025-04-15 10:44:34.736 | INFO     | __main__:main:580 - 继续监听唤醒词...
2025-04-15 10:44:35.826 | ERROR    | __main__:start_wake_detection:288 - 唤醒检测错误: [Errno -9996] Invalid input device (no default output device)
2025-04-15 10:44:35.858 | INFO     | __main__:main:580 - 继续监听唤醒词...
2025-04-15 10:44:36.908 | ERROR    | __main__:start_wake_detection:288 - 唤醒检测错误: [Errno -9996] Invalid input device (no default output device)
2025-04-15 10:44:36.955 | INFO     | __main__:main:580 - 继续监听唤醒词...
2025-04-15 10:44:38.033 | ERROR    | __main__:start_wake_detection:288 - 唤醒检测错误: [Errno -9996] Invalid input device (no default output device)
2025-04-15 10:44:38.064 | INFO     | __main__:main:580 - 继续监听唤醒词...
2025-04-15 10:44:39.127 | ERROR    | __main__:start_wake_detection:288 - 唤醒检测错误: [Errno -9996] Invalid input device (no default output device)
2025-04-15 10:44:39.174 | INFO     | __main__:main:580 - 继续监听唤醒词...
2025-04-15 10:44:40.238 | ERROR    | __main__:start_wake_detection:288 - 唤醒检测错误: [Errno -9996] Invalid input device (no default output device)
2025-04-15 10:44:40.269 | INFO     | __main__:main:580 - 继续监听唤醒词...
2025-04-15 10:44:41.345 | ERROR    | __main__:start_wake_detection:288 - 唤醒检测错误: [Errno -9996] Invalid input device (no default output device)
2025-04-15 10:44:41.392 | INFO     | __main__:main:580 - 继续监听唤醒词...
2025-04-15 10:44:42.455 | ERROR    | __main__:start_wake_detection:288 - 唤醒检测错误: [Errno -9996] Invalid input device (no default output device)
2025-04-15 10:44:42.486 | INFO     | __main__:main:580 - 继续监听唤醒词...
2025-04-15 10:44:43.550 | ERROR    | __main__:start_wake_detection:288 - 唤醒检测错误: [Errno -9996] Invalid input device (no default output device)
2025-04-15 10:44:43.613 | INFO     | __main__:main:580 - 继续监听唤醒词...
2025-04-15 10:44:44.674 | ERROR    | __main__:start_wake_detection:288 - 唤醒检测错误: [Errno -9996] Invalid input device (no default output device)
2025-04-15 10:44:44.738 | INFO     | __main__:main:580 - 继续监听唤醒词...
2025-04-15 10:44:45.814 | ERROR    | __main__:start_wake_detection:288 - 唤醒检测错误: [Errno -9996] Invalid input device (no default output device)
2025-04-15 10:44:45.861 | INFO     | __main__:main:580 - 继续监听唤醒词...
2025-04-15 10:44:46.939 | ERROR    | __main__:start_wake_detection:288 - 唤醒检测错误: [Errno -9996] Invalid input device (no default output device)
2025-04-15 10:44:46.971 | INFO     | __main__:main:580 - 继续监听唤醒词...
2025-04-15 10:44:48.033 | ERROR    | __main__:start_wake_detection:288 - 唤醒检测错误: [Errno -9996] Invalid input device (no default output device)
2025-04-15 10:44:48.080 | INFO     | __main__:main:580 - 继续监听唤醒词...
2025-04-15 10:44:49.142 | ERROR    | __main__:start_wake_detection:288 - 唤醒检测错误: [Errno -9996] Invalid input device (no default output device)
2025-04-15 10:44:49.205 | INFO     | __main__:main:580 - 继续监听唤醒词...
2025-04-15 10:44:50.252 | ERROR    | __main__:start_wake_detection:288 - 唤醒检测错误: [Errno -9996] Invalid input device (no default output device)
2025-04-15 10:44:50.314 | INFO     | __main__:main:580 - 继续监听唤醒词...
2025-04-15 10:44:51.346 | ERROR    | __main__:start_wake_detection:288 - 唤醒检测错误: [Errno -9996] Invalid input device (no default output device)
2025-04-15 10:44:51.441 | INFO     | __main__:main:580 - 继续监听唤醒词...
2025-04-15 10:44:52.517 | ERROR    | __main__:start_wake_detection:288 - 唤醒检测错误: [Errno -9996] Invalid input device (no default output device)
2025-04-15 10:44:52.549 | INFO     | __main__:main:580 - 继续监听唤醒词...
2025-04-15 10:44:53.627 | ERROR    | __main__:start_wake_detection:288 - 唤醒检测错误: [Errno -9996] Invalid input device (no default output device)
2025-04-15 10:44:53.674 | INFO     | __main__:main:580 - 继续监听唤醒词...
2025-04-15 10:44:54.766 | ERROR    | __main__:start_wake_detection:288 - 唤醒检测错误: [Errno -9996] Invalid input device (no default output device)
2025-04-15 10:44:54.814 | INFO     | __main__:main:580 - 继续监听唤醒词...
2025-04-15 10:44:55.861 | ERROR    | __main__:start_wake_detection:288 - 唤醒检测错误: [Errno -9996] Invalid input device (no default output device)
2025-04-15 10:44:55.924 | INFO     | __main__:main:580 - 继续监听唤醒词...
2025-04-15 10:44:57.003 | ERROR    | __main__:start_wake_detection:288 - 唤醒检测错误: [Errno -9996] Invalid input device (no default output device)
2025-04-15 10:44:57.051 | INFO     | __main__:main:580 - 继续监听唤醒词...
2025-04-15 10:44:58.127 | ERROR    | __main__:start_wake_detection:288 - 唤醒检测错误: [Errno -9996] Invalid input device (no default output device)
2025-04-15 10:44:58.174 | INFO     | __main__:main:580 - 继续监听唤醒词...
2025-04-15 10:44:59.252 | ERROR    | __main__:start_wake_detection:288 - 唤醒检测错误: [Errno -9996] Invalid input device (no default output device)
2025-04-15 10:44:59.299 | INFO     | __main__:main:580 - 继续监听唤醒词...
2025-04-15 10:45:00.345 | ERROR    | __main__:start_wake_detection:288 - 唤醒检测错误: [Errno -9996] Invalid input device (no default output device)
2025-04-15 10:45:00.424 | INFO     | __main__:main:580 - 继续监听唤醒词...
2025-04-15 10:45:01.470 | ERROR    | __main__:start_wake_detection:288 - 唤醒检测错误: [Errno -9996] Invalid input device (no default output device)
2025-04-15 10:45:01.549 | INFO     | __main__:main:580 - 继续监听唤醒词...
2025-04-15 10:45:02.609 | ERROR    | __main__:start_wake_detection:288 - 唤醒检测错误: [Errno -9996] Invalid input device (no default output device)
2025-04-15 10:45:02.658 | INFO     | __main__:main:580 - 继续监听唤醒词...
2025-04-15 10:45:03.705 | ERROR    | __main__:start_wake_detection:288 - 唤醒检测错误: [Errno -9996] Invalid input device (no default output device)
2025-04-15 10:45:03.720 | INFO     | __main__:main:580 - 继续监听唤醒词...
2025-04-15 10:45:04.800 | ERROR    | __main__:start_wake_detection:288 - 唤醒检测错误: [Errno -9996] Invalid input device (no default output device)
2025-04-15 10:45:04.848 | INFO     | __main__:main:580 - 继续监听唤醒词...
2025-04-15 10:45:05.924 | ERROR    | __main__:start_wake_detection:288 - 唤醒检测错误: [Errno -9996] Invalid input device (no default output device)
2025-04-15 10:45:05.971 | INFO     | __main__:main:580 - 继续监听唤醒词...
2025-04-15 10:45:07.014 | ERROR    | __main__:start_wake_detection:288 - 唤醒检测错误: [Errno -9996] Invalid input device (no default output device)
2025-04-15 10:45:07.077 | INFO     | __main__:main:580 - 继续监听唤醒词...
2025-04-15 10:45:08.158 | ERROR    | __main__:start_wake_detection:288 - 唤醒检测错误: [Errno -9996] Invalid input device (no default output device)
2025-04-15 10:45:08.189 | INFO     | __main__:main:580 - 继续监听唤醒词...
2025-04-15 10:45:09.242 | ERROR    | __main__:start_wake_detection:288 - 唤醒检测错误: [Errno -9996] Invalid input device (no default output device)
2025-04-15 10:45:09.289 | INFO     | __main__:main:580 - 继续监听唤醒词...
2025-04-15 10:45:10.345 | ERROR    | __main__:start_wake_detection:288 - 唤醒检测错误: [Errno -9996] Invalid input device (no default output device)
2025-04-15 10:45:10.365 | INFO     | __main__:main:580 - 继续监听唤醒词...
2025-04-15 10:45:11.439 | ERROR    | __main__:start_wake_detection:288 - 唤醒检测错误: [Errno -9996] Invalid input device (no default output device)
2025-04-15 10:45:11.503 | INFO     | __main__:main:580 - 继续监听唤醒词...
2025-04-15 10:45:12.564 | ERROR    | __main__:start_wake_detection:288 - 唤醒检测错误: [Errno -9996] Invalid input device (no default output device)
2025-04-15 10:45:12.611 | INFO     | __main__:main:580 - 继续监听唤醒词...
2025-04-15 10:45:13.658 | ERROR    | __main__:start_wake_detection:288 - 唤醒检测错误: [Errno -9996] Invalid input device (no default output device)
2025-04-15 10:45:13.668 | INFO     | __main__:main:580 - 继续监听唤醒词...
2025-04-15 10:45:14.720 | ERROR    | __main__:start_wake_detection:288 - 唤醒检测错误: [Errno -9996] Invalid input device (no default output device)
2025-04-15 10:45:14.787 | INFO     | __main__:main:580 - 继续监听唤醒词...
2025-04-15 10:45:15.878 | ERROR    | __main__:start_wake_detection:288 - 唤醒检测错误: [Errno -9996] Invalid input device (no default output device)
2025-04-15 10:45:15.910 | INFO     | __main__:main:580 - 继续监听唤醒词...
2025-04-15 10:45:16.954 | ERROR    | __main__:start_wake_detection:288 - 唤醒检测错误: [Errno -9996] Invalid input device (no default output device)
2025-04-15 10:45:16.954 | INFO     | __main__:main:580 - 继续监听唤醒词...
2025-04-15 10:45:18.017 | ERROR    | __main__:start_wake_detection:288 - 唤醒检测错误: [Errno -9996] Invalid input device (no default output device)
2025-04-15 10:45:18.017 | INFO     | __main__:main:580 - 继续监听唤醒词...
2025-04-15 10:45:19.081 | ERROR    | __main__:start_wake_detection:288 - 唤醒检测错误: [Errno -9996] Invalid input device (no default output device)
2025-04-15 10:45:19.113 | INFO     | __main__:main:580 - 继续监听唤醒词...
2025-04-15 10:45:20.158 | ERROR    | __main__:start_wake_detection:288 - 唤醒检测错误: [Errno -9996] Invalid input device (no default output device)
2025-04-15 10:45:20.173 | INFO     | __main__:main:580 - 继续监听唤醒词...
2025-04-15 10:45:21.220 | ERROR    | __main__:start_wake_detection:288 - 唤醒检测错误: [Errno -9996] Invalid input device (no default output device)
2025-04-15 10:45:21.257 | INFO     | __main__:main:580 - 继续监听唤醒词...
2025-04-15 10:45:22.299 | ERROR    | __main__:start_wake_detection:288 - 唤醒检测错误: [Errno -9996] Invalid input device (no default output device)
2025-04-15 10:45:22.361 | INFO     | __main__:main:580 - 继续监听唤醒词...
2025-04-15 10:45:23.419 | ERROR    | __main__:start_wake_detection:288 - 唤醒检测错误: [Errno -9996] Invalid input device (no default output device)
2025-04-15 10:45:23.483 | INFO     | __main__:main:580 - 继续监听唤醒词...
2025-04-15 10:45:24.549 | ERROR    | __main__:start_wake_detection:288 - 唤醒检测错误: [Errno -9996] Invalid input device (no default output device)
2025-04-15 10:45:24.580 | INFO     | __main__:main:580 - 继续监听唤醒词...
2025-04-15 10:45:25.614 | ERROR    | __main__:start_wake_detection:288 - 唤醒检测错误: [Errno -9996] Invalid input device (no default output device)
2025-04-15 10:45:25.693 | INFO     | __main__:main:580 - 继续监听唤醒词...
2025-04-15 10:45:26.736 | ERROR    | __main__:start_wake_detection:288 - 唤醒检测错误: [Errno -9996] Invalid input device (no default output device)
2025-04-15 10:45:26.783 | INFO     | __main__:main:580 - 继续监听唤醒词...
2025-04-15 10:45:27.855 | ERROR    | __main__:start_wake_detection:288 - 唤醒检测错误: [Errno -9996] Invalid input device (no default output device)
2025-04-15 10:45:27.887 | INFO     | __main__:main:580 - 继续监听唤醒词...
2025-04-15 10:45:28.960 | ERROR    | __main__:start_wake_detection:288 - 唤醒检测错误: [Errno -9996] Invalid input device (no default output device)
2025-04-15 10:45:29.008 | INFO     | __main__:main:580 - 继续监听唤醒词...
2025-04-15 10:45:30.064 | ERROR    | __main__:start_wake_detection:288 - 唤醒检测错误: [Errno -9996] Invalid input device (no default output device)
2025-04-15 10:45:30.096 | INFO     | __main__:main:580 - 继续监听唤醒词...
2025-04-15 10:45:31.158 | ERROR    | __main__:start_wake_detection:288 - 唤醒检测错误: [Errno -9996] Invalid input device (no default output device)
2025-04-15 10:45:31.221 | INFO     | __main__:main:580 - 继续监听唤醒词...
2025-04-15 10:45:32.270 | ERROR    | __main__:start_wake_detection:288 - 唤醒检测错误: [Errno -9996] Invalid input device (no default output device)
2025-04-15 10:45:32.318 | INFO     | __main__:main:580 - 继续监听唤醒词...
2025-04-15 10:45:33.411 | ERROR    | __main__:start_wake_detection:288 - 唤醒检测错误: [Errno -9996] Invalid input device (no default output device)
2025-04-15 10:45:33.459 | INFO     | __main__:main:580 - 继续监听唤醒词...
2025-04-15 10:45:34.536 | ERROR    | __main__:start_wake_detection:288 - 唤醒检测错误: [Errno -9996] Invalid input device (no default output device)
2025-04-15 10:45:34.583 | INFO     | __main__:main:580 - 继续监听唤醒词...
2025-04-15 10:45:35.658 | ERROR    | __main__:start_wake_detection:288 - 唤醒检测错误: [Errno -9996] Invalid input device (no default output device)
2025-04-15 10:45:35.719 | INFO     | __main__:main:580 - 继续监听唤醒词...
2025-04-15 10:45:36.761 | ERROR    | __main__:start_wake_detection:288 - 唤醒检测错误: [Errno -9996] Invalid input device (no default output device)
