2025-04-30 10:13:37.960 | INFO     | __main__:load_keywords_dict:162 - 成功加载关键词词典: ./keywords_dicts\keywords_dict.yaml
2025-04-30 10:13:42.563 | INFO     | __main__:_init_expression_server:148 - 表情服务器启动成功
2025-04-30 10:13:42.563 | INFO     | __main__:run_modbus_server:201 - Modbus 从机正在 192.168.1.125:599 上监听...
2025-04-30 10:13:43.570 | INFO     | __main__:request_monitor:184 - 当前保持寄存器数据: [0, 0, 0, 0, 0, 0, 0, 0, 0, 0]
2025-04-30 10:13:44.576 | INFO     | __main__:request_monitor:184 - 当前保持寄存器数据: [0, 0, 0, 0, 0, 0, 0, 0, 0, 0]
2025-04-30 10:13:45.593 | INFO     | __main__:request_monitor:184 - 当前保持寄存器数据: [0, 0, 0, 0, 0, 0, 0, 0, 0, 0]
2025-04-30 10:13:46.596 | INFO     | __main__:request_monitor:184 - 当前保持寄存器数据: [0, 0, 0, 0, 0, 0, 0, 0, 0, 0]
2025-04-30 10:13:47.599 | INFO     | __main__:request_monitor:184 - 当前保持寄存器数据: [0, 0, 0, 0, 0, 0, 0, 0, 0, 0]
2025-04-30 10:13:48.606 | INFO     | __main__:request_monitor:184 - 当前保持寄存器数据: [0, 0, 0, 0, 0, 0, 0, 0, 0, 0]
2025-04-30 10:13:49.607 | INFO     | __main__:request_monitor:184 - 当前保持寄存器数据: [0, 0, 0, 0, 0, 0, 0, 0, 0, 0]
2025-04-30 10:13:50.632 | INFO     | __main__:request_monitor:184 - 当前保持寄存器数据: [0, 0, 0, 0, 0, 0, 0, 0, 0, 0]
2025-04-30 10:13:51.636 | INFO     | __main__:request_monitor:184 - 当前保持寄存器数据: [0, 0, 0, 0, 0, 0, 0, 0, 0, 0]
2025-04-30 10:13:52.630 | INFO     | __main__:request_monitor:184 - 当前保持寄存器数据: [0, 0, 0, 0, 0, 0, 0, 0, 0, 0]
2025-04-30 10:13:53.632 | INFO     | __main__:request_monitor:184 - 当前保持寄存器数据: [0, 0, 0, 0, 0, 0, 0, 0, 0, 0]
2025-04-30 10:13:54.648 | INFO     | __main__:request_monitor:184 - 当前保持寄存器数据: [0, 0, 0, 0, 0, 0, 0, 0, 0, 0]
2025-04-30 10:13:55.651 | INFO     | __main__:request_monitor:184 - 当前保持寄存器数据: [0, 0, 0, 0, 0, 0, 0, 0, 0, 0]
2025-04-30 10:13:56.665 | INFO     | __main__:request_monitor:184 - 当前保持寄存器数据: [0, 0, 0, 0, 0, 0, 0, 0, 0, 0]
2025-04-30 10:13:57.672 | INFO     | __main__:request_monitor:184 - 当前保持寄存器数据: [0, 0, 0, 0, 0, 0, 0, 0, 0, 0]
2025-04-30 10:13:58.689 | INFO     | __main__:request_monitor:184 - 当前保持寄存器数据: [0, 0, 0, 0, 0, 0, 0, 0, 0, 0]
2025-04-30 10:13:59.706 | INFO     | __main__:request_monitor:184 - 当前保持寄存器数据: [0, 0, 0, 0, 0, 0, 0, 0, 0, 0]
2025-04-30 10:14:00.716 | INFO     | __main__:request_monitor:184 - 当前保持寄存器数据: [0, 0, 0, 0, 0, 0, 0, 0, 0, 0]
2025-04-30 10:14:01.723 | INFO     | __main__:request_monitor:184 - 当前保持寄存器数据: [0, 0, 0, 0, 0, 0, 0, 0, 0, 0]
2025-04-30 10:14:02.727 | INFO     | __main__:request_monitor:184 - 当前保持寄存器数据: [0, 0, 0, 0, 0, 0, 0, 0, 0, 0]
2025-04-30 10:14:03.737 | INFO     | __main__:request_monitor:184 - 当前保持寄存器数据: [0, 0, 0, 0, 0, 0, 0, 0, 0, 0]
2025-04-30 10:14:04.746 | INFO     | __main__:request_monitor:184 - 当前保持寄存器数据: [0, 0, 0, 0, 0, 0, 0, 0, 0, 0]
2025-04-30 10:14:05.739 | INFO     | __main__:request_monitor:184 - 当前保持寄存器数据: [0, 0, 0, 0, 0, 0, 0, 0, 0, 0]
2025-04-30 10:14:06.740 | INFO     | __main__:request_monitor:184 - 当前保持寄存器数据: [0, 0, 0, 0, 0, 0, 0, 0, 0, 0]
2025-04-30 10:14:07.746 | INFO     | __main__:request_monitor:184 - 当前保持寄存器数据: [0, 0, 0, 0, 0, 0, 0, 0, 0, 0]
2025-04-30 10:14:08.755 | INFO     | __main__:request_monitor:184 - 当前保持寄存器数据: [0, 0, 0, 0, 0, 0, 0, 0, 0, 0]
2025-04-30 10:14:09.756 | INFO     | __main__:request_monitor:184 - 当前保持寄存器数据: [0, 0, 0, 0, 0, 0, 0, 0, 0, 0]
2025-04-30 10:14:10.762 | INFO     | __main__:request_monitor:184 - 当前保持寄存器数据: [0, 0, 0, 0, 0, 0, 0, 0, 0, 0]
2025-04-30 10:14:11.761 | INFO     | __main__:request_monitor:184 - 当前保持寄存器数据: [111, 0, 0, 0, 0, 0, 0, 0, 0, 0]
2025-04-30 10:14:11.761 | INFO     | __main__:request_monitor:186 - 切换表情：眨眼
2025-04-30 10:14:11.762 | INFO     | __main__:request_monitor:188 - 保持寄存器读到111
2025-04-30 10:14:11.762 | INFO     | __main__:request_monitor:189 - 当前保持寄存器数据: [111, 0, 0, 0, 0, 0, 0, 0, 0, 0]
2025-04-30 10:14:11.762 | INFO     | __main__:request_monitor:191 - 开始清零
2025-04-30 10:14:11.762 | INFO     | __main__:request_monitor:192 - 当前保持寄存器数据: [111, 0, 0, 0, 0, 0, 0, 0, 0, 0]
2025-04-30 10:14:11.762 | INFO     | __main__:request_monitor:194 - 当前保持寄存器数据: [111, 0, 0, 0, 0, 0, 0, 0, 0, 0]
2025-04-30 10:14:11.762 | INFO     | __main__:request_monitor:195 - 检测到寄存器值为 111，准备退出...
2025-04-30 10:14:11.829 | INFO     | __main__:start_wake_detection:268 - 开始监听唤醒词...
2025-04-30 10:14:14.530 | INFO     | __main__:wake_callback:170 - ==================================================
2025-04-30 10:14:14.530 | INFO     | __main__:wake_callback:171 - >>> 检测到唤醒词！请说出您的指令 <<<
2025-04-30 10:14:18.009 | INFO     | __main__:wake_callback:176 - ==================================================
2025-04-30 10:14:18.013 | INFO     | __main__:start_speech_recognition:295 - 开始语音识别...
2025-04-30 10:14:18.231 | INFO     | __main__:run:523 - * 开始录音...
2025-04-30 10:14:22.325 | INFO     | __main__:on_message:381 - 将方块入河这种
2025-04-30 10:14:23.674 | INFO     | __main__:on_message:381 - 。
2025-04-30 10:14:24.301 | INFO     | __main__:on_close:501 - 
### 语音识别结束 ###
2025-04-30 10:14:24.301 | INFO     | __main__:run:556 - * 录音结束
2025-04-30 10:14:24.301 | INFO     | __main__:on_close:503 - 
正在分析关键词...
2025-04-30 10:14:24.689 | INFO     | __main__:match_keywords:495 - 找到匹配关键词: 方块 匹配 方块
2025-04-30 10:14:24.689 | INFO     | __main__:process_text_and_send_signal:471 - 未找到匹配的组合
2025-04-30 10:14:29.612 | INFO     | __main__:process_text_and_send_signal:476 - 发送信号: 406
2025-04-30 10:14:29.612 | INFO     | __main__:process_text_and_send_signal:477 - 切换表情：难过
2025-04-30 10:14:29.612 | INFO     | __main__:main:580 - 继续监听唤醒词...
2025-04-30 10:14:30.673 | INFO     | __main__:start_wake_detection:268 - 开始监听唤醒词...
2025-04-30 10:14:35.933 | INFO     | __main__:wake_callback:170 - ==================================================
2025-04-30 10:14:35.933 | INFO     | __main__:wake_callback:171 - >>> 检测到唤醒词！请说出您的指令 <<<
2025-04-30 10:14:39.599 | INFO     | __main__:wake_callback:176 - ==================================================
2025-04-30 10:14:39.604 | INFO     | __main__:start_speech_recognition:295 - 开始语音识别...
2025-04-30 10:14:39.788 | INFO     | __main__:run:523 - * 开始录音...
2025-04-30 10:14:43.441 | INFO     | __main__:on_message:381 - 将绿色入盒子中
2025-04-30 10:14:44.707 | INFO     | __main__:on_message:381 - 。
2025-04-30 10:14:45.847 | INFO     | __main__:on_close:501 - 
### 语音识别结束 ###
2025-04-30 10:14:45.847 | INFO     | __main__:run:556 - * 录音结束
2025-04-30 10:14:45.847 | INFO     | __main__:on_close:503 - 
正在分析关键词...
2025-04-30 10:14:45.847 | INFO     | __main__:match_keywords:495 - 找到匹配关键词: 绿色 匹配 绿色
2025-04-30 10:14:45.858 | INFO     | __main__:process_text_and_send_signal:471 - 未找到匹配的组合
2025-04-30 10:14:50.671 | INFO     | __main__:process_text_and_send_signal:476 - 发送信号: 406
2025-04-30 10:14:50.671 | INFO     | __main__:process_text_and_send_signal:477 - 切换表情：难过
2025-04-30 10:14:50.671 | INFO     | __main__:main:580 - 继续监听唤醒词...
2025-04-30 10:14:51.736 | INFO     | __main__:start_wake_detection:268 - 开始监听唤醒词...
2025-04-30 10:14:59.366 | INFO     | __main__:wake_callback:170 - ==================================================
2025-04-30 10:14:59.366 | INFO     | __main__:wake_callback:171 - >>> 检测到唤醒词！请说出您的指令 <<<
2025-04-30 10:15:02.718 | INFO     | __main__:wake_callback:176 - ==================================================
2025-04-30 10:15:02.723 | INFO     | __main__:start_speech_recognition:295 - 开始语音识别...
2025-04-30 10:15:02.943 | INFO     | __main__:run:523 - * 开始录音...
2025-04-30 10:15:07.234 | INFO     | __main__:on_message:381 - 将方块放到盒子中
2025-04-30 10:15:08.574 | INFO     | __main__:on_message:381 - 。
2025-04-30 10:15:09.015 | INFO     | __main__:on_close:501 - 
### 语音识别结束 ###
2025-04-30 10:15:09.015 | INFO     | __main__:run:556 - * 录音结束
2025-04-30 10:15:09.015 | INFO     | __main__:on_close:503 - 
正在分析关键词...
2025-04-30 10:15:09.015 | INFO     | __main__:match_keywords:495 - 找到匹配关键词: 方块 匹配 方块
2025-04-30 10:15:09.022 | INFO     | __main__:process_text_and_send_signal:471 - 未找到匹配的组合
2025-04-30 10:15:13.945 | INFO     | __main__:process_text_and_send_signal:476 - 发送信号: 406
2025-04-30 10:15:13.945 | INFO     | __main__:process_text_and_send_signal:477 - 切换表情：难过
2025-04-30 10:15:13.952 | INFO     | __main__:main:580 - 继续监听唤醒词...
2025-04-30 10:15:15.017 | INFO     | __main__:start_wake_detection:268 - 开始监听唤醒词...
