2025-04-01 16:00:40.310 | INFO     | __main__:load_keywords_dict:162 - 成功加载关键词词典: ./keywords_dicts\keywords_dict.yaml
2025-04-01 16:00:43.043 | INFO     | __main__:_init_expression_server:148 - 表情服务器启动成功
2025-04-01 16:00:43.043 | INFO     | __main__:run_modbus_server:201 - Modbus 从机正在 192.168.1.125:599 上监听...
2025-04-01 16:00:44.048 | INFO     | __main__:request_monitor:184 - 当前保持寄存器数据: [0, 0, 0, 0, 0, 0, 0, 0, 0, 0]
2025-04-01 16:00:45.056 | INFO     | __main__:request_monitor:184 - 当前保持寄存器数据: [0, 0, 0, 0, 0, 0, 0, 0, 0, 0]
2025-04-01 16:00:46.055 | INFO     | __main__:request_monitor:184 - 当前保持寄存器数据: [0, 0, 0, 0, 0, 0, 0, 0, 0, 0]
2025-04-01 16:00:47.067 | INFO     | __main__:request_monitor:184 - 当前保持寄存器数据: [0, 0, 0, 0, 0, 0, 0, 0, 0, 0]
2025-04-01 16:00:48.088 | INFO     | __main__:request_monitor:184 - 当前保持寄存器数据: [0, 0, 0, 0, 0, 0, 0, 0, 0, 0]
2025-04-01 16:00:49.101 | INFO     | __main__:request_monitor:184 - 当前保持寄存器数据: [0, 0, 0, 0, 0, 0, 0, 0, 0, 0]
2025-04-01 16:00:50.107 | INFO     | __main__:request_monitor:184 - 当前保持寄存器数据: [0, 0, 0, 0, 0, 0, 0, 0, 0, 0]
2025-04-01 16:00:51.122 | INFO     | __main__:request_monitor:184 - 当前保持寄存器数据: [0, 0, 0, 0, 0, 0, 0, 0, 0, 0]
2025-04-01 16:00:52.131 | INFO     | __main__:request_monitor:184 - 当前保持寄存器数据: [0, 0, 0, 0, 0, 0, 0, 0, 0, 0]
2025-04-01 16:00:53.154 | INFO     | __main__:request_monitor:184 - 当前保持寄存器数据: [0, 0, 0, 0, 0, 0, 0, 0, 0, 0]
2025-04-01 16:00:54.174 | INFO     | __main__:request_monitor:184 - 当前保持寄存器数据: [0, 0, 0, 0, 0, 0, 0, 0, 0, 0]
2025-04-01 16:00:55.186 | INFO     | __main__:request_monitor:184 - 当前保持寄存器数据: [0, 0, 0, 0, 0, 0, 0, 0, 0, 0]
2025-04-01 16:00:56.191 | INFO     | __main__:request_monitor:184 - 当前保持寄存器数据: [111, 0, 0, 0, 0, 0, 0, 0, 0, 0]
2025-04-01 16:00:56.191 | INFO     | __main__:request_monitor:186 - 切换表情：眨眼
2025-04-01 16:00:56.191 | INFO     | __main__:request_monitor:188 - 保持寄存器读到111
2025-04-01 16:00:56.191 | INFO     | __main__:request_monitor:189 - 当前保持寄存器数据: [111, 0, 0, 0, 0, 0, 0, 0, 0, 0]
2025-04-01 16:00:56.191 | INFO     | __main__:request_monitor:191 - 开始清零
2025-04-01 16:00:56.191 | INFO     | __main__:request_monitor:192 - 当前保持寄存器数据: [111, 0, 0, 0, 0, 0, 0, 0, 0, 0]
2025-04-01 16:00:56.191 | INFO     | __main__:request_monitor:194 - 当前保持寄存器数据: [111, 0, 0, 0, 0, 0, 0, 0, 0, 0]
2025-04-01 16:00:56.191 | INFO     | __main__:request_monitor:195 - 检测到寄存器值为 111，准备退出...
2025-04-01 16:00:56.395 | INFO     | __main__:start_wake_detection:268 - 开始监听唤醒词...
2025-04-01 16:00:59.406 | INFO     | __main__:wake_callback:170 - ==================================================
2025-04-01 16:00:59.406 | INFO     | __main__:wake_callback:171 - >>> 检测到唤醒词！请说出您的指令 <<<
2025-04-01 16:01:02.908 | INFO     | __main__:wake_callback:176 - ==================================================
2025-04-01 16:01:02.912 | INFO     | __main__:start_speech_recognition:295 - 开始语音识别...
2025-04-01 16:01:03.159 | INFO     | __main__:run:523 - * 开始录音...
2025-04-01 16:01:07.106 | INFO     | __main__:on_message:381 - 将绿色方块放到方形盒子中
2025-04-01 16:01:08.416 | INFO     | __main__:on_message:381 - 。
2025-04-01 16:01:09.265 | INFO     | __main__:on_close:501 - 
### 语音识别结束 ###
2025-04-01 16:01:09.265 | INFO     | __main__:run:556 - * 录音结束
2025-04-01 16:01:09.265 | INFO     | __main__:on_close:503 - 
正在分析关键词...
2025-04-01 16:01:09.862 | INFO     | __main__:match_keywords:495 - 找到匹配关键词: 方块 匹配 方块
2025-04-01 16:01:09.862 | INFO     | __main__:match_keywords:495 - 找到匹配关键词: 方形 匹配 方形
2025-04-01 16:01:15.108 | INFO     | __main__:process_text_and_send_signal:447 - 发送信号: 401
2025-04-01 16:01:15.108 | INFO     | __main__:process_text_and_send_signal:448 - 切换表情：开心
2025-04-01 16:01:15.115 | INFO     | __main__:main:580 - 继续监听唤醒词...
2025-04-01 16:01:16.196 | INFO     | __main__:start_wake_detection:268 - 开始监听唤醒词...
2025-04-01 16:02:11.840 | INFO     | __main__:wake_callback:170 - ==================================================
2025-04-01 16:02:11.840 | INFO     | __main__:wake_callback:171 - >>> 检测到唤醒词！请说出您的指令 <<<
2025-04-01 16:02:15.335 | INFO     | __main__:wake_callback:176 - ==================================================
2025-04-01 16:02:15.340 | INFO     | __main__:start_speech_recognition:295 - 开始语音识别...
2025-04-01 16:02:15.581 | INFO     | __main__:run:523 - * 开始录音...
2025-04-01 16:02:18.844 | INFO     | __main__:on_message:381 - 将绿色方块放到圆形盒子
2025-04-01 16:02:20.218 | INFO     | __main__:on_message:381 - 。
2025-04-01 16:02:21.720 | INFO     | __main__:on_close:501 - 
### 语音识别结束 ###
2025-04-01 16:02:21.720 | INFO     | __main__:run:556 - * 录音结束
2025-04-01 16:02:21.720 | INFO     | __main__:on_close:503 - 
正在分析关键词...
2025-04-01 16:02:21.720 | INFO     | __main__:match_keywords:495 - 找到匹配关键词: 方块 匹配 方块
2025-04-01 16:02:21.720 | INFO     | __main__:match_keywords:495 - 找到匹配关键词: 圆形 匹配 圆形
2025-04-01 16:02:24.961 | INFO     | __main__:process_text_and_send_signal:454 - 发送信号: 402
2025-04-01 16:02:24.961 | INFO     | __main__:process_text_and_send_signal:455 - 切换表情：开心
2025-04-01 16:02:24.961 | INFO     | __main__:main:580 - 继续监听唤醒词...
2025-04-01 16:02:26.069 | INFO     | __main__:start_wake_detection:268 - 开始监听唤醒词...
2025-04-01 16:03:23.610 | INFO     | __main__:wake_callback:170 - ==================================================
2025-04-01 16:03:23.610 | INFO     | __main__:wake_callback:171 - >>> 检测到唤醒词！请说出您的指令 <<<
2025-04-01 16:03:27.081 | INFO     | __main__:wake_callback:176 - ==================================================
2025-04-01 16:03:27.086 | INFO     | __main__:start_speech_recognition:295 - 开始语音识别...
2025-04-01 16:03:27.311 | INFO     | __main__:run:523 - * 开始录音...
2025-04-01 16:03:31.610 | INFO     | __main__:on_message:381 - 将圆形放到放铁盒子中
2025-04-01 16:03:32.943 | INFO     | __main__:on_message:381 - 。
2025-04-01 16:03:33.430 | INFO     | __main__:on_close:501 - 
### 语音识别结束 ###
2025-04-01 16:03:33.430 | INFO     | __main__:run:556 - * 录音结束
2025-04-01 16:03:33.430 | INFO     | __main__:on_close:503 - 
正在分析关键词...
2025-04-01 16:03:33.445 | INFO     | __main__:match_keywords:495 - 找到匹配关键词: 圆形 匹配 圆形
2025-04-01 16:03:33.445 | INFO     | __main__:process_text_and_send_signal:471 - 未找到匹配的组合
2025-04-01 16:03:38.533 | INFO     | __main__:process_text_and_send_signal:476 - 发送信号: 406
2025-04-01 16:03:38.541 | INFO     | __main__:process_text_and_send_signal:477 - 切换表情：难过
2025-04-01 16:03:38.543 | INFO     | __main__:main:580 - 继续监听唤醒词...
2025-04-01 16:03:39.643 | INFO     | __main__:start_wake_detection:268 - 开始监听唤醒词...
2025-04-01 16:03:44.068 | INFO     | __main__:wake_callback:170 - ==================================================
2025-04-01 16:03:44.068 | INFO     | __main__:wake_callback:171 - >>> 检测到唤醒词！请说出您的指令 <<<
2025-04-01 16:03:47.540 | INFO     | __main__:wake_callback:176 - ==================================================
2025-04-01 16:03:47.540 | INFO     | __main__:start_speech_recognition:295 - 开始语音识别...
2025-04-01 16:03:47.760 | INFO     | __main__:run:523 - * 开始录音...
2025-04-01 16:03:51.773 | INFO     | __main__:on_message:381 - 将圆形放到方形盒子中
2025-04-01 16:03:52.978 | INFO     | __main__:on_message:381 - 。
2025-04-01 16:03:53.852 | INFO     | __main__:on_close:501 - 
### 语音识别结束 ###
2025-04-01 16:03:53.852 | INFO     | __main__:on_close:503 - 
正在分析关键词...
2025-04-01 16:03:53.852 | INFO     | __main__:run:556 - * 录音结束
2025-04-01 16:03:53.852 | INFO     | __main__:match_keywords:495 - 找到匹配关键词: 圆形 匹配 圆形
2025-04-01 16:03:53.852 | INFO     | __main__:match_keywords:495 - 找到匹配关键词: 方形 匹配 方形
2025-04-01 16:03:59.270 | INFO     | __main__:process_text_and_send_signal:461 - 发送信号: 403
2025-04-01 16:03:59.270 | INFO     | __main__:process_text_and_send_signal:462 - 切换表情：开心
2025-04-01 16:03:59.276 | INFO     | __main__:main:580 - 继续监听唤醒词...
2025-04-01 16:04:00.368 | INFO     | __main__:start_wake_detection:268 - 开始监听唤醒词...
2025-04-01 16:04:16.321 | INFO     | __main__:wake_callback:170 - ==================================================
2025-04-01 16:04:16.321 | INFO     | __main__:wake_callback:171 - >>> 检测到唤醒词！请说出您的指令 <<<
2025-04-01 16:04:19.921 | INFO     | __main__:wake_callback:176 - ==================================================
2025-04-01 16:04:19.926 | INFO     | __main__:start_speech_recognition:295 - 开始语音识别...
2025-04-01 16:04:20.213 | INFO     | __main__:run:523 - * 开始录音...
2025-04-01 16:04:23.686 | INFO     | __main__:on_message:381 - 将圆形放到圆形盒子中
2025-04-01 16:04:25.070 | INFO     | __main__:on_message:381 - 。
2025-04-01 16:04:26.294 | INFO     | __main__:on_close:501 - 
### 语音识别结束 ###
2025-04-01 16:04:26.294 | INFO     | __main__:run:556 - * 录音结束
2025-04-01 16:04:26.294 | INFO     | __main__:on_close:503 - 
正在分析关键词...
2025-04-01 16:04:26.294 | INFO     | __main__:match_keywords:495 - 找到匹配关键词: 圆形 匹配 圆形
2025-04-01 16:04:26.294 | INFO     | __main__:match_keywords:495 - 找到匹配关键词: 圆形 匹配 圆形
2025-04-01 16:04:31.721 | INFO     | __main__:process_text_and_send_signal:468 - 发送信号: 404
2025-04-01 16:04:31.721 | INFO     | __main__:process_text_and_send_signal:469 - 切换表情：开心
2025-04-01 16:04:31.721 | INFO     | __main__:main:580 - 继续监听唤醒词...
2025-04-01 16:04:32.814 | INFO     | __main__:start_wake_detection:268 - 开始监听唤醒词...
2025-04-01 16:06:08.445 | INFO     | __main__:wake_callback:170 - ==================================================
2025-04-01 16:06:08.446 | INFO     | __main__:wake_callback:171 - >>> 检测到唤醒词！请说出您的指令 <<<
2025-04-01 16:06:11.895 | INFO     | __main__:wake_callback:176 - ==================================================
2025-04-01 16:06:11.899 | INFO     | __main__:start_speech_recognition:295 - 开始语音识别...
2025-04-01 16:06:12.190 | INFO     | __main__:run:523 - * 开始录音...
2025-04-01 16:06:27.254 | INFO     | __main__:run:556 - * 录音结束
2025-04-01 16:06:27.254 | INFO     | __main__:on_close:501 - 
### 语音识别结束 ###
2025-04-01 16:06:27.258 | INFO     | __main__:main:580 - 继续监听唤醒词...
2025-04-01 16:06:28.346 | INFO     | __main__:start_wake_detection:268 - 开始监听唤醒词...
2025-04-01 16:06:42.333 | INFO     | __main__:wake_callback:170 - ==================================================
2025-04-01 16:06:42.333 | INFO     | __main__:wake_callback:171 - >>> 检测到唤醒词！请说出您的指令 <<<
2025-04-01 16:06:44.038 | INFO     | __main__:wake_callback:176 - ==================================================
2025-04-01 16:06:44.043 | INFO     | __main__:start_speech_recognition:295 - 开始语音识别...
2025-04-01 16:06:45.576 | INFO     | __main__:run:523 - * 开始录音...
2025-04-01 16:06:58.821 | INFO     | __main__:on_message:381 - 颜色
2025-04-01 16:07:15.492 | ERROR    | __main__:on_message:373 - 错误码：10008，错误信息：{'code': 10008, 'message': 'service instance invalid', 'sid': 'iat000eb34c@dx195f06381f1a13b802'}
2025-04-01 16:07:16.211 | INFO     | __main__:on_close:501 - 
### 语音识别结束 ###
2025-04-01 16:07:16.216 | INFO     | __main__:on_close:503 - 
正在分析关键词...
2025-04-01 16:07:20.249 | INFO     | __main__:main:580 - 继续监听唤醒词...
2025-04-01 16:07:21.298 | INFO     | __main__:start_wake_detection:268 - 开始监听唤醒词...
