2025-04-30 10:37:02.306 | INFO     | __main__:load_keywords_dict:162 - 成功加载关键词词典: ./keywords_dicts\keywords_dict.yaml
2025-04-30 10:37:07.142 | INFO     | __main__:_init_expression_server:148 - 表情服务器启动成功
2025-04-30 10:37:07.142 | INFO     | __main__:run_modbus_server:201 - Modbus 从机正在 192.168.1.125:599 上监听...
2025-04-30 10:37:08.159 | INFO     | __main__:request_monitor:184 - 当前保持寄存器数据: [0, 0, 0, 0, 0, 0, 0, 0, 0, 0]
2025-04-30 10:37:09.168 | INFO     | __main__:request_monitor:184 - 当前保持寄存器数据: [0, 0, 0, 0, 0, 0, 0, 0, 0, 0]
2025-04-30 10:37:10.171 | INFO     | __main__:request_monitor:184 - 当前保持寄存器数据: [0, 0, 0, 0, 0, 0, 0, 0, 0, 0]
2025-04-30 10:37:11.171 | INFO     | __main__:request_monitor:184 - 当前保持寄存器数据: [0, 0, 0, 0, 0, 0, 0, 0, 0, 0]
2025-04-30 10:37:12.186 | INFO     | __main__:request_monitor:184 - 当前保持寄存器数据: [0, 0, 0, 0, 0, 0, 0, 0, 0, 0]
2025-04-30 10:37:13.192 | INFO     | __main__:request_monitor:184 - 当前保持寄存器数据: [0, 0, 0, 0, 0, 0, 0, 0, 0, 0]
2025-04-30 10:37:14.201 | INFO     | __main__:request_monitor:184 - 当前保持寄存器数据: [0, 0, 0, 0, 0, 0, 0, 0, 0, 0]
2025-04-30 10:37:15.222 | INFO     | __main__:request_monitor:184 - 当前保持寄存器数据: [0, 0, 0, 0, 0, 0, 0, 0, 0, 0]
2025-04-30 10:37:16.222 | INFO     | __main__:request_monitor:184 - 当前保持寄存器数据: [0, 0, 0, 0, 0, 0, 0, 0, 0, 0]
2025-04-30 10:37:17.220 | INFO     | __main__:request_monitor:184 - 当前保持寄存器数据: [0, 0, 0, 0, 0, 0, 0, 0, 0, 0]
2025-04-30 10:37:18.230 | INFO     | __main__:request_monitor:184 - 当前保持寄存器数据: [0, 0, 0, 0, 0, 0, 0, 0, 0, 0]
2025-04-30 10:37:19.235 | INFO     | __main__:request_monitor:184 - 当前保持寄存器数据: [0, 0, 0, 0, 0, 0, 0, 0, 0, 0]
2025-04-30 10:37:20.238 | INFO     | __main__:request_monitor:184 - 当前保持寄存器数据: [111, 0, 0, 0, 0, 0, 0, 0, 0, 0]
2025-04-30 10:37:20.238 | INFO     | __main__:request_monitor:186 - 切换表情：眨眼
2025-04-30 10:37:20.240 | INFO     | __main__:request_monitor:188 - 保持寄存器读到111
2025-04-30 10:37:20.240 | INFO     | __main__:request_monitor:189 - 当前保持寄存器数据: [111, 0, 0, 0, 0, 0, 0, 0, 0, 0]
2025-04-30 10:37:20.240 | INFO     | __main__:request_monitor:191 - 开始清零
2025-04-30 10:37:20.240 | INFO     | __main__:request_monitor:192 - 当前保持寄存器数据: [111, 0, 0, 0, 0, 0, 0, 0, 0, 0]
2025-04-30 10:37:20.240 | INFO     | __main__:request_monitor:194 - 当前保持寄存器数据: [111, 0, 0, 0, 0, 0, 0, 0, 0, 0]
2025-04-30 10:37:20.240 | INFO     | __main__:request_monitor:195 - 检测到寄存器值为 111，准备退出...
2025-04-30 10:37:20.303 | INFO     | __main__:start_wake_detection:268 - 开始监听唤醒词...
2025-04-30 10:37:25.247 | INFO     | __main__:wake_callback:170 - ==================================================
2025-04-30 10:37:25.247 | INFO     | __main__:wake_callback:171 - >>> 检测到唤醒词！请说出您的指令 <<<
2025-04-30 10:37:28.697 | INFO     | __main__:wake_callback:176 - ==================================================
2025-04-30 10:37:28.699 | INFO     | __main__:start_speech_recognition:295 - 开始语音识别...
2025-04-30 10:37:28.973 | INFO     | __main__:run:523 - * 开始录音...
2025-04-30 10:37:31.204 | INFO     | __main__:on_message:381 - 让圆形放到圆形盒子
2025-04-30 10:37:32.560 | INFO     | __main__:on_message:381 - 。
2025-04-30 10:37:35.851 | INFO     | __main__:on_close:501 - 
### 语音识别结束 ###
2025-04-30 10:37:35.851 | INFO     | __main__:on_close:503 - 
正在分析关键词...
2025-04-30 10:37:35.851 | INFO     | __main__:run:556 - * 录音结束
2025-04-30 10:37:36.243 | INFO     | __main__:match_keywords:495 - 找到匹配关键词: 圆形 匹配 圆形
2025-04-30 10:37:36.243 | INFO     | __main__:match_keywords:495 - 找到匹配关键词: 圆形 匹配 圆形
2025-04-30 10:37:41.556 | INFO     | __main__:process_text_and_send_signal:468 - 发送信号: 404
2025-04-30 10:37:41.556 | INFO     | __main__:process_text_and_send_signal:469 - 切换表情：开心
2025-04-30 10:37:41.556 | INFO     | __main__:main:580 - 继续监听唤醒词...
2025-04-30 10:37:42.601 | INFO     | __main__:start_wake_detection:268 - 开始监听唤醒词...
2025-04-30 17:54:10.636 | INFO     | __main__:wake_callback:170 - ==================================================
2025-04-30 17:54:10.636 | INFO     | __main__:wake_callback:171 - >>> 检测到唤醒词！请说出您的指令 <<<
2025-04-30 17:54:14.096 | INFO     | __main__:wake_callback:176 - ==================================================
2025-04-30 17:54:14.101 | INFO     | __main__:start_speech_recognition:295 - 开始语音识别...
2025-04-30 17:54:14.356 | INFO     | __main__:run:523 - * 开始录音...
2025-04-30 17:54:18.005 | INFO     | __main__:on_message:381 - 将绿色方块
2025-04-30 17:54:19.988 | INFO     | __main__:on_message:381 - 看到绿色盒子
2025-04-30 17:54:20.367 | INFO     | __main__:on_message:381 - 。
2025-04-30 17:54:20.429 | INFO     | __main__:on_close:501 - 
### 语音识别结束 ###
2025-04-30 17:54:20.430 | INFO     | __main__:on_close:503 - 
正在分析关键词...
2025-04-30 17:54:20.430 | INFO     | __main__:run:556 - * 录音结束
2025-04-30 17:54:20.430 | INFO     | __main__:match_keywords:495 - 找到匹配关键词: 方块 匹配 方块
2025-04-30 17:54:20.435 | INFO     | __main__:match_keywords:495 - 找到匹配关键词: 绿色 匹配 绿色
2025-04-30 17:54:25.763 | INFO     | __main__:process_text_and_send_signal:454 - 发送信号: 402
2025-04-30 17:54:25.763 | INFO     | __main__:process_text_and_send_signal:455 - 切换表情：开心
2025-04-30 17:54:25.768 | INFO     | __main__:main:580 - 继续监听唤醒词...
2025-04-30 17:54:26.838 | INFO     | __main__:start_wake_detection:268 - 开始监听唤醒词...
2025-04-30 18:14:47.262 | INFO     | __main__:wake_callback:170 - ==================================================
2025-04-30 18:14:47.262 | INFO     | __main__:wake_callback:171 - >>> 检测到唤醒词！请说出您的指令 <<<
2025-04-30 18:14:50.748 | INFO     | __main__:wake_callback:176 - ==================================================
2025-04-30 18:14:50.754 | INFO     | __main__:start_speech_recognition:295 - 开始语音识别...
2025-04-30 18:14:51.007 | INFO     | __main__:run:523 - * 开始录音...
2025-04-30 18:14:53.759 | INFO     | __main__:on_message:381 - 绿色方块放在绿色河水
2025-04-30 18:14:55.052 | INFO     | __main__:on_message:381 - 。
2025-04-30 18:14:57.063 | INFO     | __main__:on_close:501 - 
### 语音识别结束 ###
2025-04-30 18:14:57.063 | INFO     | __main__:on_close:503 - 
正在分析关键词...
2025-04-30 18:14:57.063 | INFO     | __main__:run:556 - * 录音结束
2025-04-30 18:14:57.063 | INFO     | __main__:match_keywords:495 - 找到匹配关键词: 方块 匹配 方块
2025-04-30 18:14:57.072 | INFO     | __main__:match_keywords:495 - 找到匹配关键词: 绿色 匹配 绿色
2025-04-30 18:15:02.298 | INFO     | __main__:process_text_and_send_signal:454 - 发送信号: 402
2025-04-30 18:15:02.298 | INFO     | __main__:process_text_and_send_signal:455 - 切换表情：开心
2025-04-30 18:15:02.298 | INFO     | __main__:main:580 - 继续监听唤醒词...
2025-04-30 18:15:03.330 | INFO     | __main__:start_wake_detection:268 - 开始监听唤醒词...
2025-05-05 11:51:49.936 | INFO     | __main__:wake_callback:170 - ==================================================
2025-05-05 11:51:49.936 | INFO     | __main__:wake_callback:171 - >>> 检测到唤醒词！请说出您的指令 <<<
2025-05-05 11:51:53.411 | INFO     | __main__:wake_callback:176 - ==================================================
2025-05-05 11:51:53.415 | INFO     | __main__:start_speech_recognition:295 - 开始语音识别...
2025-05-05 11:51:53.631 | INFO     | __main__:run:523 - * 开始录音...
2025-05-05 11:51:56.509 | INFO     | __main__:on_message:381 - 把绿色的放到红色盒子里
2025-05-05 11:51:57.841 | INFO     | __main__:on_message:381 - 。
2025-05-05 11:51:59.701 | INFO     | __main__:on_close:501 - 
### 语音识别结束 ###
2025-05-05 11:51:59.701 | INFO     | __main__:on_close:503 - 
正在分析关键词...
2025-05-05 11:51:59.701 | INFO     | __main__:run:556 - * 录音结束
2025-05-05 11:51:59.701 | INFO     | __main__:match_keywords:495 - 找到匹配关键词: 绿色 匹配 绿色
2025-05-05 11:51:59.701 | INFO     | __main__:match_keywords:495 - 找到匹配关键词: 红色 匹配 红色
2025-05-05 11:52:04.967 | INFO     | __main__:process_text_and_send_signal:447 - 发送信号: 401
2025-05-05 11:52:04.967 | INFO     | __main__:process_text_and_send_signal:448 - 切换表情：开心
2025-05-05 11:52:04.967 | INFO     | __main__:main:580 - 继续监听唤醒词...
2025-05-05 11:52:06.021 | INFO     | __main__:start_wake_detection:268 - 开始监听唤醒词...
