2025-04-18 09:43:23.016 | INFO     | __main__:load_keywords_dict:162 - 成功加载关键词词典: ./keywords_dicts\keywords_dict.yaml
2025-04-18 09:43:27.560 | INFO     | __main__:_init_expression_server:148 - 表情服务器启动成功
2025-04-18 09:43:27.560 | INFO     | __main__:run_modbus_server:201 - Modbus 从机正在 192.168.1.125:599 上监听...
2025-04-18 09:43:28.566 | INFO     | __main__:request_monitor:184 - 当前保持寄存器数据: [0, 0, 0, 0, 0, 0, 0, 0, 0, 0]
2025-04-18 09:43:29.588 | INFO     | __main__:request_monitor:184 - 当前保持寄存器数据: [0, 0, 0, 0, 0, 0, 0, 0, 0, 0]
2025-04-18 09:43:30.586 | INFO     | __main__:request_monitor:184 - 当前保持寄存器数据: [0, 0, 0, 0, 0, 0, 0, 0, 0, 0]
2025-04-18 09:43:31.588 | INFO     | __main__:request_monitor:184 - 当前保持寄存器数据: [0, 0, 0, 0, 0, 0, 0, 0, 0, 0]
2025-04-18 09:43:32.589 | INFO     | __main__:request_monitor:184 - 当前保持寄存器数据: [0, 0, 0, 0, 0, 0, 0, 0, 0, 0]
2025-04-18 09:43:33.606 | INFO     | __main__:request_monitor:184 - 当前保持寄存器数据: [0, 0, 0, 0, 0, 0, 0, 0, 0, 0]
2025-04-18 09:43:34.606 | INFO     | __main__:request_monitor:184 - 当前保持寄存器数据: [0, 0, 0, 0, 0, 0, 0, 0, 0, 0]
2025-04-18 09:43:35.606 | INFO     | __main__:request_monitor:184 - 当前保持寄存器数据: [0, 0, 0, 0, 0, 0, 0, 0, 0, 0]
2025-04-18 09:43:36.624 | INFO     | __main__:request_monitor:184 - 当前保持寄存器数据: [0, 0, 0, 0, 0, 0, 0, 0, 0, 0]
2025-04-18 09:43:37.638 | INFO     | __main__:request_monitor:184 - 当前保持寄存器数据: [0, 0, 0, 0, 0, 0, 0, 0, 0, 0]
2025-04-18 09:43:38.652 | INFO     | __main__:request_monitor:184 - 当前保持寄存器数据: [0, 0, 0, 0, 0, 0, 0, 0, 0, 0]
2025-04-18 09:43:39.656 | INFO     | __main__:request_monitor:184 - 当前保持寄存器数据: [0, 0, 0, 0, 0, 0, 0, 0, 0, 0]
2025-04-18 09:43:40.657 | INFO     | __main__:request_monitor:184 - 当前保持寄存器数据: [0, 0, 0, 0, 0, 0, 0, 0, 0, 0]
2025-04-18 09:43:41.669 | INFO     | __main__:request_monitor:184 - 当前保持寄存器数据: [111, 0, 0, 0, 0, 0, 0, 0, 0, 0]
2025-04-18 09:43:41.669 | INFO     | __main__:request_monitor:186 - 切换表情：眨眼
2025-04-18 09:43:41.669 | INFO     | __main__:request_monitor:188 - 保持寄存器读到111
2025-04-18 09:43:41.669 | INFO     | __main__:request_monitor:189 - 当前保持寄存器数据: [111, 0, 0, 0, 0, 0, 0, 0, 0, 0]
2025-04-18 09:43:41.669 | INFO     | __main__:request_monitor:191 - 开始清零
2025-04-18 09:43:41.669 | INFO     | __main__:request_monitor:192 - 当前保持寄存器数据: [111, 0, 0, 0, 0, 0, 0, 0, 0, 0]
2025-04-18 09:43:41.669 | INFO     | __main__:request_monitor:194 - 当前保持寄存器数据: [111, 0, 0, 0, 0, 0, 0, 0, 0, 0]
2025-04-18 09:43:41.669 | INFO     | __main__:request_monitor:195 - 检测到寄存器值为 111，准备退出...
2025-04-18 09:43:41.732 | INFO     | __main__:start_wake_detection:268 - 开始监听唤醒词...
2025-04-18 09:43:44.254 | INFO     | __main__:wake_callback:170 - ==================================================
2025-04-18 09:43:44.254 | INFO     | __main__:wake_callback:171 - >>> 检测到唤醒词！请说出您的指令 <<<
2025-04-18 09:43:47.844 | INFO     | __main__:wake_callback:176 - ==================================================
2025-04-18 09:43:47.850 | INFO     | __main__:start_speech_recognition:295 - 开始语音识别...
2025-04-18 09:43:48.023 | INFO     | __main__:run:523 - * 开始录音...
2025-04-18 09:43:52.177 | INFO     | __main__:on_message:381 - 将绿色方块放到方形盒
2025-04-18 09:43:53.468 | INFO     | __main__:on_message:381 - 。
2025-04-18 09:43:54.665 | INFO     | __main__:on_close:501 - 
### 语音识别结束 ###
2025-04-18 09:43:54.665 | INFO     | __main__:run:556 - * 录音结束
2025-04-18 09:43:54.665 | INFO     | __main__:on_close:503 - 
正在分析关键词...
2025-04-18 09:43:55.077 | INFO     | __main__:match_keywords:495 - 找到匹配关键词: 方块 匹配 方块
2025-04-18 09:43:55.078 | INFO     | __main__:match_keywords:495 - 找到匹配关键词: 方形 匹配 方形
2025-04-18 09:44:00.404 | INFO     | __main__:process_text_and_send_signal:447 - 发送信号: 401
2025-04-18 09:44:00.404 | INFO     | __main__:process_text_and_send_signal:448 - 切换表情：开心
2025-04-18 09:44:00.404 | INFO     | __main__:main:580 - 继续监听唤醒词...
2025-04-18 09:44:01.452 | INFO     | __main__:start_wake_detection:268 - 开始监听唤醒词...
2025-04-18 09:47:08.928 | INFO     | __main__:wake_callback:170 - ==================================================
2025-04-18 09:47:08.928 | INFO     | __main__:wake_callback:171 - >>> 检测到唤醒词！请说出您的指令 <<<
2025-04-18 09:47:12.509 | INFO     | __main__:wake_callback:176 - ==================================================
2025-04-18 09:47:12.517 | INFO     | __main__:start_speech_recognition:295 - 开始语音识别...
2025-04-18 09:47:12.743 | INFO     | __main__:run:523 - * 开始录音...
2025-04-18 09:47:16.464 | INFO     | __main__:on_message:381 - 将绿色方块放到方形盒子中
2025-04-18 09:47:17.687 | INFO     | __main__:on_message:381 - 。
2025-04-18 09:47:18.820 | INFO     | __main__:on_close:501 - 
### 语音识别结束 ###
2025-04-18 09:47:18.820 | INFO     | __main__:run:556 - * 录音结束
2025-04-18 09:47:18.820 | INFO     | __main__:on_close:503 - 
正在分析关键词...
2025-04-18 09:47:18.820 | INFO     | __main__:match_keywords:495 - 找到匹配关键词: 方块 匹配 方块
2025-04-18 09:47:18.820 | INFO     | __main__:match_keywords:495 - 找到匹配关键词: 方形 匹配 方形
2025-04-18 09:47:24.141 | INFO     | __main__:process_text_and_send_signal:447 - 发送信号: 401
2025-04-18 09:47:24.141 | INFO     | __main__:process_text_and_send_signal:448 - 切换表情：开心
2025-04-18 09:47:24.141 | INFO     | __main__:main:580 - 继续监听唤醒词...
2025-04-18 09:47:25.198 | INFO     | __main__:start_wake_detection:268 - 开始监听唤醒词...
2025-04-18 09:48:19.101 | INFO     | __main__:wake_callback:170 - ==================================================
2025-04-18 09:48:19.101 | INFO     | __main__:wake_callback:171 - >>> 检测到唤醒词！请说出您的指令 <<<
2025-04-18 09:48:22.663 | INFO     | __main__:wake_callback:176 - ==================================================
2025-04-18 09:48:22.667 | INFO     | __main__:start_speech_recognition:295 - 开始语音识别...
2025-04-18 09:48:22.879 | INFO     | __main__:run:523 - * 开始录音...
2025-04-18 09:48:26.989 | INFO     | __main__:on_message:381 - 两圆形
2025-04-18 09:48:29.164 | INFO     | __main__:on_close:501 - 
### 语音识别结束 ###
2025-04-18 09:48:29.164 | INFO     | __main__:run:556 - * 录音结束
2025-04-18 09:48:29.164 | INFO     | __main__:on_close:503 - 
正在分析关键词...
2025-04-18 09:48:33.936 | INFO     | __main__:main:580 - 继续监听唤醒词...
2025-04-18 09:48:35.000 | INFO     | __main__:start_wake_detection:268 - 开始监听唤醒词...
2025-04-18 09:48:36.414 | INFO     | __main__:wake_callback:170 - ==================================================
2025-04-18 09:48:36.414 | INFO     | __main__:wake_callback:171 - >>> 检测到唤醒词！请说出您的指令 <<<
2025-04-18 09:48:39.923 | INFO     | __main__:wake_callback:176 - ==================================================
2025-04-18 09:48:39.928 | INFO     | __main__:start_speech_recognition:295 - 开始语音识别...
2025-04-18 09:48:40.131 | INFO     | __main__:run:523 - * 开始录音...
2025-04-18 09:48:44.789 | INFO     | __main__:on_message:381 - 将方块放到方形盒子中
2025-04-18 09:48:46.135 | INFO     | __main__:on_message:381 - 。
2025-04-18 09:48:46.184 | INFO     | __main__:on_close:501 - 
### 语音识别结束 ###
2025-04-18 09:48:46.199 | INFO     | __main__:run:556 - * 录音结束
2025-04-18 09:48:46.199 | INFO     | __main__:on_close:503 - 
正在分析关键词...
2025-04-18 09:48:46.199 | INFO     | __main__:match_keywords:495 - 找到匹配关键词: 方块 匹配 方块
2025-04-18 09:48:46.209 | INFO     | __main__:match_keywords:495 - 找到匹配关键词: 方形 匹配 方形
2025-04-18 09:48:51.450 | INFO     | __main__:process_text_and_send_signal:447 - 发送信号: 401
2025-04-18 09:48:51.450 | INFO     | __main__:process_text_and_send_signal:448 - 切换表情：开心
2025-04-18 09:48:51.455 | INFO     | __main__:main:580 - 继续监听唤醒词...
2025-04-18 09:48:52.483 | INFO     | __main__:start_wake_detection:268 - 开始监听唤醒词...
2025-04-18 09:50:02.374 | INFO     | __main__:wake_callback:170 - ==================================================
2025-04-18 09:50:02.374 | INFO     | __main__:wake_callback:171 - >>> 检测到唤醒词！请说出您的指令 <<<
2025-04-18 09:50:05.821 | INFO     | __main__:wake_callback:176 - ==================================================
2025-04-18 09:50:05.833 | INFO     | __main__:start_speech_recognition:295 - 开始语音识别...
2025-04-18 09:50:06.025 | INFO     | __main__:run:523 - * 开始录音...
2025-04-18 09:50:09.089 | INFO     | __main__:on_message:381 - 将方形放到圆形盒子中
2025-04-18 09:50:10.539 | INFO     | __main__:on_message:381 - 。
2025-04-18 09:50:12.098 | INFO     | __main__:on_close:501 - 
### 语音识别结束 ###
2025-04-18 09:50:12.098 | INFO     | __main__:run:556 - * 录音结束
2025-04-18 09:50:12.098 | INFO     | __main__:on_close:503 - 
正在分析关键词...
2025-04-18 09:50:12.098 | INFO     | __main__:match_keywords:495 - 找到匹配关键词: 方形 匹配 方形
2025-04-18 09:50:12.098 | INFO     | __main__:match_keywords:495 - 找到匹配关键词: 圆形 匹配 圆形
2025-04-18 09:50:17.410 | INFO     | __main__:process_text_and_send_signal:454 - 发送信号: 402
2025-04-18 09:50:17.410 | INFO     | __main__:process_text_and_send_signal:455 - 切换表情：开心
2025-04-18 09:50:17.410 | INFO     | __main__:main:580 - 继续监听唤醒词...
2025-04-18 09:50:18.465 | INFO     | __main__:start_wake_detection:268 - 开始监听唤醒词...
2025-04-18 09:51:18.568 | INFO     | __main__:wake_callback:170 - ==================================================
2025-04-18 09:51:18.568 | INFO     | __main__:wake_callback:171 - >>> 检测到唤醒词！请说出您的指令 <<<
2025-04-18 09:51:21.964 | INFO     | __main__:wake_callback:176 - ==================================================
2025-04-18 09:51:21.968 | INFO     | __main__:start_speech_recognition:295 - 开始语音识别...
2025-04-18 09:51:22.179 | INFO     | __main__:run:523 - * 开始录音...
2025-04-18 09:51:25.438 | INFO     | __main__:on_message:381 - 当圆形放到放进盒子中
2025-04-18 09:51:26.789 | INFO     | __main__:on_message:381 - 。
2025-04-18 09:51:28.251 | INFO     | __main__:on_close:501 - 
### 语音识别结束 ###
2025-04-18 09:51:28.251 | INFO     | __main__:run:556 - * 录音结束
2025-04-18 09:51:28.251 | INFO     | __main__:on_close:503 - 
正在分析关键词...
2025-04-18 09:51:28.251 | INFO     | __main__:match_keywords:495 - 找到匹配关键词: 圆形 匹配 圆形
2025-04-18 09:51:28.261 | INFO     | __main__:process_text_and_send_signal:471 - 未找到匹配的组合
2025-04-18 09:51:33.103 | INFO     | __main__:process_text_and_send_signal:476 - 发送信号: 406
2025-04-18 09:51:33.103 | INFO     | __main__:process_text_and_send_signal:477 - 切换表情：难过
2025-04-18 09:51:33.108 | INFO     | __main__:main:580 - 继续监听唤醒词...
2025-04-18 09:51:34.169 | INFO     | __main__:start_wake_detection:268 - 开始监听唤醒词...
2025-04-18 09:51:38.475 | INFO     | __main__:wake_callback:170 - ==================================================
2025-04-18 09:51:38.475 | INFO     | __main__:wake_callback:171 - >>> 检测到唤醒词！请说出您的指令 <<<
2025-04-18 09:51:41.899 | INFO     | __main__:wake_callback:176 - ==================================================
2025-04-18 09:51:41.903 | INFO     | __main__:start_speech_recognition:295 - 开始语音识别...
2025-04-18 09:51:42.073 | INFO     | __main__:run:523 - * 开始录音...
2025-04-18 09:51:45.907 | INFO     | __main__:on_message:381 - 将圆形放到方形盒子中
2025-04-18 09:51:47.239 | INFO     | __main__:on_message:381 - 。
2025-04-18 09:51:48.134 | INFO     | __main__:on_close:501 - 
### 语音识别结束 ###
2025-04-18 09:51:48.134 | INFO     | __main__:run:556 - * 录音结束
2025-04-18 09:51:48.134 | INFO     | __main__:on_close:503 - 
正在分析关键词...
2025-04-18 09:51:48.134 | INFO     | __main__:match_keywords:495 - 找到匹配关键词: 圆形 匹配 圆形
2025-04-18 09:51:48.138 | INFO     | __main__:match_keywords:495 - 找到匹配关键词: 方形 匹配 方形
2025-04-18 09:51:53.492 | INFO     | __main__:process_text_and_send_signal:461 - 发送信号: 403
2025-04-18 09:51:53.492 | INFO     | __main__:process_text_and_send_signal:462 - 切换表情：开心
2025-04-18 09:51:53.492 | INFO     | __main__:main:580 - 继续监听唤醒词...
2025-04-18 09:51:54.522 | INFO     | __main__:start_wake_detection:268 - 开始监听唤醒词...
2025-04-18 09:52:21.350 | INFO     | __main__:wake_callback:170 - ==================================================
2025-04-18 09:52:21.350 | INFO     | __main__:wake_callback:171 - >>> 检测到唤醒词！请说出您的指令 <<<
2025-04-18 09:52:24.847 | INFO     | __main__:wake_callback:176 - ==================================================
2025-04-18 09:52:24.851 | INFO     | __main__:start_speech_recognition:295 - 开始语音识别...
2025-04-18 09:52:25.079 | INFO     | __main__:run:523 - * 开始录音...
2025-04-18 09:52:28.472 | INFO     | __main__:on_message:381 - 将圆形放到圆形盒子中
2025-04-18 09:52:29.838 | INFO     | __main__:on_message:381 - 。
2025-04-18 09:52:31.131 | INFO     | __main__:on_close:501 - 
### 语音识别结束 ###
2025-04-18 09:52:31.131 | INFO     | __main__:on_close:503 - 
正在分析关键词...
2025-04-18 09:52:31.147 | INFO     | __main__:run:556 - * 录音结束
2025-04-18 09:52:31.147 | INFO     | __main__:match_keywords:495 - 找到匹配关键词: 圆形 匹配 圆形
2025-04-18 09:52:31.148 | INFO     | __main__:match_keywords:495 - 找到匹配关键词: 圆形 匹配 圆形
2025-04-18 09:52:36.527 | INFO     | __main__:process_text_and_send_signal:468 - 发送信号: 404
2025-04-18 09:52:36.527 | INFO     | __main__:process_text_and_send_signal:469 - 切换表情：开心
2025-04-18 09:52:36.533 | INFO     | __main__:main:580 - 继续监听唤醒词...
2025-04-18 09:52:37.593 | INFO     | __main__:start_wake_detection:268 - 开始监听唤醒词...
2025-04-18 09:52:45.859 | INFO     | __main__:wake_callback:170 - ==================================================
2025-04-18 09:52:45.859 | INFO     | __main__:wake_callback:171 - >>> 检测到唤醒词！请说出您的指令 <<<
2025-04-18 09:52:49.439 | INFO     | __main__:wake_callback:176 - ==================================================
2025-04-18 09:52:49.444 | INFO     | __main__:start_speech_recognition:295 - 开始语音识别...
2025-04-18 09:52:49.660 | INFO     | __main__:run:523 - * 开始录音...
2025-04-18 09:52:53.305 | INFO     | __main__:on_message:381 - 将圆形放到圆形盒子中
2025-04-18 09:52:54.638 | INFO     | __main__:on_message:381 - 。
2025-04-18 09:52:55.728 | INFO     | __main__:on_close:501 - 
### 语音识别结束 ###
2025-04-18 09:52:55.728 | INFO     | __main__:on_close:503 - 
正在分析关键词...
2025-04-18 09:52:55.728 | INFO     | __main__:run:556 - * 录音结束
2025-04-18 09:52:55.728 | INFO     | __main__:match_keywords:495 - 找到匹配关键词: 圆形 匹配 圆形
2025-04-18 09:52:55.740 | INFO     | __main__:match_keywords:495 - 找到匹配关键词: 圆形 匹配 圆形
2025-04-18 09:53:01.148 | INFO     | __main__:process_text_and_send_signal:468 - 发送信号: 404
2025-04-18 09:53:01.148 | INFO     | __main__:process_text_and_send_signal:469 - 切换表情：开心
2025-04-18 09:53:01.148 | INFO     | __main__:main:580 - 继续监听唤醒词...
2025-04-18 09:53:02.217 | INFO     | __main__:start_wake_detection:268 - 开始监听唤醒词...
2025-04-18 09:54:16.593 | INFO     | __main__:wake_callback:170 - ==================================================
2025-04-18 09:54:16.593 | INFO     | __main__:wake_callback:171 - >>> 检测到唤醒词！请说出您的指令 <<<
2025-04-18 09:54:22.331 | INFO     | __main__:wake_callback:176 - ==================================================
2025-04-18 09:54:22.336 | INFO     | __main__:start_speech_recognition:295 - 开始语音识别...
2025-04-18 09:54:22.559 | INFO     | __main__:run:523 - * 开始录音...
2025-04-18 09:54:45.268 | ERROR    | __main__:on_error:388 - WebSocket错误: [WinError 10054] 远程主机强迫关闭了一个现有的连接。
2025-04-18 09:54:45.268 | INFO     | __main__:on_close:501 - 
### 语音识别结束 ###
2025-04-18 09:54:45.268 | INFO     | __main__:main:580 - 继续监听唤醒词...
2025-04-18 09:54:46.312 | INFO     | __main__:start_wake_detection:268 - 开始监听唤醒词...
2025-04-18 10:03:00.190 | INFO     | __main__:wake_callback:170 - ==================================================
2025-04-18 10:03:00.190 | INFO     | __main__:wake_callback:171 - >>> 检测到唤醒词！请说出您的指令 <<<
2025-04-18 10:03:03.646 | INFO     | __main__:wake_callback:176 - ==================================================
2025-04-18 10:03:03.652 | INFO     | __main__:start_speech_recognition:295 - 开始语音识别...
2025-04-18 10:03:03.826 | INFO     | __main__:run:523 - * 开始录音...
2025-04-18 10:03:24.300 | ERROR    | __main__:on_error:388 - WebSocket错误: [WinError 10054] 远程主机强迫关闭了一个现有的连接。
2025-04-18 10:03:24.300 | INFO     | __main__:on_close:501 - 
### 语音识别结束 ###
2025-04-18 10:03:24.300 | INFO     | __main__:main:580 - 继续监听唤醒词...
2025-04-18 10:03:25.322 | INFO     | __main__:start_wake_detection:268 - 开始监听唤醒词...
2025-04-18 17:11:39.304 | INFO     | __main__:wake_callback:170 - ==================================================
2025-04-18 17:11:39.304 | INFO     | __main__:wake_callback:171 - >>> 检测到唤醒词！请说出您的指令 <<<
2025-04-18 17:11:42.885 | INFO     | __main__:wake_callback:176 - ==================================================
2025-04-18 17:11:42.890 | INFO     | __main__:start_speech_recognition:295 - 开始语音识别...
2025-04-18 17:11:43.120 | INFO     | __main__:run:523 - * 开始录音...
2025-04-18 17:11:46.759 | INFO     | __main__:on_message:381 - 将绿色方块放到方形盒子
2025-04-18 17:11:48.092 | INFO     | __main__:on_message:381 - 。
2025-04-18 17:11:49.194 | INFO     | __main__:on_close:501 - 
### 语音识别结束 ###
2025-04-18 17:11:49.194 | INFO     | __main__:run:556 - * 录音结束
2025-04-18 17:11:49.194 | INFO     | __main__:on_close:503 - 
正在分析关键词...
2025-04-18 17:11:49.207 | INFO     | __main__:match_keywords:495 - 找到匹配关键词: 方块 匹配 方块
2025-04-18 17:11:49.208 | INFO     | __main__:match_keywords:495 - 找到匹配关键词: 方形 匹配 方形
2025-04-18 17:11:54.432 | INFO     | __main__:process_text_and_send_signal:447 - 发送信号: 401
2025-04-18 17:11:54.432 | INFO     | __main__:process_text_and_send_signal:448 - 切换表情：开心
2025-04-18 17:11:54.437 | INFO     | __main__:main:580 - 继续监听唤醒词...
2025-04-18 17:11:55.482 | INFO     | __main__:start_wake_detection:268 - 开始监听唤醒词...
2025-04-18 17:13:16.258 | INFO     | __main__:wake_callback:170 - ==================================================
2025-04-18 17:13:16.258 | INFO     | __main__:wake_callback:171 - >>> 检测到唤醒词！请说出您的指令 <<<
2025-04-18 17:13:19.682 | INFO     | __main__:wake_callback:176 - ==================================================
2025-04-18 17:13:19.682 | INFO     | __main__:start_speech_recognition:295 - 开始语音识别...
2025-04-18 17:13:19.855 | INFO     | __main__:run:523 - * 开始录音...
2025-04-18 17:13:23.412 | INFO     | __main__:on_message:381 - 将绿色方块放到方形盒子中
2025-04-18 17:13:24.698 | INFO     | __main__:on_message:381 - 。
2025-04-18 17:13:25.907 | INFO     | __main__:on_close:501 - 
### 语音识别结束 ###
2025-04-18 17:13:25.907 | INFO     | __main__:run:556 - * 录音结束
2025-04-18 17:13:25.907 | INFO     | __main__:on_close:503 - 
正在分析关键词...
2025-04-18 17:13:25.907 | INFO     | __main__:match_keywords:495 - 找到匹配关键词: 方块 匹配 方块
2025-04-18 17:13:25.907 | INFO     | __main__:match_keywords:495 - 找到匹配关键词: 方形 匹配 方形
2025-04-18 17:13:31.167 | INFO     | __main__:process_text_and_send_signal:447 - 发送信号: 401
2025-04-18 17:13:31.167 | INFO     | __main__:process_text_and_send_signal:448 - 切换表情：开心
2025-04-18 17:13:31.167 | INFO     | __main__:main:580 - 继续监听唤醒词...
2025-04-18 17:13:32.167 | INFO     | __main__:start_wake_detection:268 - 开始监听唤醒词...
2025-04-18 17:15:40.438 | INFO     | __main__:wake_callback:170 - ==================================================
2025-04-18 17:15:40.438 | INFO     | __main__:wake_callback:171 - >>> 检测到唤醒词！请说出您的指令 <<<
2025-04-18 17:15:44.135 | INFO     | __main__:wake_callback:176 - ==================================================
2025-04-18 17:15:44.139 | INFO     | __main__:start_speech_recognition:295 - 开始语音识别...
2025-04-18 17:15:44.328 | INFO     | __main__:run:523 - * 开始录音...
2025-04-18 17:15:47.842 | INFO     | __main__:on_message:381 - 将绿色方块放到方形盒子上
2025-04-18 17:15:49.191 | INFO     | __main__:on_message:381 - 。
2025-04-18 17:15:50.368 | INFO     | __main__:on_close:501 - 
### 语音识别结束 ###
2025-04-18 17:15:50.384 | INFO     | __main__:run:556 - * 录音结束
2025-04-18 17:15:50.384 | INFO     | __main__:on_close:503 - 
正在分析关键词...
2025-04-18 17:15:50.384 | INFO     | __main__:match_keywords:495 - 找到匹配关键词: 方块 匹配 方块
2025-04-18 17:15:50.384 | INFO     | __main__:match_keywords:495 - 找到匹配关键词: 方形 匹配 方形
2025-04-18 17:15:55.670 | INFO     | __main__:process_text_and_send_signal:447 - 发送信号: 401
2025-04-18 17:15:55.672 | INFO     | __main__:process_text_and_send_signal:448 - 切换表情：开心
2025-04-18 17:15:55.672 | INFO     | __main__:main:580 - 继续监听唤醒词...
2025-04-18 17:15:56.687 | INFO     | __main__:start_wake_detection:268 - 开始监听唤醒词...
2025-04-18 17:28:23.828 | INFO     | __main__:wake_callback:170 - ==================================================
2025-04-18 17:28:23.828 | INFO     | __main__:wake_callback:171 - >>> 检测到唤醒词！请说出您的指令 <<<
2025-04-18 17:28:27.238 | INFO     | __main__:wake_callback:176 - ==================================================
2025-04-18 17:28:27.241 | INFO     | __main__:start_speech_recognition:295 - 开始语音识别...
2025-04-18 17:28:30.553 | INFO     | __main__:run:523 - * 开始录音...
2025-04-18 17:28:36.578 | INFO     | __main__:on_close:501 - 
### 语音识别结束 ###
2025-04-18 17:28:36.578 | INFO     | __main__:main:580 - 继续监听唤醒词...
2025-04-18 17:28:36.641 | INFO     | __main__:run:556 - * 录音结束
2025-04-18 17:28:37.589 | INFO     | __main__:start_wake_detection:268 - 开始监听唤醒词...
2025-04-18 17:28:42.334 | INFO     | __main__:wake_callback:170 - ==================================================
2025-04-18 17:28:42.334 | INFO     | __main__:wake_callback:171 - >>> 检测到唤醒词！请说出您的指令 <<<
2025-04-18 17:28:45.761 | INFO     | __main__:wake_callback:176 - ==================================================
2025-04-18 17:28:45.761 | INFO     | __main__:start_speech_recognition:295 - 开始语音识别...
2025-04-18 17:28:45.965 | INFO     | __main__:run:523 - * 开始录音...
2025-04-18 17:28:49.344 | INFO     | __main__:on_message:381 - 绿色环环放到房间和客厅
2025-04-18 17:28:50.692 | INFO     | __main__:on_message:381 - 。
2025-04-18 17:28:52.028 | INFO     | __main__:on_close:501 - 
### 语音识别结束 ###
2025-04-18 17:28:52.028 | INFO     | __main__:run:556 - * 录音结束
2025-04-18 17:28:52.028 | INFO     | __main__:on_close:503 - 
正在分析关键词...
2025-04-18 17:28:52.028 | INFO     | __main__:match_keywords:495 - 找到匹配关键词: 绿色 匹配 绿色
2025-04-18 17:28:52.028 | INFO     | __main__:process_text_and_send_signal:471 - 未找到匹配的组合
2025-04-18 17:28:57.007 | INFO     | __main__:process_text_and_send_signal:476 - 发送信号: 406
2025-04-18 17:28:57.007 | INFO     | __main__:process_text_and_send_signal:477 - 切换表情：难过
2025-04-18 17:28:57.007 | INFO     | __main__:main:580 - 继续监听唤醒词...
2025-04-18 17:28:58.020 | INFO     | __main__:start_wake_detection:268 - 开始监听唤醒词...
2025-04-18 17:29:07.233 | INFO     | __main__:wake_callback:170 - ==================================================
2025-04-18 17:29:07.249 | INFO     | __main__:wake_callback:171 - >>> 检测到唤醒词！请说出您的指令 <<<
2025-04-18 17:29:10.656 | INFO     | __main__:wake_callback:176 - ==================================================
2025-04-18 17:29:10.656 | INFO     | __main__:start_speech_recognition:295 - 开始语音识别...
2025-04-18 17:29:10.930 | INFO     | __main__:run:523 - * 开始录音...
2025-04-18 17:29:34.953 | ERROR    | __main__:on_error:388 - WebSocket错误: [WinError 10054] 远程主机强迫关闭了一个现有的连接。
2025-04-18 17:29:34.953 | INFO     | __main__:on_close:501 - 
### 语音识别结束 ###
2025-04-18 17:29:34.953 | INFO     | __main__:main:580 - 继续监听唤醒词...
2025-04-18 17:29:35.965 | INFO     | __main__:start_wake_detection:268 - 开始监听唤醒词...
