2025-04-29 17:31:12.438 | INFO     | __main__:load_keywords_dict:162 - 成功加载关键词词典: ./keywords_dicts\keywords_dict.yaml
2025-04-29 17:31:16.257 | INFO     | __main__:_init_expression_server:148 - 表情服务器启动成功
2025-04-29 17:31:16.257 | INFO     | __main__:run_modbus_server:201 - Modbus 从机正在 192.168.1.125:599 上监听...
2025-04-29 17:31:17.261 | INFO     | __main__:request_monitor:184 - 当前保持寄存器数据: [0, 0, 0, 0, 0, 0, 0, 0, 0, 0]
2025-04-29 17:31:18.261 | INFO     | __main__:request_monitor:184 - 当前保持寄存器数据: [0, 0, 0, 0, 0, 0, 0, 0, 0, 0]
2025-04-29 17:31:19.262 | INFO     | __main__:request_monitor:184 - 当前保持寄存器数据: [0, 0, 0, 0, 0, 0, 0, 0, 0, 0]
2025-04-29 17:31:20.262 | INFO     | __main__:request_monitor:184 - 当前保持寄存器数据: [0, 0, 0, 0, 0, 0, 0, 0, 0, 0]
2025-04-29 17:31:21.262 | INFO     | __main__:request_monitor:184 - 当前保持寄存器数据: [0, 0, 0, 0, 0, 0, 0, 0, 0, 0]
2025-04-29 17:31:22.277 | INFO     | __main__:request_monitor:184 - 当前保持寄存器数据: [0, 0, 0, 0, 0, 0, 0, 0, 0, 0]
2025-04-29 17:31:23.279 | INFO     | __main__:request_monitor:184 - 当前保持寄存器数据: [0, 0, 0, 0, 0, 0, 0, 0, 0, 0]
2025-04-29 17:31:24.293 | INFO     | __main__:request_monitor:184 - 当前保持寄存器数据: [0, 0, 0, 0, 0, 0, 0, 0, 0, 0]
2025-04-29 17:31:25.294 | INFO     | __main__:request_monitor:184 - 当前保持寄存器数据: [0, 0, 0, 0, 0, 0, 0, 0, 0, 0]
2025-04-29 17:31:26.310 | INFO     | __main__:request_monitor:184 - 当前保持寄存器数据: [0, 0, 0, 0, 0, 0, 0, 0, 0, 0]
2025-04-29 17:31:27.325 | INFO     | __main__:request_monitor:184 - 当前保持寄存器数据: [0, 0, 0, 0, 0, 0, 0, 0, 0, 0]
2025-04-29 17:31:28.328 | INFO     | __main__:request_monitor:184 - 当前保持寄存器数据: [0, 0, 0, 0, 0, 0, 0, 0, 0, 0]
2025-04-29 17:31:29.344 | INFO     | __main__:request_monitor:184 - 当前保持寄存器数据: [0, 0, 0, 0, 0, 0, 0, 0, 0, 0]
2025-04-29 17:31:30.347 | INFO     | __main__:request_monitor:184 - 当前保持寄存器数据: [0, 0, 0, 0, 0, 0, 0, 0, 0, 0]
2025-04-29 17:31:31.361 | INFO     | __main__:request_monitor:184 - 当前保持寄存器数据: [0, 0, 0, 0, 0, 0, 0, 0, 0, 0]
2025-04-29 17:31:32.364 | INFO     | __main__:request_monitor:184 - 当前保持寄存器数据: [0, 0, 0, 0, 0, 0, 0, 0, 0, 0]
2025-04-29 17:31:33.363 | INFO     | __main__:request_monitor:184 - 当前保持寄存器数据: [0, 0, 0, 0, 0, 0, 0, 0, 0, 0]
2025-04-29 17:31:34.363 | INFO     | __main__:request_monitor:184 - 当前保持寄存器数据: [0, 0, 0, 0, 0, 0, 0, 0, 0, 0]
2025-04-29 17:31:35.366 | INFO     | __main__:request_monitor:184 - 当前保持寄存器数据: [0, 0, 0, 0, 0, 0, 0, 0, 0, 0]
2025-04-29 17:31:36.387 | INFO     | __main__:request_monitor:184 - 当前保持寄存器数据: [0, 0, 0, 0, 0, 0, 0, 0, 0, 0]
2025-04-29 17:31:37.401 | INFO     | __main__:request_monitor:184 - 当前保持寄存器数据: [0, 0, 0, 0, 0, 0, 0, 0, 0, 0]
2025-04-29 17:31:38.411 | INFO     | __main__:request_monitor:184 - 当前保持寄存器数据: [0, 0, 0, 0, 0, 0, 0, 0, 0, 0]
2025-04-29 17:31:39.413 | INFO     | __main__:request_monitor:184 - 当前保持寄存器数据: [0, 0, 0, 0, 0, 0, 0, 0, 0, 0]
2025-04-29 17:31:40.409 | INFO     | __main__:request_monitor:184 - 当前保持寄存器数据: [0, 0, 0, 0, 0, 0, 0, 0, 0, 0]
2025-04-29 17:31:41.412 | INFO     | __main__:request_monitor:184 - 当前保持寄存器数据: [0, 0, 0, 0, 0, 0, 0, 0, 0, 0]
2025-04-29 17:31:42.426 | INFO     | __main__:request_monitor:184 - 当前保持寄存器数据: [0, 0, 0, 0, 0, 0, 0, 0, 0, 0]
2025-04-29 17:31:43.427 | INFO     | __main__:request_monitor:184 - 当前保持寄存器数据: [0, 0, 0, 0, 0, 0, 0, 0, 0, 0]
2025-04-29 17:31:44.428 | INFO     | __main__:request_monitor:184 - 当前保持寄存器数据: [0, 0, 0, 0, 0, 0, 0, 0, 0, 0]
2025-04-29 17:31:45.445 | INFO     | __main__:request_monitor:184 - 当前保持寄存器数据: [0, 0, 0, 0, 0, 0, 0, 0, 0, 0]
2025-04-29 17:31:46.461 | INFO     | __main__:request_monitor:184 - 当前保持寄存器数据: [0, 0, 0, 0, 0, 0, 0, 0, 0, 0]
2025-04-29 17:31:47.461 | INFO     | __main__:request_monitor:184 - 当前保持寄存器数据: [0, 0, 0, 0, 0, 0, 0, 0, 0, 0]
2025-04-29 17:31:48.462 | INFO     | __main__:request_monitor:184 - 当前保持寄存器数据: [0, 0, 0, 0, 0, 0, 0, 0, 0, 0]
2025-04-29 17:31:49.477 | INFO     | __main__:request_monitor:184 - 当前保持寄存器数据: [0, 0, 0, 0, 0, 0, 0, 0, 0, 0]
2025-04-29 17:31:50.482 | INFO     | __main__:request_monitor:184 - 当前保持寄存器数据: [0, 0, 0, 0, 0, 0, 0, 0, 0, 0]
2025-04-29 17:31:51.493 | INFO     | __main__:request_monitor:184 - 当前保持寄存器数据: [0, 0, 0, 0, 0, 0, 0, 0, 0, 0]
2025-04-29 17:31:52.506 | INFO     | __main__:request_monitor:184 - 当前保持寄存器数据: [0, 0, 0, 0, 0, 0, 0, 0, 0, 0]
2025-04-29 17:31:53.516 | INFO     | __main__:request_monitor:184 - 当前保持寄存器数据: [0, 0, 0, 0, 0, 0, 0, 0, 0, 0]
2025-04-29 17:31:54.534 | INFO     | __main__:request_monitor:184 - 当前保持寄存器数据: [0, 0, 0, 0, 0, 0, 0, 0, 0, 0]
2025-04-29 17:31:55.543 | INFO     | __main__:request_monitor:184 - 当前保持寄存器数据: [0, 0, 0, 0, 0, 0, 0, 0, 0, 0]
2025-04-29 17:31:56.559 | INFO     | __main__:request_monitor:184 - 当前保持寄存器数据: [0, 0, 0, 0, 0, 0, 0, 0, 0, 0]
2025-04-29 17:31:57.561 | INFO     | __main__:request_monitor:184 - 当前保持寄存器数据: [0, 0, 0, 0, 0, 0, 0, 0, 0, 0]
2025-04-29 17:31:58.577 | INFO     | __main__:request_monitor:184 - 当前保持寄存器数据: [0, 0, 0, 0, 0, 0, 0, 0, 0, 0]
2025-04-29 17:31:59.594 | INFO     | __main__:request_monitor:184 - 当前保持寄存器数据: [0, 0, 0, 0, 0, 0, 0, 0, 0, 0]
2025-04-29 17:32:00.596 | INFO     | __main__:request_monitor:184 - 当前保持寄存器数据: [0, 0, 0, 0, 0, 0, 0, 0, 0, 0]
2025-04-29 17:32:01.594 | INFO     | __main__:request_monitor:184 - 当前保持寄存器数据: [0, 0, 0, 0, 0, 0, 0, 0, 0, 0]
2025-04-29 17:32:02.595 | INFO     | __main__:request_monitor:184 - 当前保持寄存器数据: [0, 0, 0, 0, 0, 0, 0, 0, 0, 0]
2025-04-29 17:32:03.594 | INFO     | __main__:request_monitor:184 - 当前保持寄存器数据: [0, 0, 0, 0, 0, 0, 0, 0, 0, 0]
2025-04-29 17:32:04.611 | INFO     | __main__:request_monitor:184 - 当前保持寄存器数据: [0, 0, 0, 0, 0, 0, 0, 0, 0, 0]
2025-04-29 17:32:05.628 | INFO     | __main__:request_monitor:184 - 当前保持寄存器数据: [0, 0, 0, 0, 0, 0, 0, 0, 0, 0]
2025-04-29 17:32:06.644 | INFO     | __main__:request_monitor:184 - 当前保持寄存器数据: [0, 0, 0, 0, 0, 0, 0, 0, 0, 0]
2025-04-29 17:32:07.659 | INFO     | __main__:request_monitor:184 - 当前保持寄存器数据: [0, 0, 0, 0, 0, 0, 0, 0, 0, 0]
2025-04-29 17:32:08.662 | INFO     | __main__:request_monitor:184 - 当前保持寄存器数据: [0, 0, 0, 0, 0, 0, 0, 0, 0, 0]
2025-04-29 17:32:09.677 | INFO     | __main__:request_monitor:184 - 当前保持寄存器数据: [0, 0, 0, 0, 0, 0, 0, 0, 0, 0]
2025-04-29 17:32:10.677 | INFO     | __main__:request_monitor:184 - 当前保持寄存器数据: [0, 0, 0, 0, 0, 0, 0, 0, 0, 0]
2025-04-29 17:32:11.679 | INFO     | __main__:request_monitor:184 - 当前保持寄存器数据: [0, 0, 0, 0, 0, 0, 0, 0, 0, 0]
2025-04-29 17:32:12.694 | INFO     | __main__:request_monitor:184 - 当前保持寄存器数据: [0, 0, 0, 0, 0, 0, 0, 0, 0, 0]
2025-04-29 17:32:13.712 | INFO     | __main__:request_monitor:184 - 当前保持寄存器数据: [0, 0, 0, 0, 0, 0, 0, 0, 0, 0]
2025-04-29 17:32:14.712 | INFO     | __main__:request_monitor:184 - 当前保持寄存器数据: [0, 0, 0, 0, 0, 0, 0, 0, 0, 0]
2025-04-29 17:32:15.727 | INFO     | __main__:request_monitor:184 - 当前保持寄存器数据: [0, 0, 0, 0, 0, 0, 0, 0, 0, 0]
2025-04-29 17:32:16.731 | INFO     | __main__:request_monitor:184 - 当前保持寄存器数据: [0, 0, 0, 0, 0, 0, 0, 0, 0, 0]
2025-04-29 17:32:17.725 | INFO     | __main__:request_monitor:184 - 当前保持寄存器数据: [0, 0, 0, 0, 0, 0, 0, 0, 0, 0]
2025-04-29 17:32:18.728 | INFO     | __main__:request_monitor:184 - 当前保持寄存器数据: [0, 0, 0, 0, 0, 0, 0, 0, 0, 0]
2025-04-29 17:32:19.747 | INFO     | __main__:request_monitor:184 - 当前保持寄存器数据: [0, 0, 0, 0, 0, 0, 0, 0, 0, 0]
2025-04-29 17:32:20.760 | INFO     | __main__:request_monitor:184 - 当前保持寄存器数据: [0, 0, 0, 0, 0, 0, 0, 0, 0, 0]
2025-04-29 17:32:21.761 | INFO     | __main__:request_monitor:184 - 当前保持寄存器数据: [0, 0, 0, 0, 0, 0, 0, 0, 0, 0]
2025-04-29 17:32:22.762 | INFO     | __main__:request_monitor:184 - 当前保持寄存器数据: [0, 0, 0, 0, 0, 0, 0, 0, 0, 0]
2025-04-29 17:32:23.777 | INFO     | __main__:request_monitor:184 - 当前保持寄存器数据: [0, 0, 0, 0, 0, 0, 0, 0, 0, 0]
2025-04-29 17:32:24.762 | INFO     | __main__:request_monitor:184 - 当前保持寄存器数据: [0, 0, 0, 0, 0, 0, 0, 0, 0, 0]
2025-04-29 17:32:25.777 | INFO     | __main__:request_monitor:184 - 当前保持寄存器数据: [0, 0, 0, 0, 0, 0, 0, 0, 0, 0]
2025-04-29 17:32:26.793 | INFO     | __main__:request_monitor:184 - 当前保持寄存器数据: [0, 0, 0, 0, 0, 0, 0, 0, 0, 0]
2025-04-29 17:32:27.794 | INFO     | __main__:request_monitor:184 - 当前保持寄存器数据: [0, 0, 0, 0, 0, 0, 0, 0, 0, 0]
2025-04-29 17:32:28.811 | INFO     | __main__:request_monitor:184 - 当前保持寄存器数据: [0, 0, 0, 0, 0, 0, 0, 0, 0, 0]
2025-04-29 17:32:29.827 | INFO     | __main__:request_monitor:184 - 当前保持寄存器数据: [0, 0, 0, 0, 0, 0, 0, 0, 0, 0]
2025-04-29 17:32:30.845 | INFO     | __main__:request_monitor:184 - 当前保持寄存器数据: [0, 0, 0, 0, 0, 0, 0, 0, 0, 0]
2025-04-29 17:32:31.862 | INFO     | __main__:request_monitor:184 - 当前保持寄存器数据: [0, 0, 0, 0, 0, 0, 0, 0, 0, 0]
2025-04-29 17:32:32.874 | INFO     | __main__:request_monitor:184 - 当前保持寄存器数据: [0, 0, 0, 0, 0, 0, 0, 0, 0, 0]
2025-04-29 17:32:33.894 | INFO     | __main__:request_monitor:184 - 当前保持寄存器数据: [0, 0, 0, 0, 0, 0, 0, 0, 0, 0]
2025-04-29 17:32:34.895 | INFO     | __main__:request_monitor:184 - 当前保持寄存器数据: [0, 0, 0, 0, 0, 0, 0, 0, 0, 0]
2025-04-29 17:32:35.894 | INFO     | __main__:request_monitor:184 - 当前保持寄存器数据: [0, 0, 0, 0, 0, 0, 0, 0, 0, 0]
2025-04-29 17:32:36.912 | INFO     | __main__:request_monitor:184 - 当前保持寄存器数据: [0, 0, 0, 0, 0, 0, 0, 0, 0, 0]
2025-04-29 17:32:37.925 | INFO     | __main__:request_monitor:184 - 当前保持寄存器数据: [0, 0, 0, 0, 0, 0, 0, 0, 0, 0]
2025-04-29 17:32:38.928 | INFO     | __main__:request_monitor:184 - 当前保持寄存器数据: [0, 0, 0, 0, 0, 0, 0, 0, 0, 0]
2025-04-29 17:32:39.944 | INFO     | __main__:request_monitor:184 - 当前保持寄存器数据: [0, 0, 0, 0, 0, 0, 0, 0, 0, 0]
2025-04-29 17:32:40.945 | INFO     | __main__:request_monitor:184 - 当前保持寄存器数据: [0, 0, 0, 0, 0, 0, 0, 0, 0, 0]
2025-04-29 17:32:41.961 | INFO     | __main__:request_monitor:184 - 当前保持寄存器数据: [0, 0, 0, 0, 0, 0, 0, 0, 0, 0]
2025-04-29 17:32:42.953 | INFO     | __main__:request_monitor:184 - 当前保持寄存器数据: [0, 0, 0, 0, 0, 0, 0, 0, 0, 0]
2025-04-29 17:32:43.963 | INFO     | __main__:request_monitor:184 - 当前保持寄存器数据: [0, 0, 0, 0, 0, 0, 0, 0, 0, 0]
2025-04-29 17:32:44.962 | INFO     | __main__:request_monitor:184 - 当前保持寄存器数据: [0, 0, 0, 0, 0, 0, 0, 0, 0, 0]
2025-04-29 17:32:45.978 | INFO     | __main__:request_monitor:184 - 当前保持寄存器数据: [0, 0, 0, 0, 0, 0, 0, 0, 0, 0]
2025-04-29 17:32:46.977 | INFO     | __main__:request_monitor:184 - 当前保持寄存器数据: [0, 0, 0, 0, 0, 0, 0, 0, 0, 0]
2025-04-29 17:32:47.978 | INFO     | __main__:request_monitor:184 - 当前保持寄存器数据: [0, 0, 0, 0, 0, 0, 0, 0, 0, 0]
2025-04-29 17:32:48.979 | INFO     | __main__:request_monitor:184 - 当前保持寄存器数据: [0, 0, 0, 0, 0, 0, 0, 0, 0, 0]
2025-04-29 17:32:49.977 | INFO     | __main__:request_monitor:184 - 当前保持寄存器数据: [0, 0, 0, 0, 0, 0, 0, 0, 0, 0]
2025-04-29 17:32:50.985 | INFO     | __main__:request_monitor:184 - 当前保持寄存器数据: [0, 0, 0, 0, 0, 0, 0, 0, 0, 0]
2025-04-29 17:32:51.991 | INFO     | __main__:request_monitor:184 - 当前保持寄存器数据: [0, 0, 0, 0, 0, 0, 0, 0, 0, 0]
2025-04-29 17:32:52.995 | INFO     | __main__:request_monitor:184 - 当前保持寄存器数据: [0, 0, 0, 0, 0, 0, 0, 0, 0, 0]
2025-04-29 17:32:54.011 | INFO     | __main__:request_monitor:184 - 当前保持寄存器数据: [0, 0, 0, 0, 0, 0, 0, 0, 0, 0]
2025-04-29 17:32:55.025 | INFO     | __main__:request_monitor:184 - 当前保持寄存器数据: [0, 0, 0, 0, 0, 0, 0, 0, 0, 0]
2025-04-29 17:32:56.020 | INFO     | __main__:request_monitor:184 - 当前保持寄存器数据: [0, 0, 0, 0, 0, 0, 0, 0, 0, 0]
2025-04-29 17:32:57.035 | INFO     | __main__:request_monitor:184 - 当前保持寄存器数据: [111, 0, 0, 0, 0, 0, 0, 0, 0, 0]
2025-04-29 17:32:57.035 | INFO     | __main__:request_monitor:186 - 切换表情：眨眼
2025-04-29 17:32:57.035 | INFO     | __main__:request_monitor:188 - 保持寄存器读到111
2025-04-29 17:32:57.035 | INFO     | __main__:request_monitor:189 - 当前保持寄存器数据: [111, 0, 0, 0, 0, 0, 0, 0, 0, 0]
2025-04-29 17:32:57.035 | INFO     | __main__:request_monitor:191 - 开始清零
2025-04-29 17:32:57.035 | INFO     | __main__:request_monitor:192 - 当前保持寄存器数据: [111, 0, 0, 0, 0, 0, 0, 0, 0, 0]
2025-04-29 17:32:57.035 | INFO     | __main__:request_monitor:194 - 当前保持寄存器数据: [111, 0, 0, 0, 0, 0, 0, 0, 0, 0]
2025-04-29 17:32:57.035 | INFO     | __main__:request_monitor:195 - 检测到寄存器值为 111，准备退出...
2025-04-29 17:32:57.160 | INFO     | __main__:start_wake_detection:268 - 开始监听唤醒词...
2025-04-29 17:33:08.494 | INFO     | __main__:wake_callback:170 - ==================================================
2025-04-29 17:33:08.494 | INFO     | __main__:wake_callback:171 - >>> 检测到唤醒词！请说出您的指令 <<<
2025-04-29 17:33:11.593 | INFO     | __main__:wake_callback:176 - ==================================================
2025-04-29 17:33:11.604 | INFO     | __main__:start_speech_recognition:295 - 开始语音识别...
2025-04-29 17:33:11.851 | INFO     | __main__:run:523 - * 开始录音...
2025-04-29 17:33:31.581 | INFO     | __main__:on_message:381 - 将绿色方块
2025-04-29 17:33:47.244 | INFO     | __main__:run:556 - * 录音结束
2025-04-29 17:33:47.244 | INFO     | __main__:on_close:501 - 
### 语音识别结束 ###
2025-04-29 17:33:47.245 | INFO     | __main__:on_close:503 - 
正在分析关键词...
2025-04-29 17:34:01.270 | INFO     | __main__:main:580 - 继续监听唤醒词...
2025-04-29 17:34:02.359 | INFO     | __main__:start_wake_detection:268 - 开始监听唤醒词...
2025-04-29 17:37:59.734 | INFO     | __main__:wake_callback:170 - ==================================================
2025-04-29 17:37:59.734 | INFO     | __main__:wake_callback:171 - >>> 检测到唤醒词！请说出您的指令 <<<
2025-04-29 17:38:03.275 | INFO     | __main__:wake_callback:176 - ==================================================
2025-04-29 17:38:03.279 | INFO     | __main__:start_speech_recognition:295 - 开始语音识别...
2025-04-29 17:38:03.483 | INFO     | __main__:run:523 - * 开始录音...
2025-04-29 17:38:06.745 | INFO     | __main__:on_message:381 - 让绿色方块放到方形盒子里面
2025-04-29 17:38:07.895 | INFO     | __main__:on_message:381 - 。
2025-04-29 17:38:09.630 | INFO     | __main__:on_close:501 - 
### 语音识别结束 ###
2025-04-29 17:38:09.630 | INFO     | __main__:on_close:503 - 
正在分析关键词...
2025-04-29 17:38:09.630 | INFO     | __main__:run:556 - * 录音结束
2025-04-29 17:38:10.101 | INFO     | __main__:match_keywords:495 - 找到匹配关键词: 方块 匹配 方块
2025-04-29 17:38:10.101 | INFO     | __main__:match_keywords:495 - 找到匹配关键词: 方形 匹配 方形
2025-04-29 17:38:15.415 | INFO     | __main__:process_text_and_send_signal:447 - 发送信号: 401
2025-04-29 17:38:15.415 | INFO     | __main__:process_text_and_send_signal:448 - 切换表情：开心
2025-04-29 17:38:15.420 | INFO     | __main__:main:580 - 继续监听唤醒词...
2025-04-29 17:38:16.468 | INFO     | __main__:start_wake_detection:268 - 开始监听唤醒词...
2025-04-29 17:42:25.257 | INFO     | __main__:wake_callback:170 - ==================================================
2025-04-29 17:42:25.257 | INFO     | __main__:wake_callback:171 - >>> 检测到唤醒词！请说出您的指令 <<<
2025-04-29 17:42:28.693 | INFO     | __main__:wake_callback:176 - ==================================================
2025-04-29 17:42:28.707 | INFO     | __main__:start_speech_recognition:295 - 开始语音识别...
2025-04-29 17:42:28.958 | INFO     | __main__:run:523 - * 开始录音...
2025-04-29 17:42:35.004 | INFO     | __main__:on_message:381 - 三元钱放到房间
2025-04-29 17:42:36.035 | INFO     | __main__:on_close:501 - 
### 语音识别结束 ###
2025-04-29 17:42:36.035 | INFO     | __main__:on_close:503 - 
正在分析关键词...
2025-04-29 17:42:36.035 | INFO     | __main__:process_text_and_send_signal:471 - 未找到匹配的组合
2025-04-29 17:42:36.913 | INFO     | __main__:run:556 - * 录音结束
2025-04-29 17:42:41.849 | INFO     | __main__:process_text_and_send_signal:476 - 发送信号: 406
2025-04-29 17:42:41.854 | INFO     | __main__:process_text_and_send_signal:477 - 切换表情：难过
2025-04-29 17:42:41.862 | INFO     | __main__:main:580 - 继续监听唤醒词...
2025-04-29 17:42:42.963 | INFO     | __main__:start_wake_detection:268 - 开始监听唤醒词...
2025-04-29 17:44:29.672 | INFO     | __main__:wake_callback:170 - ==================================================
2025-04-29 17:44:29.672 | INFO     | __main__:wake_callback:171 - >>> 检测到唤醒词！请说出您的指令 <<<
2025-04-29 17:44:33.096 | INFO     | __main__:wake_callback:176 - ==================================================
2025-04-29 17:44:33.102 | INFO     | __main__:start_speech_recognition:295 - 开始语音识别...
2025-04-29 17:44:33.274 | INFO     | __main__:run:523 - * 开始录音...
2025-04-29 17:44:36.594 | INFO     | __main__:on_message:381 - 将圆形放到方形盒子中
2025-04-29 17:44:38.010 | INFO     | __main__:on_message:381 - 。
2025-04-29 17:44:39.322 | INFO     | __main__:on_close:501 - 
### 语音识别结束 ###
2025-04-29 17:44:39.322 | INFO     | __main__:on_close:503 - 
正在分析关键词...
2025-04-29 17:44:39.322 | INFO     | __main__:run:556 - * 录音结束
2025-04-29 17:44:39.322 | INFO     | __main__:match_keywords:495 - 找到匹配关键词: 圆形 匹配 圆形
2025-04-29 17:44:39.337 | INFO     | __main__:match_keywords:495 - 找到匹配关键词: 方形 匹配 方形
2025-04-29 17:44:44.693 | INFO     | __main__:process_text_and_send_signal:461 - 发送信号: 403
2025-04-29 17:44:44.693 | INFO     | __main__:process_text_and_send_signal:462 - 切换表情：开心
2025-04-29 17:44:44.693 | INFO     | __main__:main:580 - 继续监听唤醒词...
2025-04-29 17:44:45.744 | INFO     | __main__:start_wake_detection:268 - 开始监听唤醒词...
2025-04-29 17:45:24.286 | INFO     | __main__:wake_callback:170 - ==================================================
2025-04-29 17:45:24.287 | INFO     | __main__:wake_callback:171 - >>> 检测到唤醒词！请说出您的指令 <<<
2025-04-29 17:45:27.644 | INFO     | __main__:wake_callback:176 - ==================================================
2025-04-29 17:45:27.648 | INFO     | __main__:start_speech_recognition:295 - 开始语音识别...
2025-04-29 17:45:28.846 | INFO     | __main__:run:523 - * 开始录音...
2025-04-29 17:45:31.411 | INFO     | __main__:on_message:381 - 放到放新盒子中
2025-04-29 17:45:32.750 | INFO     | __main__:on_message:381 - 。
2025-04-29 17:45:34.917 | INFO     | __main__:on_close:501 - 
### 语音识别结束 ###
2025-04-29 17:45:34.918 | INFO     | __main__:on_close:503 - 
正在分析关键词...
2025-04-29 17:45:34.918 | INFO     | __main__:run:556 - * 录音结束
2025-04-29 17:45:34.920 | INFO     | __main__:process_text_and_send_signal:471 - 未找到匹配的组合
2025-04-29 17:45:39.824 | INFO     | __main__:process_text_and_send_signal:476 - 发送信号: 406
2025-04-29 17:45:39.824 | INFO     | __main__:process_text_and_send_signal:477 - 切换表情：难过
2025-04-29 17:45:39.826 | INFO     | __main__:main:580 - 继续监听唤醒词...
2025-04-29 17:45:40.924 | INFO     | __main__:start_wake_detection:268 - 开始监听唤醒词...
2025-04-29 17:45:46.632 | INFO     | __main__:wake_callback:170 - ==================================================
2025-04-29 17:45:46.632 | INFO     | __main__:wake_callback:171 - >>> 检测到唤醒词！请说出您的指令 <<<
2025-04-29 17:45:49.987 | INFO     | __main__:wake_callback:176 - ==================================================
2025-04-29 17:45:49.995 | INFO     | __main__:start_speech_recognition:295 - 开始语音识别...
2025-04-29 17:45:50.228 | INFO     | __main__:run:523 - * 开始录音...
2025-04-29 17:45:53.422 | INFO     | __main__:on_message:381 - 将圆形放到圆形盒子中
2025-04-29 17:45:54.710 | INFO     | __main__:on_message:381 - 。
2025-04-29 17:45:56.290 | INFO     | __main__:on_close:501 - 
### 语音识别结束 ###
2025-04-29 17:45:56.290 | INFO     | __main__:run:556 - * 录音结束
2025-04-29 17:45:56.290 | INFO     | __main__:on_close:503 - 
正在分析关键词...
2025-04-29 17:45:56.292 | INFO     | __main__:match_keywords:495 - 找到匹配关键词: 圆形 匹配 圆形
2025-04-29 17:45:56.292 | INFO     | __main__:match_keywords:495 - 找到匹配关键词: 圆形 匹配 圆形
2025-04-29 17:46:01.519 | INFO     | __main__:process_text_and_send_signal:468 - 发送信号: 404
2025-04-29 17:46:01.520 | INFO     | __main__:process_text_and_send_signal:469 - 切换表情：开心
2025-04-29 17:46:01.524 | INFO     | __main__:main:580 - 继续监听唤醒词...
2025-04-29 17:46:02.594 | INFO     | __main__:start_wake_detection:268 - 开始监听唤醒词...
2025-04-29 17:46:16.174 | INFO     | __main__:wake_callback:170 - ==================================================
2025-04-29 17:46:16.175 | INFO     | __main__:wake_callback:171 - >>> 检测到唤醒词！请说出您的指令 <<<
2025-04-29 17:46:19.531 | INFO     | __main__:wake_callback:176 - ==================================================
2025-04-29 17:46:19.537 | INFO     | __main__:start_speech_recognition:295 - 开始语音识别...
2025-04-29 17:46:19.727 | INFO     | __main__:run:523 - * 开始录音...
2025-04-29 17:46:23.560 | INFO     | __main__:on_message:381 - 将方形放到圆形盒子中
2025-04-29 17:46:24.901 | INFO     | __main__:on_message:381 - 。
2025-04-29 17:46:25.788 | INFO     | __main__:on_close:501 - 
### 语音识别结束 ###
2025-04-29 17:46:25.789 | INFO     | __main__:on_close:503 - 
正在分析关键词...
2025-04-29 17:46:25.789 | INFO     | __main__:run:556 - * 录音结束
2025-04-29 17:46:25.790 | INFO     | __main__:match_keywords:495 - 找到匹配关键词: 方形 匹配 方形
2025-04-29 17:46:25.791 | INFO     | __main__:match_keywords:495 - 找到匹配关键词: 圆形 匹配 圆形
2025-04-29 17:46:31.027 | INFO     | __main__:process_text_and_send_signal:454 - 发送信号: 402
2025-04-29 17:46:31.028 | INFO     | __main__:process_text_and_send_signal:455 - 切换表情：开心
2025-04-29 17:46:31.030 | INFO     | __main__:main:580 - 继续监听唤醒词...
2025-04-29 17:46:32.104 | INFO     | __main__:start_wake_detection:268 - 开始监听唤醒词...
2025-04-29 18:59:50.639 | INFO     | __main__:wake_callback:170 - ==================================================
2025-04-29 18:59:50.639 | INFO     | __main__:wake_callback:171 - >>> 检测到唤醒词！请说出您的指令 <<<
2025-04-29 18:59:54.069 | INFO     | __main__:wake_callback:176 - ==================================================
2025-04-29 18:59:54.073 | INFO     | __main__:start_speech_recognition:295 - 开始语音识别...
2025-04-29 18:59:54.286 | INFO     | __main__:run:523 - * 开始录音...
2025-04-29 18:59:58.183 | INFO     | __main__:on_message:381 - 把红色的放到绿色的
2025-04-29 18:59:59.343 | INFO     | __main__:on_message:381 - 管理费用
2025-04-29 19:00:00.304 | INFO     | __main__:on_message:381 - 。
2025-04-29 19:00:00.363 | INFO     | __main__:on_close:501 - 
### 语音识别结束 ###
2025-04-29 19:00:00.363 | INFO     | __main__:on_close:503 - 
正在分析关键词...
2025-04-29 19:00:00.364 | INFO     | __main__:run:556 - * 录音结束
2025-04-29 19:00:00.366 | INFO     | __main__:match_keywords:495 - 找到匹配关键词: 红色 匹配 红色
2025-04-29 19:00:00.366 | INFO     | __main__:match_keywords:495 - 找到匹配关键词: 绿色 匹配 绿色
2025-04-29 19:00:04.455 | INFO     | __main__:process_text_and_send_signal:468 - 发送信号: 404
2025-04-29 19:00:04.455 | INFO     | __main__:process_text_and_send_signal:469 - 切换表情：开心
2025-04-29 19:00:04.457 | INFO     | __main__:main:580 - 继续监听唤醒词...
2025-04-29 19:00:05.535 | INFO     | __main__:start_wake_detection:268 - 开始监听唤醒词...
2025-04-29 19:00:29.033 | INFO     | __main__:wake_callback:170 - ==================================================
2025-04-29 19:00:29.033 | INFO     | __main__:wake_callback:171 - >>> 检测到唤醒词！请说出您的指令 <<<
2025-04-29 19:00:32.533 | INFO     | __main__:wake_callback:176 - ==================================================
2025-04-29 19:00:32.536 | INFO     | __main__:start_speech_recognition:295 - 开始语音识别...
2025-04-29 19:00:32.731 | INFO     | __main__:run:523 - * 开始录音...
2025-04-29 19:00:35.411 | INFO     | __main__:on_message:381 - 把绿色放到
2025-04-29 19:00:36.567 | INFO     | __main__:on_message:381 - 绿色的
2025-04-29 19:00:38.353 | INFO     | __main__:on_message:381 - ，喝醉了
2025-04-29 19:00:38.743 | INFO     | __main__:on_message:381 - 。
2025-04-29 19:00:38.794 | INFO     | __main__:on_close:501 - 
### 语音识别结束 ###
2025-04-29 19:00:38.794 | INFO     | __main__:on_close:503 - 
正在分析关键词...
2025-04-29 19:00:38.794 | INFO     | __main__:run:556 - * 录音结束
2025-04-29 19:00:38.795 | INFO     | __main__:match_keywords:495 - 找到匹配关键词: 绿色 匹配 绿色
2025-04-29 19:00:38.795 | INFO     | __main__:match_keywords:495 - 找到匹配关键词: 绿色 匹配 绿色
2025-04-29 19:00:44.157 | INFO     | __main__:process_text_and_send_signal:454 - 发送信号: 402
2025-04-29 19:00:44.157 | INFO     | __main__:process_text_and_send_signal:455 - 切换表情：开心
2025-04-29 19:00:44.159 | INFO     | __main__:main:580 - 继续监听唤醒词...
2025-04-29 19:00:45.200 | INFO     | __main__:start_wake_detection:268 - 开始监听唤醒词...
2025-04-29 19:01:10.299 | INFO     | __main__:wake_callback:170 - ==================================================
2025-04-29 19:01:10.299 | INFO     | __main__:wake_callback:171 - >>> 检测到唤醒词！请说出您的指令 <<<
2025-04-29 19:01:13.627 | INFO     | __main__:wake_callback:176 - ==================================================
2025-04-29 19:01:13.633 | INFO     | __main__:start_speech_recognition:295 - 开始语音识别...
2025-04-29 19:01:13.839 | INFO     | __main__:run:523 - * 开始录音...
2025-04-29 19:01:17.361 | INFO     | __main__:on_message:381 - 把圆形物体放到
2025-04-29 19:01:19.148 | INFO     | __main__:on_message:381 - 方形的合格率
2025-04-29 19:01:19.863 | INFO     | __main__:on_message:381 - 。
2025-04-29 19:01:19.922 | INFO     | __main__:on_close:501 - 
### 语音识别结束 ###
2025-04-29 19:01:19.922 | INFO     | __main__:on_close:503 - 
正在分析关键词...
2025-04-29 19:01:19.923 | INFO     | __main__:run:556 - * 录音结束
2025-04-29 19:01:19.924 | INFO     | __main__:match_keywords:495 - 找到匹配关键词: 圆形 匹配 圆形
2025-04-29 19:01:19.924 | INFO     | __main__:match_keywords:495 - 找到匹配关键词: 方形 匹配 方形
2025-04-29 19:01:25.218 | INFO     | __main__:process_text_and_send_signal:461 - 发送信号: 403
2025-04-29 19:01:25.219 | INFO     | __main__:process_text_and_send_signal:462 - 切换表情：开心
2025-04-29 19:01:25.222 | INFO     | __main__:main:580 - 继续监听唤醒词...
2025-04-29 19:01:26.295 | INFO     | __main__:start_wake_detection:268 - 开始监听唤醒词...
2025-04-29 19:03:08.004 | INFO     | __main__:wake_callback:170 - ==================================================
2025-04-29 19:03:08.004 | INFO     | __main__:wake_callback:171 - >>> 检测到唤醒词！请说出您的指令 <<<
2025-04-29 19:03:11.346 | INFO     | __main__:wake_callback:176 - ==================================================
2025-04-29 19:03:11.351 | INFO     | __main__:start_speech_recognition:295 - 开始语音识别...
2025-04-29 19:03:11.603 | INFO     | __main__:run:523 - * 开始录音...
2025-04-29 19:03:14.668 | INFO     | __main__:on_message:381 - 把圆形放到方形盒子里
2025-04-29 19:03:15.947 | INFO     | __main__:on_message:381 - 。
2025-04-29 19:03:17.676 | INFO     | __main__:on_close:501 - 
### 语音识别结束 ###
2025-04-29 19:03:17.676 | INFO     | __main__:run:556 - * 录音结束
2025-04-29 19:03:17.677 | INFO     | __main__:on_close:503 - 
正在分析关键词...
2025-04-29 19:03:17.678 | INFO     | __main__:match_keywords:495 - 找到匹配关键词: 圆形 匹配 圆形
2025-04-29 19:03:17.678 | INFO     | __main__:match_keywords:495 - 找到匹配关键词: 方形 匹配 方形
2025-04-29 19:03:23.091 | INFO     | __main__:process_text_and_send_signal:461 - 发送信号: 403
2025-04-29 19:03:23.092 | INFO     | __main__:process_text_and_send_signal:462 - 切换表情：开心
2025-04-29 19:03:23.095 | INFO     | __main__:main:580 - 继续监听唤醒词...
2025-04-29 19:03:24.158 | INFO     | __main__:start_wake_detection:268 - 开始监听唤醒词...
2025-04-29 19:03:44.265 | INFO     | __main__:wake_callback:170 - ==================================================
2025-04-29 19:03:44.266 | INFO     | __main__:wake_callback:171 - >>> 检测到唤醒词！请说出您的指令 <<<
2025-04-29 19:03:47.766 | INFO     | __main__:wake_callback:176 - ==================================================
2025-04-29 19:03:47.773 | INFO     | __main__:start_speech_recognition:295 - 开始语音识别...
2025-04-29 19:03:48.080 | INFO     | __main__:run:523 - * 开始录音...
2025-04-29 19:03:51.534 | INFO     | __main__:on_message:381 - 把红色撞到绿色
2025-04-29 19:03:52.494 | INFO     | __main__:on_message:381 - ，我这里
2025-04-29 19:03:53.842 | INFO     | __main__:on_message:381 - 。
2025-04-29 19:03:54.141 | INFO     | __main__:on_close:501 - 
### 语音识别结束 ###
2025-04-29 19:03:54.142 | INFO     | __main__:on_close:503 - 
正在分析关键词...
2025-04-29 19:03:54.142 | INFO     | __main__:run:556 - * 录音结束
2025-04-29 19:03:58.968 | INFO     | __main__:main:580 - 继续监听唤醒词...
2025-04-29 19:04:00.039 | INFO     | __main__:start_wake_detection:268 - 开始监听唤醒词...
2025-04-29 19:04:03.696 | INFO     | __main__:wake_callback:170 - ==================================================
2025-04-29 19:04:03.697 | INFO     | __main__:wake_callback:171 - >>> 检测到唤醒词！请说出您的指令 <<<
2025-04-29 19:04:07.165 | INFO     | __main__:wake_callback:176 - ==================================================
2025-04-29 19:04:07.170 | INFO     | __main__:start_speech_recognition:295 - 开始语音识别...
2025-04-29 19:04:07.369 | INFO     | __main__:run:523 - * 开始录音...
2025-04-29 19:04:09.019 | INFO     | __main__:on_message:381 - 红色
2025-04-29 19:04:11.018 | INFO     | __main__:on_message:381 - 放到绿色
2025-04-29 19:04:11.970 | INFO     | __main__:on_message:381 - 盒子里
2025-04-29 19:04:13.409 | INFO     | __main__:on_close:501 - 
### 语音识别结束 ###
2025-04-29 19:04:13.409 | INFO     | __main__:on_close:503 - 
正在分析关键词...
2025-04-29 19:04:13.410 | INFO     | __main__:match_keywords:495 - 找到匹配关键词: 红色 匹配 红色
2025-04-29 19:04:13.411 | INFO     | __main__:match_keywords:495 - 找到匹配关键词: 绿色 匹配 绿色
2025-04-29 19:04:13.442 | INFO     | __main__:run:556 - * 录音结束
2025-04-29 19:04:18.749 | INFO     | __main__:process_text_and_send_signal:468 - 发送信号: 404
2025-04-29 19:04:18.749 | INFO     | __main__:process_text_and_send_signal:469 - 切换表情：开心
2025-04-29 19:04:18.753 | INFO     | __main__:main:580 - 继续监听唤醒词...
2025-04-29 19:04:19.819 | INFO     | __main__:start_wake_detection:268 - 开始监听唤醒词...
2025-04-29 19:04:41.717 | INFO     | __main__:wake_callback:170 - ==================================================
2025-04-29 19:04:41.718 | INFO     | __main__:wake_callback:171 - >>> 检测到唤醒词！请说出您的指令 <<<
2025-04-29 19:04:45.163 | INFO     | __main__:wake_callback:176 - ==================================================
2025-04-29 19:04:45.169 | INFO     | __main__:start_speech_recognition:295 - 开始语音识别...
2025-04-29 19:04:45.367 | INFO     | __main__:run:523 - * 开始录音...
2025-04-29 19:04:49.015 | INFO     | __main__:on_message:381 - 把绿色放到红色盒子里
2025-04-29 19:04:50.293 | INFO     | __main__:on_message:381 - 。
2025-04-29 19:04:54.402 | INFO     | __main__:on_close:501 - 
### 语音识别结束 ###
2025-04-29 19:04:54.402 | INFO     | __main__:run:556 - * 录音结束
2025-04-29 19:04:54.402 | INFO     | __main__:on_close:503 - 
正在分析关键词...
2025-04-29 19:04:54.403 | INFO     | __main__:match_keywords:495 - 找到匹配关键词: 绿色 匹配 绿色
2025-04-29 19:04:54.404 | INFO     | __main__:match_keywords:495 - 找到匹配关键词: 红色 匹配 红色
2025-04-29 19:04:59.618 | INFO     | __main__:process_text_and_send_signal:447 - 发送信号: 401
2025-04-29 19:04:59.618 | INFO     | __main__:process_text_and_send_signal:448 - 切换表情：开心
2025-04-29 19:04:59.624 | INFO     | __main__:main:580 - 继续监听唤醒词...
2025-04-29 19:05:00.707 | INFO     | __main__:start_wake_detection:268 - 开始监听唤醒词...
2025-04-30 08:18:36.260 | INFO     | __main__:wake_callback:170 - ==================================================
2025-04-30 08:18:36.260 | INFO     | __main__:wake_callback:171 - >>> 检测到唤醒词！请说出您的指令 <<<
2025-04-30 08:18:39.736 | INFO     | __main__:wake_callback:176 - ==================================================
2025-04-30 08:18:39.743 | INFO     | __main__:start_speech_recognition:295 - 开始语音识别...
2025-04-30 08:18:39.950 | INFO     | __main__:run:523 - * 开始录音...
2025-04-30 08:18:43.351 | INFO     | __main__:on_message:381 - 将绿色方块放到放眼科就行
2025-04-30 08:18:44.705 | INFO     | __main__:on_message:381 - 。
2025-04-30 08:18:46.026 | INFO     | __main__:on_close:501 - 
### 语音识别结束 ###
2025-04-30 08:18:46.027 | INFO     | __main__:run:556 - * 录音结束
2025-04-30 08:18:46.027 | INFO     | __main__:on_close:503 - 
正在分析关键词...
2025-04-30 08:18:46.028 | INFO     | __main__:match_keywords:495 - 找到匹配关键词: 方块 匹配 方块
2025-04-30 08:18:46.028 | INFO     | __main__:process_text_and_send_signal:471 - 未找到匹配的组合
2025-04-30 08:18:50.982 | INFO     | __main__:process_text_and_send_signal:476 - 发送信号: 406
2025-04-30 08:18:50.982 | INFO     | __main__:process_text_and_send_signal:477 - 切换表情：难过
2025-04-30 08:18:50.985 | INFO     | __main__:main:580 - 继续监听唤醒词...
2025-04-30 08:18:52.055 | INFO     | __main__:start_wake_detection:268 - 开始监听唤醒词...
2025-04-30 08:21:02.108 | INFO     | __main__:wake_callback:170 - ==================================================
2025-04-30 08:21:02.108 | INFO     | __main__:wake_callback:171 - >>> 检测到唤醒词！请说出您的指令 <<<
2025-04-30 08:21:05.455 | INFO     | __main__:wake_callback:176 - ==================================================
2025-04-30 08:21:05.460 | INFO     | __main__:start_speech_recognition:295 - 开始语音识别...
2025-04-30 08:21:05.638 | INFO     | __main__:run:523 - * 开始录音...
2025-04-30 08:21:07.485 | INFO     | __main__:on_message:381 - 杨绿色
2025-04-30 08:21:09.586 | INFO     | __main__:on_message:381 - 方块放到方形盒子中
2025-04-30 08:21:10.934 | INFO     | __main__:on_message:381 - 。
2025-04-30 08:21:11.695 | INFO     | __main__:on_close:501 - 
### 语音识别结束 ###
2025-04-30 08:21:11.695 | INFO     | __main__:run:556 - * 录音结束
2025-04-30 08:21:11.695 | INFO     | __main__:on_close:503 - 
正在分析关键词...
2025-04-30 08:21:11.695 | INFO     | __main__:match_keywords:495 - 找到匹配关键词: 方块 匹配 方块
2025-04-30 08:21:11.703 | INFO     | __main__:match_keywords:495 - 找到匹配关键词: 方形 匹配 方形
2025-04-30 08:21:17.040 | INFO     | __main__:process_text_and_send_signal:447 - 发送信号: 401
2025-04-30 08:21:17.040 | INFO     | __main__:process_text_and_send_signal:448 - 切换表情：开心
2025-04-30 08:21:17.045 | INFO     | __main__:main:580 - 继续监听唤醒词...
2025-04-30 08:21:18.127 | INFO     | __main__:start_wake_detection:268 - 开始监听唤醒词...
2025-04-30 08:22:09.458 | INFO     | __main__:wake_callback:170 - ==================================================
2025-04-30 08:22:09.458 | INFO     | __main__:wake_callback:171 - >>> 检测到唤醒词！请说出您的指令 <<<
2025-04-30 08:22:32.211 | INFO     | __main__:wake_callback:176 - ==================================================
2025-04-30 08:22:32.215 | INFO     | __main__:start_speech_recognition:295 - 开始语音识别...
2025-04-30 08:22:32.409 | INFO     | __main__:run:523 - * 开始录音...
2025-04-30 08:22:36.084 | INFO     | __main__:on_message:381 - 啊
2025-04-30 08:22:36.535 | INFO     | __main__:on_message:381 - ，你你要掏你可以掏
2025-04-30 08:22:37.883 | INFO     | __main__:on_message:381 - 。
2025-04-30 08:22:39.227 | INFO     | __main__:on_close:501 - 
### 语音识别结束 ###
2025-04-30 08:22:39.227 | INFO     | __main__:run:556 - * 录音结束
2025-04-30 08:22:39.227 | INFO     | __main__:on_close:503 - 
正在分析关键词...
2025-04-30 08:22:43.962 | INFO     | __main__:main:580 - 继续监听唤醒词...
2025-04-30 08:22:45.026 | INFO     | __main__:start_wake_detection:268 - 开始监听唤醒词...
2025-04-30 08:22:48.365 | INFO     | __main__:wake_callback:170 - ==================================================
2025-04-30 08:22:48.365 | INFO     | __main__:wake_callback:171 - >>> 检测到唤醒词！请说出您的指令 <<<
2025-04-30 08:22:51.706 | INFO     | __main__:wake_callback:176 - ==================================================
2025-04-30 08:22:51.712 | INFO     | __main__:start_speech_recognition:295 - 开始语音识别...
2025-04-30 08:22:51.915 | INFO     | __main__:run:523 - * 开始录音...
2025-04-30 08:22:54.466 | INFO     | __main__:on_message:381 - 张元行
2025-04-30 08:22:56.569 | INFO     | __main__:on_message:381 - 放到钢琴盒子中
2025-04-30 08:22:57.925 | INFO     | __main__:on_message:381 - 。
2025-04-30 08:22:57.976 | INFO     | __main__:on_close:501 - 
### 语音识别结束 ###
2025-04-30 08:22:57.976 | INFO     | __main__:run:556 - * 录音结束
2025-04-30 08:22:57.976 | INFO     | __main__:on_close:503 - 
正在分析关键词...
2025-04-30 08:22:57.976 | INFO     | __main__:process_text_and_send_signal:471 - 未找到匹配的组合
2025-04-30 08:23:02.829 | INFO     | __main__:process_text_and_send_signal:476 - 发送信号: 406
2025-04-30 08:23:02.829 | INFO     | __main__:process_text_and_send_signal:477 - 切换表情：难过
2025-04-30 08:23:02.836 | INFO     | __main__:main:580 - 继续监听唤醒词...
2025-04-30 08:23:03.928 | INFO     | __main__:start_wake_detection:268 - 开始监听唤醒词...
2025-04-30 08:23:05.347 | INFO     | __main__:wake_callback:170 - ==================================================
2025-04-30 08:23:05.347 | INFO     | __main__:wake_callback:171 - >>> 检测到唤醒词！请说出您的指令 <<<
2025-04-30 08:23:08.827 | INFO     | __main__:wake_callback:176 - ==================================================
2025-04-30 08:23:08.832 | INFO     | __main__:start_speech_recognition:295 - 开始语音识别...
2025-04-30 08:23:09.048 | INFO     | __main__:run:523 - * 开始录音...
2025-04-30 08:23:12.501 | INFO     | __main__:on_message:381 - 将圆形放到方形盒子中
2025-04-30 08:23:13.900 | INFO     | __main__:on_message:381 - 。
2025-04-30 08:23:15.107 | INFO     | __main__:on_close:501 - 
### 语音识别结束 ###
2025-04-30 08:23:15.107 | INFO     | __main__:on_close:503 - 
正在分析关键词...
2025-04-30 08:23:15.107 | INFO     | __main__:run:556 - * 录音结束
2025-04-30 08:23:15.107 | INFO     | __main__:match_keywords:495 - 找到匹配关键词: 圆形 匹配 圆形
2025-04-30 08:23:15.111 | INFO     | __main__:match_keywords:495 - 找到匹配关键词: 方形 匹配 方形
2025-04-30 08:23:20.500 | INFO     | __main__:process_text_and_send_signal:461 - 发送信号: 403
2025-04-30 08:23:20.500 | INFO     | __main__:process_text_and_send_signal:462 - 切换表情：开心
2025-04-30 08:23:20.503 | INFO     | __main__:main:580 - 继续监听唤醒词...
2025-04-30 08:23:21.554 | INFO     | __main__:start_wake_detection:268 - 开始监听唤醒词...
2025-04-30 08:23:41.672 | INFO     | __main__:wake_callback:170 - ==================================================
2025-04-30 08:23:41.672 | INFO     | __main__:wake_callback:171 - >>> 检测到唤醒词！请说出您的指令 <<<
2025-04-30 08:23:45.129 | INFO     | __main__:wake_callback:176 - ==================================================
2025-04-30 08:23:45.132 | INFO     | __main__:start_speech_recognition:295 - 开始语音识别...
2025-04-30 08:23:45.332 | INFO     | __main__:run:523 - * 开始录音...
2025-04-30 08:23:47.254 | INFO     | __main__:on_message:381 - 那他就坏了
2025-04-30 08:23:50.950 | INFO     | __main__:on_message:381 - ，然后然后要怎么说它才会动
2025-04-30 08:23:51.363 | INFO     | __main__:on_close:501 - 
### 语音识别结束 ###
2025-04-30 08:23:51.363 | INFO     | __main__:on_close:503 - 
正在分析关键词...
2025-04-30 08:23:51.397 | INFO     | __main__:run:556 - * 录音结束
2025-04-30 08:23:56.208 | INFO     | __main__:main:580 - 继续监听唤醒词...
2025-04-30 08:23:57.277 | INFO     | __main__:start_wake_detection:268 - 开始监听唤醒词...
2025-04-30 08:24:15.777 | INFO     | __main__:wake_callback:170 - ==================================================
2025-04-30 08:24:15.790 | INFO     | __main__:wake_callback:171 - >>> 检测到唤醒词！请说出您的指令 <<<
2025-04-30 08:24:19.225 | INFO     | __main__:wake_callback:176 - ==================================================
2025-04-30 08:24:19.229 | INFO     | __main__:start_speech_recognition:295 - 开始语音识别...
2025-04-30 08:24:19.472 | INFO     | __main__:run:523 - * 开始录音...
2025-04-30 08:24:21.702 | INFO     | __main__:on_message:381 - 要不是
2025-04-30 08:24:23.118 | INFO     | __main__:on_message:381 - 。
2025-04-30 08:24:25.541 | INFO     | __main__:on_close:501 - 
### 语音识别结束 ###
2025-04-30 08:24:25.541 | INFO     | __main__:on_close:503 - 
正在分析关键词...
2025-04-30 08:24:25.541 | INFO     | __main__:run:556 - * 录音结束
2025-04-30 08:24:30.370 | INFO     | __main__:main:580 - 继续监听唤醒词...
2025-04-30 08:24:31.456 | INFO     | __main__:start_wake_detection:268 - 开始监听唤醒词...
2025-04-30 08:24:36.721 | INFO     | __main__:wake_callback:170 - ==================================================
2025-04-30 08:24:36.721 | INFO     | __main__:wake_callback:171 - >>> 检测到唤醒词！请说出您的指令 <<<
2025-04-30 08:24:40.163 | INFO     | __main__:wake_callback:176 - ==================================================
2025-04-30 08:24:40.170 | INFO     | __main__:start_speech_recognition:295 - 开始语音识别...
2025-04-30 08:24:40.390 | INFO     | __main__:run:523 - * 开始录音...
2025-04-30 08:24:44.418 | INFO     | __main__:on_message:381 - 应该说快
2025-04-30 08:24:45.828 | INFO     | __main__:on_message:381 - 。
2025-04-30 08:24:46.460 | INFO     | __main__:on_close:501 - 
### 语音识别结束 ###
2025-04-30 08:24:46.460 | INFO     | __main__:on_close:503 - 
正在分析关键词...
2025-04-30 08:24:46.460 | INFO     | __main__:run:556 - * 录音结束
2025-04-30 08:24:51.305 | INFO     | __main__:main:580 - 继续监听唤醒词...
2025-04-30 08:24:52.372 | INFO     | __main__:start_wake_detection:268 - 开始监听唤醒词...
2025-04-30 08:24:56.668 | INFO     | __main__:wake_callback:170 - ==================================================
2025-04-30 08:24:56.668 | INFO     | __main__:wake_callback:171 - >>> 检测到唤醒词！请说出您的指令 <<<
2025-04-30 08:25:00.125 | INFO     | __main__:wake_callback:176 - ==================================================
2025-04-30 08:25:00.129 | INFO     | __main__:start_speech_recognition:295 - 开始语音识别...
2025-04-30 08:25:00.321 | INFO     | __main__:run:523 - * 开始录音...
2025-04-30 08:25:03.968 | INFO     | __main__:on_message:381 - 绿色放在方形盒子里
2025-04-30 08:25:05.300 | INFO     | __main__:on_message:381 - 。
2025-04-30 08:25:06.404 | INFO     | __main__:on_close:501 - 
### 语音识别结束 ###
2025-04-30 08:25:06.405 | INFO     | __main__:on_close:503 - 
正在分析关键词...
2025-04-30 08:25:06.405 | INFO     | __main__:run:556 - * 录音结束
2025-04-30 08:25:06.407 | INFO     | __main__:match_keywords:495 - 找到匹配关键词: 绿色 匹配 绿色
2025-04-30 08:25:06.407 | INFO     | __main__:match_keywords:495 - 找到匹配关键词: 方形 匹配 方形
2025-04-30 08:25:11.669 | INFO     | __main__:process_text_and_send_signal:447 - 发送信号: 401
2025-04-30 08:25:11.670 | INFO     | __main__:process_text_and_send_signal:448 - 切换表情：开心
2025-04-30 08:25:11.671 | INFO     | __main__:main:580 - 继续监听唤醒词...
2025-04-30 08:25:12.724 | INFO     | __main__:start_wake_detection:268 - 开始监听唤醒词...
2025-04-30 08:25:36.041 | INFO     | __main__:wake_callback:170 - ==================================================
2025-04-30 08:25:36.041 | INFO     | __main__:wake_callback:171 - >>> 检测到唤醒词！请说出您的指令 <<<
2025-04-30 08:25:39.392 | INFO     | __main__:wake_callback:176 - ==================================================
2025-04-30 08:25:39.396 | INFO     | __main__:start_speech_recognition:295 - 开始语音识别...
2025-04-30 08:25:39.574 | INFO     | __main__:run:523 - * 开始录音...
2025-04-30 08:25:42.250 | INFO     | __main__:on_message:381 - 红色放在圆形里
2025-04-30 08:25:43.583 | INFO     | __main__:on_message:381 - 。
2025-04-30 08:25:45.642 | INFO     | __main__:on_close:501 - 
### 语音识别结束 ###
2025-04-30 08:25:45.642 | INFO     | __main__:on_close:503 - 
正在分析关键词...
2025-04-30 08:25:45.642 | INFO     | __main__:run:556 - * 录音结束
2025-04-30 08:25:45.642 | INFO     | __main__:match_keywords:495 - 找到匹配关键词: 红色 匹配 红色
2025-04-30 08:25:45.646 | INFO     | __main__:match_keywords:495 - 找到匹配关键词: 圆形 匹配 圆形
2025-04-30 08:25:50.896 | INFO     | __main__:process_text_and_send_signal:468 - 发送信号: 404
2025-04-30 08:25:50.896 | INFO     | __main__:process_text_and_send_signal:469 - 切换表情：开心
2025-04-30 08:25:50.896 | INFO     | __main__:main:580 - 继续监听唤醒词...
2025-04-30 08:25:51.964 | INFO     | __main__:start_wake_detection:268 - 开始监听唤醒词...
2025-04-30 08:33:41.349 | INFO     | __main__:wake_callback:170 - ==================================================
2025-04-30 08:33:41.349 | INFO     | __main__:wake_callback:171 - >>> 检测到唤醒词！请说出您的指令 <<<
2025-04-30 08:33:44.847 | INFO     | __main__:wake_callback:176 - ==================================================
2025-04-30 08:33:44.851 | INFO     | __main__:start_speech_recognition:295 - 开始语音识别...
2025-04-30 08:33:45.067 | INFO     | __main__:run:523 - * 开始录音...
2025-04-30 08:33:46.602 | INFO     | __main__:on_message:381 - 干什么
2025-04-30 08:33:47.934 | INFO     | __main__:on_message:381 - ？
2025-04-30 08:33:51.126 | INFO     | __main__:on_close:501 - 
### 语音识别结束 ###
2025-04-30 08:33:51.126 | INFO     | __main__:on_close:503 - 
正在分析关键词...
2025-04-30 08:33:51.126 | INFO     | __main__:run:556 - * 录音结束
2025-04-30 08:33:55.977 | INFO     | __main__:main:580 - 继续监听唤醒词...
2025-04-30 08:33:57.026 | INFO     | __main__:start_wake_detection:268 - 开始监听唤醒词...
2025-04-30 08:34:01.656 | INFO     | __main__:wake_callback:170 - ==================================================
2025-04-30 08:34:01.657 | INFO     | __main__:wake_callback:171 - >>> 检测到唤醒词！请说出您的指令 <<<
2025-04-30 08:34:04.978 | INFO     | __main__:wake_callback:176 - ==================================================
2025-04-30 08:34:04.982 | INFO     | __main__:start_speech_recognition:295 - 开始语音识别...
2025-04-30 08:34:05.177 | INFO     | __main__:run:523 - * 开始录音...
2025-04-30 08:34:06.583 | INFO     | __main__:on_message:381 - 所以
2025-04-30 08:34:08.050 | INFO     | __main__:on_message:381 - 。
2025-04-30 08:34:11.244 | INFO     | __main__:on_close:501 - 
### 语音识别结束 ###
2025-04-30 08:34:11.244 | INFO     | __main__:on_close:503 - 
正在分析关键词...
2025-04-30 08:34:11.245 | INFO     | __main__:run:556 - * 录音结束
2025-04-30 08:34:16.006 | INFO     | __main__:main:580 - 继续监听唤醒词...
2025-04-30 08:34:17.070 | INFO     | __main__:start_wake_detection:268 - 开始监听唤醒词...
2025-04-30 10:05:13.839 | INFO     | __main__:wake_callback:170 - ==================================================
2025-04-30 10:05:13.843 | INFO     | __main__:wake_callback:171 - >>> 检测到唤醒词！请说出您的指令 <<<
2025-04-30 10:05:17.316 | INFO     | __main__:wake_callback:176 - ==================================================
2025-04-30 10:05:17.325 | INFO     | __main__:start_speech_recognition:295 - 开始语音识别...
2025-04-30 10:05:17.549 | INFO     | __main__:run:523 - * 开始录音...
2025-04-30 10:05:26.590 | INFO     | __main__:on_close:501 - 
### 语音识别结束 ###
2025-04-30 10:05:26.590 | INFO     | __main__:run:556 - * 录音结束
2025-04-30 10:05:26.592 | INFO     | __main__:main:580 - 继续监听唤醒词...
2025-04-30 10:05:27.659 | INFO     | __main__:start_wake_detection:268 - 开始监听唤醒词...
2025-04-30 10:05:32.090 | INFO     | __main__:wake_callback:170 - ==================================================
2025-04-30 10:05:32.090 | INFO     | __main__:wake_callback:171 - >>> 检测到唤醒词！请说出您的指令 <<<
2025-04-30 10:05:35.541 | INFO     | __main__:wake_callback:176 - ==================================================
2025-04-30 10:05:35.545 | INFO     | __main__:start_speech_recognition:295 - 开始语音识别...
2025-04-30 10:05:35.787 | INFO     | __main__:run:523 - * 开始录音...
2025-04-30 10:05:38.459 | INFO     | __main__:on_message:381 - 可以找到一个这个话题问题
2025-04-30 10:05:39.808 | INFO     | __main__:on_message:381 - 。
2025-04-30 10:05:41.849 | INFO     | __main__:on_close:501 - 
### 语音识别结束 ###
2025-04-30 10:05:41.849 | INFO     | __main__:on_close:503 - 
正在分析关键词...
2025-04-30 10:05:41.849 | INFO     | __main__:run:556 - * 录音结束
2025-04-30 10:05:46.671 | INFO     | __main__:main:580 - 继续监听唤醒词...
2025-04-30 10:05:47.738 | INFO     | __main__:start_wake_detection:268 - 开始监听唤醒词...
2025-04-30 10:05:51.713 | INFO     | __main__:wake_callback:170 - ==================================================
2025-04-30 10:05:51.713 | INFO     | __main__:wake_callback:171 - >>> 检测到唤醒词！请说出您的指令 <<<
2025-04-30 10:05:55.078 | INFO     | __main__:wake_callback:176 - ==================================================
2025-04-30 10:05:55.084 | INFO     | __main__:start_speech_recognition:295 - 开始语音识别...
2025-04-30 10:05:55.417 | INFO     | __main__:run:523 - * 开始录音...
2025-04-30 10:05:58.474 | INFO     | __main__:on_message:381 - 将绿色方块放到方形盒子
2025-04-30 10:05:59.826 | INFO     | __main__:on_message:381 - 。
2025-04-30 10:06:01.478 | INFO     | __main__:on_close:501 - 
### 语音识别结束 ###
2025-04-30 10:06:01.478 | INFO     | __main__:run:556 - * 录音结束
2025-04-30 10:06:01.478 | INFO     | __main__:on_close:503 - 
正在分析关键词...
2025-04-30 10:06:01.478 | INFO     | __main__:match_keywords:495 - 找到匹配关键词: 方块 匹配 方块
2025-04-30 10:06:01.487 | INFO     | __main__:match_keywords:495 - 找到匹配关键词: 方形 匹配 方形
2025-04-30 10:06:06.775 | INFO     | __main__:process_text_and_send_signal:447 - 发送信号: 401
2025-04-30 10:06:06.775 | INFO     | __main__:process_text_and_send_signal:448 - 切换表情：开心
2025-04-30 10:06:06.780 | INFO     | __main__:main:580 - 继续监听唤醒词...
2025-04-30 10:06:07.862 | INFO     | __main__:start_wake_detection:268 - 开始监听唤醒词...
2025-04-30 10:06:32.441 | INFO     | __main__:wake_callback:170 - ==================================================
2025-04-30 10:06:32.441 | INFO     | __main__:wake_callback:171 - >>> 检测到唤醒词！请说出您的指令 <<<
2025-04-30 10:06:35.925 | INFO     | __main__:wake_callback:176 - ==================================================
2025-04-30 10:06:35.930 | INFO     | __main__:start_speech_recognition:295 - 开始语音识别...
2025-04-30 10:06:36.184 | INFO     | __main__:run:523 - * 开始录音...
2025-04-30 10:06:39.251 | INFO     | __main__:on_message:381 - 将
2025-04-30 10:06:40.840 | INFO     | __main__:on_message:381 - 红色放到方形盒子
2025-04-30 10:06:42.215 | INFO     | __main__:on_close:501 - 
### 语音识别结束 ###
2025-04-30 10:06:42.215 | INFO     | __main__:on_close:503 - 
正在分析关键词...
2025-04-30 10:06:42.215 | INFO     | __main__:match_keywords:495 - 找到匹配关键词: 红色 匹配 红色
2025-04-30 10:06:42.215 | INFO     | __main__:match_keywords:495 - 找到匹配关键词: 方形 匹配 方形
2025-04-30 10:06:42.253 | INFO     | __main__:run:556 - * 录音结束
2025-04-30 10:06:47.599 | INFO     | __main__:process_text_and_send_signal:461 - 发送信号: 403
2025-04-30 10:06:47.599 | INFO     | __main__:process_text_and_send_signal:462 - 切换表情：开心
2025-04-30 10:06:47.604 | INFO     | __main__:main:580 - 继续监听唤醒词...
2025-04-30 10:06:48.680 | INFO     | __main__:start_wake_detection:268 - 开始监听唤醒词...
2025-04-30 10:07:29.265 | INFO     | __main__:wake_callback:170 - ==================================================
2025-04-30 10:07:29.265 | INFO     | __main__:wake_callback:171 - >>> 检测到唤醒词！请说出您的指令 <<<
2025-04-30 10:07:32.636 | INFO     | __main__:wake_callback:176 - ==================================================
2025-04-30 10:07:32.642 | INFO     | __main__:start_speech_recognition:295 - 开始语音识别...
2025-04-30 10:07:32.847 | INFO     | __main__:run:523 - * 开始录音...
2025-04-30 10:07:36.694 | INFO     | __main__:on_message:381 - 把绿色放进
2025-04-30 10:07:38.025 | INFO     | __main__:on_message:381 - 。
2025-04-30 10:07:39.629 | INFO     | __main__:on_close:501 - 
### 语音识别结束 ###
2025-04-30 10:07:39.629 | INFO     | __main__:on_close:503 - 
正在分析关键词...
2025-04-30 10:07:39.629 | INFO     | __main__:run:556 - * 录音结束
2025-04-30 10:07:39.629 | INFO     | __main__:match_keywords:495 - 找到匹配关键词: 绿色 匹配 绿色
2025-04-30 10:07:39.629 | INFO     | __main__:process_text_and_send_signal:471 - 未找到匹配的组合
2025-04-30 10:07:44.564 | INFO     | __main__:process_text_and_send_signal:476 - 发送信号: 406
2025-04-30 10:07:44.564 | INFO     | __main__:process_text_and_send_signal:477 - 切换表情：难过
2025-04-30 10:07:44.570 | INFO     | __main__:main:580 - 继续监听唤醒词...
2025-04-30 10:07:45.637 | INFO     | __main__:start_wake_detection:268 - 开始监听唤醒词...
2025-04-30 10:08:07.219 | INFO     | __main__:wake_callback:170 - ==================================================
2025-04-30 10:08:07.219 | INFO     | __main__:wake_callback:171 - >>> 检测到唤醒词！请说出您的指令 <<<
2025-04-30 10:08:10.777 | INFO     | __main__:wake_callback:176 - ==================================================
2025-04-30 10:08:10.782 | INFO     | __main__:start_speech_recognition:295 - 开始语音识别...
2025-04-30 10:08:10.987 | INFO     | __main__:run:523 - * 开始录音...
2025-04-30 10:08:13.792 | INFO     | __main__:on_message:381 - 把圆形看到
2025-04-30 10:08:15.057 | INFO     | __main__:on_message:381 - 圆形盒子里
2025-04-30 10:08:16.357 | INFO     | __main__:on_message:381 - 。
2025-04-30 10:08:17.047 | INFO     | __main__:on_close:501 - 
### 语音识别结束 ###
2025-04-30 10:08:17.050 | INFO     | __main__:run:556 - * 录音结束
2025-04-30 10:08:17.050 | INFO     | __main__:on_close:503 - 
正在分析关键词...
2025-04-30 10:08:21.886 | INFO     | __main__:main:580 - 继续监听唤醒词...
2025-04-30 10:08:22.949 | INFO     | __main__:start_wake_detection:268 - 开始监听唤醒词...
2025-04-30 10:08:26.740 | INFO     | __main__:wake_callback:170 - ==================================================
2025-04-30 10:08:26.740 | INFO     | __main__:wake_callback:171 - >>> 检测到唤醒词！请说出您的指令 <<<
2025-04-30 10:08:30.224 | INFO     | __main__:wake_callback:176 - ==================================================
2025-04-30 10:08:30.226 | INFO     | __main__:start_speech_recognition:295 - 开始语音识别...
2025-04-30 10:08:30.438 | INFO     | __main__:run:523 - * 开始录音...
2025-04-30 10:08:34.212 | INFO     | __main__:on_message:381 - 把圆形放到圆形盒子
2025-04-30 10:08:35.608 | INFO     | __main__:on_message:381 - 。
2025-04-30 10:08:36.486 | INFO     | __main__:on_close:501 - 
### 语音识别结束 ###
2025-04-30 10:08:36.486 | INFO     | __main__:run:556 - * 录音结束
2025-04-30 10:08:36.486 | INFO     | __main__:on_close:503 - 
正在分析关键词...
2025-04-30 10:08:36.486 | INFO     | __main__:match_keywords:495 - 找到匹配关键词: 圆形 匹配 圆形
2025-04-30 10:08:36.486 | INFO     | __main__:match_keywords:495 - 找到匹配关键词: 圆形 匹配 圆形
2025-04-30 10:08:41.763 | INFO     | __main__:process_text_and_send_signal:468 - 发送信号: 404
2025-04-30 10:08:41.763 | INFO     | __main__:process_text_and_send_signal:469 - 切换表情：开心
2025-04-30 10:08:41.769 | INFO     | __main__:main:580 - 继续监听唤醒词...
2025-04-30 10:08:42.837 | INFO     | __main__:start_wake_detection:268 - 开始监听唤醒词...
