2025-05-13 09:25:14.688 | INFO     | __main__:load_keywords_dict:162 - 成功加载关键词词典: ./keywords_dicts\keywords_dict.yaml
2025-05-13 09:25:19.195 | INFO     | __main__:_init_expression_server:148 - 表情服务器启动成功
2025-05-13 09:25:19.195 | INFO     | __main__:run_modbus_server:201 - Modbus 从机正在 192.168.1.125:599 上监听...
2025-05-13 09:25:20.201 | INFO     | __main__:request_monitor:184 - 当前保持寄存器数据: [0, 0, 0, 0, 0, 0, 0, 0, 0, 0]
2025-05-13 09:25:21.207 | INFO     | __main__:request_monitor:184 - 当前保持寄存器数据: [0, 0, 0, 0, 0, 0, 0, 0, 0, 0]
2025-05-13 09:25:22.215 | INFO     | __main__:request_monitor:184 - 当前保持寄存器数据: [0, 0, 0, 0, 0, 0, 0, 0, 0, 0]
2025-05-13 09:25:23.222 | INFO     | __main__:request_monitor:184 - 当前保持寄存器数据: [0, 0, 0, 0, 0, 0, 0, 0, 0, 0]
2025-05-13 09:25:24.229 | INFO     | __main__:request_monitor:184 - 当前保持寄存器数据: [0, 0, 0, 0, 0, 0, 0, 0, 0, 0]
2025-05-13 09:25:25.235 | INFO     | __main__:request_monitor:184 - 当前保持寄存器数据: [0, 0, 0, 0, 0, 0, 0, 0, 0, 0]
2025-05-13 09:25:26.243 | INFO     | __main__:request_monitor:184 - 当前保持寄存器数据: [0, 0, 0, 0, 0, 0, 0, 0, 0, 0]
2025-05-13 09:25:27.250 | INFO     | __main__:request_monitor:184 - 当前保持寄存器数据: [0, 0, 0, 0, 0, 0, 0, 0, 0, 0]
2025-05-13 09:25:28.253 | INFO     | __main__:request_monitor:184 - 当前保持寄存器数据: [0, 0, 0, 0, 0, 0, 0, 0, 0, 0]
2025-05-13 09:25:29.266 | INFO     | __main__:request_monitor:184 - 当前保持寄存器数据: [0, 0, 0, 0, 0, 0, 0, 0, 0, 0]
2025-05-13 09:25:30.267 | INFO     | __main__:request_monitor:184 - 当前保持寄存器数据: [0, 0, 0, 0, 0, 0, 0, 0, 0, 0]
2025-05-13 09:25:31.268 | INFO     | __main__:request_monitor:184 - 当前保持寄存器数据: [0, 0, 0, 0, 0, 0, 0, 0, 0, 0]
2025-05-13 09:25:32.265 | INFO     | __main__:request_monitor:184 - 当前保持寄存器数据: [0, 0, 0, 0, 0, 0, 0, 0, 0, 0]
2025-05-13 09:25:33.267 | INFO     | __main__:request_monitor:184 - 当前保持寄存器数据: [0, 0, 0, 0, 0, 0, 0, 0, 0, 0]
2025-05-13 09:25:34.267 | INFO     | __main__:request_monitor:184 - 当前保持寄存器数据: [0, 0, 0, 0, 0, 0, 0, 0, 0, 0]
2025-05-13 09:25:35.273 | INFO     | __main__:request_monitor:184 - 当前保持寄存器数据: [0, 0, 0, 0, 0, 0, 0, 0, 0, 0]
2025-05-13 09:25:36.276 | INFO     | __main__:request_monitor:184 - 当前保持寄存器数据: [0, 0, 0, 0, 0, 0, 0, 0, 0, 0]
2025-05-13 09:25:37.299 | INFO     | __main__:request_monitor:184 - 当前保持寄存器数据: [0, 0, 0, 0, 0, 0, 0, 0, 0, 0]
2025-05-13 09:25:38.290 | INFO     | __main__:request_monitor:184 - 当前保持寄存器数据: [0, 0, 0, 0, 0, 0, 0, 0, 0, 0]
2025-05-13 09:25:39.302 | INFO     | __main__:request_monitor:184 - 当前保持寄存器数据: [111, 0, 0, 0, 0, 0, 0, 0, 0, 0]
2025-05-13 09:25:39.302 | INFO     | __main__:request_monitor:186 - 切换表情：眨眼
2025-05-13 09:25:39.302 | INFO     | __main__:request_monitor:188 - 保持寄存器读到111
2025-05-13 09:25:39.302 | INFO     | __main__:request_monitor:189 - 当前保持寄存器数据: [111, 0, 0, 0, 0, 0, 0, 0, 0, 0]
2025-05-13 09:25:39.302 | INFO     | __main__:request_monitor:191 - 开始清零
2025-05-13 09:25:39.302 | INFO     | __main__:request_monitor:192 - 当前保持寄存器数据: [111, 0, 0, 0, 0, 0, 0, 0, 0, 0]
2025-05-13 09:25:39.302 | INFO     | __main__:request_monitor:194 - 当前保持寄存器数据: [111, 0, 0, 0, 0, 0, 0, 0, 0, 0]
2025-05-13 09:25:39.302 | INFO     | __main__:request_monitor:195 - 检测到寄存器值为 111，准备退出...
2025-05-13 09:25:39.365 | INFO     | __main__:start_wake_detection:268 - 开始监听唤醒词...
2025-05-13 09:26:06.710 | INFO     | __main__:wake_callback:170 - ==================================================
2025-05-13 09:26:06.710 | INFO     | __main__:wake_callback:171 - >>> 检测到唤醒词！请说出您的指令 <<<
2025-05-13 09:26:10.258 | INFO     | __main__:wake_callback:176 - ==================================================
2025-05-13 09:26:10.268 | INFO     | __main__:start_speech_recognition:295 - 开始语音识别...
2025-05-13 09:26:10.470 | INFO     | __main__:run:523 - * 开始录音...
2025-05-13 09:26:19.720 | INFO     | __main__:on_close:501 - 
### 语音识别结束 ###
2025-05-13 09:26:19.720 | INFO     | __main__:run:556 - * 录音结束
2025-05-13 09:26:19.721 | INFO     | __main__:main:580 - 继续监听唤醒词...
2025-05-13 09:26:20.763 | INFO     | __main__:start_wake_detection:268 - 开始监听唤醒词...
2025-05-13 09:26:44.404 | INFO     | __main__:wake_callback:170 - ==================================================
2025-05-13 09:26:44.404 | INFO     | __main__:wake_callback:171 - >>> 检测到唤醒词！请说出您的指令 <<<
2025-05-13 09:26:47.823 | INFO     | __main__:wake_callback:176 - ==================================================
2025-05-13 09:26:47.830 | INFO     | __main__:start_speech_recognition:295 - 开始语音识别...
2025-05-13 09:26:48.021 | INFO     | __main__:run:523 - * 开始录音...
2025-05-13 09:26:51.597 | INFO     | __main__:on_message:381 - 将绿色方块放到方形盒子中
2025-05-13 09:26:52.972 | INFO     | __main__:on_message:381 - 。
2025-05-13 09:26:54.140 | INFO     | __main__:on_close:501 - 
### 语音识别结束 ###
2025-05-13 09:26:54.140 | INFO     | __main__:on_close:503 - 
正在分析关键词...
2025-05-13 09:26:54.140 | INFO     | __main__:run:556 - * 录音结束
2025-05-13 09:26:54.529 | INFO     | __main__:match_keywords:495 - 找到匹配关键词: 方块 匹配 方块
2025-05-13 09:26:54.529 | INFO     | __main__:match_keywords:495 - 找到匹配关键词: 方形 匹配 方形
2025-05-13 09:26:59.845 | INFO     | __main__:process_text_and_send_signal:447 - 发送信号: 401
2025-05-13 09:26:59.845 | INFO     | __main__:process_text_and_send_signal:448 - 切换表情：开心
2025-05-13 09:26:59.845 | INFO     | __main__:main:580 - 继续监听唤醒词...
2025-05-13 09:27:00.902 | INFO     | __main__:start_wake_detection:268 - 开始监听唤醒词...
2025-05-13 09:28:09.323 | INFO     | __main__:wake_callback:170 - ==================================================
2025-05-13 09:28:09.323 | INFO     | __main__:wake_callback:171 - >>> 检测到唤醒词！请说出您的指令 <<<
2025-05-13 09:28:12.860 | INFO     | __main__:wake_callback:176 - ==================================================
2025-05-13 09:28:12.864 | INFO     | __main__:start_speech_recognition:295 - 开始语音识别...
2025-05-13 09:28:13.094 | INFO     | __main__:run:523 - * 开始录音...
2025-05-13 09:28:35.330 | ERROR    | __main__:on_error:388 - WebSocket错误: [WinError 10054] 远程主机强迫关闭了一个现有的连接。
2025-05-13 09:28:35.330 | INFO     | __main__:on_close:501 - 
### 语音识别结束 ###
2025-05-13 09:28:35.330 | INFO     | __main__:main:580 - 继续监听唤醒词...
2025-05-13 09:28:36.344 | INFO     | __main__:start_wake_detection:268 - 开始监听唤醒词...
2025-05-13 09:34:43.639 | INFO     | __main__:wake_callback:170 - ==================================================
2025-05-13 09:34:43.639 | INFO     | __main__:wake_callback:171 - >>> 检测到唤醒词！请说出您的指令 <<<
2025-05-13 09:34:47.006 | INFO     | __main__:wake_callback:176 - ==================================================
2025-05-13 09:34:47.006 | INFO     | __main__:start_speech_recognition:295 - 开始语音识别...
2025-05-13 09:34:47.170 | INFO     | __main__:run:523 - * 开始录音...
2025-05-13 09:34:50.356 | INFO     | __main__:on_message:381 - 将绿色方块放到方形盒子中
2025-05-13 09:34:51.621 | INFO     | __main__:on_message:381 - 。
2025-05-13 09:34:53.205 | INFO     | __main__:on_close:501 - 
### 语音识别结束 ###
2025-05-13 09:34:53.205 | INFO     | __main__:run:556 - * 录音结束
2025-05-13 09:34:53.205 | INFO     | __main__:on_close:503 - 
正在分析关键词...
2025-05-13 09:34:53.205 | INFO     | __main__:match_keywords:495 - 找到匹配关键词: 方块 匹配 方块
2025-05-13 09:34:53.205 | INFO     | __main__:match_keywords:495 - 找到匹配关键词: 方形 匹配 方形
2025-05-13 09:34:58.356 | INFO     | __main__:process_text_and_send_signal:447 - 发送信号: 401
2025-05-13 09:34:58.356 | INFO     | __main__:process_text_and_send_signal:448 - 切换表情：开心
2025-05-13 09:34:58.356 | INFO     | __main__:main:580 - 继续监听唤醒词...
2025-05-13 09:34:59.385 | INFO     | __main__:start_wake_detection:268 - 开始监听唤醒词...
