2025-05-05 16:06:14.753 | INFO     | __main__:load_keywords_dict:162 - 成功加载关键词词典: ./keywords_dicts\keywords_dict.yaml
2025-05-05 16:06:19.483 | INFO     | __main__:_init_expression_server:148 - 表情服务器启动成功
2025-05-05 16:06:19.484 | INFO     | __main__:run_modbus_server:201 - Modbus 从机正在 192.168.1.125:599 上监听...
2025-05-05 16:06:20.500 | INFO     | __main__:request_monitor:184 - 当前保持寄存器数据: [0, 0, 0, 0, 0, 0, 0, 0, 0, 0]
2025-05-05 16:06:21.501 | INFO     | __main__:request_monitor:184 - 当前保持寄存器数据: [0, 0, 0, 0, 0, 0, 0, 0, 0, 0]
2025-05-05 16:06:22.499 | INFO     | __main__:request_monitor:184 - 当前保持寄存器数据: [0, 0, 0, 0, 0, 0, 0, 0, 0, 0]
2025-05-05 16:06:23.500 | INFO     | __main__:request_monitor:184 - 当前保持寄存器数据: [0, 0, 0, 0, 0, 0, 0, 0, 0, 0]
2025-05-05 16:06:24.512 | INFO     | __main__:request_monitor:184 - 当前保持寄存器数据: [0, 0, 0, 0, 0, 0, 0, 0, 0, 0]
2025-05-05 16:06:25.527 | INFO     | __main__:request_monitor:184 - 当前保持寄存器数据: [0, 0, 0, 0, 0, 0, 0, 0, 0, 0]
2025-05-05 16:06:26.532 | INFO     | __main__:request_monitor:184 - 当前保持寄存器数据: [0, 0, 0, 0, 0, 0, 0, 0, 0, 0]
2025-05-05 16:06:27.322 | INFO     | __main__:run_modbus_server:218 - Modbus服务器任务被取消
2025-05-05 16:06:27.401 | INFO     | __main__:start_wake_detection:268 - 开始监听唤醒词...
2025-05-05 16:07:44.789 | INFO     | __main__:wake_callback:170 - ==================================================
2025-05-05 16:07:44.789 | INFO     | __main__:wake_callback:171 - >>> 检测到唤醒词！请说出您的指令 <<<
2025-05-05 16:08:06.656 | INFO     | __main__:wake_callback:176 - ==================================================
2025-05-05 16:08:06.656 | INFO     | __main__:start_speech_recognition:295 - 开始语音识别...
2025-05-05 16:08:06.884 | INFO     | __main__:run:523 - * 开始录音...
2025-05-05 16:08:12.913 | INFO     | __main__:on_close:501 - 
### 语音识别结束 ###
2025-05-05 16:08:12.920 | INFO     | __main__:main:580 - 继续监听唤醒词...
2025-05-05 16:08:12.956 | INFO     | __main__:run:556 - * 录音结束
2025-05-05 16:08:13.979 | INFO     | __main__:start_wake_detection:268 - 开始监听唤醒词...
