2025-05-14 17:18:34.826 | INFO     | __main__:load_keywords_dict:163 - 成功加载关键词词典: ./keywords_dicts\keywords_dict.yaml
2025-05-14 17:18:37.592 | INFO     | __main__:_init_expression_server:149 - 表情服务器启动成功
2025-05-14 17:18:37.593 | INFO     | __main__:run_modbus_server:202 - Modbus 从机正在 192.168.1.125:599 上监听...
2025-05-14 17:18:38.598 | INFO     | __main__:request_monitor:185 - 当前保持寄存器数据: [0, 0, 0, 0, 0, 0, 0, 0, 0, 0]
2025-05-14 17:18:39.604 | INFO     | __main__:request_monitor:185 - 当前保持寄存器数据: [0, 0, 0, 0, 0, 0, 0, 0, 0, 0]
2025-05-14 17:18:40.615 | INFO     | __main__:request_monitor:185 - 当前保持寄存器数据: [0, 0, 0, 0, 0, 0, 0, 0, 0, 0]
2025-05-14 17:18:41.624 | INFO     | __main__:request_monitor:185 - 当前保持寄存器数据: [0, 0, 0, 0, 0, 0, 0, 0, 0, 0]
2025-05-14 17:18:42.628 | INFO     | __main__:request_monitor:185 - 当前保持寄存器数据: [0, 0, 0, 0, 0, 0, 0, 0, 0, 0]
2025-05-14 17:18:43.639 | INFO     | __main__:request_monitor:185 - 当前保持寄存器数据: [0, 0, 0, 0, 0, 0, 0, 0, 0, 0]
2025-05-14 17:18:44.650 | INFO     | __main__:request_monitor:185 - 当前保持寄存器数据: [0, 0, 0, 0, 0, 0, 0, 0, 0, 0]
2025-05-14 17:18:45.659 | INFO     | __main__:request_monitor:185 - 当前保持寄存器数据: [0, 0, 0, 0, 0, 0, 0, 0, 0, 0]
2025-05-14 17:18:46.669 | INFO     | __main__:request_monitor:185 - 当前保持寄存器数据: [0, 0, 0, 0, 0, 0, 0, 0, 0, 0]
2025-05-14 17:18:47.679 | INFO     | __main__:request_monitor:185 - 当前保持寄存器数据: [0, 0, 0, 0, 0, 0, 0, 0, 0, 0]
2025-05-14 17:18:48.692 | INFO     | __main__:request_monitor:185 - 当前保持寄存器数据: [0, 0, 0, 0, 0, 0, 0, 0, 0, 0]
2025-05-14 17:18:49.698 | INFO     | __main__:request_monitor:185 - 当前保持寄存器数据: [0, 0, 0, 0, 0, 0, 0, 0, 0, 0]
2025-05-14 17:18:50.702 | INFO     | __main__:request_monitor:185 - 当前保持寄存器数据: [0, 0, 0, 0, 0, 0, 0, 0, 0, 0]
2025-05-14 17:18:51.711 | INFO     | __main__:request_monitor:185 - 当前保持寄存器数据: [0, 0, 0, 0, 0, 0, 0, 0, 0, 0]
2025-05-14 17:18:52.719 | INFO     | __main__:request_monitor:185 - 当前保持寄存器数据: [0, 0, 0, 0, 0, 0, 0, 0, 0, 0]
2025-05-14 17:18:53.728 | INFO     | __main__:request_monitor:185 - 当前保持寄存器数据: [0, 0, 0, 0, 0, 0, 0, 0, 0, 0]
2025-05-14 17:18:54.735 | INFO     | __main__:request_monitor:185 - 当前保持寄存器数据: [0, 0, 0, 0, 0, 0, 0, 0, 0, 0]
2025-05-14 17:18:55.746 | INFO     | __main__:request_monitor:185 - 当前保持寄存器数据: [0, 0, 0, 0, 0, 0, 0, 0, 0, 0]
2025-05-14 17:18:56.749 | INFO     | __main__:request_monitor:185 - 当前保持寄存器数据: [0, 0, 0, 0, 0, 0, 0, 0, 0, 0]
2025-05-14 17:18:57.758 | INFO     | __main__:request_monitor:185 - 当前保持寄存器数据: [0, 0, 0, 0, 0, 0, 0, 0, 0, 0]
2025-05-14 17:18:58.764 | INFO     | __main__:request_monitor:185 - 当前保持寄存器数据: [0, 0, 0, 0, 0, 0, 0, 0, 0, 0]
2025-05-14 17:18:59.772 | INFO     | __main__:request_monitor:185 - 当前保持寄存器数据: [0, 0, 0, 0, 0, 0, 0, 0, 0, 0]
2025-05-14 17:19:00.780 | INFO     | __main__:request_monitor:185 - 当前保持寄存器数据: [0, 0, 0, 0, 0, 0, 0, 0, 0, 0]
2025-05-14 17:19:01.790 | INFO     | __main__:request_monitor:185 - 当前保持寄存器数据: [0, 0, 0, 0, 0, 0, 0, 0, 0, 0]
2025-05-14 17:19:02.796 | INFO     | __main__:request_monitor:185 - 当前保持寄存器数据: [0, 0, 0, 0, 0, 0, 0, 0, 0, 0]
2025-05-14 17:19:03.810 | INFO     | __main__:request_monitor:185 - 当前保持寄存器数据: [0, 0, 0, 0, 0, 0, 0, 0, 0, 0]
2025-05-14 17:19:04.822 | INFO     | __main__:request_monitor:185 - 当前保持寄存器数据: [0, 0, 0, 0, 0, 0, 0, 0, 0, 0]
2025-05-14 17:19:05.835 | INFO     | __main__:request_monitor:185 - 当前保持寄存器数据: [0, 0, 0, 0, 0, 0, 0, 0, 0, 0]
2025-05-14 17:19:06.847 | INFO     | __main__:request_monitor:185 - 当前保持寄存器数据: [0, 0, 0, 0, 0, 0, 0, 0, 0, 0]
2025-05-14 17:19:07.855 | INFO     | __main__:request_monitor:185 - 当前保持寄存器数据: [0, 0, 0, 0, 0, 0, 0, 0, 0, 0]
2025-05-14 17:19:08.867 | INFO     | __main__:request_monitor:185 - 当前保持寄存器数据: [0, 0, 0, 0, 0, 0, 0, 0, 0, 0]
2025-05-14 17:19:09.874 | INFO     | __main__:run_modbus_server:219 - Modbus服务器任务被取消
2025-05-14 17:19:09.996 | INFO     | __main__:start_wake_detection:269 - 开始监听唤醒词...
